Log file opened on Sun May  5 20:51:11 2024
Host: node13  pid: 9507  rank ID: 0  number of ranks:  1
GROMACS:    gmx mdrun, VERSION 5.0.1

GROMACS is written by:
Emile Apol         Rossen Apostolov   Herman J.C. Berendsen Par Bjelkmar       
Aldert van Buuren  Rudi van Drunen    Anton Feenstra     Sebastian Fritsch  
Gerrit Groenhof    Christoph Junghans Peter Kasson       Carsten Kutzner    
Per Larsson        Justin A. Lemkul   Magnus Lundborg    Pieter Meulenhoff  
Erik Marklund      Teemu Murtola      Szilard Pall       Sander Pronk       
Roland Schulz      Alexey Shvetsov    Michael Shirts     Alfons Sijbers     
Peter Tieleman     Christian Wennberg Maarten Wolf       
and the project leaders:
Mark Abraham, Berk Hess, Erik Lindahl, and David van der Spoel

Copyright (c) 1991-2000, University of Groningen, The Netherlands.
Copyright (c) 2001-2014, The GROMACS development team at
Uppsala University, Stockholm University and
the Royal Institute of Technology, Sweden.
check out http://www.gromacs.org for more information.

GROMACS is free software; you can redistribute it and/or modify it
under the terms of the GNU Lesser General Public License
as published by the Free Software Foundation; either version 2.1
of the License, or (at your option) any later version.

GROMACS:      gmx mdrun, VERSION 5.0.1
Executable:   /opt/gromacs-5.0.1-no-openmpi/bin/gmx
Library dir:  /opt/gromacs-5.0.1-no-openmpi/share/gromacs/top
Command line:
  mdrun -nt 1 -s run.tpr

Gromacs version:    VERSION 5.0.1
Precision:          single
Memory model:       64 bit
MPI library:        thread_mpi
OpenMP support:     enabled
GPU support:        disabled
invsqrt routine:    gmx_software_invsqrt(x)
SIMD instructions:  SSE4.1
FFT library:        fftw-3.3.3-sse2
RDTSCP usage:       enabled
C++11 compilation:  enabled
TNG support:        enabled
Tracing support:    disabled
Built on:           Fri Mar 27 20:21:17 EET 2015
Built by:           root@daywalker.acmac.uoc.gr [CMAKE]
Build OS/arch:      Linux 3.10.0-123.20.1.el7.x86_64 x86_64
Build CPU vendor:   GenuineIntel
Build CPU brand:    Intel(R) Xeon(R) CPU           E5606  @ 2.13GHz
Build CPU family:   6   Model: 44   Stepping: 2
Build CPU features: aes apic clfsh cmov cx8 cx16 htt lahf_lm mmx msr nonstop_tsc pcid pclmuldq pdcm pdpe1gb popcnt pse rdtscp sse2 sse3 sse4.1 sse4.2 ssse3
C compiler:         /opt/openmpi-1.8.4/bin/mpicc GNU 4.8.2
C compiler flags:    -msse4.1   -Wno-maybe-uninitialized -Wextra -Wno-missing-field-initializers -Wno-sign-compare -Wpointer-arith -Wall -Wno-unused -Wunused-value -Wunused-parameter   -fomit-frame-pointer -funroll-all-loops -fexcess-precision=fast  -Wno-array-bounds  -O3 -DNDEBUG
C++ compiler:       /opt/openmpi-1.8.4/bin/mpic++ GNU 4.8.2
C++ compiler flags:  -msse4.1   -std=c++0x -Wextra -Wno-missing-field-initializers -Wpointer-arith -Wall -Wno-unused-function   -fomit-frame-pointer -funroll-all-loops -fexcess-precision=fast  -Wno-array-bounds  -O3 -DNDEBUG
Boost version:      1.55.0 (internal)



++++ PLEASE READ AND CITE THE FOLLOWING REFERENCE ++++
B. Hess and C. Kutzner and D. van der Spoel and E. Lindahl
GROMACS 4: Algorithms for highly efficient, load-balanced, and scalable
molecular simulation
J. Chem. Theory Comput. 4 (2008) pp. 435-447
-------- -------- --- Thank You --- -------- --------


++++ PLEASE READ AND CITE THE FOLLOWING REFERENCE ++++
D. van der Spoel, E. Lindahl, B. Hess, G. Groenhof, A. E. Mark and H. J. C.
Berendsen
GROMACS: Fast, Flexible and Free
J. Comp. Chem. 26 (2005) pp. 1701-1719
-------- -------- --- Thank You --- -------- --------


++++ PLEASE READ AND CITE THE FOLLOWING REFERENCE ++++
E. Lindahl and B. Hess and D. van der Spoel
GROMACS 3.0: A package for molecular simulation and trajectory analysis
J. Mol. Mod. 7 (2001) pp. 306-317
-------- -------- --- Thank You --- -------- --------


++++ PLEASE READ AND CITE THE FOLLOWING REFERENCE ++++
H. J. C. Berendsen, D. van der Spoel and R. van Drunen
GROMACS: A message-passing parallel molecular dynamics implementation
Comp. Phys. Comm. 91 (1995) pp. 43-56
-------- -------- --- Thank You --- -------- --------

Input Parameters:
   integrator                     = sd
   tinit                          = 0
   dt                             = 0.001
   nsteps                         = 100000000
   init-step                      = 0
   simulation-part                = 1
   comm-mode                      = Angular
   nstcomm                        = 100
   bd-fric                        = 0
   ld-seed                        = 399
   emtol                          = 10
   emstep                         = 0.01
   niter                          = 20
   fcstep                         = 0
   nstcgsteep                     = 1000
   nbfgscorr                      = 10
   rtpi                           = 0.05
   nstxout                        = 100000
   nstvout                        = 0
   nstfout                        = 0
   nstlog                         = 500000
   nstcalcenergy                  = 100
   nstenergy                      = 500000
   nstxout-compressed             = 0
   compressed-x-precision         = 1000
   cutoff-scheme                  = Group
   nstlist                        = 1
   ns-type                        = Grid
   pbc                            = no
   periodic-molecules             = FALSE
   verlet-buffer-tolerance        = 0.005
   rlist                          = 2
   rlistlong                      = 2
   nstcalclr                      = 0
   coulombtype                    = Cut-off
   coulomb-modifier               = None
   rcoulomb-switch                = 0
   rcoulomb                       = 2
   epsilon-r                      = 1
   epsilon-rf                     = inf
   vdw-type                       = Cut-off
   vdw-modifier                   = None
   rvdw-switch                    = 0
   rvdw                           = 2
   DispCorr                       = No
   table-extension                = 1
   fourierspacing                 = 0.12
   fourier-nx                     = 0
   fourier-ny                     = 0
   fourier-nz                     = 0
   pme-order                      = 4
   ewald-rtol                     = 1e-05
   ewald-rtol-lj                  = 0.001
   lj-pme-comb-rule               = Geometric
   ewald-geometry                 = 0
   epsilon-surface                = 0
   implicit-solvent               = No
   gb-algorithm                   = Still
   nstgbradii                     = 1
   rgbradii                       = 1
   gb-epsilon-solvent             = 80
   gb-saltconc                    = 0
   gb-obc-alpha                   = 1
   gb-obc-beta                    = 0.8
   gb-obc-gamma                   = 4.85
   gb-dielectric-offset           = 0.009
   sa-algorithm                   = Ace-approximation
   sa-surface-tension             = 2.05016
   tcoupl                         = No
   nsttcouple                     = -1
   nh-chain-length                = 0
   print-nose-hoover-chain-variables = FALSE
   pcoupl                         = No
   pcoupltype                     = Isotropic
   nstpcouple                     = -1
   tau-p                          = 1
   compressibility (3x3):
      compressibility[    0]={ 0.00000e+00,  0.00000e+00,  0.00000e+00}
      compressibility[    1]={ 0.00000e+00,  0.00000e+00,  0.00000e+00}
      compressibility[    2]={ 0.00000e+00,  0.00000e+00,  0.00000e+00}
   ref-p (3x3):
      ref-p[    0]={ 0.00000e+00,  0.00000e+00,  0.00000e+00}
      ref-p[    1]={ 0.00000e+00,  0.00000e+00,  0.00000e+00}
      ref-p[    2]={ 0.00000e+00,  0.00000e+00,  0.00000e+00}
   refcoord-scaling               = No
   posres-com (3):
      posres-com[0]= 0.00000e+00
      posres-com[1]= 0.00000e+00
      posres-com[2]= 0.00000e+00
   posres-comB (3):
      posres-comB[0]= 0.00000e+00
      posres-comB[1]= 0.00000e+00
      posres-comB[2]= 0.00000e+00
   QMMM                           = FALSE
   QMconstraints                  = 0
   QMMMscheme                     = 0
   MMChargeScaleFactor            = 1
qm-opts:
   ngQM                           = 0
   constraint-algorithm           = Lincs
   continuation                   = FALSE
   Shake-SOR                      = FALSE
   shake-tol                      = 0.0001
   lincs-order                    = 4
   lincs-iter                     = 1
   lincs-warnangle                = 30
   nwall                          = 0
   wall-type                      = 9-3
   wall-r-linpot                  = -1
   wall-atomtype[0]               = -1
   wall-atomtype[1]               = -1
   wall-density[0]                = 0
   wall-density[1]                = 0
   wall-ewald-zfac                = 3
   pull                           = no
   rotation                       = FALSE
   interactiveMD                  = FALSE
   disre                          = No
   disre-weighting                = Conservative
   disre-mixed                    = FALSE
   dr-fc                          = 1000
   dr-tau                         = 0
   nstdisreout                    = 100
   orire-fc                       = 0
   orire-tau                      = 0
   nstorireout                    = 100
   free-energy                    = no
   cos-acceleration               = 0
   deform (3x3):
      deform[    0]={ 0.00000e+00,  0.00000e+00,  0.00000e+00}
      deform[    1]={ 0.00000e+00,  0.00000e+00,  0.00000e+00}
      deform[    2]={ 0.00000e+00,  0.00000e+00,  0.00000e+00}
   simulated-tempering            = FALSE
   E-x:
      n = 0
   E-xt:
      n = 0
   E-y:
      n = 0
   E-yt:
      n = 0
   E-z:
      n = 0
   E-zt:
      n = 0
   swapcoords                     = no
   adress                         = FALSE
   userint1                       = 0
   userint2                       = 0
   userint3                       = 0
   userint4                       = 0
   userreal1                      = 0
   userreal2                      = 0
   userreal3                      = 0
   userreal4                      = 0
grpopts:
   nrdf:        1801
   ref-t:         600
   tau-t:           2
annealing:          No
annealing-npoints:           0
   acc:	           0           0           0
   nfreeze:           N           N           N
   energygrp-flags[  0]: 0
Using 1 MPI thread

Detecting CPU SIMD instructions.
Present hardware specification:
Vendor: GenuineIntel
Brand:  Intel(R) Xeon(R) CPU E5-2680 v3 @ 2.50GHz
Family:  6  Model: 63  Stepping:  2
Features: aes apic avx avx2 clfsh cmov cx8 cx16 f16c fma htt lahf_lm mmx msr nonstop_tsc pcid pclmuldq pdcm pdpe1gb popcnt pse rdrnd rdtscp sse2 sse3 sse4.1 sse4.2 ssse3 tdt x2apic
SIMD instructions most likely to fit this hardware: AVX2_256
SIMD instructions selected at GROMACS compile time: SSE4.1


Binary not matching hardware - you might be losing performance.
SIMD instructions most likely to fit this hardware: AVX2_256
SIMD instructions selected at GROMACS compile time: SSE4.1


NOTE: This file uses the deprecated 'group' cutoff_scheme. This will be
removed in a future release when 'verlet' supports all interaction forms.

Table routines are used for coulomb: FALSE
Table routines are used for vdw:     FALSE
Cut-off's:   NS: 2   Coulomb: 2   LJ: 2
System total charge: -0.000
Generated table with 1500 data points for 1-4 COUL.
Tabscale = 500 points/nm
Generated table with 1500 data points for 1-4 LJ6.
Tabscale = 500 points/nm
Generated table with 1500 data points for 1-4 LJ12.
Tabscale = 500 points/nm
Potential shift: LJ r^-12: 0.000e+00 r^-6: 0.000e+00, Coulomb -0e+00

Initializing LINear Constraint Solver

++++ PLEASE READ AND CITE THE FOLLOWING REFERENCE ++++
B. Hess and H. Bekker and H. J. C. Berendsen and J. G. E. M. Fraaije
LINCS: A Linear Constraint Solver for molecular simulations
J. Comp. Chem. 18 (1997) pp. 1463-1472
-------- -------- --- Thank You --- -------- --------

The number of constraints is 902
Center of mass motion removal mode is Angular
We have the following groups for center of mass motion removal:
  0:  rest

++++ PLEASE READ AND CITE THE FOLLOWING REFERENCE ++++
N. Goga and A. J. Rzepiela and A. H. de Vries and S. J. Marrink and H. J. C.
Berendsen
Efficient Algorithms for Langevin and DPD Dynamics
J. Chem. Theory Comput. 8 (2012) pp. 3637--3649
-------- -------- --- Thank You --- -------- --------

There are: 903 Atoms

Constraining the starting coordinates (step 0)

Constraining the coordinates at t0-dt (step 0)
RMS relative constraint deviation after constraining: 2.04e-05
Initial temperature: 624.447 K

Started mdrun on rank 0 Sun May  5 20:51:11 2024
           Step           Time         Lambda
              0        0.00000        0.00000


Grid: 4 x 2 x 2 cells
   Energies (kJ/mol)
          Angle    Proper Dih. Ryckaert-Bell.          LJ-14     Coulomb-14
    1.93841e+03    4.99520e+01    3.97163e+01    5.34379e+02   -2.26208e+03
        LJ (SR)   Coulomb (SR)      Potential    Kinetic En.   Total Energy
   -1.08059e+03    8.29661e+02    4.94486e+01    4.70750e+03    4.75695e+03
    Temperature Pressure (bar)   Constr. rmsd
    6.28739e+02    0.00000e+00    1.86243e-05

Writing checkpoint, step 341673 at Sun May  5 21:06:11 2024


           Step           Time         Lambda
         500000      500.00000        0.00000

   Energies (kJ/mol)
          Angle    Proper Dih. Ryckaert-Bell.          LJ-14     Coulomb-14
    3.50304e+03    1.63737e+02    3.90423e+02    6.23793e+02   -2.25477e+03
        LJ (SR)   Coulomb (SR)      Potential    Kinetic En.   Total Energy
   -8.32284e+02    9.20640e+02    2.51458e+03    4.32580e+03    6.84038e+03
    Temperature Pressure (bar)   Constr. rmsd
    5.77758e+02    0.00000e+00    1.80944e-05

Writing checkpoint, step 624722 at Sun May  5 21:21:11 2024


Writing checkpoint, step 902896 at Sun May  5 21:36:11 2024


           Step           Time         Lambda
        1000000     1000.00000        0.00000

   Energies (kJ/mol)
          Angle    Proper Dih. Ryckaert-Bell.          LJ-14     Coulomb-14
    3.32780e+03    1.05062e+02    5.14540e+02    6.65043e+02   -2.16908e+03
        LJ (SR)   Coulomb (SR)      Potential    Kinetic En.   Total Energy
   -7.31509e+02    7.41832e+02    2.45369e+03    4.49580e+03    6.94949e+03
    Temperature Pressure (bar)   Constr. rmsd
    6.00464e+02    0.00000e+00    1.96057e-05

Writing checkpoint, step 1176176 at Sun May  5 21:51:11 2024


Writing checkpoint, step 1454810 at Sun May  5 22:06:11 2024


           Step           Time         Lambda
        1500000     1500.00000        0.00000

   Energies (kJ/mol)
          Angle    Proper Dih. Ryckaert-Bell.          LJ-14     Coulomb-14
    3.37502e+03    1.34901e+02    4.83581e+02    6.47508e+02   -2.18847e+03
        LJ (SR)   Coulomb (SR)      Potential    Kinetic En.   Total Energy
   -8.15243e+02    7.91137e+02    2.42843e+03    4.36665e+03    6.79508e+03
    Temperature Pressure (bar)   Constr. rmsd
    5.83214e+02    0.00000e+00    1.80297e-05

Writing checkpoint, step 1726015 at Sun May  5 22:21:11 2024


           Step           Time         Lambda
        2000000     2000.00000        0.00000

   Energies (kJ/mol)
          Angle    Proper Dih. Ryckaert-Bell.          LJ-14     Coulomb-14
    3.51831e+03    1.43715e+02    3.96186e+02    6.41183e+02   -2.22445e+03
        LJ (SR)   Coulomb (SR)      Potential    Kinetic En.   Total Energy
   -6.60748e+02    8.98953e+02    2.71315e+03    4.69385e+03    7.40700e+03
    Temperature Pressure (bar)   Constr. rmsd
    6.26915e+02    0.00000e+00    1.81860e-05

Writing checkpoint, step 2008596 at Sun May  5 22:36:11 2024


Writing checkpoint, step 2283256 at Sun May  5 22:51:11 2024


           Step           Time         Lambda
        2500000     2500.00000        0.00000

   Energies (kJ/mol)
          Angle    Proper Dih. Ryckaert-Bell.          LJ-14     Coulomb-14
    3.47109e+03    1.42588e+02    4.87149e+02    6.56223e+02   -2.23496e+03
        LJ (SR)   Coulomb (SR)      Potential    Kinetic En.   Total Energy
   -7.00792e+02    9.40351e+02    2.76165e+03    4.44463e+03    7.20628e+03
    Temperature Pressure (bar)   Constr. rmsd
    5.93629e+02    0.00000e+00    1.77996e-05

Writing checkpoint, step 2562492 at Sun May  5 23:06:11 2024


Writing checkpoint, step 2843429 at Sun May  5 23:21:11 2024


           Step           Time         Lambda
        3000000     3000.00000        0.00000

   Energies (kJ/mol)
          Angle    Proper Dih. Ryckaert-Bell.          LJ-14     Coulomb-14
    3.53979e+03    9.27384e+01    3.41099e+02    6.01197e+02   -2.17553e+03
        LJ (SR)   Coulomb (SR)      Potential    Kinetic En.   Total Energy
   -8.39788e+02    8.10118e+02    2.36963e+03    4.40567e+03    6.77530e+03
    Temperature Pressure (bar)   Constr. rmsd
    5.88425e+02    0.00000e+00    1.82891e-05

Writing checkpoint, step 3124979 at Sun May  5 23:36:11 2024


Writing checkpoint, step 3407482 at Sun May  5 23:51:11 2024


           Step           Time         Lambda
        3500000     3500.00000        0.00000

   Energies (kJ/mol)
          Angle    Proper Dih. Ryckaert-Bell.          LJ-14     Coulomb-14
    3.25314e+03    1.01627e+02    5.30183e+02    5.88109e+02   -2.18226e+03
        LJ (SR)   Coulomb (SR)      Potential    Kinetic En.   Total Energy
   -8.42573e+02    8.17847e+02    2.26607e+03    4.34184e+03    6.60791e+03
    Temperature Pressure (bar)   Constr. rmsd
    5.79900e+02    0.00000e+00    1.73760e-05

Writing checkpoint, step 3679909 at Mon May  6 00:06:11 2024


Writing checkpoint, step 3955967 at Mon May  6 00:21:11 2024


           Step           Time         Lambda
        4000000     4000.00000        0.00000

   Energies (kJ/mol)
          Angle    Proper Dih. Ryckaert-Bell.          LJ-14     Coulomb-14
    3.51148e+03    9.76196e+01    4.90842e+02    6.13171e+02   -2.21267e+03
        LJ (SR)   Coulomb (SR)      Potential    Kinetic En.   Total Energy
   -8.19788e+02    8.93042e+02    2.57370e+03    4.70484e+03    7.27854e+03
    Temperature Pressure (bar)   Constr. rmsd
    6.28384e+02    0.00000e+00    1.84260e-05

Writing checkpoint, step 4226902 at Mon May  6 00:36:11 2024


           Step           Time         Lambda
        4500000     4500.00000        0.00000

   Energies (kJ/mol)
          Angle    Proper Dih. Ryckaert-Bell.          LJ-14     Coulomb-14
    3.19176e+03    1.13794e+02    5.36955e+02    6.54349e+02   -2.16910e+03
        LJ (SR)   Coulomb (SR)      Potential    Kinetic En.   Total Energy
   -6.90964e+02    8.12429e+02    2.44922e+03    4.43031e+03    6.87953e+03
    Temperature Pressure (bar)   Constr. rmsd
    5.91717e+02    0.00000e+00    1.80888e-05

Writing checkpoint, step 4510101 at Mon May  6 00:51:11 2024


Writing checkpoint, step 4789843 at Mon May  6 01:06:11 2024


           Step           Time         Lambda
        5000000     5000.00000        0.00000

   Energies (kJ/mol)
          Angle    Proper Dih. Ryckaert-Bell.          LJ-14     Coulomb-14
    3.41413e+03    1.14596e+02    5.43025e+02    6.51105e+02   -2.21172e+03
        LJ (SR)   Coulomb (SR)      Potential    Kinetic En.   Total Energy
   -6.67401e+02    8.92038e+02    2.73577e+03    4.32137e+03    7.05714e+03
    Temperature Pressure (bar)   Constr. rmsd
    5.77166e+02    0.00000e+00    1.76348e-05

Writing checkpoint, step 5081459 at Mon May  6 01:21:11 2024


Writing checkpoint, step 5355726 at Mon May  6 01:36:11 2024


           Step           Time         Lambda
        5500000     5500.00000        0.00000

   Energies (kJ/mol)
          Angle    Proper Dih. Ryckaert-Bell.          LJ-14     Coulomb-14
    3.38109e+03    8.52899e+01    4.12058e+02    5.98793e+02   -2.22734e+03
        LJ (SR)   Coulomb (SR)      Potential    Kinetic En.   Total Energy
   -7.76868e+02    9.29361e+02    2.40239e+03    4.29425e+03    6.69664e+03
    Temperature Pressure (bar)   Constr. rmsd
    5.73544e+02    0.00000e+00    1.80175e-05

Writing checkpoint, step 5629298 at Mon May  6 01:51:11 2024


Writing checkpoint, step 5914080 at Mon May  6 02:06:11 2024


           Step           Time         Lambda
        6000000     6000.00000        0.00000

   Energies (kJ/mol)
          Angle    Proper Dih. Ryckaert-Bell.          LJ-14     Coulomb-14
    3.77882e+03    1.26614e+02    3.23592e+02    5.97527e+02   -2.26650e+03
        LJ (SR)   Coulomb (SR)      Potential    Kinetic En.   Total Energy
   -7.75734e+02    9.85863e+02    2.77018e+03    4.42932e+03    7.19949e+03
    Temperature Pressure (bar)   Constr. rmsd
    5.91584e+02    0.00000e+00    1.72496e-05

Writing checkpoint, step 6188969 at Mon May  6 02:21:11 2024


Writing checkpoint, step 6460015 at Mon May  6 02:36:11 2024


           Step           Time         Lambda
        6500000     6500.00000        0.00000

   Energies (kJ/mol)
          Angle    Proper Dih. Ryckaert-Bell.          LJ-14     Coulomb-14
    3.52620e+03    1.19092e+02    3.96751e+02    6.37141e+02   -2.23871e+03
        LJ (SR)   Coulomb (SR)      Potential    Kinetic En.   Total Energy
   -7.48041e+02    9.23626e+02    2.61606e+03    4.41439e+03    7.03045e+03
    Temperature Pressure (bar)   Constr. rmsd
    5.89591e+02    0.00000e+00    1.87141e-05

Writing checkpoint, step 6735796 at Mon May  6 02:51:11 2024


           Step           Time         Lambda
        7000000     7000.00000        0.00000

   Energies (kJ/mol)
          Angle    Proper Dih. Ryckaert-Bell.          LJ-14     Coulomb-14
    3.28280e+03    9.52820e+01    6.79948e+02    6.43177e+02   -2.14811e+03
        LJ (SR)   Coulomb (SR)      Potential    Kinetic En.   Total Energy
   -8.17461e+02    7.88242e+02    2.52389e+03    4.82991e+03    7.35379e+03
    Temperature Pressure (bar)   Constr. rmsd
    6.45087e+02    0.00000e+00    1.84858e-05

Writing checkpoint, step 7022626 at Mon May  6 03:06:11 2024


Writing checkpoint, step 7311481 at Mon May  6 03:21:11 2024


           Step           Time         Lambda
        7500000     7500.00000        0.00000

   Energies (kJ/mol)
          Angle    Proper Dih. Ryckaert-Bell.          LJ-14     Coulomb-14
    3.46369e+03    1.12146e+02    4.64682e+02    5.96143e+02   -2.19930e+03
        LJ (SR)   Coulomb (SR)      Potential    Kinetic En.   Total Energy
   -7.89785e+02    8.26026e+02    2.47360e+03    4.30100e+03    6.77460e+03
    Temperature Pressure (bar)   Constr. rmsd
    5.74446e+02    0.00000e+00    1.81061e-05

Writing checkpoint, step 7582964 at Mon May  6 03:36:11 2024


Writing checkpoint, step 7856567 at Mon May  6 03:51:11 2024


           Step           Time         Lambda
        8000000     8000.00000        0.00000

   Energies (kJ/mol)
          Angle    Proper Dih. Ryckaert-Bell.          LJ-14     Coulomb-14
    3.75899e+03    1.45722e+02    4.49691e+02    6.45582e+02   -2.23304e+03
        LJ (SR)   Coulomb (SR)      Potential    Kinetic En.   Total Energy
   -7.93949e+02    8.61029e+02    2.83402e+03    4.66188e+03    7.49590e+03
    Temperature Pressure (bar)   Constr. rmsd
    6.22645e+02    0.00000e+00    1.78614e-05

Writing checkpoint, step 8135828 at Mon May  6 04:06:11 2024


Writing checkpoint, step 8418373 at Mon May  6 04:21:11 2024


           Step           Time         Lambda
        8500000     8500.00000        0.00000

   Energies (kJ/mol)
          Angle    Proper Dih. Ryckaert-Bell.          LJ-14     Coulomb-14
    3.65370e+03    9.94404e+01    3.42507e+02    5.78269e+02   -2.21783e+03
        LJ (SR)   Coulomb (SR)      Potential    Kinetic En.   Total Energy
   -8.02358e+02    9.32263e+02    2.58598e+03    4.51326e+03    7.09925e+03
    Temperature Pressure (bar)   Constr. rmsd
    6.02796e+02    0.00000e+00    1.76704e-05

Writing checkpoint, step 8689939 at Mon May  6 04:36:11 2024


Writing checkpoint, step 8966073 at Mon May  6 04:51:11 2024


           Step           Time         Lambda
        9000000     9000.00000        0.00000

   Energies (kJ/mol)
          Angle    Proper Dih. Ryckaert-Bell.          LJ-14     Coulomb-14
    3.45282e+03    1.53580e+02    5.26486e+02    6.21494e+02   -2.10776e+03
        LJ (SR)   Coulomb (SR)      Potential    Kinetic En.   Total Energy
   -7.65614e+02    7.03288e+02    2.58429e+03    4.36005e+03    6.94434e+03
    Temperature Pressure (bar)   Constr. rmsd
    5.82332e+02    0.00000e+00    1.78891e-05

Writing checkpoint, step 9241345 at Mon May  6 05:06:11 2024


           Step           Time         Lambda
        9500000     9500.00000        0.00000

   Energies (kJ/mol)
          Angle    Proper Dih. Ryckaert-Bell.          LJ-14     Coulomb-14
    3.37002e+03    9.63821e+01    5.89126e+02    6.52778e+02   -2.14452e+03
        LJ (SR)   Coulomb (SR)      Potential    Kinetic En.   Total Energy
   -8.16457e+02    7.34022e+02    2.48135e+03    4.52294e+03    7.00429e+03
    Temperature Pressure (bar)   Constr. rmsd
    6.04089e+02    0.00000e+00    1.86422e-05

Writing checkpoint, step 9513208 at Mon May  6 05:21:11 2024


Writing checkpoint, step 9790075 at Mon May  6 05:36:11 2024


           Step           Time         Lambda
       10000000    10000.00000        0.00000

   Energies (kJ/mol)
          Angle    Proper Dih. Ryckaert-Bell.          LJ-14     Coulomb-14
    3.38212e+03    1.05343e+02    5.09147e+02    6.33824e+02   -2.18756e+03
        LJ (SR)   Coulomb (SR)      Potential    Kinetic En.   Total Energy
   -7.46804e+02    8.46250e+02    2.54232e+03    4.75037e+03    7.29270e+03
    Temperature Pressure (bar)   Constr. rmsd
    6.34464e+02    0.00000e+00    1.78064e-05

Writing checkpoint, step 10076109 at Mon May  6 05:51:11 2024


Writing checkpoint, step 10355647 at Mon May  6 06:06:11 2024


           Step           Time         Lambda
       10500000    10500.00000        0.00000

   Energies (kJ/mol)
          Angle    Proper Dih. Ryckaert-Bell.          LJ-14     Coulomb-14
    3.47436e+03    1.41372e+02    4.68053e+02    6.25937e+02   -2.15092e+03
        LJ (SR)   Coulomb (SR)      Potential    Kinetic En.   Total Energy
   -8.49044e+02    7.95369e+02    2.50513e+03    4.74485e+03    7.24998e+03
    Temperature Pressure (bar)   Constr. rmsd
    6.33727e+02    0.00000e+00    1.75258e-05

Writing checkpoint, step 10626446 at Mon May  6 06:21:11 2024


Writing checkpoint, step 10899314 at Mon May  6 06:36:11 2024


           Step           Time         Lambda
       11000000    11000.00000        0.00000

   Energies (kJ/mol)
          Angle    Proper Dih. Ryckaert-Bell.          LJ-14     Coulomb-14
    3.31577e+03    1.00570e+02    5.40784e+02    6.57779e+02   -2.10530e+03
        LJ (SR)   Coulomb (SR)      Potential    Kinetic En.   Total Energy
   -8.58485e+02    6.62888e+02    2.31401e+03    4.54548e+03    6.85949e+03
    Temperature Pressure (bar)   Constr. rmsd
    6.07099e+02    0.00000e+00    1.84468e-05

Writing checkpoint, step 11172011 at Mon May  6 06:51:11 2024


Writing checkpoint, step 11450054 at Mon May  6 07:06:11 2024


           Step           Time         Lambda
       11500000    11500.00000        0.00000

   Energies (kJ/mol)
          Angle    Proper Dih. Ryckaert-Bell.          LJ-14     Coulomb-14
    3.32649e+03    9.87978e+01    3.38741e+02    5.81545e+02   -2.19230e+03
        LJ (SR)   Coulomb (SR)      Potential    Kinetic En.   Total Energy
   -7.32328e+02    8.61551e+02    2.28250e+03    4.51147e+03    6.79397e+03
    Temperature Pressure (bar)   Constr. rmsd
    6.02557e+02    0.00000e+00    1.72620e-05

Writing checkpoint, step 11724451 at Mon May  6 07:21:11 2024


           Step           Time         Lambda
       12000000    12000.00000        0.00000

   Energies (kJ/mol)
          Angle    Proper Dih. Ryckaert-Bell.          LJ-14     Coulomb-14
    3.46364e+03    1.19883e+02    4.50096e+02    6.00594e+02   -2.23470e+03
        LJ (SR)   Coulomb (SR)      Potential    Kinetic En.   Total Energy
   -8.48926e+02    9.42667e+02    2.49326e+03    4.47509e+03    6.96835e+03
    Temperature Pressure (bar)   Constr. rmsd
    5.97698e+02    0.00000e+00    1.77071e-05

Writing checkpoint, step 12002399 at Mon May  6 07:36:11 2024


Writing checkpoint, step 12275097 at Mon May  6 07:51:11 2024


           Step           Time         Lambda
       12500000    12500.00000        0.00000

   Energies (kJ/mol)
          Angle    Proper Dih. Ryckaert-Bell.          LJ-14     Coulomb-14
    3.61657e+03    1.00057e+02    4.58860e+02    6.43953e+02   -2.22027e+03
        LJ (SR)   Coulomb (SR)      Potential    Kinetic En.   Total Energy
   -8.43750e+02    8.73621e+02    2.62904e+03    4.51945e+03    7.14850e+03
    Temperature Pressure (bar)   Constr. rmsd
    6.03622e+02    0.00000e+00    1.72023e-05

Writing checkpoint, step 12545835 at Mon May  6 08:06:11 2024


Writing checkpoint, step 12829342 at Mon May  6 08:21:11 2024


           Step           Time         Lambda
       13000000    13000.00000        0.00000

   Energies (kJ/mol)
          Angle    Proper Dih. Ryckaert-Bell.          LJ-14     Coulomb-14
    3.45360e+03    9.58033e+01    3.89698e+02    5.75652e+02   -2.23543e+03
        LJ (SR)   Coulomb (SR)      Potential    Kinetic En.   Total Energy
   -8.12519e+02    9.58121e+02    2.42493e+03    4.57882e+03    7.00375e+03
    Temperature Pressure (bar)   Constr. rmsd
    6.11551e+02    0.00000e+00    1.76990e-05

Writing checkpoint, step 13099048 at Mon May  6 08:36:11 2024


Writing checkpoint, step 13374644 at Mon May  6 08:51:11 2024


           Step           Time         Lambda
       13500000    13500.00000        0.00000

   Energies (kJ/mol)
          Angle    Proper Dih. Ryckaert-Bell.          LJ-14     Coulomb-14
    3.39602e+03    9.24135e+01    4.55222e+02    7.00240e+02   -2.23523e+03
        LJ (SR)   Coulomb (SR)      Potential    Kinetic En.   Total Energy
   -7.58628e+02    8.57264e+02    2.50730e+03    4.51435e+03    7.02165e+03
    Temperature Pressure (bar)   Constr. rmsd
    6.02941e+02    0.00000e+00    1.68963e-05

Writing checkpoint, step 13653225 at Mon May  6 09:06:11 2024


Writing checkpoint, step 13921832 at Mon May  6 09:21:11 2024


           Step           Time         Lambda
       14000000    14000.00000        0.00000

   Energies (kJ/mol)
          Angle    Proper Dih. Ryckaert-Bell.          LJ-14     Coulomb-14
    3.47956e+03    1.33349e+02    4.62665e+02    6.22469e+02   -2.22437e+03
        LJ (SR)   Coulomb (SR)      Potential    Kinetic En.   Total Energy
   -8.11655e+02    8.82817e+02    2.54483e+03    4.65423e+03    7.19907e+03
    Temperature Pressure (bar)   Constr. rmsd
    6.21624e+02    0.00000e+00    1.70693e-05

Writing checkpoint, step 14196207 at Mon May  6 09:36:11 2024


Writing checkpoint, step 14471609 at Mon May  6 09:51:11 2024


           Step           Time         Lambda
       14500000    14500.00000        0.00000

   Energies (kJ/mol)
          Angle    Proper Dih. Ryckaert-Bell.          LJ-14     Coulomb-14
    3.43274e+03    8.18525e+01    4.93635e+02    6.59989e+02   -2.20019e+03
        LJ (SR)   Coulomb (SR)      Potential    Kinetic En.   Total Energy
   -7.91096e+02    8.38815e+02    2.51575e+03    4.57757e+03    7.09332e+03
    Temperature Pressure (bar)   Constr. rmsd
    6.11385e+02    0.00000e+00    1.85024e-05

Writing checkpoint, step 14743673 at Mon May  6 10:06:11 2024


           Step           Time         Lambda
       15000000    15000.00000        0.00000

   Energies (kJ/mol)
          Angle    Proper Dih. Ryckaert-Bell.          LJ-14     Coulomb-14
    3.43548e+03    1.69002e+02    4.44019e+02    6.69823e+02   -2.25750e+03
        LJ (SR)   Coulomb (SR)      Potential    Kinetic En.   Total Energy
   -7.94941e+02    9.48498e+02    2.61439e+03    4.35833e+03    6.97271e+03
    Temperature Pressure (bar)   Constr. rmsd
    5.82103e+02    0.00000e+00    1.75735e-05

Writing checkpoint, step 15017408 at Mon May  6 10:21:11 2024




Received the TERM signal, stopping at the next NS step

           Step           Time         Lambda
       15040904    15040.90400        0.00000

Writing checkpoint, step 15040904 at Mon May  6 10:22:24 2024


