Log file opened on Fri May  3 19:51:42 2024
Host: node13  pid: 1784  rank ID: 0  number of ranks:  1
GROMACS:    gmx mdrun, VERSION 5.0.1

GROMACS is written by:
Emile Apol         Rossen Apostolov   Herman J.C. Berendsen Par Bjelkmar       
Aldert van Buuren  Rudi van Drunen    Anton Feenstra     Sebastian Fritsch  
Gerrit Groenhof    Christoph Junghans Peter Kasson       Carsten Kutzner    
Per Larsson        Justin A. Lemkul   Magnus Lundborg    Pieter Meulenhoff  
Erik Marklund      Teemu Murtola      Szilard Pall       Sander Pronk       
Roland Schulz      Alexey Shvetsov    Michael Shirts     Alfons Sijbers     
Peter Tieleman     Christian Wennberg Maarten Wolf       
and the project leaders:
Mark Abraham, Berk Hess, Erik Lindahl, and David van der Spoel

Copyright (c) 1991-2000, University of Groningen, The Netherlands.
Copyright (c) 2001-2014, The GROMACS development team at
Uppsala University, Stockholm University and
the Royal Institute of Technology, Sweden.
check out http://www.gromacs.org for more information.

GROMACS is free software; you can redistribute it and/or modify it
under the terms of the GNU Lesser General Public License
as published by the Free Software Foundation; either version 2.1
of the License, or (at your option) any later version.

GROMACS:      gmx mdrun, VERSION 5.0.1
Executable:   /opt/gromacs-5.0.1-no-openmpi/bin/gmx
Library dir:  /opt/gromacs-5.0.1-no-openmpi/share/gromacs/top
Command line:
  mdrun -nt 12 -s run.tpr

Gromacs version:    VERSION 5.0.1
Precision:          single
Memory model:       64 bit
MPI library:        thread_mpi
OpenMP support:     enabled
GPU support:        disabled
invsqrt routine:    gmx_software_invsqrt(x)
SIMD instructions:  SSE4.1
FFT library:        fftw-3.3.3-sse2
RDTSCP usage:       enabled
C++11 compilation:  enabled
TNG support:        enabled
Tracing support:    disabled
Built on:           Fri Mar 27 20:21:17 EET 2015
Built by:           root@daywalker.acmac.uoc.gr [CMAKE]
Build OS/arch:      Linux 3.10.0-123.20.1.el7.x86_64 x86_64
Build CPU vendor:   GenuineIntel
Build CPU brand:    Intel(R) Xeon(R) CPU           E5606  @ 2.13GHz
Build CPU family:   6   Model: 44   Stepping: 2
Build CPU features: aes apic clfsh cmov cx8 cx16 htt lahf_lm mmx msr nonstop_tsc pcid pclmuldq pdcm pdpe1gb popcnt pse rdtscp sse2 sse3 sse4.1 sse4.2 ssse3
C compiler:         /opt/openmpi-1.8.4/bin/mpicc GNU 4.8.2
C compiler flags:    -msse4.1   -Wno-maybe-uninitialized -Wextra -Wno-missing-field-initializers -Wno-sign-compare -Wpointer-arith -Wall -Wno-unused -Wunused-value -Wunused-parameter   -fomit-frame-pointer -funroll-all-loops -fexcess-precision=fast  -Wno-array-bounds  -O3 -DNDEBUG
C++ compiler:       /opt/openmpi-1.8.4/bin/mpic++ GNU 4.8.2
C++ compiler flags:  -msse4.1   -std=c++0x -Wextra -Wno-missing-field-initializers -Wpointer-arith -Wall -Wno-unused-function   -fomit-frame-pointer -funroll-all-loops -fexcess-precision=fast  -Wno-array-bounds  -O3 -DNDEBUG
Boost version:      1.55.0 (internal)



++++ PLEASE READ AND CITE THE FOLLOWING REFERENCE ++++
B. Hess and C. Kutzner and D. van der Spoel and E. Lindahl
GROMACS 4: Algorithms for highly efficient, load-balanced, and scalable
molecular simulation
J. Chem. Theory Comput. 4 (2008) pp. 435-447
-------- -------- --- Thank You --- -------- --------


++++ PLEASE READ AND CITE THE FOLLOWING REFERENCE ++++
D. van der Spoel, E. Lindahl, B. Hess, G. Groenhof, A. E. Mark and H. J. C.
Berendsen
GROMACS: Fast, Flexible and Free
J. Comp. Chem. 26 (2005) pp. 1701-1719
-------- -------- --- Thank You --- -------- --------


++++ PLEASE READ AND CITE THE FOLLOWING REFERENCE ++++
E. Lindahl and B. Hess and D. van der Spoel
GROMACS 3.0: A package for molecular simulation and trajectory analysis
J. Mol. Mod. 7 (2001) pp. 306-317
-------- -------- --- Thank You --- -------- --------


++++ PLEASE READ AND CITE THE FOLLOWING REFERENCE ++++
H. J. C. Berendsen, D. van der Spoel and R. van Drunen
GROMACS: A message-passing parallel molecular dynamics implementation
Comp. Phys. Comm. 91 (1995) pp. 43-56
-------- -------- --- Thank You --- -------- --------

Input Parameters:
   integrator                     = sd
   tinit                          = 0
   dt                             = 0.001
   nsteps                         = 100000000
   init-step                      = 0
   simulation-part                = 1
   comm-mode                      = Angular
   nstcomm                        = 100
   bd-fric                        = 0
   ld-seed                        = 399
   emtol                          = 10
   emstep                         = 0.01
   niter                          = 20
   fcstep                         = 0
   nstcgsteep                     = 1000
   nbfgscorr                      = 10
   rtpi                           = 0.05
   nstxout                        = 100000
   nstvout                        = 0
   nstfout                        = 0
   nstlog                         = 500000
   nstcalcenergy                  = 100
   nstenergy                      = 500000
   nstxout-compressed             = 0
   compressed-x-precision         = 1000
   cutoff-scheme                  = Group
   nstlist                        = 1
   ns-type                        = Grid
   pbc                            = no
   periodic-molecules             = FALSE
   verlet-buffer-tolerance        = 0.005
   rlist                          = 2
   rlistlong                      = 2
   nstcalclr                      = 0
   coulombtype                    = Cut-off
   coulomb-modifier               = None
   rcoulomb-switch                = 0
   rcoulomb                       = 2
   epsilon-r                      = 1
   epsilon-rf                     = inf
   vdw-type                       = Cut-off
   vdw-modifier                   = None
   rvdw-switch                    = 0
   rvdw                           = 2
   DispCorr                       = No
   table-extension                = 1
   fourierspacing                 = 0.12
   fourier-nx                     = 0
   fourier-ny                     = 0
   fourier-nz                     = 0
   pme-order                      = 4
   ewald-rtol                     = 1e-05
   ewald-rtol-lj                  = 0.001
   lj-pme-comb-rule               = Geometric
   ewald-geometry                 = 0
   epsilon-surface                = 0
   implicit-solvent               = No
   gb-algorithm                   = Still
   nstgbradii                     = 1
   rgbradii                       = 1
   gb-epsilon-solvent             = 80
   gb-saltconc                    = 0
   gb-obc-alpha                   = 1
   gb-obc-beta                    = 0.8
   gb-obc-gamma                   = 4.85
   gb-dielectric-offset           = 0.009
   sa-algorithm                   = Ace-approximation
   sa-surface-tension             = 2.05016
   tcoupl                         = No
   nsttcouple                     = -1
   nh-chain-length                = 0
   print-nose-hoover-chain-variables = FALSE
   pcoupl                         = No
   pcoupltype                     = Isotropic
   nstpcouple                     = -1
   tau-p                          = 1
   compressibility (3x3):
      compressibility[    0]={ 0.00000e+00,  0.00000e+00,  0.00000e+00}
      compressibility[    1]={ 0.00000e+00,  0.00000e+00,  0.00000e+00}
      compressibility[    2]={ 0.00000e+00,  0.00000e+00,  0.00000e+00}
   ref-p (3x3):
      ref-p[    0]={ 0.00000e+00,  0.00000e+00,  0.00000e+00}
      ref-p[    1]={ 0.00000e+00,  0.00000e+00,  0.00000e+00}
      ref-p[    2]={ 0.00000e+00,  0.00000e+00,  0.00000e+00}
   refcoord-scaling               = No
   posres-com (3):
      posres-com[0]= 0.00000e+00
      posres-com[1]= 0.00000e+00
      posres-com[2]= 0.00000e+00
   posres-comB (3):
      posres-comB[0]= 0.00000e+00
      posres-comB[1]= 0.00000e+00
      posres-comB[2]= 0.00000e+00
   QMMM                           = FALSE
   QMconstraints                  = 0
   QMMMscheme                     = 0
   MMChargeScaleFactor            = 1
qm-opts:
   ngQM                           = 0
   constraint-algorithm           = Lincs
   continuation                   = FALSE
   Shake-SOR                      = FALSE
   shake-tol                      = 0.0001
   lincs-order                    = 4
   lincs-iter                     = 1
   lincs-warnangle                = 30
   nwall                          = 0
   wall-type                      = 9-3
   wall-r-linpot                  = -1
   wall-atomtype[0]               = -1
   wall-atomtype[1]               = -1
   wall-density[0]                = 0
   wall-density[1]                = 0
   wall-ewald-zfac                = 3
   pull                           = no
   rotation                       = FALSE
   interactiveMD                  = FALSE
   disre                          = No
   disre-weighting                = Conservative
   disre-mixed                    = FALSE
   dr-fc                          = 1000
   dr-tau                         = 0
   nstdisreout                    = 100
   orire-fc                       = 0
   orire-tau                      = 0
   nstorireout                    = 100
   free-energy                    = no
   cos-acceleration               = 0
   deform (3x3):
      deform[    0]={ 0.00000e+00,  0.00000e+00,  0.00000e+00}
      deform[    1]={ 0.00000e+00,  0.00000e+00,  0.00000e+00}
      deform[    2]={ 0.00000e+00,  0.00000e+00,  0.00000e+00}
   simulated-tempering            = FALSE
   E-x:
      n = 0
   E-xt:
      n = 0
   E-y:
      n = 0
   E-yt:
      n = 0
   E-z:
      n = 0
   E-zt:
      n = 0
   swapcoords                     = no
   adress                         = FALSE
   userint1                       = 0
   userint2                       = 0
   userint3                       = 0
   userint4                       = 0
   userreal1                      = 0
   userreal2                      = 0
   userreal3                      = 0
   userreal4                      = 0
grpopts:
   nrdf:        4501
   ref-t:         600
   tau-t:           2
annealing:          No
annealing-npoints:           0
   acc:	           0           0           0
   nfreeze:           N           N           N
   energygrp-flags[  0]: 0

Initializing Domain Decomposition on 12 ranks
Dynamic load balancing: auto
Will sort the charge groups at every domain (re)decomposition
Initial maximum inter charge-group distances:
    two-body bonded interactions: 0.843 nm, LJ-14, atoms 872 881
  multi-body bonded interactions: 0.843 nm, Angle, atoms 879 881
Minimum cell size due to bonded interactions: 0.928 nm
Maximum distance for 5 constraints, at 120 deg. angles, all-trans: 0.764 nm
Estimated maximum distance required for P-LINCS: 0.764 nm
Scaling the initial minimum size with 1/0.8 (option -dds) = 1.25
Optimizing the DD grid for 12 cells with a minimum initial size of 1.160 nm
The maximum allowed number of cells is: X 36 Y 17 Z 14
Domain decomposition grid 3 x 2 x 2, separate PME ranks 0
Domain decomposition rank 0, coordinates 0 0 0

Using 12 MPI threads

Detecting CPU SIMD instructions.
Present hardware specification:
Vendor: GenuineIntel
Brand:  Intel(R) Xeon(R) CPU E5-2680 v3 @ 2.50GHz
Family:  6  Model: 63  Stepping:  2
Features: aes apic avx avx2 clfsh cmov cx8 cx16 f16c fma htt lahf_lm mmx msr nonstop_tsc pcid pclmuldq pdcm pdpe1gb popcnt pse rdrnd rdtscp sse2 sse3 sse4.1 sse4.2 ssse3 tdt x2apic
SIMD instructions most likely to fit this hardware: AVX2_256
SIMD instructions selected at GROMACS compile time: SSE4.1


Binary not matching hardware - you might be losing performance.
SIMD instructions most likely to fit this hardware: AVX2_256
SIMD instructions selected at GROMACS compile time: SSE4.1


NOTE: This file uses the deprecated 'group' cutoff_scheme. This will be
removed in a future release when 'verlet' supports all interaction forms.

Table routines are used for coulomb: FALSE
Table routines are used for vdw:     FALSE
Cut-off's:   NS: 2   Coulomb: 2   LJ: 2
System total charge: -0.000
Generated table with 1500 data points for 1-4 COUL.
Tabscale = 500 points/nm
Generated table with 1500 data points for 1-4 LJ6.
Tabscale = 500 points/nm
Generated table with 1500 data points for 1-4 LJ12.
Tabscale = 500 points/nm
Potential shift: LJ r^-12: 0.000e+00 r^-6: 0.000e+00, Coulomb -0e+00

NOTE: The number of threads is not equal to the number of (logical) cores
      and the -pin option is set to auto: will not pin thread to cores.
      This can lead to significant performance degradation.
      Consider using -pin on (and -pinoffset in case you run multiple jobs).


Initializing Parallel LINear Constraint Solver

++++ PLEASE READ AND CITE THE FOLLOWING REFERENCE ++++
B. Hess
P-LINCS: A Parallel Linear Constraint Solver for molecular simulation
J. Chem. Theory Comput. 4 (2008) pp. 116-122
-------- -------- --- Thank You --- -------- --------

The number of constraints is 2252
There are inter charge-group constraints,
will communicate selected coordinates each lincs iteration

Linking all bonded interactions to atoms

The initial number of communication pulses is: X 1 Y 1 Z 1
The initial domain decomposition cell size is: X 14.21 nm Y 9.96 nm Z 8.56 nm

The maximum allowed distance for charge groups involved in interactions is:
                 non-bonded interactions           2.000 nm
(the following are initial values, they could change due to box deformation)
            two-body bonded interactions  (-rdd)   2.000 nm
          multi-body bonded interactions  (-rdd)   2.000 nm
  atoms separated by up to 5 constraints  (-rcon)  8.558 nm

When dynamic load balancing gets turned on, these settings will change to:
The maximum number of communication pulses is: X 1 Y 1 Z 1
The minimum size for domain decomposition cells is 2.000 nm
The requested allowed shrink of DD cells (option -dds) is: 0.80
The allowed shrink of domain decomposition cells is: X 0.14 Y 0.00 Z 0.00
The maximum allowed distance for charge groups involved in interactions is:
                 non-bonded interactions           2.000 nm
            two-body bonded interactions  (-rdd)   2.000 nm
          multi-body bonded interactions  (-rdd)   2.000 nm
  atoms separated by up to 5 constraints  (-rcon)  2.000 nm


Making 3D domain decomposition grid 3 x 2 x 2, home cell index 0 0 0

Center of mass motion removal mode is Angular
We have the following groups for center of mass motion removal:
  0:  rest

++++ PLEASE READ AND CITE THE FOLLOWING REFERENCE ++++
N. Goga and A. J. Rzepiela and A. H. de Vries and S. J. Marrink and H. J. C.
Berendsen
Efficient Algorithms for Langevin and DPD Dynamics
J. Chem. Theory Comput. 8 (2012) pp. 3637--3649
-------- -------- --- Thank You --- -------- --------

There are: 2253 Atoms
Charge group distribution at step 0: 0 0 0 54 11 3 0 12 46 0 0 0
Grid: 11 x 8 x 7 cells

Constraining the starting coordinates (step 0)

Constraining the coordinates at t0-dt (step 0)
RMS relative constraint deviation after constraining: 0.00e+00
Initial temperature: 600.746 K

Started mdrun on rank 0 Fri May  3 19:51:42 2024
           Step           Time         Lambda
              0        0.00000        0.00000


   Energies (kJ/mol)
          Angle    Proper Dih. Ryckaert-Bell.          LJ-14     Coulomb-14
    4.62566e+03    1.56572e+02    2.26651e+02    1.30687e+03   -5.48158e+03
        LJ (SR)   Coulomb (SR)      Potential    Kinetic En.   Total Energy
   -2.25335e+03    2.06119e+03    6.42012e+02    1.13084e+04    1.19504e+04
    Temperature Pressure (bar)   Constr. rmsd
    6.04347e+02    0.00000e+00    2.10468e-05

DD  step 0 load imb.: force 528.3%

At step 1 the performance loss due to force load imbalance is 39.3 %

NOTE: Turning on dynamic load balancing

DD  load balancing is limited by minimum cell size in dimension Y Z
DD  step 499999  vol min/aver 0.035! load imb.: force 97.8%

           Step           Time         Lambda
         500000      500.00000        0.00000

   Energies (kJ/mol)
          Angle    Proper Dih. Ryckaert-Bell.          LJ-14     Coulomb-14
    8.31039e+03    3.38821e+02    1.19889e+03    1.61460e+03   -5.37694e+03
        LJ (SR)   Coulomb (SR)      Potential    Kinetic En.   Total Energy
   -1.49595e+03    2.02936e+03    6.61917e+03    1.13827e+04    1.80018e+04
    Temperature Pressure (bar)   Constr. rmsd
    6.08315e+02    0.00000e+00    2.22988e-05

Writing checkpoint, step 504565 at Fri May  3 20:06:42 2024


DD  load balancing is limited by minimum cell size in dimension Y Z
DD  step 999999  vol min/aver 0.164! load imb.: force 254.0%

           Step           Time         Lambda
        1000000     1000.00000        0.00000

   Energies (kJ/mol)
          Angle    Proper Dih. Ryckaert-Bell.          LJ-14     Coulomb-14
    8.47563e+03    2.69798e+02    1.05844e+03    1.61437e+03   -5.46458e+03
        LJ (SR)   Coulomb (SR)      Potential    Kinetic En.   Total Energy
   -1.54574e+03    2.19110e+03    6.59902e+03    1.15949e+04    1.81940e+04
    Temperature Pressure (bar)   Constr. rmsd
    6.19659e+02    0.00000e+00    2.11465e-05

Writing checkpoint, step 1036866 at Fri May  3 20:21:42 2024


Writing checkpoint, step 1449789 at Fri May  3 20:36:42 2024




-----------------------------------------------------------
Restarting from checkpoint, appending to previous log file.

Log file opened on Sun May  5 19:57:58 2024
Host: node13  pid: 8623  rank ID: 0  number of ranks:  1
GROMACS:      gmx mdrun, VERSION 5.0.1
Executable:   /opt/gromacs-5.0.1-no-openmpi/bin/gmx
Library dir:  /opt/gromacs-5.0.1-no-openmpi/share/gromacs/top
Command line:
  mdrun -nt 1 -s run.tpr -cpi state.cpt

Gromacs version:    VERSION 5.0.1
Precision:          single
Memory model:       64 bit
MPI library:        thread_mpi
OpenMP support:     enabled
GPU support:        disabled
invsqrt routine:    gmx_software_invsqrt(x)
SIMD instructions:  SSE4.1
FFT library:        fftw-3.3.3-sse2
RDTSCP usage:       enabled
C++11 compilation:  enabled
TNG support:        enabled
Tracing support:    disabled
Built on:           Fri Mar 27 20:21:17 EET 2015
Built by:           root@daywalker.acmac.uoc.gr [CMAKE]
Build OS/arch:      Linux 3.10.0-123.20.1.el7.x86_64 x86_64
Build CPU vendor:   GenuineIntel
Build CPU brand:    Intel(R) Xeon(R) CPU           E5606  @ 2.13GHz
Build CPU family:   6   Model: 44   Stepping: 2
Build CPU features: aes apic clfsh cmov cx8 cx16 htt lahf_lm mmx msr nonstop_tsc pcid pclmuldq pdcm pdpe1gb popcnt pse rdtscp sse2 sse3 sse4.1 sse4.2 ssse3
C compiler:         /opt/openmpi-1.8.4/bin/mpicc GNU 4.8.2
C compiler flags:    -msse4.1   -Wno-maybe-uninitialized -Wextra -Wno-missing-field-initializers -Wno-sign-compare -Wpointer-arith -Wall -Wno-unused -Wunused-value -Wunused-parameter   -fomit-frame-pointer -funroll-all-loops -fexcess-precision=fast  -Wno-array-bounds  -O3 -DNDEBUG
C++ compiler:       /opt/openmpi-1.8.4/bin/mpic++ GNU 4.8.2
C++ compiler flags:  -msse4.1   -std=c++0x -Wextra -Wno-missing-field-initializers -Wpointer-arith -Wall -Wno-unused-function   -fomit-frame-pointer -funroll-all-loops -fexcess-precision=fast  -Wno-array-bounds  -O3 -DNDEBUG
Boost version:      1.55.0 (internal)


Using 1 MPI thread

Detecting CPU SIMD instructions.
Present hardware specification:
Vendor: GenuineIntel
Brand:  Intel(R) Xeon(R) CPU E5-2680 v3 @ 2.50GHz
Family:  6  Model: 63  Stepping:  2
Features: aes apic avx avx2 clfsh cmov cx8 cx16 f16c fma htt lahf_lm mmx msr nonstop_tsc pcid pclmuldq pdcm pdpe1gb popcnt pse rdrnd rdtscp sse2 sse3 sse4.1 sse4.2 ssse3 tdt x2apic
SIMD instructions most likely to fit this hardware: AVX2_256
SIMD instructions selected at GROMACS compile time: SSE4.1


Binary not matching hardware - you might be losing performance.
SIMD instructions most likely to fit this hardware: AVX2_256
SIMD instructions selected at GROMACS compile time: SSE4.1


NOTE: This file uses the deprecated 'group' cutoff_scheme. This will be
removed in a future release when 'verlet' supports all interaction forms.

Table routines are used for coulomb: FALSE
Table routines are used for vdw:     FALSE
Cut-off's:   NS: 2   Coulomb: 2   LJ: 2
System total charge: -0.000
Generated table with 1500 data points for 1-4 COUL.
Tabscale = 500 points/nm
Generated table with 1500 data points for 1-4 LJ6.
Tabscale = 500 points/nm
Generated table with 1500 data points for 1-4 LJ12.
Tabscale = 500 points/nm
Potential shift: LJ r^-12: 0.000e+00 r^-6: 0.000e+00, Coulomb -0e+00

Initializing LINear Constraint Solver

++++ PLEASE READ AND CITE THE FOLLOWING REFERENCE ++++
B. Hess and H. Bekker and H. J. C. Berendsen and J. G. E. M. Fraaije
LINCS: A Linear Constraint Solver for molecular simulations
J. Comp. Chem. 18 (1997) pp. 1463-1472
-------- -------- --- Thank You --- -------- --------

The number of constraints is 2252
Center of mass motion removal mode is Angular
We have the following groups for center of mass motion removal:
  0:  rest
There are: 2253 Atoms
Initial temperature: 1191.83 K

Started mdrun on rank 0 Sun May  5 19:57:58 2024
           Step           Time         Lambda
        1449789     1449.78900        0.00000


Grid: 9 x 4 x 3 cells
   Energies (kJ/mol)
          Angle    Proper Dih. Ryckaert-Bell.          LJ-14     Coulomb-14
    8.73282e+03    3.22133e+02    1.03963e+03    1.55239e+03   -5.55580e+03
        LJ (SR)   Coulomb (SR)      Potential    Kinetic En.   Total Energy
   -1.82271e+03    2.34430e+03    6.61277e+03    1.11512e+04    1.77639e+04
    Temperature Pressure (bar)   Constr. rmsd
    5.95943e+02    0.00000e+00    0.00000e+00

           Step           Time         Lambda
        1500000     1500.00000        0.00000

   Energies (kJ/mol)
          Angle    Proper Dih. Ryckaert-Bell.          LJ-14     Coulomb-14
    8.64183e+03    3.14356e+02    1.19547e+03    1.58088e+03   -5.43318e+03
        LJ (SR)   Coulomb (SR)      Potential    Kinetic En.   Total Energy
   -1.93294e+03    2.16584e+03    6.53226e+03    1.12945e+04    1.78268e+04
    Temperature Pressure (bar)   Constr. rmsd
    6.03604e+02    0.00000e+00    2.17215e-05

Writing checkpoint, step 1567990 at Sun May  5 20:12:58 2024


Writing checkpoint, step 1680709 at Sun May  5 20:27:58 2024


Writing checkpoint, step 1785748 at Sun May  5 20:42:58 2024


Writing checkpoint, step 1887803 at Sun May  5 20:57:58 2024


Writing checkpoint, step 1986516 at Sun May  5 21:12:58 2024


           Step           Time         Lambda
        2000000     2000.00000        0.00000

   Energies (kJ/mol)
          Angle    Proper Dih. Ryckaert-Bell.          LJ-14     Coulomb-14
    8.86855e+03    2.83301e+02    1.13392e+03    1.57625e+03   -5.39328e+03
        LJ (SR)   Coulomb (SR)      Potential    Kinetic En.   Total Energy
   -2.27498e+03    2.01495e+03    6.20871e+03    1.09648e+04    1.71735e+04
    Temperature Pressure (bar)   Constr. rmsd
    5.85981e+02    0.00000e+00    2.11302e-05

Writing checkpoint, step 2072230 at Sun May  5 21:27:58 2024


Writing checkpoint, step 2146976 at Sun May  5 21:42:58 2024


Writing checkpoint, step 2221679 at Sun May  5 21:57:58 2024


Writing checkpoint, step 2299815 at Sun May  5 22:12:58 2024


Writing checkpoint, step 2375574 at Sun May  5 22:27:58 2024


Writing checkpoint, step 2452196 at Sun May  5 22:42:58 2024


           Step           Time         Lambda
        2500000     2500.00000        0.00000

   Energies (kJ/mol)
          Angle    Proper Dih. Ryckaert-Bell.          LJ-14     Coulomb-14
    8.84621e+03    3.01469e+02    1.25637e+03    1.57651e+03   -5.42692e+03
        LJ (SR)   Coulomb (SR)      Potential    Kinetic En.   Total Energy
   -2.45132e+03    1.99453e+03    6.09684e+03    1.10902e+04    1.71870e+04
    Temperature Pressure (bar)   Constr. rmsd
    5.92685e+02    0.00000e+00    2.21782e-05

Writing checkpoint, step 2528645 at Sun May  5 22:57:58 2024


Writing checkpoint, step 2607376 at Sun May  5 23:12:58 2024


Writing checkpoint, step 2683024 at Sun May  5 23:27:58 2024


Writing checkpoint, step 2758941 at Sun May  5 23:42:58 2024


Writing checkpoint, step 2835039 at Sun May  5 23:57:58 2024


Writing checkpoint, step 2910439 at Mon May  6 00:12:58 2024


Writing checkpoint, step 2987716 at Mon May  6 00:27:58 2024


           Step           Time         Lambda
        3000000     3000.00000        0.00000

   Energies (kJ/mol)
          Angle    Proper Dih. Ryckaert-Bell.          LJ-14     Coulomb-14
    8.68603e+03    2.69168e+02    1.09403e+03    1.58118e+03   -5.44725e+03
        LJ (SR)   Coulomb (SR)      Potential    Kinetic En.   Total Energy
   -2.32403e+03    2.11222e+03    5.97134e+03    1.09468e+04    1.69181e+04
    Temperature Pressure (bar)   Constr. rmsd
    5.85021e+02    0.00000e+00    2.13884e-05

Writing checkpoint, step 3067662 at Mon May  6 00:42:58 2024


Writing checkpoint, step 3145577 at Mon May  6 00:57:58 2024


Writing checkpoint, step 3222448 at Mon May  6 01:12:58 2024


Writing checkpoint, step 3300431 at Mon May  6 01:27:58 2024


Writing checkpoint, step 3375973 at Mon May  6 01:42:58 2024


Writing checkpoint, step 3453636 at Mon May  6 01:57:58 2024


           Step           Time         Lambda
        3500000     3500.00000        0.00000

   Energies (kJ/mol)
          Angle    Proper Dih. Ryckaert-Bell.          LJ-14     Coulomb-14
    8.91410e+03    3.26250e+02    1.01518e+03    1.57061e+03   -5.43662e+03
        LJ (SR)   Coulomb (SR)      Potential    Kinetic En.   Total Energy
   -2.37988e+03    2.13785e+03    6.14749e+03    1.13893e+04    1.75368e+04
    Temperature Pressure (bar)   Constr. rmsd
    6.08672e+02    0.00000e+00    2.15661e-05

Writing checkpoint, step 3528685 at Mon May  6 02:12:58 2024


Writing checkpoint, step 3603294 at Mon May  6 02:27:58 2024


Writing checkpoint, step 3677763 at Mon May  6 02:42:58 2024


Writing checkpoint, step 3751987 at Mon May  6 02:57:58 2024


Writing checkpoint, step 3826612 at Mon May  6 03:12:58 2024


Writing checkpoint, step 3901059 at Mon May  6 03:27:58 2024


Writing checkpoint, step 3975136 at Mon May  6 03:42:58 2024


           Step           Time         Lambda
        4000000     4000.00000        0.00000

   Energies (kJ/mol)
          Angle    Proper Dih. Ryckaert-Bell.          LJ-14     Coulomb-14
    8.85257e+03    3.09327e+02    1.08177e+03    1.56053e+03   -5.38895e+03
        LJ (SR)   Coulomb (SR)      Potential    Kinetic En.   Total Energy
   -2.29996e+03    2.00822e+03    6.12350e+03    1.13802e+04    1.75037e+04
    Temperature Pressure (bar)   Constr. rmsd
    6.08181e+02    0.00000e+00    2.20129e-05

Writing checkpoint, step 4051272 at Mon May  6 03:57:58 2024


Writing checkpoint, step 4128320 at Mon May  6 04:12:58 2024


Writing checkpoint, step 4206999 at Mon May  6 04:27:58 2024


Writing checkpoint, step 4285153 at Mon May  6 04:42:58 2024


Writing checkpoint, step 4360732 at Mon May  6 04:57:58 2024


Writing checkpoint, step 4436612 at Mon May  6 05:12:58 2024


           Step           Time         Lambda
        4500000     4500.00000        0.00000

   Energies (kJ/mol)
          Angle    Proper Dih. Ryckaert-Bell.          LJ-14     Coulomb-14
    8.30800e+03    2.40144e+02    1.21570e+03    1.60027e+03   -5.41705e+03
        LJ (SR)   Coulomb (SR)      Potential    Kinetic En.   Total Energy
   -2.43433e+03    1.98705e+03    5.49979e+03    1.14630e+04    1.69628e+04
    Temperature Pressure (bar)   Constr. rmsd
    6.12606e+02    0.00000e+00    2.14177e-05

Writing checkpoint, step 4513734 at Mon May  6 05:27:58 2024


Writing checkpoint, step 4590337 at Mon May  6 05:42:58 2024


Writing checkpoint, step 4666755 at Mon May  6 05:57:58 2024


Writing checkpoint, step 4741717 at Mon May  6 06:12:58 2024


Writing checkpoint, step 4818176 at Mon May  6 06:27:58 2024


Writing checkpoint, step 4892957 at Mon May  6 06:42:58 2024


Writing checkpoint, step 4967468 at Mon May  6 06:57:58 2024


           Step           Time         Lambda
        5000000     5000.00000        0.00000

   Energies (kJ/mol)
          Angle    Proper Dih. Ryckaert-Bell.          LJ-14     Coulomb-14
    8.70931e+03    3.10726e+02    1.18613e+03    1.60947e+03   -5.39434e+03
        LJ (SR)   Coulomb (SR)      Potential    Kinetic En.   Total Energy
   -2.22324e+03    1.95788e+03    6.15594e+03    1.10730e+04    1.72289e+04
    Temperature Pressure (bar)   Constr. rmsd
    5.91764e+02    0.00000e+00    2.12466e-05

Writing checkpoint, step 5043174 at Mon May  6 07:12:58 2024


Writing checkpoint, step 5116825 at Mon May  6 07:27:58 2024


Writing checkpoint, step 5192200 at Mon May  6 07:42:58 2024


Writing checkpoint, step 5269702 at Mon May  6 07:57:58 2024


Writing checkpoint, step 5348157 at Mon May  6 08:12:58 2024


Writing checkpoint, step 5425296 at Mon May  6 08:27:58 2024


           Step           Time         Lambda
        5500000     5500.00000        0.00000

   Energies (kJ/mol)
          Angle    Proper Dih. Ryckaert-Bell.          LJ-14     Coulomb-14
    8.63809e+03    2.42048e+02    1.21268e+03    1.54418e+03   -5.50515e+03
        LJ (SR)   Coulomb (SR)      Potential    Kinetic En.   Total Energy
   -2.31279e+03    2.20068e+03    6.01973e+03    1.16339e+04    1.76536e+04
    Temperature Pressure (bar)   Constr. rmsd
    6.21739e+02    0.00000e+00    2.17893e-05

Writing checkpoint, step 5502025 at Mon May  6 08:42:58 2024


Writing checkpoint, step 5576555 at Mon May  6 08:57:58 2024


Writing checkpoint, step 5652399 at Mon May  6 09:12:58 2024


Writing checkpoint, step 5728416 at Mon May  6 09:27:58 2024


Writing checkpoint, step 5802444 at Mon May  6 09:42:58 2024


Writing checkpoint, step 5877535 at Mon May  6 09:57:58 2024


Writing checkpoint, step 5954916 at Mon May  6 10:12:58 2024


           Step           Time         Lambda
        6000000     6000.00000        0.00000

   Energies (kJ/mol)
          Angle    Proper Dih. Ryckaert-Bell.          LJ-14     Coulomb-14
    8.33361e+03    3.01055e+02    1.16717e+03    1.63488e+03   -5.44082e+03
        LJ (SR)   Coulomb (SR)      Potential    Kinetic En.   Total Energy
   -2.28418e+03    2.11298e+03    5.82470e+03    1.14060e+04    1.72307e+04
    Temperature Pressure (bar)   Constr. rmsd
    6.09563e+02    0.00000e+00    2.14616e-05



Received the second INT/TERM signal, stopping at the next step

           Step           Time         Lambda
        6020301     6020.30100        0.00000

