Log file opened on Wed May  8 01:01:28 2024
Host: node07  pid: 26961  rank ID: 0  number of ranks:  1
GROMACS:    gmx mdrun, VERSION 5.0.1

GROMACS is written by:
Emile Apol         Rossen Apostolov   Herman J.C. Berendsen Par Bjelkmar       
Aldert van Buuren  Rudi van Drunen    Anton Feenstra     Sebastian Fritsch  
Gerrit Groenhof    Christoph Junghans Peter Kasson       Carsten Kutzner    
Per Larsson        Justin A. Lemkul   Magnus Lundborg    Pieter Meulenhoff  
Erik Marklund      Teemu Murtola      Szilard Pall       Sander Pronk       
Roland Schulz      Alexey Shvetsov    Michael Shirts     Alfons Sijbers     
Peter Tieleman     Christian Wennberg Maarten Wolf       
and the project leaders:
Mark Abraham, Berk Hess, Erik Lindahl, and David van der Spoel

Copyright (c) 1991-2000, University of Groningen, The Netherlands.
Copyright (c) 2001-2014, The GROMACS development team at
Uppsala University, Stockholm University and
the Royal Institute of Technology, Sweden.
check out http://www.gromacs.org for more information.

GROMACS is free software; you can redistribute it and/or modify it
under the terms of the GNU Lesser General Public License
as published by the Free Software Foundation; either version 2.1
of the License, or (at your option) any later version.

GROMACS:      gmx mdrun, VERSION 5.0.1
Executable:   /opt/gromacs-5.0.1-no-openmpi/bin/gmx
Library dir:  /opt/gromacs-5.0.1-no-openmpi/share/gromacs/top
Command line:
  mdrun -nt 12 -s run.tpr

Gromacs version:    VERSION 5.0.1
Precision:          single
Memory model:       64 bit
MPI library:        thread_mpi
OpenMP support:     enabled
GPU support:        disabled
invsqrt routine:    gmx_software_invsqrt(x)
SIMD instructions:  SSE4.1
FFT library:        fftw-3.3.3-sse2
RDTSCP usage:       enabled
C++11 compilation:  enabled
TNG support:        enabled
Tracing support:    disabled
Built on:           Fri Mar 27 20:21:17 EET 2015
Built by:           root@daywalker.acmac.uoc.gr [CMAKE]
Build OS/arch:      Linux 3.10.0-123.20.1.el7.x86_64 x86_64
Build CPU vendor:   GenuineIntel
Build CPU brand:    Intel(R) Xeon(R) CPU           E5606  @ 2.13GHz
Build CPU family:   6   Model: 44   Stepping: 2
Build CPU features: aes apic clfsh cmov cx8 cx16 htt lahf_lm mmx msr nonstop_tsc pcid pclmuldq pdcm pdpe1gb popcnt pse rdtscp sse2 sse3 sse4.1 sse4.2 ssse3
C compiler:         /opt/openmpi-1.8.4/bin/mpicc GNU 4.8.2
C compiler flags:    -msse4.1   -Wno-maybe-uninitialized -Wextra -Wno-missing-field-initializers -Wno-sign-compare -Wpointer-arith -Wall -Wno-unused -Wunused-value -Wunused-parameter   -fomit-frame-pointer -funroll-all-loops -fexcess-precision=fast  -Wno-array-bounds  -O3 -DNDEBUG
C++ compiler:       /opt/openmpi-1.8.4/bin/mpic++ GNU 4.8.2
C++ compiler flags:  -msse4.1   -std=c++0x -Wextra -Wno-missing-field-initializers -Wpointer-arith -Wall -Wno-unused-function   -fomit-frame-pointer -funroll-all-loops -fexcess-precision=fast  -Wno-array-bounds  -O3 -DNDEBUG
Boost version:      1.55.0 (internal)



++++ PLEASE READ AND CITE THE FOLLOWING REFERENCE ++++
B. Hess and C. Kutzner and D. van der Spoel and E. Lindahl
GROMACS 4: Algorithms for highly efficient, load-balanced, and scalable
molecular simulation
J. Chem. Theory Comput. 4 (2008) pp. 435-447
-------- -------- --- Thank You --- -------- --------


++++ PLEASE READ AND CITE THE FOLLOWING REFERENCE ++++
D. van der Spoel, E. Lindahl, B. Hess, G. Groenhof, A. E. Mark and H. J. C.
Berendsen
GROMACS: Fast, Flexible and Free
J. Comp. Chem. 26 (2005) pp. 1701-1719
-------- -------- --- Thank You --- -------- --------


++++ PLEASE READ AND CITE THE FOLLOWING REFERENCE ++++
E. Lindahl and B. Hess and D. van der Spoel
GROMACS 3.0: A package for molecular simulation and trajectory analysis
J. Mol. Mod. 7 (2001) pp. 306-317
-------- -------- --- Thank You --- -------- --------


++++ PLEASE READ AND CITE THE FOLLOWING REFERENCE ++++
H. J. C. Berendsen, D. van der Spoel and R. van Drunen
GROMACS: A message-passing parallel molecular dynamics implementation
Comp. Phys. Comm. 91 (1995) pp. 43-56
-------- -------- --- Thank You --- -------- --------

Changing nstlist from 10 to 40, rlist from 1.001 to 1.034

Input Parameters:
   integrator                     = md
   tinit                          = 0
   dt                             = 0.0005
   nsteps                         = 2000000
   init-step                      = 0
   simulation-part                = 1
   comm-mode                      = Linear
   nstcomm                        = 100
   bd-fric                        = 0
   ld-seed                        = 3246085625
   emtol                          = 10
   emstep                         = 0.01
   niter                          = 20
   fcstep                         = 0
   nstcgsteep                     = 1000
   nbfgscorr                      = 10
   rtpi                           = 0.05
   nstxout                        = 20000
   nstvout                        = 0
   nstfout                        = 0
   nstlog                         = 20000
   nstcalcenergy                  = 100
   nstenergy                      = 20000
   nstxout-compressed             = 0
   compressed-x-precision         = 1000
   cutoff-scheme                  = Verlet
   nstlist                        = 40
   ns-type                        = Grid
   pbc                            = xyz
   periodic-molecules             = FALSE
   verlet-buffer-tolerance        = 0.005
   rlist                          = 1.034
   rlistlong                      = 1.034
   nstcalclr                      = 10
   coulombtype                    = PME
   coulomb-modifier               = Potential-shift
   rcoulomb-switch                = 0
   rcoulomb                       = 1
   epsilon-r                      = 1
   epsilon-rf                     = inf
   vdw-type                       = Cut-off
   vdw-modifier                   = Potential-shift
   rvdw-switch                    = 0
   rvdw                           = 1
   DispCorr                       = EnerPres
   table-extension                = 1
   fourierspacing                 = 0.12
   fourier-nx                     = 60
   fourier-ny                     = 60
   fourier-nz                     = 60
   pme-order                      = 4
   ewald-rtol                     = 0.0001
   ewald-rtol-lj                  = 0.001
   lj-pme-comb-rule               = Geometric
   ewald-geometry                 = 0
   epsilon-surface                = 0
   implicit-solvent               = No
   gb-algorithm                   = Still
   nstgbradii                     = 1
   rgbradii                       = 1
   gb-epsilon-solvent             = 80
   gb-saltconc                    = 0
   gb-obc-alpha                   = 1
   gb-obc-beta                    = 0.8
   gb-obc-gamma                   = 4.85
   gb-dielectric-offset           = 0.009
   sa-algorithm                   = Ace-approximation
   sa-surface-tension             = 2.05016
   tcoupl                         = V-rescale
   nsttcouple                     = 10
   nh-chain-length                = 0
   print-nose-hoover-chain-variables = FALSE
   pcoupl                         = Berendsen
   pcoupltype                     = Isotropic
   nstpcouple                     = 10
   tau-p                          = 0.5
   compressibility (3x3):
      compressibility[    0]={ 4.00000e-05,  0.00000e+00,  0.00000e+00}
      compressibility[    1]={ 0.00000e+00,  4.00000e-05,  0.00000e+00}
      compressibility[    2]={ 0.00000e+00,  0.00000e+00,  4.00000e-05}
   ref-p (3x3):
      ref-p[    0]={ 1.01325e+00,  0.00000e+00,  0.00000e+00}
      ref-p[    1]={ 0.00000e+00,  1.01325e+00,  0.00000e+00}
      ref-p[    2]={ 0.00000e+00,  0.00000e+00,  1.01325e+00}
   refcoord-scaling               = No
   posres-com (3):
      posres-com[0]= 0.00000e+00
      posres-com[1]= 0.00000e+00
      posres-com[2]= 0.00000e+00
   posres-comB (3):
      posres-comB[0]= 0.00000e+00
      posres-comB[1]= 0.00000e+00
      posres-comB[2]= 0.00000e+00
   QMMM                           = FALSE
   QMconstraints                  = 0
   QMMMscheme                     = 0
   MMChargeScaleFactor            = 1
qm-opts:
   ngQM                           = 0
   constraint-algorithm           = Lincs
   continuation                   = FALSE
   Shake-SOR                      = FALSE
   shake-tol                      = 0.0001
   lincs-order                    = 4
   lincs-iter                     = 1
   lincs-warnangle                = 30
   nwall                          = 0
   wall-type                      = 9-3
   wall-r-linpot                  = -1
   wall-atomtype[0]               = -1
   wall-atomtype[1]               = -1
   wall-density[0]                = 0
   wall-density[1]                = 0
   wall-ewald-zfac                = 3
   pull                           = no
   rotation                       = FALSE
   interactiveMD                  = FALSE
   disre                          = No
   disre-weighting                = Conservative
   disre-mixed                    = FALSE
   dr-fc                          = 1000
   dr-tau                         = 0
   nstdisreout                    = 100
   orire-fc                       = 0
   orire-tau                      = 0
   nstorireout                    = 100
   free-energy                    = no
   cos-acceleration               = 0
   deform (3x3):
      deform[    0]={ 0.00000e+00,  0.00000e+00,  0.00000e+00}
      deform[    1]={ 0.00000e+00,  0.00000e+00,  0.00000e+00}
      deform[    2]={ 0.00000e+00,  0.00000e+00,  0.00000e+00}
   simulated-tempering            = FALSE
   E-x:
      n = 0
   E-xt:
      n = 0
   E-y:
      n = 0
   E-yt:
      n = 0
   E-z:
      n = 0
   E-zt:
      n = 0
   swapcoords                     = no
   adress                         = FALSE
   userint1                       = 0
   userint2                       = 0
   userint3                       = 0
   userint4                       = 0
   userreal1                      = 0
   userreal2                      = 0
   userreal3                      = 0
   userreal4                      = 0
grpopts:
   nrdf:       65938
   ref-t:         300
   tau-t:         0.1
annealing:          No
annealing-npoints:           0
   acc:	           0           0           0
   nfreeze:           N           N           N
   energygrp-flags[  0]: 0
Using 1 MPI thread
Using 12 OpenMP threads 

Detecting CPU SIMD instructions.
Present hardware specification:
Vendor: GenuineIntel
Brand:  Intel(R) Xeon(R) CPU E5-2630 v2 @ 2.60GHz
Family:  6  Model: 62  Stepping:  4
Features: aes apic avx clfsh cmov cx8 cx16 f16c htt lahf_lm mmx msr nonstop_tsc pcid pclmuldq pdcm pdpe1gb popcnt pse rdrnd rdtscp sse2 sse3 sse4.1 sse4.2 ssse3 tdt x2apic
SIMD instructions most likely to fit this hardware: AVX_256
SIMD instructions selected at GROMACS compile time: SSE4.1


Binary not matching hardware - you might be losing performance.
SIMD instructions most likely to fit this hardware: AVX_256
SIMD instructions selected at GROMACS compile time: SSE4.1

Will do PME sum in reciprocal space for electrostatic interactions.

++++ PLEASE READ AND CITE THE FOLLOWING REFERENCE ++++
U. Essmann, L. Perera, M. L. Berkowitz, T. Darden, H. Lee and L. G. Pedersen 
A smooth particle mesh Ewald method
J. Chem. Phys. 103 (1995) pp. 8577-8592
-------- -------- --- Thank You --- -------- --------

Will do ordinary reciprocal space Ewald sum.
Using a Gaussian width (1/beta) of 0.363496 nm for Ewald
Cut-off's:   NS: 1.034   Coulomb: 1   LJ: 1
Long Range LJ corr.: <C6> 3.0575e-04
System total charge: -0.000
Generated table with 1016 data points for Ewald.
Tabscale = 500 points/nm
Generated table with 1016 data points for LJ6.
Tabscale = 500 points/nm
Generated table with 1016 data points for LJ12.
Tabscale = 500 points/nm
Generated table with 1016 data points for 1-4 COUL.
Tabscale = 500 points/nm
Generated table with 1016 data points for 1-4 LJ6.
Tabscale = 500 points/nm
Generated table with 1016 data points for 1-4 LJ12.
Tabscale = 500 points/nm

Using SSE4.1 4x4 non-bonded kernels

Using geometric Lennard-Jones combination rule

Potential shift: LJ r^-12: -1.000e+00 r^-6: -1.000e+00, Ewald -1.000e-04
Initialized non-bonded Ewald correction tables, spacing: 9.94e-04 size: 2047

Removing pbc first time
Pinning threads with an auto-selected logical core stride of 1

Initializing LINear Constraint Solver

++++ PLEASE READ AND CITE THE FOLLOWING REFERENCE ++++
B. Hess and H. Bekker and H. J. C. Berendsen and J. G. E. M. Fraaije
LINCS: A Linear Constraint Solver for molecular simulations
J. Comp. Chem. 18 (1997) pp. 1463-1472
-------- -------- --- Thank You --- -------- --------

The number of constraints is 1802

++++ PLEASE READ AND CITE THE FOLLOWING REFERENCE ++++
S. Miyamoto and P. A. Kollman
SETTLE: An Analytical Version of the SHAKE and RATTLE Algorithms for Rigid
Water Models
J. Comp. Chem. 13 (1992) pp. 952-962
-------- -------- --- Thank You --- -------- --------

Center of mass motion removal mode is Linear
We have the following groups for center of mass motion removal:
  0:  rest

++++ PLEASE READ AND CITE THE FOLLOWING REFERENCE ++++
G. Bussi, D. Donadio and M. Parrinello
Canonical sampling through velocity rescaling
J. Chem. Phys. 126 (2007) pp. 014101
-------- -------- --- Thank You --- -------- --------

There are: 32970 Atoms

Constraining the starting coordinates (step 0)

Constraining the coordinates at t0-dt (step 0)
RMS relative constraint deviation after constraining: 3.10e-06
Initial temperature: 300.227 K

Started mdrun on rank 0 Wed May  8 01:01:28 2024
           Step           Time         Lambda
              0        0.00000        0.00000

   Energies (kJ/mol)
          Angle    Proper Dih. Ryckaert-Bell.          LJ-14     Coulomb-14
    6.92297e+03    2.27723e+02    9.42740e+02    1.29182e+03   -4.37485e+03
        LJ (SR)  Disper. corr.   Coulomb (SR)   Coul. recip.      Potential
    2.34815e+05   -4.12409e+03   -4.87772e+05    4.95715e+03   -2.47113e+05
    Kinetic En.   Total Energy    Temperature Pres. DC (bar) Pressure (bar)
    8.85458e+04   -1.58567e+05    3.23017e+02   -2.03367e+02    4.00242e+04
   Constr. rmsd
    3.72054e-06

           Step           Time         Lambda
          20000       10.00000        0.00000

   Energies (kJ/mol)
          Angle    Proper Dih. Ryckaert-Bell.          LJ-14     Coulomb-14
    4.85300e+03    1.28408e+02    7.15487e+02    1.14648e+03   -4.26884e+03
        LJ (SR)  Disper. corr.   Coulomb (SR)   Coul. recip.      Potential
    7.40651e+04   -4.14173e+03   -5.09659e+05    1.81751e+03   -4.35344e+05
    Kinetic En.   Total Energy    Temperature Pres. DC (bar) Pressure (bar)
    8.26085e+04   -3.52735e+05    3.01357e+02   -2.05108e+02    1.02766e+02
   Constr. rmsd
    1.96958e-06

           Step           Time         Lambda
          40000       20.00000        0.00000

   Energies (kJ/mol)
          Angle    Proper Dih. Ryckaert-Bell.          LJ-14     Coulomb-14
    4.19260e+03    1.34878e+02    4.92805e+02    1.08219e+03   -4.24546e+03
        LJ (SR)  Disper. corr.   Coulomb (SR)   Coul. recip.      Potential
    7.28020e+04   -4.14402e+03   -5.06502e+05    1.77282e+03   -4.34414e+05
    Kinetic En.   Total Energy    Temperature Pres. DC (bar) Pressure (bar)
    8.20892e+04   -3.52325e+05    2.99463e+02   -2.05334e+02   -9.14604e+01
   Constr. rmsd
    1.99784e-06

           Step           Time         Lambda
          60000       30.00000        0.00000

   Energies (kJ/mol)
          Angle    Proper Dih. Ryckaert-Bell.          LJ-14     Coulomb-14
    3.91287e+03    1.31124e+02    5.35759e+02    1.06050e+03   -4.23723e+03
        LJ (SR)  Disper. corr.   Coulomb (SR)   Coul. recip.      Potential
    7.22891e+04   -4.14608e+03   -5.04817e+05    1.81400e+03   -4.33457e+05
    Kinetic En.   Total Energy    Temperature Pres. DC (bar) Pressure (bar)
    8.21103e+04   -3.51347e+05    2.99540e+02   -2.05539e+02    4.45321e+01
   Constr. rmsd
    1.90066e-06

           Step           Time         Lambda
          80000       40.00000        0.00000

   Energies (kJ/mol)
          Angle    Proper Dih. Ryckaert-Bell.          LJ-14     Coulomb-14
    3.91044e+03    1.28729e+02    4.37320e+02    1.09140e+03   -4.33999e+03
        LJ (SR)  Disper. corr.   Coulomb (SR)   Coul. recip.      Potential
    7.22992e+04   -4.14440e+03   -5.05549e+05    1.83330e+03   -4.34333e+05
    Kinetic En.   Total Energy    Temperature Pres. DC (bar) Pressure (bar)
    8.20470e+04   -3.52286e+05    2.99309e+02   -2.05372e+02    5.26450e+01
   Constr. rmsd
    1.93564e-06

           Step           Time         Lambda
         100000       50.00000        0.00000

   Energies (kJ/mol)
          Angle    Proper Dih. Ryckaert-Bell.          LJ-14     Coulomb-14
    3.64657e+03    1.21202e+02    4.44060e+02    1.05030e+03   -4.23031e+03
        LJ (SR)  Disper. corr.   Coulomb (SR)   Coul. recip.      Potential
    7.31602e+04   -4.13645e+03   -5.06193e+05    1.79919e+03   -4.34338e+05
    Kinetic En.   Total Energy    Temperature Pres. DC (bar) Pressure (bar)
    8.10578e+04   -3.53280e+05    2.95701e+02   -2.04586e+02    7.29567e+01
   Constr. rmsd
    1.87765e-06

           Step           Time         Lambda
         120000       60.00000        0.00000

   Energies (kJ/mol)
          Angle    Proper Dih. Ryckaert-Bell.          LJ-14     Coulomb-14
    3.75087e+03    1.14782e+02    3.75556e+02    1.07210e+03   -4.25028e+03
        LJ (SR)  Disper. corr.   Coulomb (SR)   Coul. recip.      Potential
    7.24482e+04   -4.13949e+03   -5.05255e+05    1.79155e+03   -4.34092e+05
    Kinetic En.   Total Energy    Temperature Pres. DC (bar) Pressure (bar)
    8.21230e+04   -3.51969e+05    2.99586e+02   -2.04886e+02    1.42285e+02
   Constr. rmsd
    1.90078e-06

Writing checkpoint, step 133720 at Wed May  8 01:16:28 2024


           Step           Time         Lambda
         140000       70.00000        0.00000

   Energies (kJ/mol)
          Angle    Proper Dih. Ryckaert-Bell.          LJ-14     Coulomb-14
    3.63407e+03    1.06487e+02    4.63684e+02    1.14480e+03   -4.21235e+03
        LJ (SR)  Disper. corr.   Coulomb (SR)   Coul. recip.      Potential
    7.24296e+04   -4.14266e+03   -5.05863e+05    1.89015e+03   -4.34549e+05
    Kinetic En.   Total Energy    Temperature Pres. DC (bar) Pressure (bar)
    8.17689e+04   -3.52780e+05    2.98295e+02   -2.05200e+02    4.20178e+01
   Constr. rmsd
    1.84869e-06

           Step           Time         Lambda
         160000       80.00000        0.00000

   Energies (kJ/mol)
          Angle    Proper Dih. Ryckaert-Bell.          LJ-14     Coulomb-14
    3.75824e+03    1.17278e+02    4.92953e+02    1.04659e+03   -4.25169e+03
        LJ (SR)  Disper. corr.   Coulomb (SR)   Coul. recip.      Potential
    7.26019e+04   -4.14374e+03   -5.06288e+05    1.90253e+03   -4.34764e+05
    Kinetic En.   Total Energy    Temperature Pres. DC (bar) Pressure (bar)
    8.14266e+04   -3.53337e+05    2.97046e+02   -2.05307e+02    1.40844e+01
   Constr. rmsd
    1.84962e-06

           Step           Time         Lambda
         180000       90.00000        0.00000

   Energies (kJ/mol)
          Angle    Proper Dih. Ryckaert-Bell.          LJ-14     Coulomb-14
    3.68831e+03    1.21201e+02    3.69499e+02    1.07426e+03   -4.32472e+03
        LJ (SR)  Disper. corr.   Coulomb (SR)   Coul. recip.      Potential
    7.24131e+04   -4.13778e+03   -5.04862e+05    1.88318e+03   -4.33775e+05
    Kinetic En.   Total Energy    Temperature Pres. DC (bar) Pressure (bar)
    8.18187e+04   -3.51956e+05    2.98476e+02   -2.04718e+02    2.93969e+01
   Constr. rmsd
    1.87682e-06

           Step           Time         Lambda
         200000      100.00000        0.00000

   Energies (kJ/mol)
          Angle    Proper Dih. Ryckaert-Bell.          LJ-14     Coulomb-14
    3.69871e+03    8.48247e+01    3.94503e+02    1.03447e+03   -4.23674e+03
        LJ (SR)  Disper. corr.   Coulomb (SR)   Coul. recip.      Potential
    7.28004e+04   -4.13494e+03   -5.05733e+05    1.87443e+03   -4.34218e+05
    Kinetic En.   Total Energy    Temperature Pres. DC (bar) Pressure (bar)
    8.24324e+04   -3.51785e+05    3.00715e+02   -2.04437e+02   -1.37483e+01
   Constr. rmsd
    1.83424e-06

           Step           Time         Lambda
         220000      110.00000        0.00000

   Energies (kJ/mol)
          Angle    Proper Dih. Ryckaert-Bell.          LJ-14     Coulomb-14
    3.71979e+03    9.32751e+01    4.52702e+02    1.08296e+03   -4.31896e+03
        LJ (SR)  Disper. corr.   Coulomb (SR)   Coul. recip.      Potential
    7.29083e+04   -4.13706e+03   -5.07121e+05    1.78827e+03   -4.35532e+05
    Kinetic En.   Total Energy    Temperature Pres. DC (bar) Pressure (bar)
    8.21636e+04   -3.53368e+05    2.99735e+02   -2.04646e+02   -5.73402e+01
   Constr. rmsd
    1.93617e-06

           Step           Time         Lambda
         240000      120.00000        0.00000

   Energies (kJ/mol)
          Angle    Proper Dih. Ryckaert-Bell.          LJ-14     Coulomb-14
    3.96592e+03    1.00541e+02    4.02742e+02    1.03702e+03   -4.34885e+03
        LJ (SR)  Disper. corr.   Coulomb (SR)   Coul. recip.      Potential
    7.32859e+04   -4.14221e+03   -5.07128e+05    1.83245e+03   -4.34995e+05
    Kinetic En.   Total Energy    Temperature Pres. DC (bar) Pressure (bar)
    8.25631e+04   -3.52432e+05    3.01192e+02   -2.05156e+02    1.56942e+01
   Constr. rmsd
    1.91901e-06

           Step           Time         Lambda
         260000      130.00000        0.00000

   Energies (kJ/mol)
          Angle    Proper Dih. Ryckaert-Bell.          LJ-14     Coulomb-14
    3.75084e+03    1.00032e+02    4.28459e+02    1.07259e+03   -4.30676e+03
        LJ (SR)  Disper. corr.   Coulomb (SR)   Coul. recip.      Potential
    7.15311e+04   -4.14058e+03   -5.04383e+05    1.81035e+03   -4.34137e+05
    Kinetic En.   Total Energy    Temperature Pres. DC (bar) Pressure (bar)
    8.30343e+04   -3.51103e+05    3.02911e+02   -2.04995e+02   -1.33890e+02
   Constr. rmsd
    1.92887e-06

Writing checkpoint, step 266920 at Wed May  8 01:31:28 2024


           Step           Time         Lambda
         280000      140.00000        0.00000

   Energies (kJ/mol)
          Angle    Proper Dih. Ryckaert-Bell.          LJ-14     Coulomb-14
    3.64044e+03    1.26299e+02    4.54767e+02    1.04654e+03   -4.27433e+03
        LJ (SR)  Disper. corr.   Coulomb (SR)   Coul. recip.      Potential
    7.25538e+04   -4.13378e+03   -5.05597e+05    1.83261e+03   -4.34351e+05
    Kinetic En.   Total Energy    Temperature Pres. DC (bar) Pressure (bar)
    8.20793e+04   -3.52272e+05    2.99427e+02   -2.04323e+02   -4.88235e+01
   Constr. rmsd
    1.91580e-06

           Step           Time         Lambda
         300000      150.00000        0.00000

   Energies (kJ/mol)
          Angle    Proper Dih. Ryckaert-Bell.          LJ-14     Coulomb-14
    3.56027e+03    1.04771e+02    4.11879e+02    1.04750e+03   -4.30841e+03
        LJ (SR)  Disper. corr.   Coulomb (SR)   Coul. recip.      Potential
    7.22976e+04   -4.13987e+03   -5.05130e+05    1.86772e+03   -4.34288e+05
    Kinetic En.   Total Energy    Temperature Pres. DC (bar) Pressure (bar)
    8.26816e+04   -3.51607e+05    3.01624e+02   -2.04924e+02   -5.89429e+01
   Constr. rmsd
    1.89044e-06

           Step           Time         Lambda
         320000      160.00000        0.00000

   Energies (kJ/mol)
          Angle    Proper Dih. Ryckaert-Bell.          LJ-14     Coulomb-14
    3.78939e+03    8.04437e+01    4.65951e+02    1.06859e+03   -4.33136e+03
        LJ (SR)  Disper. corr.   Coulomb (SR)   Coul. recip.      Potential
    7.23873e+04   -4.14154e+03   -5.04530e+05    1.80404e+03   -4.33407e+05
    Kinetic En.   Total Energy    Temperature Pres. DC (bar) Pressure (bar)
    8.20692e+04   -3.51338e+05    2.99390e+02   -2.05089e+02    7.07213e+01
   Constr. rmsd
    1.90822e-06

           Step           Time         Lambda
         340000      170.00000        0.00000

   Energies (kJ/mol)
          Angle    Proper Dih. Ryckaert-Bell.          LJ-14     Coulomb-14
    3.83904e+03    1.35148e+02    3.57479e+02    1.06563e+03   -4.32173e+03
        LJ (SR)  Disper. corr.   Coulomb (SR)   Coul. recip.      Potential
    7.29059e+04   -4.13696e+03   -5.06878e+05    1.80532e+03   -4.35228e+05
    Kinetic En.   Total Energy    Temperature Pres. DC (bar) Pressure (bar)
    8.29295e+04   -3.52298e+05    3.02529e+02   -2.04637e+02    2.75134e+01
   Constr. rmsd
    1.97468e-06

           Step           Time         Lambda
         360000      180.00000        0.00000

   Energies (kJ/mol)
          Angle    Proper Dih. Ryckaert-Bell.          LJ-14     Coulomb-14
    3.77756e+03    1.35743e+02    4.54527e+02    1.03717e+03   -4.30072e+03
        LJ (SR)  Disper. corr.   Coulomb (SR)   Coul. recip.      Potential
    7.24243e+04   -4.14271e+03   -5.06526e+05    1.77280e+03   -4.35368e+05
    Kinetic En.   Total Energy    Temperature Pres. DC (bar) Pressure (bar)
    8.26508e+04   -3.52717e+05    3.01512e+02   -2.05205e+02    3.42863e+01
   Constr. rmsd
    1.91870e-06

           Step           Time         Lambda
         380000      190.00000        0.00000

   Energies (kJ/mol)
          Angle    Proper Dih. Ryckaert-Bell.          LJ-14     Coulomb-14
    3.59129e+03    7.64768e+01    3.92251e+02    1.08179e+03   -4.28393e+03
        LJ (SR)  Disper. corr.   Coulomb (SR)   Coul. recip.      Potential
    7.13432e+04   -4.14173e+03   -5.03987e+05    1.77106e+03   -4.34157e+05
    Kinetic En.   Total Energy    Temperature Pres. DC (bar) Pressure (bar)
    8.23560e+04   -3.51801e+05    3.00437e+02   -2.05108e+02   -1.90894e+02
   Constr. rmsd
    1.97797e-06

Writing checkpoint, step 398520 at Wed May  8 01:46:28 2024


           Step           Time         Lambda
         400000      200.00000        0.00000

   Energies (kJ/mol)
          Angle    Proper Dih. Ryckaert-Bell.          LJ-14     Coulomb-14
    3.74687e+03    1.22621e+02    4.80651e+02    1.02339e+03   -4.23059e+03
        LJ (SR)  Disper. corr.   Coulomb (SR)   Coul. recip.      Potential
    7.19067e+04   -4.15200e+03   -5.04500e+05    1.84385e+03   -4.33759e+05
    Kinetic En.   Total Energy    Temperature Pres. DC (bar) Pressure (bar)
    8.16619e+04   -3.52097e+05    2.97904e+02   -2.06126e+02   -9.14058e+01
   Constr. rmsd
    2.02094e-06

           Step           Time         Lambda
         420000      210.00000        0.00000

   Energies (kJ/mol)
          Angle    Proper Dih. Ryckaert-Bell.          LJ-14     Coulomb-14
    3.76280e+03    1.08229e+02    4.78139e+02    1.10828e+03   -4.23116e+03
        LJ (SR)  Disper. corr.   Coulomb (SR)   Coul. recip.      Potential
    7.19925e+04   -4.13378e+03   -5.04954e+05    1.80454e+03   -4.34064e+05
    Kinetic En.   Total Energy    Temperature Pres. DC (bar) Pressure (bar)
    8.26998e+04   -3.51365e+05    3.01691e+02   -2.04322e+02   -5.31503e+01
   Constr. rmsd
    1.93998e-06

           Step           Time         Lambda
         440000      220.00000        0.00000

   Energies (kJ/mol)
          Angle    Proper Dih. Ryckaert-Bell.          LJ-14     Coulomb-14
    3.76779e+03    1.37995e+02    3.89512e+02    1.00352e+03   -4.24017e+03
        LJ (SR)  Disper. corr.   Coulomb (SR)   Coul. recip.      Potential
    7.23879e+04   -4.14112e+03   -5.04968e+05    1.85546e+03   -4.33807e+05
    Kinetic En.   Total Energy    Temperature Pres. DC (bar) Pressure (bar)
    8.26758e+04   -3.51131e+05    3.01603e+02   -2.05047e+02   -6.78968e+01
   Constr. rmsd
    1.97265e-06

           Step           Time         Lambda
         460000      230.00000        0.00000

   Energies (kJ/mol)
          Angle    Proper Dih. Ryckaert-Bell.          LJ-14     Coulomb-14
    3.58743e+03    1.23646e+02    4.05987e+02    1.05709e+03   -4.26599e+03
        LJ (SR)  Disper. corr.   Coulomb (SR)   Coul. recip.      Potential
    7.22641e+04   -4.15150e+03   -5.06193e+05    1.75042e+03   -4.35422e+05
    Kinetic En.   Total Energy    Temperature Pres. DC (bar) Pressure (bar)
    8.17601e+04   -3.53662e+05    2.98263e+02   -2.06076e+02   -9.99777e+00
   Constr. rmsd
    1.94959e-06

           Step           Time         Lambda
         480000      240.00000        0.00000

   Energies (kJ/mol)
          Angle    Proper Dih. Ryckaert-Bell.          LJ-14     Coulomb-14
    3.75407e+03    1.23284e+02    5.53969e+02    1.07734e+03   -4.25749e+03
        LJ (SR)  Disper. corr.   Coulomb (SR)   Coul. recip.      Potential
    7.30218e+04   -4.13573e+03   -5.07061e+05    1.88676e+03   -4.35037e+05
    Kinetic En.   Total Energy    Temperature Pres. DC (bar) Pressure (bar)
    8.29710e+04   -3.52066e+05    3.02680e+02   -2.04515e+02    5.85378e+01
   Constr. rmsd
    1.94955e-06

           Step           Time         Lambda
         500000      250.00000        0.00000

   Energies (kJ/mol)
          Angle    Proper Dih. Ryckaert-Bell.          LJ-14     Coulomb-14
    3.83709e+03    1.10215e+02    3.94410e+02    1.02664e+03   -4.30853e+03
        LJ (SR)  Disper. corr.   Coulomb (SR)   Coul. recip.      Potential
    7.33227e+04   -4.14019e+03   -5.07249e+05    1.82864e+03   -4.35178e+05
    Kinetic En.   Total Energy    Temperature Pres. DC (bar) Pressure (bar)
    8.26425e+04   -3.52536e+05    3.01482e+02   -2.04956e+02    2.31628e+01
   Constr. rmsd
    1.98214e-06

           Step           Time         Lambda
         520000      260.00000        0.00000

   Energies (kJ/mol)
          Angle    Proper Dih. Ryckaert-Bell.          LJ-14     Coulomb-14
    3.60731e+03    1.60770e+02    3.12330e+02    1.09355e+03   -4.26133e+03
        LJ (SR)  Disper. corr.   Coulomb (SR)   Coul. recip.      Potential
    7.22810e+04   -4.14265e+03   -5.05677e+05    1.80696e+03   -4.34819e+05
    Kinetic En.   Total Energy    Temperature Pres. DC (bar) Pressure (bar)
    8.33615e+04   -3.51457e+05    3.04105e+02   -2.05199e+02    6.07714e+01
   Constr. rmsd
    1.92422e-06

Writing checkpoint, step 530880 at Wed May  8 02:01:28 2024


           Step           Time         Lambda
         540000      270.00000        0.00000

   Energies (kJ/mol)
          Angle    Proper Dih. Ryckaert-Bell.          LJ-14     Coulomb-14
    3.77998e+03    1.27313e+02    4.08295e+02    1.05659e+03   -4.21630e+03
        LJ (SR)  Disper. corr.   Coulomb (SR)   Coul. recip.      Potential
    7.28152e+04   -4.13687e+03   -5.06533e+05    1.84382e+03   -4.34854e+05
    Kinetic En.   Total Energy    Temperature Pres. DC (bar) Pressure (bar)
    8.30513e+04   -3.51803e+05    3.02973e+02   -2.04628e+02    3.47164e+01
   Constr. rmsd
    1.92026e-06

           Step           Time         Lambda
         560000      280.00000        0.00000

   Energies (kJ/mol)
          Angle    Proper Dih. Ryckaert-Bell.          LJ-14     Coulomb-14
    3.74732e+03    1.03615e+02    3.83392e+02    1.04905e+03   -4.26100e+03
        LJ (SR)  Disper. corr.   Coulomb (SR)   Coul. recip.      Potential
    7.19588e+04   -4.14111e+03   -5.05011e+05    1.88734e+03   -4.34284e+05
    Kinetic En.   Total Energy    Temperature Pres. DC (bar) Pressure (bar)
    8.19454e+04   -3.52338e+05    2.98939e+02   -2.05047e+02   -1.28777e+02
   Constr. rmsd
    1.94504e-06

           Step           Time         Lambda
         580000      290.00000        0.00000

   Energies (kJ/mol)
          Angle    Proper Dih. Ryckaert-Bell.          LJ-14     Coulomb-14
    3.81549e+03    1.29217e+02    4.16474e+02    1.10012e+03   -4.24935e+03
        LJ (SR)  Disper. corr.   Coulomb (SR)   Coul. recip.      Potential
    7.33644e+04   -4.13630e+03   -5.06329e+05    1.83704e+03   -4.34052e+05
    Kinetic En.   Total Energy    Temperature Pres. DC (bar) Pressure (bar)
    8.29741e+04   -3.51078e+05    3.02691e+02   -2.04572e+02    1.44810e+02
   Constr. rmsd
    1.92044e-06

           Step           Time         Lambda
         600000      300.00000        0.00000

   Energies (kJ/mol)
          Angle    Proper Dih. Ryckaert-Bell.          LJ-14     Coulomb-14
    3.77794e+03    1.30723e+02    4.19245e+02    1.11261e+03   -4.27154e+03
        LJ (SR)  Disper. corr.   Coulomb (SR)   Coul. recip.      Potential
    7.28995e+04   -4.13301e+03   -5.06571e+05    1.90837e+03   -4.34727e+05
    Kinetic En.   Total Energy    Temperature Pres. DC (bar) Pressure (bar)
    8.18573e+04   -3.52870e+05    2.98617e+02   -2.04247e+02    1.62672e+01
   Constr. rmsd
    1.97621e-06

           Step           Time         Lambda
         620000      310.00000        0.00000

   Energies (kJ/mol)
          Angle    Proper Dih. Ryckaert-Bell.          LJ-14     Coulomb-14
    3.57130e+03    1.21127e+02    3.63049e+02    1.04623e+03   -4.24036e+03
        LJ (SR)  Disper. corr.   Coulomb (SR)   Coul. recip.      Potential
    7.21777e+04   -4.14145e+03   -5.05261e+05    1.84585e+03   -4.34518e+05
    Kinetic En.   Total Energy    Temperature Pres. DC (bar) Pressure (bar)
    8.22010e+04   -3.52316e+05    2.99871e+02   -2.05081e+02   -1.12799e+02
   Constr. rmsd
    1.94845e-06

           Step           Time         Lambda
         640000      320.00000        0.00000

   Energies (kJ/mol)
          Angle    Proper Dih. Ryckaert-Bell.          LJ-14     Coulomb-14
    3.82660e+03    1.33854e+02    3.61025e+02    1.09940e+03   -4.33111e+03
        LJ (SR)  Disper. corr.   Coulomb (SR)   Coul. recip.      Potential
    7.28865e+04   -4.13872e+03   -5.05596e+05    1.84992e+03   -4.33908e+05
    Kinetic En.   Total Energy    Temperature Pres. DC (bar) Pressure (bar)
    8.33243e+04   -3.50584e+05    3.03969e+02   -2.04811e+02    2.92510e+01
   Constr. rmsd
    1.93530e-06

           Step           Time         Lambda
         660000      330.00000        0.00000

   Energies (kJ/mol)
          Angle    Proper Dih. Ryckaert-Bell.          LJ-14     Coulomb-14
    3.69445e+03    9.62910e+01    3.21179e+02    1.03933e+03   -4.33840e+03
        LJ (SR)  Disper. corr.   Coulomb (SR)   Coul. recip.      Potential
    7.27552e+04   -4.14375e+03   -5.05307e+05    1.81639e+03   -4.34066e+05
    Kinetic En.   Total Energy    Temperature Pres. DC (bar) Pressure (bar)
    8.22614e+04   -3.51805e+05    3.00091e+02   -2.05308e+02    3.97970e+01
   Constr. rmsd
    1.90893e-06

Writing checkpoint, step 662480 at Wed May  8 02:16:28 2024


           Step           Time         Lambda
         680000      340.00000        0.00000

   Energies (kJ/mol)
          Angle    Proper Dih. Ryckaert-Bell.          LJ-14     Coulomb-14
    3.73392e+03    8.45725e+01    4.14688e+02    1.06820e+03   -4.30892e+03
        LJ (SR)  Disper. corr.   Coulomb (SR)   Coul. recip.      Potential
    7.34638e+04   -4.12187e+03   -5.06879e+05    1.85355e+03   -4.34691e+05
    Kinetic En.   Total Energy    Temperature Pres. DC (bar) Pressure (bar)
    8.18362e+04   -3.52855e+05    2.98540e+02   -2.03148e+02    1.02009e+02
   Constr. rmsd
    1.88403e-06

           Step           Time         Lambda
         700000      350.00000        0.00000

   Energies (kJ/mol)
          Angle    Proper Dih. Ryckaert-Bell.          LJ-14     Coulomb-14
    3.71021e+03    1.30255e+02    3.33529e+02    1.05029e+03   -4.36033e+03
        LJ (SR)  Disper. corr.   Coulomb (SR)   Coul. recip.      Potential
    7.19426e+04   -4.13250e+03   -5.04606e+05    1.76857e+03   -4.34163e+05
    Kinetic En.   Total Energy    Temperature Pres. DC (bar) Pressure (bar)
    8.17897e+04   -3.52373e+05    2.98371e+02   -2.04196e+02   -8.57658e+01
   Constr. rmsd
    1.91025e-06

           Step           Time         Lambda
         720000      360.00000        0.00000

   Energies (kJ/mol)
          Angle    Proper Dih. Ryckaert-Bell.          LJ-14     Coulomb-14
    3.60385e+03    1.12770e+02    2.80659e+02    1.05736e+03   -4.28379e+03
        LJ (SR)  Disper. corr.   Coulomb (SR)   Coul. recip.      Potential
    7.31699e+04   -4.14499e+03   -5.06099e+05    1.85003e+03   -4.34454e+05
    Kinetic En.   Total Energy    Temperature Pres. DC (bar) Pressure (bar)
    8.23015e+04   -3.52152e+05    3.00238e+02   -2.05430e+02    1.72241e+02
   Constr. rmsd
    1.89759e-06

           Step           Time         Lambda
         740000      370.00000        0.00000

   Energies (kJ/mol)
          Angle    Proper Dih. Ryckaert-Bell.          LJ-14     Coulomb-14
    3.66221e+03    1.36078e+02    3.47386e+02    1.07239e+03   -4.27663e+03
        LJ (SR)  Disper. corr.   Coulomb (SR)   Coul. recip.      Potential
    7.31869e+04   -4.12715e+03   -5.05617e+05    1.87078e+03   -4.33745e+05
    Kinetic En.   Total Energy    Temperature Pres. DC (bar) Pressure (bar)
    8.20559e+04   -3.51689e+05    2.99342e+02   -2.03668e+02    1.48273e+02
   Constr. rmsd
    1.92583e-06

           Step           Time         Lambda
         760000      380.00000        0.00000

   Energies (kJ/mol)
          Angle    Proper Dih. Ryckaert-Bell.          LJ-14     Coulomb-14
    3.74522e+03    1.27356e+02    3.77239e+02    1.08997e+03   -4.31529e+03
        LJ (SR)  Disper. corr.   Coulomb (SR)   Coul. recip.      Potential
    7.23233e+04   -4.12699e+03   -5.04780e+05    1.92465e+03   -4.33635e+05
    Kinetic En.   Total Energy    Temperature Pres. DC (bar) Pressure (bar)
    8.25973e+04   -3.51037e+05    3.01317e+02   -2.03653e+02    2.11513e+01
   Constr. rmsd
    1.90029e-06

           Step           Time         Lambda
         780000      390.00000        0.00000

   Energies (kJ/mol)
          Angle    Proper Dih. Ryckaert-Bell.          LJ-14     Coulomb-14
    3.82673e+03    1.24605e+02    4.86577e+02    1.02995e+03   -4.24679e+03
        LJ (SR)  Disper. corr.   Coulomb (SR)   Coul. recip.      Potential
    7.19949e+04   -4.14824e+03   -5.04986e+05    1.81110e+03   -4.34107e+05
    Kinetic En.   Total Energy    Temperature Pres. DC (bar) Pressure (bar)
    8.23931e+04   -3.51714e+05    3.00572e+02   -2.05752e+02   -3.14718e+01
   Constr. rmsd
    1.90585e-06

Writing checkpoint, step 794480 at Wed May  8 02:31:28 2024


           Step           Time         Lambda
         800000      400.00000        0.00000

   Energies (kJ/mol)
          Angle    Proper Dih. Ryckaert-Bell.          LJ-14     Coulomb-14
    3.85712e+03    1.31400e+02    4.03327e+02    1.06198e+03   -4.27148e+03
        LJ (SR)  Disper. corr.   Coulomb (SR)   Coul. recip.      Potential
    7.26191e+04   -4.13705e+03   -5.05989e+05    1.83377e+03   -4.34491e+05
    Kinetic En.   Total Energy    Temperature Pres. DC (bar) Pressure (bar)
    8.18342e+04   -3.52657e+05    2.98533e+02   -2.04646e+02    5.13300e+00
   Constr. rmsd
    1.91172e-06

           Step           Time         Lambda
         820000      410.00000        0.00000

   Energies (kJ/mol)
          Angle    Proper Dih. Ryckaert-Bell.          LJ-14     Coulomb-14
    3.67969e+03    1.37691e+02    3.63167e+02    1.05117e+03   -4.21191e+03
        LJ (SR)  Disper. corr.   Coulomb (SR)   Coul. recip.      Potential
    7.27732e+04   -4.14219e+03   -5.06527e+05    1.83280e+03   -4.35044e+05
    Kinetic En.   Total Energy    Temperature Pres. DC (bar) Pressure (bar)
    8.30659e+04   -3.51978e+05    3.03026e+02   -2.05154e+02    9.29987e+01
   Constr. rmsd
    1.92418e-06

           Step           Time         Lambda
         840000      420.00000        0.00000

   Energies (kJ/mol)
          Angle    Proper Dih. Ryckaert-Bell.          LJ-14     Coulomb-14
    3.63124e+03    9.68798e+01    4.38987e+02    1.05323e+03   -4.21395e+03
        LJ (SR)  Disper. corr.   Coulomb (SR)   Coul. recip.      Potential
    7.22591e+04   -4.13798e+03   -5.05339e+05    1.82500e+03   -4.34387e+05
    Kinetic En.   Total Energy    Temperature Pres. DC (bar) Pressure (bar)
    8.23413e+04   -3.52046e+05    3.00383e+02   -2.04738e+02   -6.38263e+01
   Constr. rmsd
    1.95050e-06

           Step           Time         Lambda
         860000      430.00000        0.00000

   Energies (kJ/mol)
          Angle    Proper Dih. Ryckaert-Bell.          LJ-14     Coulomb-14
    3.76734e+03    1.64206e+02    3.77782e+02    1.08877e+03   -4.21258e+03
        LJ (SR)  Disper. corr.   Coulomb (SR)   Coul. recip.      Potential
    7.29216e+04   -4.13746e+03   -5.06694e+05    1.88670e+03   -4.34838e+05
    Kinetic En.   Total Energy    Temperature Pres. DC (bar) Pressure (bar)
    8.16006e+04   -3.53237e+05    2.97681e+02   -2.04686e+02   -1.25303e+01
   Constr. rmsd
    1.96046e-06

           Step           Time         Lambda
         880000      440.00000        0.00000

   Energies (kJ/mol)
          Angle    Proper Dih. Ryckaert-Bell.          LJ-14     Coulomb-14
    3.79225e+03    1.36366e+02    4.07002e+02    1.03048e+03   -4.24532e+03
        LJ (SR)  Disper. corr.   Coulomb (SR)   Coul. recip.      Potential
    7.23611e+04   -4.12668e+03   -5.05619e+05    1.86304e+03   -4.34401e+05
    Kinetic En.   Total Energy    Temperature Pres. DC (bar) Pressure (bar)
    8.34432e+04   -3.50957e+05    3.04403e+02   -2.03622e+02   -1.41326e+02
   Constr. rmsd
    1.90449e-06

           Step           Time         Lambda
         900000      450.00000        0.00000

   Energies (kJ/mol)
          Angle    Proper Dih. Ryckaert-Bell.          LJ-14     Coulomb-14
    3.72596e+03    1.31230e+02    2.55960e+02    1.03407e+03   -4.28855e+03
        LJ (SR)  Disper. corr.   Coulomb (SR)   Coul. recip.      Potential
    7.25503e+04   -4.13817e+03   -5.05765e+05    1.86979e+03   -4.34624e+05
    Kinetic En.   Total Energy    Temperature Pres. DC (bar) Pressure (bar)
    8.20841e+04   -3.52540e+05    2.99445e+02   -2.04756e+02   -2.93937e+01
   Constr. rmsd
    1.95166e-06

           Step           Time         Lambda
         920000      460.00000        0.00000

   Energies (kJ/mol)
          Angle    Proper Dih. Ryckaert-Bell.          LJ-14     Coulomb-14
    3.72229e+03    1.08516e+02    3.37591e+02    1.05962e+03   -4.23929e+03
        LJ (SR)  Disper. corr.   Coulomb (SR)   Coul. recip.      Potential
    7.24717e+04   -4.14071e+03   -5.05508e+05    1.87082e+03   -4.34318e+05
    Kinetic En.   Total Energy    Temperature Pres. DC (bar) Pressure (bar)
    8.21701e+04   -3.52148e+05    2.99759e+02   -2.05007e+02    2.47855e+00
   Constr. rmsd
    1.90311e-06

Writing checkpoint, step 925600 at Wed May  8 02:46:28 2024


           Step           Time         Lambda
         940000      470.00000        0.00000

   Energies (kJ/mol)
          Angle    Proper Dih. Ryckaert-Bell.          LJ-14     Coulomb-14
    3.76534e+03    1.13393e+02    3.39415e+02    1.01584e+03   -4.22788e+03
        LJ (SR)  Disper. corr.   Coulomb (SR)   Coul. recip.      Potential
    7.19938e+04   -4.14052e+03   -5.06380e+05    1.87888e+03   -4.35642e+05
    Kinetic En.   Total Energy    Temperature Pres. DC (bar) Pressure (bar)
    8.25034e+04   -3.53139e+05    3.00974e+02   -2.04989e+02   -2.82748e+02
   Constr. rmsd
    1.94469e-06

           Step           Time         Lambda
         960000      480.00000        0.00000

   Energies (kJ/mol)
          Angle    Proper Dih. Ryckaert-Bell.          LJ-14     Coulomb-14
    3.71147e+03    1.11316e+02    4.17987e+02    1.08993e+03   -4.22672e+03
        LJ (SR)  Disper. corr.   Coulomb (SR)   Coul. recip.      Potential
    7.33730e+04   -4.13842e+03   -5.06907e+05    1.80691e+03   -4.34761e+05
    Kinetic En.   Total Energy    Temperature Pres. DC (bar) Pressure (bar)
    8.16790e+04   -3.53082e+05    2.97967e+02   -2.04780e+02    2.05240e+02
   Constr. rmsd
    1.96969e-06

           Step           Time         Lambda
         980000      490.00000        0.00000

   Energies (kJ/mol)
          Angle    Proper Dih. Ryckaert-Bell.          LJ-14     Coulomb-14
    3.63641e+03    1.66809e+02    4.19656e+02    1.06825e+03   -4.19663e+03
        LJ (SR)  Disper. corr.   Coulomb (SR)   Coul. recip.      Potential
    7.23734e+04   -4.13441e+03   -5.06593e+05    1.85080e+03   -4.35409e+05
    Kinetic En.   Total Energy    Temperature Pres. DC (bar) Pressure (bar)
    8.21782e+04   -3.53231e+05    2.99788e+02   -2.04384e+02   -7.34807e+01
   Constr. rmsd
    1.83022e-06

           Step           Time         Lambda
        1000000      500.00000        0.00000

   Energies (kJ/mol)
          Angle    Proper Dih. Ryckaert-Bell.          LJ-14     Coulomb-14
    3.74167e+03    8.99413e+01    4.69318e+02    1.01345e+03   -4.26311e+03
        LJ (SR)  Disper. corr.   Coulomb (SR)   Coul. recip.      Potential
    7.30199e+04   -4.12519e+03   -5.06414e+05    1.81017e+03   -4.34658e+05
    Kinetic En.   Total Energy    Temperature Pres. DC (bar) Pressure (bar)
    8.23977e+04   -3.52260e+05    3.00589e+02   -2.03475e+02    4.02463e+00
   Constr. rmsd
    1.89252e-06

           Step           Time         Lambda
        1020000      510.00000        0.00000

   Energies (kJ/mol)
          Angle    Proper Dih. Ryckaert-Bell.          LJ-14     Coulomb-14
    3.63958e+03    1.11423e+02    3.76350e+02    1.08709e+03   -4.28502e+03
        LJ (SR)  Disper. corr.   Coulomb (SR)   Coul. recip.      Potential
    7.26649e+04   -4.13555e+03   -5.06135e+05    1.83169e+03   -4.34844e+05
    Kinetic En.   Total Energy    Temperature Pres. DC (bar) Pressure (bar)
    8.18067e+04   -3.53038e+05    2.98433e+02   -2.04498e+02   -3.53252e+01
   Constr. rmsd
    1.87199e-06

           Step           Time         Lambda
        1040000      520.00000        0.00000

   Energies (kJ/mol)
          Angle    Proper Dih. Ryckaert-Bell.          LJ-14     Coulomb-14
    3.66637e+03    1.04708e+02    4.08388e+02    1.05216e+03   -4.24036e+03
        LJ (SR)  Disper. corr.   Coulomb (SR)   Coul. recip.      Potential
    7.25357e+04   -4.14041e+03   -5.06003e+05    1.86390e+03   -4.34752e+05
    Kinetic En.   Total Energy    Temperature Pres. DC (bar) Pressure (bar)
    8.27027e+04   -3.52050e+05    3.01701e+02   -2.04977e+02   -1.88037e+01
   Constr. rmsd
    1.93901e-06

Writing checkpoint, step 1057600 at Wed May  8 03:01:28 2024


           Step           Time         Lambda
        1060000      530.00000        0.00000

   Energies (kJ/mol)
          Angle    Proper Dih. Ryckaert-Bell.          LJ-14     Coulomb-14
    3.56180e+03    1.18611e+02    4.30996e+02    1.06852e+03   -4.20736e+03
        LJ (SR)  Disper. corr.   Coulomb (SR)   Coul. recip.      Potential
    7.28691e+04   -4.12854e+03   -5.05764e+05    1.89625e+03   -4.34154e+05
    Kinetic En.   Total Energy    Temperature Pres. DC (bar) Pressure (bar)
    8.15887e+04   -3.52566e+05    2.97637e+02   -2.03805e+02    4.84334e+01
   Constr. rmsd
    1.95524e-06

           Step           Time         Lambda
        1080000      540.00000        0.00000

   Energies (kJ/mol)
          Angle    Proper Dih. Ryckaert-Bell.          LJ-14     Coulomb-14
    3.71913e+03    1.25278e+02    4.39506e+02    1.04300e+03   -4.25979e+03
        LJ (SR)  Disper. corr.   Coulomb (SR)   Coul. recip.      Potential
    7.22633e+04   -4.12694e+03   -5.04674e+05    1.82285e+03   -4.33648e+05
    Kinetic En.   Total Energy    Temperature Pres. DC (bar) Pressure (bar)
    8.27532e+04   -3.50894e+05    3.01885e+02   -2.03647e+02   -1.16549e+01
   Constr. rmsd
    1.95272e-06

           Step           Time         Lambda
        1100000      550.00000        0.00000

   Energies (kJ/mol)
          Angle    Proper Dih. Ryckaert-Bell.          LJ-14     Coulomb-14
    3.72835e+03    1.04246e+02    3.45805e+02    1.04213e+03   -4.27799e+03
        LJ (SR)  Disper. corr.   Coulomb (SR)   Coul. recip.      Potential
    7.33420e+04   -4.12951e+03   -5.06980e+05    1.85331e+03   -4.34972e+05
    Kinetic En.   Total Energy    Temperature Pres. DC (bar) Pressure (bar)
    8.22774e+04   -3.52695e+05    3.00150e+02   -2.03901e+02    6.94495e+01
   Constr. rmsd
    1.92001e-06

           Step           Time         Lambda
        1120000      560.00000        0.00000

   Energies (kJ/mol)
          Angle    Proper Dih. Ryckaert-Bell.          LJ-14     Coulomb-14
    3.84124e+03    1.13792e+02    3.41353e+02    9.89487e+02   -4.22388e+03
        LJ (SR)  Disper. corr.   Coulomb (SR)   Coul. recip.      Potential
    7.32851e+04   -4.14368e+03   -5.05803e+05    1.83286e+03   -4.33767e+05
    Kinetic En.   Total Energy    Temperature Pres. DC (bar) Pressure (bar)
    8.26419e+04   -3.51125e+05    3.01479e+02   -2.05301e+02    1.45559e+02
   Constr. rmsd
    1.89566e-06

           Step           Time         Lambda
        1140000      570.00000        0.00000

   Energies (kJ/mol)
          Angle    Proper Dih. Ryckaert-Bell.          LJ-14     Coulomb-14
    3.76289e+03    1.13808e+02    2.99776e+02    1.03210e+03   -4.31362e+03
        LJ (SR)  Disper. corr.   Coulomb (SR)   Coul. recip.      Potential
    7.13574e+04   -4.13851e+03   -5.05095e+05    1.79876e+03   -4.35182e+05
    Kinetic En.   Total Energy    Temperature Pres. DC (bar) Pressure (bar)
    8.35531e+04   -3.51629e+05    3.04804e+02   -2.04790e+02   -2.30957e+02
   Constr. rmsd
    1.95565e-06

           Step           Time         Lambda
        1160000      580.00000        0.00000

   Energies (kJ/mol)
          Angle    Proper Dih. Ryckaert-Bell.          LJ-14     Coulomb-14
    3.83625e+03    1.23211e+02    3.40425e+02    1.02838e+03   -4.26001e+03
        LJ (SR)  Disper. corr.   Coulomb (SR)   Coul. recip.      Potential
    7.23516e+04   -4.13042e+03   -5.04764e+05    1.87353e+03   -4.33601e+05
    Kinetic En.   Total Energy    Temperature Pres. DC (bar) Pressure (bar)
    8.25324e+04   -3.51068e+05    3.01080e+02   -2.03991e+02    3.51242e+01
   Constr. rmsd
    1.90321e-06

           Step           Time         Lambda
        1180000      590.00000        0.00000

   Energies (kJ/mol)
          Angle    Proper Dih. Ryckaert-Bell.          LJ-14     Coulomb-14
    3.71157e+03    1.16417e+02    4.15937e+02    1.05234e+03   -4.26890e+03
        LJ (SR)  Disper. corr.   Coulomb (SR)   Coul. recip.      Potential
    7.32293e+04   -4.14918e+03   -5.07857e+05    1.79584e+03   -4.35954e+05
    Kinetic En.   Total Energy    Temperature Pres. DC (bar) Pressure (bar)
    8.16962e+04   -3.54258e+05    2.98030e+02   -2.05846e+02    3.97766e+01
   Constr. rmsd
    1.98710e-06

Writing checkpoint, step 1188800 at Wed May  8 03:16:28 2024


           Step           Time         Lambda
        1200000      600.00000        0.00000

   Energies (kJ/mol)
          Angle    Proper Dih. Ryckaert-Bell.          LJ-14     Coulomb-14
    3.79354e+03    1.24108e+02    3.35067e+02    1.06992e+03   -4.26813e+03
        LJ (SR)  Disper. corr.   Coulomb (SR)   Coul. recip.      Potential
    7.26230e+04   -4.13702e+03   -5.05228e+05    1.86948e+03   -4.33818e+05
    Kinetic En.   Total Energy    Temperature Pres. DC (bar) Pressure (bar)
    8.12903e+04   -3.52527e+05    2.96549e+02   -2.04642e+02    9.22427e+01
   Constr. rmsd
    1.91207e-06

           Step           Time         Lambda
        1220000      610.00000        0.00000

   Energies (kJ/mol)
          Angle    Proper Dih. Ryckaert-Bell.          LJ-14     Coulomb-14
    3.75247e+03    1.23849e+02    4.56389e+02    1.05340e+03   -4.23986e+03
        LJ (SR)  Disper. corr.   Coulomb (SR)   Coul. recip.      Potential
    7.17245e+04   -4.13716e+03   -5.04412e+05    1.80612e+03   -4.33872e+05
    Kinetic En.   Total Energy    Temperature Pres. DC (bar) Pressure (bar)
    8.22762e+04   -3.51596e+05    3.00146e+02   -2.04656e+02   -9.27143e+01
   Constr. rmsd
    1.98041e-06

           Step           Time         Lambda
        1240000      620.00000        0.00000

   Energies (kJ/mol)
          Angle    Proper Dih. Ryckaert-Bell.          LJ-14     Coulomb-14
    3.73598e+03    9.99363e+01    4.08126e+02    1.02831e+03   -4.16829e+03
        LJ (SR)  Disper. corr.   Coulomb (SR)   Coul. recip.      Potential
    7.23607e+04   -4.13727e+03   -5.05706e+05    1.84806e+03   -4.34531e+05
    Kinetic En.   Total Energy    Temperature Pres. DC (bar) Pressure (bar)
    8.15421e+04   -3.52989e+05    2.97467e+02   -2.04667e+02   -9.47635e+01
   Constr. rmsd
    1.94382e-06

           Step           Time         Lambda
        1260000      630.00000        0.00000

   Energies (kJ/mol)
          Angle    Proper Dih. Ryckaert-Bell.          LJ-14     Coulomb-14
    3.75079e+03    1.28350e+02    4.42515e+02    1.05021e+03   -4.19029e+03
        LJ (SR)  Disper. corr.   Coulomb (SR)   Coul. recip.      Potential
    7.25154e+04   -4.14012e+03   -5.05661e+05    1.90722e+03   -4.34197e+05
    Kinetic En.   Total Energy    Temperature Pres. DC (bar) Pressure (bar)
    8.22941e+04   -3.51903e+05    3.00211e+02   -2.04949e+02    8.96073e+01
   Constr. rmsd
    2.00474e-06

           Step           Time         Lambda
        1280000      640.00000        0.00000

   Energies (kJ/mol)
          Angle    Proper Dih. Ryckaert-Bell.          LJ-14     Coulomb-14
    3.64605e+03    1.16838e+02    4.03574e+02    1.05478e+03   -4.22687e+03
        LJ (SR)  Disper. corr.   Coulomb (SR)   Coul. recip.      Potential
    7.34342e+04   -4.13378e+03   -5.07991e+05    1.77858e+03   -4.35918e+05
    Kinetic En.   Total Energy    Temperature Pres. DC (bar) Pressure (bar)
    8.21734e+04   -3.53744e+05    2.99771e+02   -2.04323e+02    5.81653e+01
   Constr. rmsd
    1.92028e-06

           Step           Time         Lambda
        1300000      650.00000        0.00000

   Energies (kJ/mol)
          Angle    Proper Dih. Ryckaert-Bell.          LJ-14     Coulomb-14
    3.69427e+03    1.20404e+02    3.63401e+02    1.07016e+03   -4.24845e+03
        LJ (SR)  Disper. corr.   Coulomb (SR)   Coul. recip.      Potential
    7.17138e+04   -4.13739e+03   -5.04292e+05    1.85555e+03   -4.33860e+05
    Kinetic En.   Total Energy    Temperature Pres. DC (bar) Pressure (bar)
    8.24390e+04   -3.51421e+05    3.00740e+02   -2.04679e+02   -1.28257e+02
   Constr. rmsd
    1.92327e-06

           Step           Time         Lambda
        1320000      660.00000        0.00000

   Energies (kJ/mol)
          Angle    Proper Dih. Ryckaert-Bell.          LJ-14     Coulomb-14
    3.66303e+03    1.33457e+02    3.43788e+02    1.07251e+03   -4.28672e+03
        LJ (SR)  Disper. corr.   Coulomb (SR)   Coul. recip.      Potential
    7.33851e+04   -4.14161e+03   -5.05641e+05    1.93583e+03   -4.33536e+05
    Kinetic En.   Total Energy    Temperature Pres. DC (bar) Pressure (bar)
    8.16092e+04   -3.51926e+05    2.97712e+02   -2.05096e+02    3.03087e+02
   Constr. rmsd
    1.93247e-06

Writing checkpoint, step 1320680 at Wed May  8 03:31:28 2024


           Step           Time         Lambda
        1340000      670.00000        0.00000

   Energies (kJ/mol)
          Angle    Proper Dih. Ryckaert-Bell.          LJ-14     Coulomb-14
    3.72957e+03    1.21694e+02    3.85985e+02    1.05587e+03   -4.25287e+03
        LJ (SR)  Disper. corr.   Coulomb (SR)   Coul. recip.      Potential
    7.28716e+04   -4.13616e+03   -5.06132e+05    1.80708e+03   -4.34550e+05
    Kinetic En.   Total Energy    Temperature Pres. DC (bar) Pressure (bar)
    8.23422e+04   -3.52207e+05    3.00386e+02   -2.04558e+02    4.14224e+01
   Constr. rmsd
    1.85374e-06

           Step           Time         Lambda
        1360000      680.00000        0.00000

   Energies (kJ/mol)
          Angle    Proper Dih. Ryckaert-Bell.          LJ-14     Coulomb-14
    3.65370e+03    7.97589e+01    4.05599e+02    1.07035e+03   -4.23830e+03
        LJ (SR)  Disper. corr.   Coulomb (SR)   Coul. recip.      Potential
    7.30074e+04   -4.14352e+03   -5.06459e+05    1.79001e+03   -4.34834e+05
    Kinetic En.   Total Energy    Temperature Pres. DC (bar) Pressure (bar)
    8.24521e+04   -3.52382e+05    3.00787e+02   -2.05285e+02    1.15544e+02
   Constr. rmsd
    1.90603e-06

           Step           Time         Lambda
        1380000      690.00000        0.00000

   Energies (kJ/mol)
          Angle    Proper Dih. Ryckaert-Bell.          LJ-14     Coulomb-14
    3.65099e+03    1.07594e+02    3.95488e+02    1.07517e+03   -4.21251e+03
        LJ (SR)  Disper. corr.   Coulomb (SR)   Coul. recip.      Potential
    7.31666e+04   -4.13868e+03   -5.05960e+05    1.83339e+03   -4.34082e+05
    Kinetic En.   Total Energy    Temperature Pres. DC (bar) Pressure (bar)
    8.22568e+04   -3.51825e+05    3.00075e+02   -2.04807e+02    1.78379e+02
   Constr. rmsd
    1.97825e-06

           Step           Time         Lambda
        1400000      700.00000        0.00000

   Energies (kJ/mol)
          Angle    Proper Dih. Ryckaert-Bell.          LJ-14     Coulomb-14
    3.67957e+03    1.31811e+02    3.61143e+02    1.07143e+03   -4.19654e+03
        LJ (SR)  Disper. corr.   Coulomb (SR)   Coul. recip.      Potential
    7.29228e+04   -4.12699e+03   -5.06032e+05    1.85301e+03   -4.34336e+05
    Kinetic En.   Total Energy    Temperature Pres. DC (bar) Pressure (bar)
    8.16243e+04   -3.52711e+05    2.97767e+02   -2.03653e+02    9.20069e+01
   Constr. rmsd
    1.93235e-06

           Step           Time         Lambda
        1420000      710.00000        0.00000

   Energies (kJ/mol)
          Angle    Proper Dih. Ryckaert-Bell.          LJ-14     Coulomb-14
    3.64920e+03    1.52933e+02    3.34733e+02    1.10311e+03   -4.25887e+03
        LJ (SR)  Disper. corr.   Coulomb (SR)   Coul. recip.      Potential
    7.28594e+04   -4.12949e+03   -5.04793e+05    1.80418e+03   -4.33277e+05
    Kinetic En.   Total Energy    Temperature Pres. DC (bar) Pressure (bar)
    8.25498e+04   -3.50728e+05    3.01144e+02   -2.03899e+02    1.26695e+02
   Constr. rmsd
    1.92383e-06

           Step           Time         Lambda
        1440000      720.00000        0.00000

   Energies (kJ/mol)
          Angle    Proper Dih. Ryckaert-Bell.          LJ-14     Coulomb-14
    3.63615e+03    1.19218e+02    3.86863e+02    1.07148e+03   -4.24719e+03
        LJ (SR)  Disper. corr.   Coulomb (SR)   Coul. recip.      Potential
    7.24447e+04   -4.14235e+03   -5.06531e+05    1.79103e+03   -4.35471e+05
    Kinetic En.   Total Energy    Temperature Pres. DC (bar) Pressure (bar)
    8.17966e+04   -3.53674e+05    2.98396e+02   -2.05170e+02   -6.71512e+01
   Constr. rmsd
    1.89966e-06

Writing checkpoint, step 1451840 at Wed May  8 03:46:28 2024


           Step           Time         Lambda
        1460000      730.00000        0.00000

   Energies (kJ/mol)
          Angle    Proper Dih. Ryckaert-Bell.          LJ-14     Coulomb-14
    3.63788e+03    1.23332e+02    3.64977e+02    1.08837e+03   -4.28075e+03
        LJ (SR)  Disper. corr.   Coulomb (SR)   Coul. recip.      Potential
    7.15768e+04   -4.13476e+03   -5.04193e+05    1.76553e+03   -4.34052e+05
    Kinetic En.   Total Energy    Temperature Pres. DC (bar) Pressure (bar)
    8.21232e+04   -3.51928e+05    2.99587e+02   -2.04419e+02   -1.05140e+02
   Constr. rmsd
    1.95418e-06

           Step           Time         Lambda
        1480000      740.00000        0.00000

   Energies (kJ/mol)
          Angle    Proper Dih. Ryckaert-Bell.          LJ-14     Coulomb-14
    3.64555e+03    8.57395e+01    3.32359e+02    1.07301e+03   -4.34210e+03
        LJ (SR)  Disper. corr.   Coulomb (SR)   Coul. recip.      Potential
    7.26641e+04   -4.13774e+03   -5.06542e+05    1.88298e+03   -4.35338e+05
    Kinetic En.   Total Energy    Temperature Pres. DC (bar) Pressure (bar)
    8.19271e+04   -3.53411e+05    2.98872e+02   -2.04713e+02   -7.21856e+01
   Constr. rmsd
    1.99898e-06

           Step           Time         Lambda
        1500000      750.00000        0.00000

   Energies (kJ/mol)
          Angle    Proper Dih. Ryckaert-Bell.          LJ-14     Coulomb-14
    3.65346e+03    1.13897e+02    2.96798e+02    1.04187e+03   -4.33624e+03
        LJ (SR)  Disper. corr.   Coulomb (SR)   Coul. recip.      Potential
    7.27026e+04   -4.14357e+03   -5.05232e+05    1.87595e+03   -4.34027e+05
    Kinetic En.   Total Energy    Temperature Pres. DC (bar) Pressure (bar)
    8.15665e+04   -3.52460e+05    2.97556e+02   -2.05290e+02    8.31692e+01
   Constr. rmsd
    1.90033e-06

           Step           Time         Lambda
        1520000      760.00000        0.00000

   Energies (kJ/mol)
          Angle    Proper Dih. Ryckaert-Bell.          LJ-14     Coulomb-14
    3.67141e+03    1.10651e+02    3.09931e+02    1.04563e+03   -4.28493e+03
        LJ (SR)  Disper. corr.   Coulomb (SR)   Coul. recip.      Potential
    7.18398e+04   -4.14100e+03   -5.04667e+05    1.86828e+03   -4.34248e+05
    Kinetic En.   Total Energy    Temperature Pres. DC (bar) Pressure (bar)
    8.29482e+04   -3.51300e+05    3.02597e+02   -2.05036e+02   -1.45872e+02
   Constr. rmsd
    1.96181e-06

           Step           Time         Lambda
        1540000      770.00000        0.00000

   Energies (kJ/mol)
          Angle    Proper Dih. Ryckaert-Bell.          LJ-14     Coulomb-14
    3.61386e+03    1.46980e+02    3.90848e+02    1.07618e+03   -4.28135e+03
        LJ (SR)  Disper. corr.   Coulomb (SR)   Coul. recip.      Potential
    7.24119e+04   -4.14320e+03   -5.06085e+05    1.82777e+03   -4.35042e+05
    Kinetic En.   Total Energy    Temperature Pres. DC (bar) Pressure (bar)
    8.23562e+04   -3.52686e+05    3.00437e+02   -2.05254e+02   -4.94327e+01
   Constr. rmsd
    1.91887e-06

           Step           Time         Lambda
        1560000      780.00000        0.00000

   Energies (kJ/mol)
          Angle    Proper Dih. Ryckaert-Bell.          LJ-14     Coulomb-14
    3.76602e+03    1.24570e+02    3.24638e+02    1.07207e+03   -4.29684e+03
        LJ (SR)  Disper. corr.   Coulomb (SR)   Coul. recip.      Potential
    7.32057e+04   -4.13504e+03   -5.07369e+05    1.83521e+03   -4.35473e+05
    Kinetic En.   Total Energy    Temperature Pres. DC (bar) Pressure (bar)
    8.20791e+04   -3.53394e+05    2.99427e+02   -2.04447e+02    2.72535e+01
   Constr. rmsd
    1.89693e-06

           Step           Time         Lambda
        1580000      790.00000        0.00000

   Energies (kJ/mol)
          Angle    Proper Dih. Ryckaert-Bell.          LJ-14     Coulomb-14
    3.86979e+03    1.18466e+02    2.71554e+02    1.08695e+03   -4.26038e+03
        LJ (SR)  Disper. corr.   Coulomb (SR)   Coul. recip.      Potential
    7.23003e+04   -4.14490e+03   -5.05775e+05    1.85354e+03   -4.34680e+05
    Kinetic En.   Total Energy    Temperature Pres. DC (bar) Pressure (bar)
    8.24537e+04   -3.52226e+05    3.00793e+02   -2.05422e+02    6.41964e+01
   Constr. rmsd
    1.83553e-06

Writing checkpoint, step 1583560 at Wed May  8 04:01:28 2024


           Step           Time         Lambda
        1600000      800.00000        0.00000

   Energies (kJ/mol)
          Angle    Proper Dih. Ryckaert-Bell.          LJ-14     Coulomb-14
    3.64837e+03    1.10843e+02    3.77805e+02    1.06727e+03   -4.28108e+03
        LJ (SR)  Disper. corr.   Coulomb (SR)   Coul. recip.      Potential
    7.22256e+04   -4.13869e+03   -5.04638e+05    1.81363e+03   -4.33814e+05
    Kinetic En.   Total Energy    Temperature Pres. DC (bar) Pressure (bar)
    8.20858e+04   -3.51728e+05    2.99451e+02   -2.04808e+02    5.80713e+01
   Constr. rmsd
    1.88189e-06

           Step           Time         Lambda
        1620000      810.00000        0.00000

   Energies (kJ/mol)
          Angle    Proper Dih. Ryckaert-Bell.          LJ-14     Coulomb-14
    3.92919e+03    1.22743e+02    3.19980e+02    1.01512e+03   -4.28638e+03
        LJ (SR)  Disper. corr.   Coulomb (SR)   Coul. recip.      Potential
    7.26937e+04   -4.14158e+03   -5.05342e+05    1.90494e+03   -4.33785e+05
    Kinetic En.   Total Energy    Temperature Pres. DC (bar) Pressure (bar)
    8.21341e+04   -3.51650e+05    2.99627e+02   -2.05093e+02    7.44000e+00
   Constr. rmsd
    1.85657e-06

           Step           Time         Lambda
        1640000      820.00000        0.00000

   Energies (kJ/mol)
          Angle    Proper Dih. Ryckaert-Bell.          LJ-14     Coulomb-14
    3.75776e+03    1.14748e+02    3.21023e+02    1.05091e+03   -4.25106e+03
        LJ (SR)  Disper. corr.   Coulomb (SR)   Coul. recip.      Potential
    7.34140e+04   -4.13975e+03   -5.07236e+05    1.83873e+03   -4.35129e+05
    Kinetic En.   Total Energy    Temperature Pres. DC (bar) Pressure (bar)
    8.22473e+04   -3.52882e+05    3.00040e+02   -2.04913e+02    9.34510e+01
   Constr. rmsd
    1.83584e-06

           Step           Time         Lambda
        1660000      830.00000        0.00000

   Energies (kJ/mol)
          Angle    Proper Dih. Ryckaert-Bell.          LJ-14     Coulomb-14
    3.52778e+03    1.40535e+02    3.85260e+02    1.04401e+03   -4.27361e+03
        LJ (SR)  Disper. corr.   Coulomb (SR)   Coul. recip.      Potential
    7.26088e+04   -4.14759e+03   -5.05288e+05    1.80884e+03   -4.34194e+05
    Kinetic En.   Total Energy    Temperature Pres. DC (bar) Pressure (bar)
    8.18746e+04   -3.52319e+05    2.98680e+02   -2.05688e+02    5.00964e+01
   Constr. rmsd
    1.85690e-06

           Step           Time         Lambda
        1680000      840.00000        0.00000

   Energies (kJ/mol)
          Angle    Proper Dih. Ryckaert-Bell.          LJ-14     Coulomb-14
    3.69050e+03    1.10112e+02    3.73385e+02    1.02072e+03   -4.25949e+03
        LJ (SR)  Disper. corr.   Coulomb (SR)   Coul. recip.      Potential
    7.27639e+04   -4.15099e+03   -5.07280e+05    1.82841e+03   -4.35904e+05
    Kinetic En.   Total Energy    Temperature Pres. DC (bar) Pressure (bar)
    8.25363e+04   -3.53367e+05    3.01094e+02   -2.06026e+02   -4.46967e+01
   Constr. rmsd
    1.87134e-06

           Step           Time         Lambda
        1700000      850.00000        0.00000

   Energies (kJ/mol)
          Angle    Proper Dih. Ryckaert-Bell.          LJ-14     Coulomb-14
    3.82141e+03    1.19582e+02    3.67052e+02    1.06374e+03   -4.31374e+03
        LJ (SR)  Disper. corr.   Coulomb (SR)   Coul. recip.      Potential
    7.30995e+04   -4.13597e+03   -5.06455e+05    1.82075e+03   -4.34613e+05
    Kinetic En.   Total Energy    Temperature Pres. DC (bar) Pressure (bar)
    8.13343e+04   -3.53279e+05    2.96709e+02   -2.04539e+02    1.48734e+01
   Constr. rmsd
    1.82170e-06

Writing checkpoint, step 1714440 at Wed May  8 04:16:28 2024


           Step           Time         Lambda
        1720000      860.00000        0.00000

   Energies (kJ/mol)
          Angle    Proper Dih. Ryckaert-Bell.          LJ-14     Coulomb-14
    3.77969e+03    1.29948e+02    4.15253e+02    1.04116e+03   -4.25826e+03
        LJ (SR)  Disper. corr.   Coulomb (SR)   Coul. recip.      Potential
    7.25315e+04   -4.13923e+03   -5.05584e+05    1.84283e+03   -4.34241e+05
    Kinetic En.   Total Energy    Temperature Pres. DC (bar) Pressure (bar)
    8.23793e+04   -3.51862e+05    3.00522e+02   -2.04861e+02    8.36859e+00
   Constr. rmsd
    1.76237e-06

           Step           Time         Lambda
        1740000      870.00000        0.00000

   Energies (kJ/mol)
          Angle    Proper Dih. Ryckaert-Bell.          LJ-14     Coulomb-14
    3.78405e+03    1.21838e+02    4.16248e+02    1.02326e+03   -4.22094e+03
        LJ (SR)  Disper. corr.   Coulomb (SR)   Coul. recip.      Potential
    7.31353e+04   -4.14031e+03   -5.07158e+05    1.83575e+03   -4.35202e+05
    Kinetic En.   Total Energy    Temperature Pres. DC (bar) Pressure (bar)
    8.18788e+04   -3.53324e+05    2.98696e+02   -2.04967e+02    8.94368e+01
   Constr. rmsd
    1.69807e-06

           Step           Time         Lambda
        1760000      880.00000        0.00000

   Energies (kJ/mol)
          Angle    Proper Dih. Ryckaert-Bell.          LJ-14     Coulomb-14
    3.85736e+03    1.11786e+02    4.37451e+02    1.02215e+03   -4.23343e+03
        LJ (SR)  Disper. corr.   Coulomb (SR)   Coul. recip.      Potential
    7.25251e+04   -4.13704e+03   -5.05532e+05    1.81831e+03   -4.34131e+05
    Kinetic En.   Total Energy    Temperature Pres. DC (bar) Pressure (bar)
    8.21721e+04   -3.51959e+05    2.99766e+02   -2.04645e+02   -1.84924e+01
   Constr. rmsd
    1.76132e-06

           Step           Time         Lambda
        1780000      890.00000        0.00000

   Energies (kJ/mol)
          Angle    Proper Dih. Ryckaert-Bell.          LJ-14     Coulomb-14
    3.73897e+03    1.23939e+02    3.70025e+02    1.04511e+03   -4.23285e+03
        LJ (SR)  Disper. corr.   Coulomb (SR)   Coul. recip.      Potential
    7.28471e+04   -4.13640e+03   -5.05916e+05    1.77772e+03   -4.34383e+05
    Kinetic En.   Total Energy    Temperature Pres. DC (bar) Pressure (bar)
    8.23897e+04   -3.51993e+05    3.00560e+02   -2.04581e+02    8.10852e+01
   Constr. rmsd
    1.86720e-06

           Step           Time         Lambda
        1800000      900.00000        0.00000

   Energies (kJ/mol)
          Angle    Proper Dih. Ryckaert-Bell.          LJ-14     Coulomb-14
    3.68318e+03    1.30253e+02    4.04074e+02    1.02329e+03   -4.21350e+03
        LJ (SR)  Disper. corr.   Coulomb (SR)   Coul. recip.      Potential
    7.22147e+04   -4.14852e+03   -5.05959e+05    1.80745e+03   -4.35058e+05
    Kinetic En.   Total Energy    Temperature Pres. DC (bar) Pressure (bar)
    8.22977e+04   -3.52761e+05    3.00224e+02   -2.05780e+02   -4.53469e+01
   Constr. rmsd
    1.71067e-06

           Step           Time         Lambda
        1820000      910.00000        0.00000

   Energies (kJ/mol)
          Angle    Proper Dih. Ryckaert-Bell.          LJ-14     Coulomb-14
    3.92904e+03    1.15331e+02    4.25532e+02    1.04137e+03   -4.14563e+03
        LJ (SR)  Disper. corr.   Coulomb (SR)   Coul. recip.      Potential
    7.39728e+04   -4.14844e+03   -5.08672e+05    1.84557e+03   -4.35636e+05
    Kinetic En.   Total Energy    Temperature Pres. DC (bar) Pressure (bar)
    8.24000e+04   -3.53236e+05    3.00597e+02   -2.05773e+02    1.88921e+02
   Constr. rmsd
    1.78119e-06

           Step           Time         Lambda
        1840000      920.00000        0.00000

   Energies (kJ/mol)
          Angle    Proper Dih. Ryckaert-Bell.          LJ-14     Coulomb-14
    3.77480e+03    1.19579e+02    4.50751e+02    1.07768e+03   -4.24044e+03
        LJ (SR)  Disper. corr.   Coulomb (SR)   Coul. recip.      Potential
    7.22253e+04   -4.14205e+03   -5.04946e+05    1.86899e+03   -4.33811e+05
    Kinetic En.   Total Energy    Temperature Pres. DC (bar) Pressure (bar)
    8.26881e+04   -3.51123e+05    3.01648e+02   -2.05140e+02    8.87988e+01
   Constr. rmsd
    1.82924e-06

Writing checkpoint, step 1845840 at Wed May  8 04:31:28 2024


           Step           Time         Lambda
        1860000      930.00000        0.00000

   Energies (kJ/mol)
          Angle    Proper Dih. Ryckaert-Bell.          LJ-14     Coulomb-14
    3.74596e+03    1.30195e+02    3.95266e+02    1.04178e+03   -4.23713e+03
        LJ (SR)  Disper. corr.   Coulomb (SR)   Coul. recip.      Potential
    7.23544e+04   -4.13576e+03   -5.06603e+05    1.89368e+03   -4.35415e+05
    Kinetic En.   Total Energy    Temperature Pres. DC (bar) Pressure (bar)
    8.27227e+04   -3.52692e+05    3.01774e+02   -2.04518e+02   -2.09840e+02
   Constr. rmsd
    1.82121e-06

           Step           Time         Lambda
        1880000      940.00000        0.00000

   Energies (kJ/mol)
          Angle    Proper Dih. Ryckaert-Bell.          LJ-14     Coulomb-14
    3.67995e+03    1.09781e+02    4.01243e+02    1.04105e+03   -4.23602e+03
        LJ (SR)  Disper. corr.   Coulomb (SR)   Coul. recip.      Potential
    7.34224e+04   -4.13183e+03   -5.07634e+05    1.80296e+03   -4.35544e+05
    Kinetic En.   Total Energy    Temperature Pres. DC (bar) Pressure (bar)
    8.13916e+04   -3.54152e+05    2.96918e+02   -2.04130e+02    7.03312e+01
   Constr. rmsd
    1.83589e-06

           Step           Time         Lambda
        1900000      950.00000        0.00000

   Energies (kJ/mol)
          Angle    Proper Dih. Ryckaert-Bell.          LJ-14     Coulomb-14
    3.82062e+03    1.15903e+02    3.91865e+02    1.04407e+03   -4.28527e+03
        LJ (SR)  Disper. corr.   Coulomb (SR)   Coul. recip.      Potential
    7.30662e+04   -4.14022e+03   -5.05956e+05    1.78971e+03   -4.34153e+05
    Kinetic En.   Total Energy    Temperature Pres. DC (bar) Pressure (bar)
    8.22818e+04   -3.51871e+05    3.00166e+02   -2.04958e+02    2.43035e+01
   Constr. rmsd
    1.76770e-06

           Step           Time         Lambda
        1920000      960.00000        0.00000

   Energies (kJ/mol)
          Angle    Proper Dih. Ryckaert-Bell.          LJ-14     Coulomb-14
    3.88536e+03    1.18290e+02    4.83138e+02    1.05404e+03   -4.19076e+03
        LJ (SR)  Disper. corr.   Coulomb (SR)   Coul. recip.      Potential
    7.27763e+04   -4.14713e+03   -5.06349e+05    1.90030e+03   -4.34470e+05
    Kinetic En.   Total Energy    Temperature Pres. DC (bar) Pressure (bar)
    8.21272e+04   -3.52342e+05    2.99602e+02   -2.05643e+02    2.62275e+01
   Constr. rmsd
    1.78024e-06

           Step           Time         Lambda
        1940000      970.00000        0.00000

   Energies (kJ/mol)
          Angle    Proper Dih. Ryckaert-Bell.          LJ-14     Coulomb-14
    3.68791e+03    1.24422e+02    4.53503e+02    1.01475e+03   -4.23551e+03
        LJ (SR)  Disper. corr.   Coulomb (SR)   Coul. recip.      Potential
    7.28664e+04   -4.14222e+03   -5.06746e+05    1.80522e+03   -4.35172e+05
    Kinetic En.   Total Energy    Temperature Pres. DC (bar) Pressure (bar)
    8.19252e+04   -3.53247e+05    2.98865e+02   -2.05157e+02    5.91765e+00
   Constr. rmsd
    1.73308e-06

           Step           Time         Lambda
        1960000      980.00000        0.00000

   Energies (kJ/mol)
          Angle    Proper Dih. Ryckaert-Bell.          LJ-14     Coulomb-14
    3.66345e+03    1.29000e+02    3.55892e+02    1.06148e+03   -4.27168e+03
        LJ (SR)  Disper. corr.   Coulomb (SR)   Coul. recip.      Potential
    7.29859e+04   -4.13366e+03   -5.05027e+05    1.86599e+03   -4.33370e+05
    Kinetic En.   Total Energy    Temperature Pres. DC (bar) Pressure (bar)
    8.24844e+04   -3.50886e+05    3.00905e+02   -2.04310e+02    1.47919e+02
   Constr. rmsd
    1.76105e-06

Writing checkpoint, step 1977160 at Wed May  8 04:46:28 2024


           Step           Time         Lambda
        1980000      990.00000        0.00000

   Energies (kJ/mol)
          Angle    Proper Dih. Ryckaert-Bell.          LJ-14     Coulomb-14
    3.62777e+03    1.49769e+02    4.86908e+02    1.07422e+03   -4.26202e+03
        LJ (SR)  Disper. corr.   Coulomb (SR)   Coul. recip.      Potential
    7.30125e+04   -4.14124e+03   -5.06655e+05    1.81122e+03   -4.34896e+05
    Kinetic En.   Total Energy    Temperature Pres. DC (bar) Pressure (bar)
    8.21525e+04   -3.52744e+05    2.99694e+02   -2.05060e+02    6.71179e+01
   Constr. rmsd
    1.80910e-06

           Step           Time         Lambda
        2000000     1000.00000        0.00000

Writing checkpoint, step 2000000 at Wed May  8 04:49:04 2024


   Energies (kJ/mol)
          Angle    Proper Dih. Ryckaert-Bell.          LJ-14     Coulomb-14
    3.74771e+03    1.15901e+02    4.70906e+02    1.12223e+03   -4.21315e+03
        LJ (SR)  Disper. corr.   Coulomb (SR)   Coul. recip.      Potential
    7.22305e+04   -4.13637e+03   -5.05388e+05    1.83450e+03   -4.34216e+05
    Kinetic En.   Total Energy    Temperature Pres. DC (bar) Pressure (bar)
    8.24458e+04   -3.51770e+05    3.00764e+02   -2.04578e+02    5.36611e+01
   Constr. rmsd
    1.68729e-06

	<======  ###############  ==>
	<====  A V E R A G E S  ====>
	<==  ###############  ======>

	Statistics over 2000001 steps using 20001 frames

   Energies (kJ/mol)
          Angle    Proper Dih. Ryckaert-Bell.          LJ-14     Coulomb-14
    3.74411e+03    1.22575e+02    4.01271e+02    1.05958e+03   -4.25819e+03
        LJ (SR)  Disper. corr.   Coulomb (SR)   Coul. recip.      Potential
    7.26177e+04   -4.13888e+03   -5.05938e+05    1.83832e+03   -4.34551e+05
    Kinetic En.   Total Energy    Temperature Pres. DC (bar) Pressure (bar)
    8.22538e+04   -3.52298e+05    3.00064e+02   -2.04828e+02    3.30144e+00
   Constr. rmsd
    0.00000e+00

          Box-X          Box-Y          Box-Z
    6.95173e+00    6.95173e+00    6.95173e+00

   Total Virial (kJ/mol)
    2.73921e+04   -2.59103e+00    9.41060e+00
   -2.82538e+00    2.73816e+04   -9.23532e+00
    1.14288e+01   -8.85843e+00    2.73798e+04

   Pressure (bar)
    2.50891e+00    6.64651e-01   -1.19902e+00
    6.87900e-01    3.17493e+00    1.13379e+00
   -1.39924e+00    1.09608e+00    4.22047e+00


	M E G A - F L O P S   A C C O U N T I N G

 NB=Group-cutoff nonbonded kernels    NxN=N-by-N cluster Verlet kernels
 RF=Reaction-Field  VdW=Van der Waals  QSTab=quadratic-spline table
 W3=SPC/TIP3p  W4=TIP4p (single or pairs)
 V&F=Potential and force  V=Potential only  F=Force only

 Computing:                               M-Number         M-Flops  % Flops
-----------------------------------------------------------------------------
 Pair Search distance check          534893.746258     4814043.716     0.4
 NxN QSTab Elec. + LJ [F]          14448665.392928   592395281.110    48.6
 NxN QSTab Elec. + LJ [V&F]          145955.503432     8611374.702     0.7
 NxN QSTab Elec. [F]               12680227.590224   431127738.068    35.4
 NxN QSTab Elec. [V&F]               128089.795240     5251681.605     0.4
 1,4 nonbonded interactions            9400.004700      846000.423     0.1
 Calc Weights                        197820.098910     7121523.561     0.6
 Spread Q Bspline                   4220162.110080     8440324.220     0.7
 Gather F Bspline                   4220162.110080    25320972.660     2.1
 3D-FFT                            15310667.655330   122485341.243    10.0
 Solve PME                             7200.003600      460800.230     0.0
 Shift-X                               1648.532970        9891.198     0.0
 Angles                                6802.003401     1142736.571     0.1
 Propers                                200.000100       45800.023     0.0
 RB-Dihedrals                          9396.004698     2320813.160     0.2
 Virial                                6603.033015      118854.594     0.0
 Stop-CM                                659.465940        6594.659     0.0
 P-Coupling                           65940.032970      395640.198     0.0
 Calc-Ekin                            13188.065940      356077.780     0.0
 Lincs                                 3604.005406      216240.324     0.0
 Lincs-Mat                            81624.122436      326496.490     0.0
 Constraint-V                         69542.069542      556336.556     0.0
 Constraint-Vir                        6593.832969      158251.991     0.0
 Settle                               20778.031167     6711304.067     0.6
-----------------------------------------------------------------------------
 Total                                              1219240119.152   100.0
-----------------------------------------------------------------------------


     R E A L   C Y C L E   A N D   T I M E   A C C O U N T I N G

On 1 MPI rank, each using 12 OpenMP threads

 Computing:          Num   Num      Call    Wall time         Giga-Cycles
                     Ranks Threads  Count      (s)         total sum    %
-----------------------------------------------------------------------------
 Neighbor search        1   12      50001     289.993       9047.755   2.1
 Force                  1   12    2000001    9559.468     298254.440  70.0
 PME mesh               1   12    2000001    2549.403      79541.132  18.7
 NB X/F buffer ops.     1   12    3950001     264.751       8260.200   1.9
 Write traj.            1   12        116       1.125         35.101   0.0
 Update                 1   12    2000001     104.087       3247.503   0.8
 Constraints            1   12    2000001     555.957      17345.809   4.1
 Rest                                         331.272      10335.658   2.4
-----------------------------------------------------------------------------
 Total                                      13656.056     426067.599 100.0
-----------------------------------------------------------------------------
 Breakdown of PME mesh computation
-----------------------------------------------------------------------------
 PME spread/gather      1   12    4000002    1331.995      41558.120   9.8
 PME 3D-FFT             1   12    4000002    1065.488      33243.105   7.8
 PME solve Elec         1   12    2000001     140.382       4379.912   1.0
-----------------------------------------------------------------------------

               Core t (s)   Wall t (s)        (%)
       Time:   163514.871    13656.056     1197.4
                         3h47:36
                 (ns/day)    (hour/ns)
Performance:        6.327        3.793
Finished mdrun on rank 0 Wed May  8 04:49:04 2024
