Log file opened on Fri Aug 22 21:01:38 2025
Host: node13  pid: 11910  rank ID: 0  number of ranks:  1
GROMACS:    gmx mdrun, VERSION 5.0.1

GROMACS is written by:
Emile Apol         Rossen Apostolov   Herman J.C. Berendsen Par Bjelkmar       
Aldert van Buuren  Rudi van Drunen    Anton Feenstra     Sebastian Fritsch  
Gerrit Groenhof    Christoph Junghans Peter Kasson       Carsten Kutzner    
Per Larsson        Justin A. Lemkul   Magnus Lundborg    Pieter Meulenhoff  
Erik Marklund      Teemu Murtola      Szilard Pall       Sander Pronk       
Roland Schulz      Alexey Shvetsov    Michael Shirts     Alfons Sijbers     
Peter Tieleman     Christian Wennberg Maarten Wolf       
and the project leaders:
Mark Abraham, Berk Hess, Erik Lindahl, and David van der Spoel

Copyright (c) 1991-2000, University of Groningen, The Netherlands.
Copyright (c) 2001-2014, The GROMACS development team at
Uppsala University, Stockholm University and
the Royal Institute of Technology, Sweden.
check out http://www.gromacs.org for more information.

GROMACS is free software; you can redistribute it and/or modify it
under the terms of the GNU Lesser General Public License
as published by the Free Software Foundation; either version 2.1
of the License, or (at your option) any later version.

GROMACS:      gmx mdrun, VERSION 5.0.1
Executable:   /opt/gromacs-5.0.1-no-openmpi/bin/gmx
Library dir:  /opt/gromacs-5.0.1-no-openmpi/share/gromacs/top
Command line:
  mdrun -nt 24 -s run.tpr

Gromacs version:    VERSION 5.0.1
Precision:          single
Memory model:       64 bit
MPI library:        thread_mpi
OpenMP support:     enabled
GPU support:        disabled
invsqrt routine:    gmx_software_invsqrt(x)
SIMD instructions:  SSE4.1
FFT library:        fftw-3.3.3-sse2
RDTSCP usage:       enabled
C++11 compilation:  enabled
TNG support:        enabled
Tracing support:    disabled
Built on:           Fri Mar 27 20:21:17 EET 2015
Built by:           root@daywalker.acmac.uoc.gr [CMAKE]
Build OS/arch:      Linux 3.10.0-123.20.1.el7.x86_64 x86_64
Build CPU vendor:   GenuineIntel
Build CPU brand:    Intel(R) Xeon(R) CPU           E5606  @ 2.13GHz
Build CPU family:   6   Model: 44   Stepping: 2
Build CPU features: aes apic clfsh cmov cx8 cx16 htt lahf_lm mmx msr nonstop_tsc pcid pclmuldq pdcm pdpe1gb popcnt pse rdtscp sse2 sse3 sse4.1 sse4.2 ssse3
C compiler:         /opt/openmpi-1.8.4/bin/mpicc GNU 4.8.2
C compiler flags:    -msse4.1   -Wno-maybe-uninitialized -Wextra -Wno-missing-field-initializers -Wno-sign-compare -Wpointer-arith -Wall -Wno-unused -Wunused-value -Wunused-parameter   -fomit-frame-pointer -funroll-all-loops -fexcess-precision=fast  -Wno-array-bounds  -O3 -DNDEBUG
C++ compiler:       /opt/openmpi-1.8.4/bin/mpic++ GNU 4.8.2
C++ compiler flags:  -msse4.1   -std=c++0x -Wextra -Wno-missing-field-initializers -Wpointer-arith -Wall -Wno-unused-function   -fomit-frame-pointer -funroll-all-loops -fexcess-precision=fast  -Wno-array-bounds  -O3 -DNDEBUG
Boost version:      1.55.0 (internal)



++++ PLEASE READ AND CITE THE FOLLOWING REFERENCE ++++
B. Hess and C. Kutzner and D. van der Spoel and E. Lindahl
GROMACS 4: Algorithms for highly efficient, load-balanced, and scalable
molecular simulation
J. Chem. Theory Comput. 4 (2008) pp. 435-447
-------- -------- --- Thank You --- -------- --------


++++ PLEASE READ AND CITE THE FOLLOWING REFERENCE ++++
D. van der Spoel, E. Lindahl, B. Hess, G. Groenhof, A. E. Mark and H. J. C.
Berendsen
GROMACS: Fast, Flexible and Free
J. Comp. Chem. 26 (2005) pp. 1701-1719
-------- -------- --- Thank You --- -------- --------


++++ PLEASE READ AND CITE THE FOLLOWING REFERENCE ++++
E. Lindahl and B. Hess and D. van der Spoel
GROMACS 3.0: A package for molecular simulation and trajectory analysis
J. Mol. Mod. 7 (2001) pp. 306-317
-------- -------- --- Thank You --- -------- --------


++++ PLEASE READ AND CITE THE FOLLOWING REFERENCE ++++
H. J. C. Berendsen, D. van der Spoel and R. van Drunen
GROMACS: A message-passing parallel molecular dynamics implementation
Comp. Phys. Comm. 91 (1995) pp. 43-56
-------- -------- --- Thank You --- -------- --------

Changing nstlist from 10 to 40, rlist from 1.001 to 1.031

Input Parameters:
   integrator                     = md
   tinit                          = 0
   dt                             = 0.0005
   nsteps                         = 2000000
   init-step                      = 0
   simulation-part                = 1
   comm-mode                      = Linear
   nstcomm                        = 100
   bd-fric                        = 0
   ld-seed                        = 3770671892
   emtol                          = 10
   emstep                         = 0.01
   niter                          = 20
   fcstep                         = 0
   nstcgsteep                     = 1000
   nbfgscorr                      = 10
   rtpi                           = 0.05
   nstxout                        = 20000
   nstvout                        = 0
   nstfout                        = 0
   nstlog                         = 20000
   nstcalcenergy                  = 100
   nstenergy                      = 20000
   nstxout-compressed             = 0
   compressed-x-precision         = 1000
   cutoff-scheme                  = Verlet
   nstlist                        = 40
   ns-type                        = Grid
   pbc                            = xyz
   periodic-molecules             = FALSE
   verlet-buffer-tolerance        = 0.005
   rlist                          = 1.031
   rlistlong                      = 1.031
   nstcalclr                      = 10
   coulombtype                    = PME
   coulomb-modifier               = Potential-shift
   rcoulomb-switch                = 0
   rcoulomb                       = 1
   epsilon-r                      = 1
   epsilon-rf                     = inf
   vdw-type                       = Cut-off
   vdw-modifier                   = Potential-shift
   rvdw-switch                    = 0
   rvdw                           = 1
   DispCorr                       = EnerPres
   table-extension                = 1
   fourierspacing                 = 0.12
   fourier-nx                     = 42
   fourier-ny                     = 42
   fourier-nz                     = 42
   pme-order                      = 4
   ewald-rtol                     = 0.0001
   ewald-rtol-lj                  = 0.001
   lj-pme-comb-rule               = Geometric
   ewald-geometry                 = 0
   epsilon-surface                = 0
   implicit-solvent               = No
   gb-algorithm                   = Still
   nstgbradii                     = 1
   rgbradii                       = 1
   gb-epsilon-solvent             = 80
   gb-saltconc                    = 0
   gb-obc-alpha                   = 1
   gb-obc-beta                    = 0.8
   gb-obc-gamma                   = 4.85
   gb-dielectric-offset           = 0.009
   sa-algorithm                   = Ace-approximation
   sa-surface-tension             = 2.05016
   tcoupl                         = V-rescale
   nsttcouple                     = 10
   nh-chain-length                = 0
   print-nose-hoover-chain-variables = FALSE
   pcoupl                         = Berendsen
   pcoupltype                     = Isotropic
   nstpcouple                     = 10
   tau-p                          = 0.5
   compressibility (3x3):
      compressibility[    0]={ 4.00000e-05,  0.00000e+00,  0.00000e+00}
      compressibility[    1]={ 0.00000e+00,  4.00000e-05,  0.00000e+00}
      compressibility[    2]={ 0.00000e+00,  0.00000e+00,  4.00000e-05}
   ref-p (3x3):
      ref-p[    0]={ 1.01325e+00,  0.00000e+00,  0.00000e+00}
      ref-p[    1]={ 0.00000e+00,  1.01325e+00,  0.00000e+00}
      ref-p[    2]={ 0.00000e+00,  0.00000e+00,  1.01325e+00}
   refcoord-scaling               = No
   posres-com (3):
      posres-com[0]= 0.00000e+00
      posres-com[1]= 0.00000e+00
      posres-com[2]= 0.00000e+00
   posres-comB (3):
      posres-comB[0]= 0.00000e+00
      posres-comB[1]= 0.00000e+00
      posres-comB[2]= 0.00000e+00
   QMMM                           = FALSE
   QMconstraints                  = 0
   QMMMscheme                     = 0
   MMChargeScaleFactor            = 1
qm-opts:
   ngQM                           = 0
   constraint-algorithm           = Lincs
   continuation                   = FALSE
   Shake-SOR                      = FALSE
   shake-tol                      = 0.0001
   lincs-order                    = 4
   lincs-iter                     = 1
   lincs-warnangle                = 30
   nwall                          = 0
   wall-type                      = 9-3
   wall-r-linpot                  = -1
   wall-atomtype[0]               = -1
   wall-atomtype[1]               = -1
   wall-density[0]                = 0
   wall-density[1]                = 0
   wall-ewald-zfac                = 3
   pull                           = no
   rotation                       = FALSE
   interactiveMD                  = FALSE
   disre                          = No
   disre-weighting                = Conservative
   disre-mixed                    = FALSE
   dr-fc                          = 1000
   dr-tau                         = 0
   nstdisreout                    = 100
   orire-fc                       = 0
   orire-tau                      = 0
   nstorireout                    = 100
   free-energy                    = no
   cos-acceleration               = 0
   deform (3x3):
      deform[    0]={ 0.00000e+00,  0.00000e+00,  0.00000e+00}
      deform[    1]={ 0.00000e+00,  0.00000e+00,  0.00000e+00}
      deform[    2]={ 0.00000e+00,  0.00000e+00,  0.00000e+00}
   simulated-tempering            = FALSE
   E-x:
      n = 0
   E-xt:
      n = 0
   E-y:
      n = 0
   E-yt:
      n = 0
   E-z:
      n = 0
   E-zt:
      n = 0
   swapcoords                     = no
   adress                         = FALSE
   userint1                       = 0
   userint2                       = 0
   userint3                       = 0
   userint4                       = 0
   userreal1                      = 0
   userreal2                      = 0
   userreal3                      = 0
   userreal4                      = 0
grpopts:
   nrdf:       19792
   ref-t:         300
   tau-t:         0.1
annealing:          No
annealing-npoints:           0
   acc:	           0           0           0
   nfreeze:           N           N           N
   energygrp-flags[  0]: 0

Initializing Domain Decomposition on 24 ranks
Dynamic load balancing: auto
Will sort the charge groups at every domain (re)decomposition
Initial maximum inter charge-group distances:
    two-body bonded interactions: 0.401 nm, LJ-14, atoms 21 29
  multi-body bonded interactions: 0.401 nm, Ryckaert-Bell., atoms 21 29
Minimum cell size due to bonded interactions: 0.442 nm
Maximum distance for 5 constraints, at 120 deg. angles, all-trans: 0.764 nm
Estimated maximum distance required for P-LINCS: 0.764 nm
This distance will limit the DD cell size, you can override this with -rcon
Guess for relative PME load: 0.21
Will use 18 particle-particle and 6 PME only ranks
This is a guess, check the performance at the end of the log file
Using 6 separate PME ranks, as guessed by mdrun
Scaling the initial minimum size with 1/0.8 (option -dds) = 1.25
Optimizing the DD grid for 18 cells with a minimum initial size of 0.955 nm
The maximum allowed number of cells is: X 5 Y 5 Z 5
Domain decomposition grid 3 x 2 x 3, separate PME ranks 6
PME domain decomposition: 3 x 2 x 1
Interleaving PP and PME ranks
This rank does only particle-particle work.

Domain decomposition rank 0, coordinates 0 0 0

Using 24 MPI threads
Using 1 OpenMP thread per tMPI thread

Detecting CPU SIMD instructions.
Present hardware specification:
Vendor: GenuineIntel
Brand:  Intel(R) Xeon(R) CPU E5-2680 v3 @ 2.50GHz
Family:  6  Model: 63  Stepping:  2
Features: aes apic avx avx2 clfsh cmov cx8 cx16 f16c fma htt lahf_lm mmx msr nonstop_tsc pcid pclmuldq pdcm pdpe1gb popcnt pse rdrnd rdtscp sse2 sse3 sse4.1 sse4.2 ssse3 tdt x2apic
SIMD instructions most likely to fit this hardware: AVX2_256
SIMD instructions selected at GROMACS compile time: SSE4.1


Binary not matching hardware - you might be losing performance.
SIMD instructions most likely to fit this hardware: AVX2_256
SIMD instructions selected at GROMACS compile time: SSE4.1

Will do PME sum in reciprocal space for electrostatic interactions.

++++ PLEASE READ AND CITE THE FOLLOWING REFERENCE ++++
U. Essmann, L. Perera, M. L. Berkowitz, T. Darden, H. Lee and L. G. Pedersen 
A smooth particle mesh Ewald method
J. Chem. Phys. 103 (1995) pp. 8577-8592
-------- -------- --- Thank You --- -------- --------

Will do ordinary reciprocal space Ewald sum.
Using a Gaussian width (1/beta) of 0.363496 nm for Ewald
Cut-off's:   NS: 1.031   Coulomb: 1   LJ: 1
Long Range LJ corr.: <C6> 3.0584e-04
System total charge: -0.000
Generated table with 1015 data points for Ewald.
Tabscale = 500 points/nm
Generated table with 1015 data points for LJ6.
Tabscale = 500 points/nm
Generated table with 1015 data points for LJ12.
Tabscale = 500 points/nm
Generated table with 1015 data points for 1-4 COUL.
Tabscale = 500 points/nm
Generated table with 1015 data points for 1-4 LJ6.
Tabscale = 500 points/nm
Generated table with 1015 data points for 1-4 LJ12.
Tabscale = 500 points/nm

Using SSE4.1 4x4 non-bonded kernels

Using geometric Lennard-Jones combination rule

Potential shift: LJ r^-12: -1.000e+00 r^-6: -1.000e+00, Ewald -1.000e-04
Initialized non-bonded Ewald correction tables, spacing: 9.94e-04 size: 2044

Removing pbc first time
Pinning threads with an auto-selected logical core stride of 1

Initializing Parallel LINear Constraint Solver

++++ PLEASE READ AND CITE THE FOLLOWING REFERENCE ++++
B. Hess
P-LINCS: A Parallel Linear Constraint Solver for molecular simulation
J. Chem. Theory Comput. 4 (2008) pp. 116-122
-------- -------- --- Thank You --- -------- --------

The number of constraints is 542
There are inter charge-group constraints,
will communicate selected coordinates each lincs iteration

++++ PLEASE READ AND CITE THE FOLLOWING REFERENCE ++++
S. Miyamoto and P. A. Kollman
SETTLE: An Analytical Version of the SHAKE and RATTLE Algorithms for Rigid
Water Models
J. Comp. Chem. 13 (1992) pp. 952-962
-------- -------- --- Thank You --- -------- --------


Linking all bonded interactions to atoms
There are 12327 inter charge-group exclusions,
will use an extra communication step for exclusion forces for PME

The initial number of communication pulses is: X 1 Y 1 Z 1
The initial domain decomposition cell size is: X 1.67 nm Y 2.50 nm Z 1.67 nm

The maximum allowed distance for charge groups involved in interactions is:
                 non-bonded interactions           1.031 nm
(the following are initial values, they could change due to box deformation)
            two-body bonded interactions  (-rdd)   1.031 nm
          multi-body bonded interactions  (-rdd)   1.031 nm
  atoms separated by up to 5 constraints  (-rcon)  1.667 nm

When dynamic load balancing gets turned on, these settings will change to:
The maximum number of communication pulses is: X 1 Y 1 Z 1
The minimum size for domain decomposition cells is 1.031 nm
The requested allowed shrink of DD cells (option -dds) is: 0.80
The allowed shrink of domain decomposition cells is: X 0.62 Y 0.41 Z 0.62
The maximum allowed distance for charge groups involved in interactions is:
                 non-bonded interactions           1.031 nm
            two-body bonded interactions  (-rdd)   1.031 nm
          multi-body bonded interactions  (-rdd)   1.031 nm
  atoms separated by up to 5 constraints  (-rcon)  1.031 nm


Making 3D domain decomposition grid 3 x 2 x 3, home cell index 0 0 0

Center of mass motion removal mode is Linear
We have the following groups for center of mass motion removal:
  0:  rest

++++ PLEASE READ AND CITE THE FOLLOWING REFERENCE ++++
G. Bussi, D. Donadio and M. Parrinello
Canonical sampling through velocity rescaling
J. Chem. Phys. 126 (2007) pp. 014101
-------- -------- --- Thank You --- -------- --------

There are: 9897 Atoms
Charge group distribution at step 0: 504 544 501 535 586 536 493 616 529 558 604 570 542 564 556 515 579 565

Constraining the starting coordinates (step 0)

Constraining the coordinates at t0-dt (step 0)
RMS relative constraint deviation after constraining: 0.00e+00
Initial temperature: 302.232 K

Started mdrun on rank 0 Fri Aug 22 21:01:38 2025
           Step           Time         Lambda
              0        0.00000        0.00000

   Energies (kJ/mol)
          Angle    Proper Dih. Ryckaert-Bell.          LJ-14     Coulomb-14
    1.11203e+03    4.49698e+01    6.94329e+01    3.04803e+02   -1.37200e+03
        LJ (SR)  Disper. corr.   Coulomb (SR)   Coul. recip.      Potential
    4.62455e+05   -1.00238e+03   -7.46397e+03    7.51072e+03    4.61659e+05
    Kinetic En.   Total Energy    Temperature Pres. DC (bar) Pressure (bar)
    4.67393e+04    5.08398e+05    5.68049e+02   -1.33360e+02    2.74935e+05
   Constr. rmsd
    2.32315e-06


Step 1  Warning: pressure scaling more than 1%, mu: 1.03666 1.03666 1.03666
DD  step 39 load imb.: force 47.9%  pme mesh/force 0.437

At step 40 the performance loss due to force load imbalance is 16.2 %

NOTE: Turning on dynamic load balancing

step 1160: timed with pme grid 42 42 42, coulomb cutoff 1.000: 57.9 M-cycles
step 1160: the domain decompostion limits the PME load balancing to a coulomb cut-off of 1.000
              optimal pme grid 42 42 42, coulomb cutoff 1.000
DD  step 19999  vol min/aver 0.666  load imb.: force  3.4%  pme mesh/force 0.654

           Step           Time         Lambda
          20000       10.00000        0.00000

   Energies (kJ/mol)
          Angle    Proper Dih. Ryckaert-Bell.          LJ-14     Coulomb-14
    8.00968e+02    2.01569e+01    1.13177e+02    2.94566e+02   -1.28364e+03
        LJ (SR)  Disper. corr.   Coulomb (SR)   Coul. recip.      Potential
    2.17299e+04   -1.14246e+03   -1.49607e+05    6.07310e+02   -1.28467e+05
    Kinetic En.   Total Energy    Temperature Pres. DC (bar) Pressure (bar)
    2.43869e+04   -1.04080e+05    2.96388e+02   -1.73176e+02   -2.30681e+02
   Constr. rmsd
    1.28658e-06

DD  step 39999  vol min/aver 0.745  load imb.: force  3.0%  pme mesh/force 0.619

           Step           Time         Lambda
          40000       20.00000        0.00000

   Energies (kJ/mol)
          Angle    Proper Dih. Ryckaert-Bell.          LJ-14     Coulomb-14
    1.00311e+03    2.71825e+01    1.22859e+02    3.29556e+02   -1.29057e+03
        LJ (SR)  Disper. corr.   Coulomb (SR)   Coul. recip.      Potential
    2.12235e+04   -1.23503e+03   -1.50688e+05    5.56450e+02   -1.29951e+05
    Kinetic En.   Total Energy    Temperature Pres. DC (bar) Pressure (bar)
    2.51423e+04   -1.04809e+05    3.05569e+02   -2.02337e+02   -5.50930e+01
   Constr. rmsd
    1.24995e-06

DD  step 59999  vol min/aver 0.752  load imb.: force  2.8%  pme mesh/force 0.617

           Step           Time         Lambda
          60000       30.00000        0.00000

   Energies (kJ/mol)
          Angle    Proper Dih. Ryckaert-Bell.          LJ-14     Coulomb-14
    1.07211e+03    3.36122e+01    1.03793e+02    3.25900e+02   -1.30121e+03
        LJ (SR)  Disper. corr.   Coulomb (SR)   Coul. recip.      Potential
    2.14180e+04   -1.24584e+03   -1.50934e+05    5.73374e+02   -1.29955e+05
    Kinetic En.   Total Energy    Temperature Pres. DC (bar) Pressure (bar)
    2.43547e+04   -1.05600e+05    2.95996e+02   -2.05887e+02    1.32567e+02
   Constr. rmsd
    1.26266e-06

DD  step 79999  vol min/aver 0.764  load imb.: force  4.5%  pme mesh/force 0.613

           Step           Time         Lambda
          80000       40.00000        0.00000

   Energies (kJ/mol)
          Angle    Proper Dih. Ryckaert-Bell.          LJ-14     Coulomb-14
    1.07819e+03    4.38608e+01    1.34855e+02    3.34622e+02   -1.26415e+03
        LJ (SR)  Disper. corr.   Coulomb (SR)   Coul. recip.      Potential
    2.19366e+04   -1.24074e+03   -1.51907e+05    5.71090e+02   -1.30312e+05
    Kinetic En.   Total Energy    Temperature Pres. DC (bar) Pressure (bar)
    2.49563e+04   -1.05356e+05    3.03308e+02   -2.04209e+02    1.79007e+02
   Constr. rmsd
    1.25683e-06

DD  step 99999  vol min/aver 0.786  load imb.: force  2.2%  pme mesh/force 0.626

           Step           Time         Lambda
         100000       50.00000        0.00000

   Energies (kJ/mol)
          Angle    Proper Dih. Ryckaert-Bell.          LJ-14     Coulomb-14
    1.16152e+03    4.16989e+01    1.28838e+02    2.98778e+02   -1.29556e+03
        LJ (SR)  Disper. corr.   Coulomb (SR)   Coul. recip.      Potential
    2.22849e+04   -1.24163e+03   -1.52840e+05    5.61119e+02   -1.30900e+05
    Kinetic En.   Total Energy    Temperature Pres. DC (bar) Pressure (bar)
    2.47068e+04   -1.06194e+05    3.00276e+02   -2.04501e+02    1.49814e+02
   Constr. rmsd
    1.24407e-06

DD  step 119999  vol min/aver 0.732  load imb.: force  3.6%  pme mesh/force 0.614

           Step           Time         Lambda
         120000       60.00000        0.00000

   Energies (kJ/mol)
          Angle    Proper Dih. Ryckaert-Bell.          LJ-14     Coulomb-14
    1.05746e+03    3.17777e+01    1.36229e+02    3.32901e+02   -1.28530e+03
        LJ (SR)  Disper. corr.   Coulomb (SR)   Coul. recip.      Potential
    2.19335e+04   -1.24454e+03   -1.51787e+05    5.76971e+02   -1.30248e+05
    Kinetic En.   Total Energy    Temperature Pres. DC (bar) Pressure (bar)
    2.46405e+04   -1.05607e+05    2.99470e+02   -2.05460e+02    2.43179e+02
   Constr. rmsd
    1.17562e-06

DD  step 139999  vol min/aver 0.710  load imb.: force  2.9%  pme mesh/force 0.618

           Step           Time         Lambda
         140000       70.00000        0.00000

   Energies (kJ/mol)
          Angle    Proper Dih. Ryckaert-Bell.          LJ-14     Coulomb-14
    1.11196e+03    2.52208e+01    1.20790e+02    3.07749e+02   -1.27864e+03
        LJ (SR)  Disper. corr.   Coulomb (SR)   Coul. recip.      Potential
    2.17230e+04   -1.24587e+03   -1.51720e+05    5.50534e+02   -1.30406e+05
    Kinetic En.   Total Energy    Temperature Pres. DC (bar) Pressure (bar)
    2.41940e+04   -1.06212e+05    2.94044e+02   -2.05900e+02   -2.36795e+01
   Constr. rmsd
    1.26037e-06

DD  step 159999  vol min/aver 0.758  load imb.: force  2.5%  pme mesh/force 0.627

           Step           Time         Lambda
         160000       80.00000        0.00000

   Energies (kJ/mol)
          Angle    Proper Dih. Ryckaert-Bell.          LJ-14     Coulomb-14
    1.09243e+03    4.72705e+01    1.00066e+02    3.08812e+02   -1.28160e+03
        LJ (SR)  Disper. corr.   Coulomb (SR)   Coul. recip.      Potential
    2.18516e+04   -1.24437e+03   -1.52056e+05    5.61620e+02   -1.30620e+05
    Kinetic En.   Total Energy    Temperature Pres. DC (bar) Pressure (bar)
    2.50706e+04   -1.05550e+05    3.04697e+02   -2.05405e+02    9.90503e+01
   Constr. rmsd
    1.29314e-06

DD  step 179999  vol min/aver 0.714  load imb.: force  2.1%  pme mesh/force 0.627

           Step           Time         Lambda
         180000       90.00000        0.00000

   Energies (kJ/mol)
          Angle    Proper Dih. Ryckaert-Bell.          LJ-14     Coulomb-14
    1.08356e+03    3.35511e+01    8.74054e+01    3.32350e+02   -1.29404e+03
        LJ (SR)  Disper. corr.   Coulomb (SR)   Coul. recip.      Potential
    2.14740e+04   -1.24938e+03   -1.51667e+05    5.47605e+02   -1.30652e+05
    Kinetic En.   Total Energy    Temperature Pres. DC (bar) Pressure (bar)
    2.45355e+04   -1.06116e+05    2.98193e+02   -2.07060e+02   -8.83498e+01
   Constr. rmsd
    1.26218e-06

DD  step 199999  vol min/aver 0.766  load imb.: force  4.0%  pme mesh/force 0.614

           Step           Time         Lambda
         200000      100.00000        0.00000

   Energies (kJ/mol)
          Angle    Proper Dih. Ryckaert-Bell.          LJ-14     Coulomb-14
    1.05414e+03    6.32112e+01    1.27098e+02    3.43712e+02   -1.30300e+03
        LJ (SR)  Disper. corr.   Coulomb (SR)   Coul. recip.      Potential
    2.17660e+04   -1.24134e+03   -1.51775e+05    5.70090e+02   -1.30395e+05
    Kinetic En.   Total Energy    Temperature Pres. DC (bar) Pressure (bar)
    2.43635e+04   -1.06031e+05    2.96103e+02   -2.04407e+02    2.03490e+02
   Constr. rmsd
    1.29209e-06

DD  step 219999  vol min/aver 0.720  load imb.: force  2.8%  pme mesh/force 0.620

           Step           Time         Lambda
         220000      110.00000        0.00000

   Energies (kJ/mol)
          Angle    Proper Dih. Ryckaert-Bell.          LJ-14     Coulomb-14
    1.03400e+03    4.68606e+01    1.64470e+02    3.21237e+02   -1.28530e+03
        LJ (SR)  Disper. corr.   Coulomb (SR)   Coul. recip.      Potential
    2.12861e+04   -1.24396e+03   -1.51398e+05    5.35521e+02   -1.30539e+05
    Kinetic En.   Total Energy    Temperature Pres. DC (bar) Pressure (bar)
    2.44379e+04   -1.06101e+05    2.97008e+02   -2.05270e+02   -1.20980e+02
   Constr. rmsd
    1.28053e-06

DD  step 239999  vol min/aver 0.757  load imb.: force  2.0%  pme mesh/force 0.626

           Step           Time         Lambda
         240000      120.00000        0.00000

   Energies (kJ/mol)
          Angle    Proper Dih. Ryckaert-Bell.          LJ-14     Coulomb-14
    1.08470e+03    2.39813e+01    1.04751e+02    2.99109e+02   -1.26599e+03
        LJ (SR)  Disper. corr.   Coulomb (SR)   Coul. recip.      Potential
    2.13964e+04   -1.24205e+03   -1.51227e+05    5.36364e+02   -1.30290e+05
    Kinetic En.   Total Energy    Temperature Pres. DC (bar) Pressure (bar)
    2.44781e+04   -1.05812e+05    2.97496e+02   -2.04639e+02   -8.34738e+01
   Constr. rmsd
    1.35121e-06

DD  step 259999  vol min/aver 0.767  load imb.: force  3.2%  pme mesh/force 0.619

           Step           Time         Lambda
         260000      130.00000        0.00000

   Energies (kJ/mol)
          Angle    Proper Dih. Ryckaert-Bell.          LJ-14     Coulomb-14
    1.05874e+03    2.66267e+01    1.54271e+02    3.23988e+02   -1.25467e+03
        LJ (SR)  Disper. corr.   Coulomb (SR)   Coul. recip.      Potential
    2.20068e+04   -1.24025e+03   -1.51639e+05    6.11343e+02   -1.29952e+05
    Kinetic En.   Total Energy    Temperature Pres. DC (bar) Pressure (bar)
    2.45291e+04   -1.05423e+05    2.98116e+02   -2.04046e+02    1.88471e+02
   Constr. rmsd
    1.28722e-06

DD  step 279999  vol min/aver 0.790  load imb.: force  2.8%  pme mesh/force 0.624

           Step           Time         Lambda
         280000      140.00000        0.00000

   Energies (kJ/mol)
          Angle    Proper Dih. Ryckaert-Bell.          LJ-14     Coulomb-14
    9.97518e+02    3.51017e+01    1.90110e+02    3.16944e+02   -1.26119e+03
        LJ (SR)  Disper. corr.   Coulomb (SR)   Coul. recip.      Potential
    2.12529e+04   -1.24785e+03   -1.51270e+05    5.45697e+02   -1.30441e+05
    Kinetic En.   Total Energy    Temperature Pres. DC (bar) Pressure (bar)
    2.47142e+04   -1.05726e+05    3.00365e+02   -2.06553e+02   -2.45126e+02
   Constr. rmsd
    1.31326e-06

DD  step 299999  vol min/aver 0.788  load imb.: force  2.5%  pme mesh/force 0.632

           Step           Time         Lambda
         300000      150.00000        0.00000

   Energies (kJ/mol)
          Angle    Proper Dih. Ryckaert-Bell.          LJ-14     Coulomb-14
    1.05766e+03    4.67132e+01    1.38020e+02    3.15009e+02   -1.29909e+03
        LJ (SR)  Disper. corr.   Coulomb (SR)   Coul. recip.      Potential
    2.19983e+04   -1.24785e+03   -1.52277e+05    5.47186e+02   -1.30721e+05
    Kinetic En.   Total Energy    Temperature Pres. DC (bar) Pressure (bar)
    2.45597e+04   -1.06161e+05    2.98488e+02   -2.06554e+02    1.85669e+02
   Constr. rmsd
    1.23782e-06

DD  step 319999  vol min/aver 0.754  load imb.: force  2.9%  pme mesh/force 0.624

           Step           Time         Lambda
         320000      160.00000        0.00000

   Energies (kJ/mol)
          Angle    Proper Dih. Ryckaert-Bell.          LJ-14     Coulomb-14
    1.07491e+03    3.88333e+01    1.56881e+02    3.33318e+02   -1.26545e+03
        LJ (SR)  Disper. corr.   Coulomb (SR)   Coul. recip.      Potential
    2.21853e+04   -1.23749e+03   -1.52630e+05    5.39035e+02   -1.30804e+05
    Kinetic En.   Total Energy    Temperature Pres. DC (bar) Pressure (bar)
    2.46478e+04   -1.06157e+05    2.99558e+02   -2.03140e+02    1.05561e+01
   Constr. rmsd
    1.26057e-06

DD  step 339999  vol min/aver 0.819  load imb.: force  3.7%  pme mesh/force 0.616

           Step           Time         Lambda
         340000      170.00000        0.00000

   Energies (kJ/mol)
          Angle    Proper Dih. Ryckaert-Bell.          LJ-14     Coulomb-14
    1.04534e+03    2.63651e+01    1.46188e+02    3.04838e+02   -1.29258e+03
        LJ (SR)  Disper. corr.   Coulomb (SR)   Coul. recip.      Potential
    2.16246e+04   -1.23751e+03   -1.51634e+05    6.03285e+02   -1.30413e+05
    Kinetic En.   Total Energy    Temperature Pres. DC (bar) Pressure (bar)
    2.48605e+04   -1.05553e+05    3.02144e+02   -2.03147e+02   -2.01078e+02
   Constr. rmsd
    1.32832e-06

DD  step 359999  vol min/aver 0.785  load imb.: force  2.1%  pme mesh/force 0.636

           Step           Time         Lambda
         360000      180.00000        0.00000

   Energies (kJ/mol)
          Angle    Proper Dih. Ryckaert-Bell.          LJ-14     Coulomb-14
    1.04056e+03    3.96965e+01    1.51499e+02    3.22446e+02   -1.30754e+03
        LJ (SR)  Disper. corr.   Coulomb (SR)   Coul. recip.      Potential
    2.19255e+04   -1.24185e+03   -1.51748e+05    5.23629e+02   -1.30294e+05
    Kinetic En.   Total Energy    Temperature Pres. DC (bar) Pressure (bar)
    2.47635e+04   -1.05530e+05    3.00964e+02   -2.04573e+02    2.21848e+02
   Constr. rmsd
    1.29034e-06

DD  step 379999  vol min/aver 0.790  load imb.: force  2.9%  pme mesh/force 0.621

           Step           Time         Lambda
         380000      190.00000        0.00000

   Energies (kJ/mol)
          Angle    Proper Dih. Ryckaert-Bell.          LJ-14     Coulomb-14
    1.08002e+03    3.32044e+01    7.88645e+01    3.15179e+02   -1.31276e+03
        LJ (SR)  Disper. corr.   Coulomb (SR)   Coul. recip.      Potential
    2.12671e+04   -1.24510e+03   -1.50699e+05    5.39910e+02   -1.29942e+05
    Kinetic En.   Total Energy    Temperature Pres. DC (bar) Pressure (bar)
    2.53189e+04   -1.04623e+05    3.07715e+02   -2.05645e+02   -3.50802e+01
   Constr. rmsd
    1.29941e-06

DD  step 399999  vol min/aver 0.797  load imb.: force  2.0%  pme mesh/force 0.640

           Step           Time         Lambda
         400000      200.00000        0.00000

   Energies (kJ/mol)
          Angle    Proper Dih. Ryckaert-Bell.          LJ-14     Coulomb-14
    1.09322e+03    2.48356e+01    1.33996e+02    3.04708e+02   -1.28454e+03
        LJ (SR)  Disper. corr.   Coulomb (SR)   Coul. recip.      Potential
    2.16705e+04   -1.24695e+03   -1.51613e+05    5.73733e+02   -1.30344e+05
    Kinetic En.   Total Energy    Temperature Pres. DC (bar) Pressure (bar)
    2.52527e+04   -1.05091e+05    3.06911e+02   -2.06256e+02   -1.48919e+01
   Constr. rmsd
    1.29539e-06

DD  step 419999  vol min/aver 0.770  load imb.: force  2.7%  pme mesh/force 0.639

           Step           Time         Lambda
         420000      210.00000        0.00000

   Energies (kJ/mol)
          Angle    Proper Dih. Ryckaert-Bell.          LJ-14     Coulomb-14
    1.13365e+03    2.83358e+01    1.65769e+02    3.04633e+02   -1.25009e+03
        LJ (SR)  Disper. corr.   Coulomb (SR)   Coul. recip.      Potential
    2.20311e+04   -1.24675e+03   -1.51701e+05    5.65743e+02   -1.29968e+05
    Kinetic En.   Total Energy    Temperature Pres. DC (bar) Pressure (bar)
    2.47946e+04   -1.05173e+05    3.01343e+02   -2.06189e+02    2.19641e+02
   Constr. rmsd
    1.37185e-06

DD  step 439999  vol min/aver 0.748  load imb.: force  1.9%  pme mesh/force 0.636

           Step           Time         Lambda
         440000      220.00000        0.00000

   Energies (kJ/mol)
          Angle    Proper Dih. Ryckaert-Bell.          LJ-14     Coulomb-14
    1.10791e+03    3.85445e+01    1.72949e+02    3.01435e+02   -1.26935e+03
        LJ (SR)  Disper. corr.   Coulomb (SR)   Coul. recip.      Potential
    2.13554e+04   -1.24697e+03   -1.51871e+05    5.30569e+02   -1.30881e+05
    Kinetic En.   Total Energy    Temperature Pres. DC (bar) Pressure (bar)
    2.43386e+04   -1.06542e+05    2.95801e+02   -2.06261e+02   -4.02197e+02
   Constr. rmsd
    1.34180e-06

DD  step 459999  vol min/aver 0.773  load imb.: force  2.9%  pme mesh/force 0.621

           Step           Time         Lambda
         460000      230.00000        0.00000

   Energies (kJ/mol)
          Angle    Proper Dih. Ryckaert-Bell.          LJ-14     Coulomb-14
    1.17281e+03    2.94678e+01    1.68893e+02    3.37846e+02   -1.25989e+03
        LJ (SR)  Disper. corr.   Coulomb (SR)   Coul. recip.      Potential
    2.12785e+04   -1.24599e+03   -1.51581e+05    5.67322e+02   -1.30532e+05
    Kinetic En.   Total Energy    Temperature Pres. DC (bar) Pressure (bar)
    2.48863e+04   -1.05646e+05    3.02457e+02   -2.05940e+02   -6.63150e+01
   Constr. rmsd
    1.25307e-06

DD  step 479999  vol min/aver 0.821  load imb.: force  2.2%  pme mesh/force 0.628

           Step           Time         Lambda
         480000      240.00000        0.00000

   Energies (kJ/mol)
          Angle    Proper Dih. Ryckaert-Bell.          LJ-14     Coulomb-14
    1.12538e+03    3.73324e+01    1.72218e+02    3.29478e+02   -1.29370e+03
        LJ (SR)  Disper. corr.   Coulomb (SR)   Coul. recip.      Potential
    2.17158e+04   -1.24880e+03   -1.52271e+05    5.57973e+02   -1.30875e+05
    Kinetic En.   Total Energy    Temperature Pres. DC (bar) Pressure (bar)
    2.46111e+04   -1.06264e+05    2.99113e+02   -2.06867e+02    6.20816e+01
   Constr. rmsd
    1.22599e-06

DD  step 499999  vol min/aver 0.758  load imb.: force  2.5%  pme mesh/force 0.626

           Step           Time         Lambda
         500000      250.00000        0.00000

   Energies (kJ/mol)
          Angle    Proper Dih. Ryckaert-Bell.          LJ-14     Coulomb-14
    1.09285e+03    3.39680e+01    1.32763e+02    3.08756e+02   -1.28116e+03
        LJ (SR)  Disper. corr.   Coulomb (SR)   Coul. recip.      Potential
    2.22061e+04   -1.23975e+03   -1.52073e+05    5.11163e+02   -1.30309e+05
    Kinetic En.   Total Energy    Temperature Pres. DC (bar) Pressure (bar)
    2.45792e+04   -1.05729e+05    2.98725e+02   -2.03882e+02    2.05569e+02
   Constr. rmsd
    1.30802e-06

DD  step 519999  vol min/aver 0.823  load imb.: force  2.9%  pme mesh/force 0.624

           Step           Time         Lambda
         520000      260.00000        0.00000

   Energies (kJ/mol)
          Angle    Proper Dih. Ryckaert-Bell.          LJ-14     Coulomb-14
    1.08459e+03    3.86502e+01    1.79349e+02    3.06333e+02   -1.27289e+03
        LJ (SR)  Disper. corr.   Coulomb (SR)   Coul. recip.      Potential
    2.18808e+04   -1.23596e+03   -1.51617e+05    5.55685e+02   -1.30081e+05
    Kinetic En.   Total Energy    Temperature Pres. DC (bar) Pressure (bar)
    2.50686e+04   -1.05012e+05    3.04673e+02   -2.02642e+02    4.42430e+01
   Constr. rmsd
    1.23470e-06

DD  step 539999  vol min/aver 0.808  load imb.: force  2.1%  pme mesh/force 0.620

           Step           Time         Lambda
         540000      270.00000        0.00000

   Energies (kJ/mol)
          Angle    Proper Dih. Ryckaert-Bell.          LJ-14     Coulomb-14
    1.14620e+03    2.39311e+01    1.41726e+02    3.09855e+02   -1.28009e+03
        LJ (SR)  Disper. corr.   Coulomb (SR)   Coul. recip.      Potential
    2.20440e+04   -1.24279e+03   -1.51884e+05    5.42208e+02   -1.30198e+05
    Kinetic En.   Total Energy    Temperature Pres. DC (bar) Pressure (bar)
    2.49894e+04   -1.05209e+05    3.03710e+02   -2.04882e+02    2.52706e+02
   Constr. rmsd
    1.18950e-06

DD  step 559999  vol min/aver 0.802  load imb.: force  1.8%  pme mesh/force 0.641

           Step           Time         Lambda
         560000      280.00000        0.00000

   Energies (kJ/mol)
          Angle    Proper Dih. Ryckaert-Bell.          LJ-14     Coulomb-14
    1.15958e+03    2.81718e+01    9.16736e+01    3.06956e+02   -1.28853e+03
        LJ (SR)  Disper. corr.   Coulomb (SR)   Coul. recip.      Potential
    2.14370e+04   -1.23645e+03   -1.51048e+05    5.66169e+02   -1.29983e+05
    Kinetic En.   Total Energy    Temperature Pres. DC (bar) Pressure (bar)
    2.49702e+04   -1.05013e+05    3.03477e+02   -2.02800e+02   -1.89322e+02
   Constr. rmsd
    1.22506e-06

DD  step 579999  vol min/aver 0.786  load imb.: force  3.3%  pme mesh/force 0.614

           Step           Time         Lambda
         580000      290.00000        0.00000

   Energies (kJ/mol)
          Angle    Proper Dih. Ryckaert-Bell.          LJ-14     Coulomb-14
    1.08811e+03    3.08079e+01    1.35673e+02    2.88974e+02   -1.27933e+03
        LJ (SR)  Disper. corr.   Coulomb (SR)   Coul. recip.      Potential
    2.11134e+04   -1.24283e+03   -1.51418e+05    5.28459e+02   -1.30755e+05
    Kinetic En.   Total Energy    Temperature Pres. DC (bar) Pressure (bar)
    2.56588e+04   -1.05096e+05    3.11846e+02   -2.04895e+02   -3.77406e+02
   Constr. rmsd
    1.18274e-06

DD  step 599999  vol min/aver 0.731  load imb.: force  3.8%  pme mesh/force 0.621

           Step           Time         Lambda
         600000      300.00000        0.00000

   Energies (kJ/mol)
          Angle    Proper Dih. Ryckaert-Bell.          LJ-14     Coulomb-14
    1.08974e+03    3.82878e+01    1.08011e+02    3.37322e+02   -1.30816e+03
        LJ (SR)  Disper. corr.   Coulomb (SR)   Coul. recip.      Potential
    2.18089e+04   -1.24375e+03   -1.51900e+05    5.18683e+02   -1.30551e+05
    Kinetic En.   Total Energy    Temperature Pres. DC (bar) Pressure (bar)
    2.44729e+04   -1.06078e+05    2.97433e+02   -2.05200e+02    4.24479e+01
   Constr. rmsd
    1.17351e-06

DD  step 619999  vol min/aver 0.737  load imb.: force  2.9%  pme mesh/force 0.619

           Step           Time         Lambda
         620000      310.00000        0.00000

   Energies (kJ/mol)
          Angle    Proper Dih. Ryckaert-Bell.          LJ-14     Coulomb-14
    1.14316e+03    5.06341e+01    5.91445e+01    3.45242e+02   -1.29493e+03
        LJ (SR)  Disper. corr.   Coulomb (SR)   Coul. recip.      Potential
    2.10903e+04   -1.24635e+03   -1.51247e+05    5.70920e+02   -1.30528e+05
    Kinetic En.   Total Energy    Temperature Pres. DC (bar) Pressure (bar)
    2.48159e+04   -1.05713e+05    3.01601e+02   -2.06058e+02   -3.27539e+02
   Constr. rmsd
    1.24024e-06

DD  step 639999  vol min/aver 0.770  load imb.: force  1.7%  pme mesh/force 0.625

           Step           Time         Lambda
         640000      320.00000        0.00000

   Energies (kJ/mol)
          Angle    Proper Dih. Ryckaert-Bell.          LJ-14     Coulomb-14
    1.08095e+03    4.90779e+01    1.56905e+02    3.01673e+02   -1.30326e+03
        LJ (SR)  Disper. corr.   Coulomb (SR)   Coul. recip.      Potential
    2.14828e+04   -1.23660e+03   -1.51691e+05    5.82612e+02   -1.30577e+05
    Kinetic En.   Total Energy    Temperature Pres. DC (bar) Pressure (bar)
    2.50429e+04   -1.05534e+05    3.04361e+02   -2.02849e+02   -2.62647e+02
   Constr. rmsd
    1.27428e-06

DD  step 659999  vol min/aver 0.727  load imb.: force  2.9%  pme mesh/force 0.626

           Step           Time         Lambda
         660000      330.00000        0.00000

   Energies (kJ/mol)
          Angle    Proper Dih. Ryckaert-Bell.          LJ-14     Coulomb-14
    1.23086e+03    2.56104e+01    1.33237e+02    3.22038e+02   -1.30939e+03
        LJ (SR)  Disper. corr.   Coulomb (SR)   Coul. recip.      Potential
    2.12344e+04   -1.24447e+03   -1.51107e+05    5.04560e+02   -1.30210e+05
    Kinetic En.   Total Energy    Temperature Pres. DC (bar) Pressure (bar)
    2.47656e+04   -1.05444e+05    3.00990e+02   -2.05435e+02   -1.84747e+02
   Constr. rmsd
    1.24680e-06

DD  step 679999  vol min/aver 0.691  load imb.: force  3.1%  pme mesh/force 0.626

           Step           Time         Lambda
         680000      340.00000        0.00000

   Energies (kJ/mol)
          Angle    Proper Dih. Ryckaert-Bell.          LJ-14     Coulomb-14
    1.04271e+03    3.93369e+01    1.23590e+02    3.14187e+02   -1.31988e+03
        LJ (SR)  Disper. corr.   Coulomb (SR)   Coul. recip.      Potential
    2.19283e+04   -1.23744e+03   -1.51801e+05    5.19348e+02   -1.30391e+05
    Kinetic En.   Total Energy    Temperature Pres. DC (bar) Pressure (bar)
    2.47106e+04   -1.05680e+05    3.00322e+02   -2.03124e+02    6.64753e+01
   Constr. rmsd
    1.28708e-06

DD  step 699999  vol min/aver 0.749  load imb.: force  1.9%  pme mesh/force 0.631

           Step           Time         Lambda
         700000      350.00000        0.00000

   Energies (kJ/mol)
          Angle    Proper Dih. Ryckaert-Bell.          LJ-14     Coulomb-14
    1.16736e+03    4.07147e+01    1.64767e+02    2.92746e+02   -1.31221e+03
        LJ (SR)  Disper. corr.   Coulomb (SR)   Coul. recip.      Potential
    2.17162e+04   -1.24736e+03   -1.51301e+05    5.58566e+02   -1.29921e+05
    Kinetic En.   Total Energy    Temperature Pres. DC (bar) Pressure (bar)
    2.49625e+04   -1.04958e+05    3.03384e+02   -2.06390e+02    1.18407e+00
   Constr. rmsd
    1.19533e-06

DD  step 719999  vol min/aver 0.789  load imb.: force  3.1%  pme mesh/force 0.631

           Step           Time         Lambda
         720000      360.00000        0.00000

   Energies (kJ/mol)
          Angle    Proper Dih. Ryckaert-Bell.          LJ-14     Coulomb-14
    1.18898e+03    3.66535e+01    9.15405e+01    3.06569e+02   -1.34762e+03
        LJ (SR)  Disper. corr.   Coulomb (SR)   Coul. recip.      Potential
    2.18967e+04   -1.23908e+03   -1.51922e+05    5.44781e+02   -1.30444e+05
    Kinetic En.   Total Energy    Temperature Pres. DC (bar) Pressure (bar)
    2.45224e+04   -1.05921e+05    2.98035e+02   -2.03662e+02   -7.48201e+01
   Constr. rmsd
    1.22495e-06

DD  step 739999  vol min/aver 0.768  load imb.: force  2.7%  pme mesh/force 0.619

           Step           Time         Lambda
         740000      370.00000        0.00000

   Energies (kJ/mol)
          Angle    Proper Dih. Ryckaert-Bell.          LJ-14     Coulomb-14
    1.20559e+03    3.76905e+01    1.06510e+02    3.28472e+02   -1.30721e+03
        LJ (SR)  Disper. corr.   Coulomb (SR)   Coul. recip.      Potential
    2.18843e+04   -1.24282e+03   -1.52287e+05    5.15428e+02   -1.30759e+05
    Kinetic En.   Total Energy    Temperature Pres. DC (bar) Pressure (bar)
    2.45231e+04   -1.06236e+05    2.98043e+02   -2.04893e+02    9.39803e+01
   Constr. rmsd
    1.12406e-06

DD  step 759999  vol min/aver 0.786  load imb.: force  3.6%  pme mesh/force 0.619

           Step           Time         Lambda
         760000      380.00000        0.00000

   Energies (kJ/mol)
          Angle    Proper Dih. Ryckaert-Bell.          LJ-14     Coulomb-14
    1.16789e+03    3.73209e+01    1.94182e+02    3.06001e+02   -1.27838e+03
        LJ (SR)  Disper. corr.   Coulomb (SR)   Coul. recip.      Potential
    2.14545e+04   -1.24436e+03   -1.51817e+05    5.52171e+02   -1.30627e+05
    Kinetic En.   Total Energy    Temperature Pres. DC (bar) Pressure (bar)
    2.47514e+04   -1.05876e+05    3.00817e+02   -2.05402e+02   -1.57731e+02
   Constr. rmsd
    1.18852e-06

DD  step 779999  vol min/aver 0.768  load imb.: force  2.4%  pme mesh/force 0.620

           Step           Time         Lambda
         780000      390.00000        0.00000

   Energies (kJ/mol)
          Angle    Proper Dih. Ryckaert-Bell.          LJ-14     Coulomb-14
    1.04395e+03    4.20196e+01    1.83579e+02    3.18128e+02   -1.28226e+03
        LJ (SR)  Disper. corr.   Coulomb (SR)   Coul. recip.      Potential
    2.15973e+04   -1.24344e+03   -1.51891e+05    5.06931e+02   -1.30724e+05
    Kinetic En.   Total Energy    Temperature Pres. DC (bar) Pressure (bar)
    2.50902e+04   -1.05634e+05    3.04935e+02   -2.05097e+02   -1.71072e+01
   Constr. rmsd
    1.10246e-06

Writing checkpoint, step 794040 at Fri Aug 22 21:16:38 2025


DD  step 799999  vol min/aver 0.745  load imb.: force  3.7%  pme mesh/force 0.618

           Step           Time         Lambda
         800000      400.00000        0.00000

   Energies (kJ/mol)
          Angle    Proper Dih. Ryckaert-Bell.          LJ-14     Coulomb-14
    1.11117e+03    3.25304e+01    1.45152e+02    3.28666e+02   -1.29052e+03
        LJ (SR)  Disper. corr.   Coulomb (SR)   Coul. recip.      Potential
    2.09764e+04   -1.24515e+03   -1.51022e+05    5.50563e+02   -1.30413e+05
    Kinetic En.   Total Energy    Temperature Pres. DC (bar) Pressure (bar)
    2.44703e+04   -1.05942e+05    2.97402e+02   -2.05662e+02   -4.28700e+02
   Constr. rmsd
    1.17260e-06

DD  step 819999  vol min/aver 0.756  load imb.: force  2.4%  pme mesh/force 0.625

           Step           Time         Lambda
         820000      410.00000        0.00000

   Energies (kJ/mol)
          Angle    Proper Dih. Ryckaert-Bell.          LJ-14     Coulomb-14
    1.10947e+03    2.28981e+01    9.20814e+01    3.19919e+02   -1.30139e+03
        LJ (SR)  Disper. corr.   Coulomb (SR)   Coul. recip.      Potential
    2.12631e+04   -1.24198e+03   -1.51417e+05    5.23963e+02   -1.30629e+05
    Kinetic En.   Total Energy    Temperature Pres. DC (bar) Pressure (bar)
    2.49387e+04   -1.05690e+05    3.03094e+02   -2.04615e+02   -1.66991e+02
   Constr. rmsd
    1.09076e-06

DD  step 839999  vol min/aver 0.736  load imb.: force  3.4%  pme mesh/force 0.616

           Step           Time         Lambda
         840000      420.00000        0.00000

   Energies (kJ/mol)
          Angle    Proper Dih. Ryckaert-Bell.          LJ-14     Coulomb-14
    1.16148e+03    3.29914e+01    7.33603e+01    3.34819e+02   -1.31174e+03
        LJ (SR)  Disper. corr.   Coulomb (SR)   Coul. recip.      Potential
    2.14454e+04   -1.24157e+03   -1.51350e+05    5.46201e+02   -1.30309e+05
    Kinetic En.   Total Energy    Temperature Pres. DC (bar) Pressure (bar)
    2.48284e+04   -1.05480e+05    3.01754e+02   -2.04482e+02   -1.55833e+02
   Constr. rmsd
    1.23320e-06

DD  step 859999  vol min/aver 0.794  load imb.: force  2.8%  pme mesh/force 0.618

           Step           Time         Lambda
         860000      430.00000        0.00000

   Energies (kJ/mol)
          Angle    Proper Dih. Ryckaert-Bell.          LJ-14     Coulomb-14
    1.12737e+03    4.04270e+01    1.49147e+02    3.22462e+02   -1.26352e+03
        LJ (SR)  Disper. corr.   Coulomb (SR)   Coul. recip.      Potential
    2.23335e+04   -1.24167e+03   -1.52380e+05    5.90140e+02   -1.30322e+05
    Kinetic En.   Total Energy    Temperature Pres. DC (bar) Pressure (bar)
    2.44723e+04   -1.05850e+05    2.97425e+02   -2.04514e+02    3.05622e+02
   Constr. rmsd
    1.03333e-06

DD  step 879999  vol min/aver 0.864  load imb.: force  2.9%  pme mesh/force 0.614

           Step           Time         Lambda
         880000      440.00000        0.00000

   Energies (kJ/mol)
          Angle    Proper Dih. Ryckaert-Bell.          LJ-14     Coulomb-14
    1.18270e+03    4.47913e+01    1.08865e+02    3.02592e+02   -1.29498e+03
        LJ (SR)  Disper. corr.   Coulomb (SR)   Coul. recip.      Potential
    2.20602e+04   -1.24038e+03   -1.52282e+05    5.75724e+02   -1.30542e+05
    Kinetic En.   Total Energy    Temperature Pres. DC (bar) Pressure (bar)
    2.50128e+04   -1.05529e+05    3.03995e+02   -2.04089e+02   -2.32365e+00
   Constr. rmsd
    1.12619e-06

DD  step 899999  vol min/aver 0.847  load imb.: force  2.8%  pme mesh/force 0.627

           Step           Time         Lambda
         900000      450.00000        0.00000

   Energies (kJ/mol)
          Angle    Proper Dih. Ryckaert-Bell.          LJ-14     Coulomb-14
    1.12508e+03    4.52802e+01    1.62978e+02    3.17730e+02   -1.29420e+03
        LJ (SR)  Disper. corr.   Coulomb (SR)   Coul. recip.      Potential
    2.19155e+04   -1.24301e+03   -1.52304e+05    5.55347e+02   -1.30720e+05
    Kinetic En.   Total Energy    Temperature Pres. DC (bar) Pressure (bar)
    2.48044e+04   -1.05915e+05    3.01462e+02   -2.04955e+02    7.59002e+01
   Constr. rmsd
    1.07135e-06

DD  step 919999  vol min/aver 0.855  load imb.: force  3.2%  pme mesh/force 0.615

           Step           Time         Lambda
         920000      460.00000        0.00000

   Energies (kJ/mol)
          Angle    Proper Dih. Ryckaert-Bell.          LJ-14     Coulomb-14
    1.10021e+03    3.95154e+01    3.39003e+01    3.17539e+02   -1.32434e+03
        LJ (SR)  Disper. corr.   Coulomb (SR)   Coul. recip.      Potential
    2.20050e+04   -1.24852e+03   -1.51624e+05    5.47025e+02   -1.30153e+05
    Kinetic En.   Total Energy    Temperature Pres. DC (bar) Pressure (bar)
    2.47624e+04   -1.05391e+05    3.00952e+02   -2.06773e+02    2.64450e+02
   Constr. rmsd
    1.05321e-06

DD  step 939999  vol min/aver 0.801  load imb.: force  4.8%  pme mesh/force 0.611

           Step           Time         Lambda
         940000      470.00000        0.00000

   Energies (kJ/mol)
          Angle    Proper Dih. Ryckaert-Bell.          LJ-14     Coulomb-14
    1.15805e+03    4.20766e+01    8.82931e+01    3.11318e+02   -1.31740e+03
        LJ (SR)  Disper. corr.   Coulomb (SR)   Coul. recip.      Potential
    2.21292e+04   -1.24235e+03   -1.52271e+05    5.87985e+02   -1.30514e+05
    Kinetic En.   Total Energy    Temperature Pres. DC (bar) Pressure (bar)
    2.51524e+04   -1.05361e+05    3.05692e+02   -2.04740e+02    2.22689e+02
   Constr. rmsd
    1.08854e-06

DD  step 959999  vol min/aver 0.867  load imb.: force  2.8%  pme mesh/force 0.622

           Step           Time         Lambda
         960000      480.00000        0.00000

   Energies (kJ/mol)
          Angle    Proper Dih. Ryckaert-Bell.          LJ-14     Coulomb-14
    1.05744e+03    5.18488e+01    1.17396e+02    3.15371e+02   -1.31292e+03
        LJ (SR)  Disper. corr.   Coulomb (SR)   Coul. recip.      Potential
    2.16367e+04   -1.24272e+03   -1.51787e+05    5.67380e+02   -1.30596e+05
    Kinetic En.   Total Energy    Temperature Pres. DC (bar) Pressure (bar)
    2.45604e+04   -1.06036e+05    2.98496e+02   -2.04861e+02   -6.77532e+01
   Constr. rmsd
    1.06835e-06

DD  step 979999  vol min/aver 0.848  load imb.: force  3.5%  pme mesh/force 0.623

           Step           Time         Lambda
         980000      490.00000        0.00000

   Energies (kJ/mol)
          Angle    Proper Dih. Ryckaert-Bell.          LJ-14     Coulomb-14
    1.12359e+03    3.02504e+01    6.38410e+01    3.06473e+02   -1.32239e+03
        LJ (SR)  Disper. corr.   Coulomb (SR)   Coul. recip.      Potential
    2.19458e+04   -1.24267e+03   -1.52314e+05    5.31950e+02   -1.30877e+05
    Kinetic En.   Total Energy    Temperature Pres. DC (bar) Pressure (bar)
    2.45514e+04   -1.06325e+05    2.98388e+02   -2.04842e+02    9.89243e+01
   Constr. rmsd
    1.07913e-06

DD  step 999999  vol min/aver 0.822  load imb.: force  1.8%  pme mesh/force 0.632

           Step           Time         Lambda
        1000000      500.00000        0.00000

   Energies (kJ/mol)
          Angle    Proper Dih. Ryckaert-Bell.          LJ-14     Coulomb-14
    1.07364e+03    3.58721e+01    1.07005e+02    3.29122e+02   -1.32950e+03
        LJ (SR)  Disper. corr.   Coulomb (SR)   Coul. recip.      Potential
    2.19145e+04   -1.24326e+03   -1.52941e+05    5.15482e+02   -1.31538e+05
    Kinetic En.   Total Energy    Temperature Pres. DC (bar) Pressure (bar)
    2.45564e+04   -1.06982e+05    2.98448e+02   -2.05039e+02   -1.94259e+02
   Constr. rmsd
    1.11746e-06

DD  step 1019999  vol min/aver 0.859  load imb.: force  2.6%  pme mesh/force 0.618

           Step           Time         Lambda
        1020000      510.00000        0.00000

   Energies (kJ/mol)
          Angle    Proper Dih. Ryckaert-Bell.          LJ-14     Coulomb-14
    1.13570e+03    3.21920e+01    1.04705e+02    3.37596e+02   -1.30348e+03
        LJ (SR)  Disper. corr.   Coulomb (SR)   Coul. recip.      Potential
    2.21106e+04   -1.24693e+03   -1.52729e+05    5.11011e+02   -1.31048e+05
    Kinetic En.   Total Energy    Temperature Pres. DC (bar) Pressure (bar)
    2.41668e+04   -1.06881e+05    2.93713e+02   -2.06250e+02    1.87152e+02
   Constr. rmsd
    1.12488e-06

DD  step 1039999  vol min/aver 0.838  load imb.: force  1.8%  pme mesh/force 0.627

           Step           Time         Lambda
        1040000      520.00000        0.00000

   Energies (kJ/mol)
          Angle    Proper Dih. Ryckaert-Bell.          LJ-14     Coulomb-14
    1.17182e+03    3.64985e+01    8.60374e+01    3.28482e+02   -1.28265e+03
        LJ (SR)  Disper. corr.   Coulomb (SR)   Coul. recip.      Potential
    2.18815e+04   -1.23918e+03   -1.52472e+05    5.55802e+02   -1.30933e+05
    Kinetic En.   Total Energy    Temperature Pres. DC (bar) Pressure (bar)
    2.45421e+04   -1.06391e+05    2.98274e+02   -2.03695e+02   -1.62100e+02
   Constr. rmsd
    1.08045e-06

DD  step 1059999  vol min/aver 0.828  load imb.: force  2.0%  pme mesh/force 0.626

           Step           Time         Lambda
        1060000      530.00000        0.00000

   Energies (kJ/mol)
          Angle    Proper Dih. Ryckaert-Bell.          LJ-14     Coulomb-14
    1.13803e+03    3.18435e+01    1.43533e+02    3.35742e+02   -1.27600e+03
        LJ (SR)  Disper. corr.   Coulomb (SR)   Coul. recip.      Potential
    2.10732e+04   -1.24867e+03   -1.51378e+05    5.21438e+02   -1.30659e+05
    Kinetic En.   Total Energy    Temperature Pres. DC (bar) Pressure (bar)
    2.51438e+04   -1.05515e+05    3.05587e+02   -2.06823e+02   -2.55746e+02
   Constr. rmsd
    1.10933e-06

DD  step 1079999  vol min/aver 0.803  load imb.: force  2.4%  pme mesh/force 0.624

           Step           Time         Lambda
        1080000      540.00000        0.00000

   Energies (kJ/mol)
          Angle    Proper Dih. Ryckaert-Bell.          LJ-14     Coulomb-14
    1.15640e+03    3.56348e+01    1.31404e+02    3.40916e+02   -1.28114e+03
        LJ (SR)  Disper. corr.   Coulomb (SR)   Coul. recip.      Potential
    2.20116e+04   -1.24400e+03   -1.52368e+05    5.70534e+02   -1.30647e+05
    Kinetic En.   Total Energy    Temperature Pres. DC (bar) Pressure (bar)
    2.46695e+04   -1.05977e+05    2.99822e+02   -2.05280e+02    1.24749e+02
   Constr. rmsd
    1.12523e-06

DD  step 1099999  vol min/aver 0.832  load imb.: force  2.3%  pme mesh/force 0.623

           Step           Time         Lambda
        1100000      550.00000        0.00000

   Energies (kJ/mol)
          Angle    Proper Dih. Ryckaert-Bell.          LJ-14     Coulomb-14
    1.13568e+03    3.53439e+01    1.32848e+02    3.20848e+02   -1.27146e+03
        LJ (SR)  Disper. corr.   Coulomb (SR)   Coul. recip.      Potential
    2.18831e+04   -1.24366e+03   -1.52334e+05    5.65516e+02   -1.30776e+05
    Kinetic En.   Total Energy    Temperature Pres. DC (bar) Pressure (bar)
    2.41982e+04   -1.06578e+05    2.94094e+02   -2.05170e+02    4.36858e+01
   Constr. rmsd
    1.12986e-06

DD  step 1119999  vol min/aver 0.848  load imb.: force  2.8%  pme mesh/force 0.642

           Step           Time         Lambda
        1120000      560.00000        0.00000

   Energies (kJ/mol)
          Angle    Proper Dih. Ryckaert-Bell.          LJ-14     Coulomb-14
    1.09136e+03    4.66191e+01    1.74239e+02    3.03594e+02   -1.24026e+03
        LJ (SR)  Disper. corr.   Coulomb (SR)   Coul. recip.      Potential
    2.21147e+04   -1.23927e+03   -1.52377e+05    5.38931e+02   -1.30587e+05
    Kinetic En.   Total Energy    Temperature Pres. DC (bar) Pressure (bar)
    2.50020e+04   -1.05585e+05    3.03864e+02   -2.03725e+02    5.10665e+01
   Constr. rmsd
    1.17627e-06

DD  step 1139999  vol min/aver 0.827  load imb.: force  2.8%  pme mesh/force 0.625

           Step           Time         Lambda
        1140000      570.00000        0.00000

   Energies (kJ/mol)
          Angle    Proper Dih. Ryckaert-Bell.          LJ-14     Coulomb-14
    1.08257e+03    3.22765e+01    1.59076e+02    3.34855e+02   -1.28356e+03
        LJ (SR)  Disper. corr.   Coulomb (SR)   Coul. recip.      Potential
    2.19717e+04   -1.24386e+03   -1.51652e+05    6.01557e+02   -1.29997e+05
    Kinetic En.   Total Energy    Temperature Pres. DC (bar) Pressure (bar)
    2.49674e+04   -1.05030e+05    3.03443e+02   -2.05235e+02    2.05078e+02
   Constr. rmsd
    1.11773e-06

DD  step 1159999  vol min/aver 0.856  load imb.: force  2.7%  pme mesh/force 0.623

           Step           Time         Lambda
        1160000      580.00000        0.00000

   Energies (kJ/mol)
          Angle    Proper Dih. Ryckaert-Bell.          LJ-14     Coulomb-14
    1.14328e+03    4.94481e+01    6.91186e+01    3.27964e+02   -1.30797e+03
        LJ (SR)  Disper. corr.   Coulomb (SR)   Coul. recip.      Potential
    2.19737e+04   -1.24775e+03   -1.51655e+05    5.64010e+02   -1.30083e+05
    Kinetic En.   Total Energy    Temperature Pres. DC (bar) Pressure (bar)
    2.44053e+04   -1.05677e+05    2.96612e+02   -2.06520e+02    1.55026e+02
   Constr. rmsd
    1.11532e-06

DD  step 1179999  vol min/aver 0.833  load imb.: force  4.5%  pme mesh/force 0.615

           Step           Time         Lambda
        1180000      590.00000        0.00000

   Energies (kJ/mol)
          Angle    Proper Dih. Ryckaert-Bell.          LJ-14     Coulomb-14
    1.13119e+03    3.94430e+01    1.05681e+02    3.07683e+02   -1.29382e+03
        LJ (SR)  Disper. corr.   Coulomb (SR)   Coul. recip.      Potential
    2.17048e+04   -1.24451e+03   -1.51641e+05    5.46050e+02   -1.30345e+05
    Kinetic En.   Total Energy    Temperature Pres. DC (bar) Pressure (bar)
    2.48398e+04   -1.05505e+05    3.01892e+02   -2.05450e+02   -8.58244e+01
   Constr. rmsd
    1.17032e-06

DD  step 1199999  vol min/aver 0.760  load imb.: force  3.1%  pme mesh/force 0.616

           Step           Time         Lambda
        1200000      600.00000        0.00000

   Energies (kJ/mol)
          Angle    Proper Dih. Ryckaert-Bell.          LJ-14     Coulomb-14
    1.01521e+03    3.60417e+01    1.71166e+02    3.38010e+02   -1.31991e+03
        LJ (SR)  Disper. corr.   Coulomb (SR)   Coul. recip.      Potential
    2.16777e+04   -1.24587e+03   -1.51399e+05    5.37566e+02   -1.30189e+05
    Kinetic En.   Total Energy    Temperature Pres. DC (bar) Pressure (bar)
    2.48459e+04   -1.05343e+05    3.01967e+02   -2.05899e+02    2.12234e+02
   Constr. rmsd
    1.06798e-06

DD  step 1219999  vol min/aver 0.803  load imb.: force  2.1%  pme mesh/force 0.632

           Step           Time         Lambda
        1220000      610.00000        0.00000

   Energies (kJ/mol)
          Angle    Proper Dih. Ryckaert-Bell.          LJ-14     Coulomb-14
    1.09829e+03    2.75683e+01    9.88307e+01    3.07524e+02   -1.29899e+03
        LJ (SR)  Disper. corr.   Coulomb (SR)   Coul. recip.      Potential
    2.18662e+04   -1.24554e+03   -1.52742e+05    5.65111e+02   -1.31323e+05
    Kinetic En.   Total Energy    Temperature Pres. DC (bar) Pressure (bar)
    2.47047e+04   -1.06618e+05    3.00250e+02   -2.05791e+02   -2.53598e+02
   Constr. rmsd
    1.08793e-06

DD  step 1239999  vol min/aver 0.751  load imb.: force  3.2%  pme mesh/force 0.613

           Step           Time         Lambda
        1240000      620.00000        0.00000

   Energies (kJ/mol)
          Angle    Proper Dih. Ryckaert-Bell.          LJ-14     Coulomb-14
    1.18206e+03    4.16032e+01    1.51894e+02    3.22665e+02   -1.31224e+03
        LJ (SR)  Disper. corr.   Coulomb (SR)   Coul. recip.      Potential
    2.15348e+04   -1.24943e+03   -1.51256e+05    5.73452e+02   -1.30011e+05
    Kinetic En.   Total Energy    Temperature Pres. DC (bar) Pressure (bar)
    2.46686e+04   -1.05343e+05    2.99811e+02   -2.07076e+02    1.29922e+02
   Constr. rmsd
    1.13785e-06

DD  step 1259999  vol min/aver 0.807  load imb.: force  3.0%  pme mesh/force 0.637

           Step           Time         Lambda
        1260000      630.00000        0.00000

   Energies (kJ/mol)
          Angle    Proper Dih. Ryckaert-Bell.          LJ-14     Coulomb-14
    1.13406e+03    4.84127e+01    1.72677e+02    3.20852e+02   -1.29234e+03
        LJ (SR)  Disper. corr.   Coulomb (SR)   Coul. recip.      Potential
    2.21617e+04   -1.23749e+03   -1.52591e+05    5.59177e+02   -1.30724e+05
    Kinetic En.   Total Energy    Temperature Pres. DC (bar) Pressure (bar)
    2.45905e+04   -1.06133e+05    2.98863e+02   -2.03142e+02    6.10964e+01
   Constr. rmsd
    1.07210e-06

DD  step 1279999  vol min/aver 0.797  load imb.: force  2.7%  pme mesh/force 0.621

           Step           Time         Lambda
        1280000      640.00000        0.00000

   Energies (kJ/mol)
          Angle    Proper Dih. Ryckaert-Bell.          LJ-14     Coulomb-14
    1.20480e+03    2.21400e+01    7.36924e+01    2.91069e+02   -1.31575e+03
        LJ (SR)  Disper. corr.   Coulomb (SR)   Coul. recip.      Potential
    2.15630e+04   -1.23916e+03   -1.51657e+05    5.88794e+02   -1.30469e+05
    Kinetic En.   Total Energy    Temperature Pres. DC (bar) Pressure (bar)
    2.46217e+04   -1.05847e+05    2.99242e+02   -2.03691e+02   -3.13587e+02
   Constr. rmsd
    1.12939e-06

DD  step 1299999  vol min/aver 0.790  load imb.: force  3.7%  pme mesh/force 0.613

           Step           Time         Lambda
        1300000      650.00000        0.00000

   Energies (kJ/mol)
          Angle    Proper Dih. Ryckaert-Bell.          LJ-14     Coulomb-14
    1.12277e+03    3.70650e+01    1.15087e+02    3.02197e+02   -1.32762e+03
        LJ (SR)  Disper. corr.   Coulomb (SR)   Coul. recip.      Potential
    2.23865e+04   -1.24778e+03   -1.52784e+05    5.59456e+02   -1.30836e+05
    Kinetic En.   Total Energy    Temperature Pres. DC (bar) Pressure (bar)
    2.43289e+04   -1.06507e+05    2.95682e+02   -2.06529e+02    1.63057e+02
   Constr. rmsd
    1.16261e-06

DD  step 1319999  vol min/aver 0.822  load imb.: force  2.5%  pme mesh/force 0.623

           Step           Time         Lambda
        1320000      660.00000        0.00000

   Energies (kJ/mol)
          Angle    Proper Dih. Ryckaert-Bell.          LJ-14     Coulomb-14
    1.03708e+03    5.62629e+01    6.41637e+01    3.01213e+02   -1.35178e+03
        LJ (SR)  Disper. corr.   Coulomb (SR)   Coul. recip.      Potential
    2.20259e+04   -1.24200e+03   -1.52414e+05    5.22095e+02   -1.31001e+05
    Kinetic En.   Total Energy    Temperature Pres. DC (bar) Pressure (bar)
    2.46821e+04   -1.06319e+05    2.99975e+02   -2.04624e+02   -1.01059e+02
   Constr. rmsd
    1.06885e-06

DD  step 1339999  vol min/aver 0.819  load imb.: force  3.5%  pme mesh/force 0.622

           Step           Time         Lambda
        1340000      670.00000        0.00000

   Energies (kJ/mol)
          Angle    Proper Dih. Ryckaert-Bell.          LJ-14     Coulomb-14
    1.09105e+03    3.18095e+01    6.70413e+01    2.97626e+02   -1.34490e+03
        LJ (SR)  Disper. corr.   Coulomb (SR)   Coul. recip.      Potential
    2.17248e+04   -1.24111e+03   -1.51722e+05    5.16474e+02   -1.30579e+05
    Kinetic En.   Total Energy    Temperature Pres. DC (bar) Pressure (bar)
    2.43671e+04   -1.06212e+05    2.96147e+02   -2.04330e+02   -1.02361e+02
   Constr. rmsd
    1.14242e-06

DD  step 1359999  vol min/aver 0.791  load imb.: force  4.8%  pme mesh/force 0.627

           Step           Time         Lambda
        1360000      680.00000        0.00000

   Energies (kJ/mol)
          Angle    Proper Dih. Ryckaert-Bell.          LJ-14     Coulomb-14
    1.10904e+03    4.59546e+01    7.33941e+01    3.04896e+02   -1.32935e+03
        LJ (SR)  Disper. corr.   Coulomb (SR)   Coul. recip.      Potential
    2.19004e+04   -1.23972e+03   -1.51468e+05    5.78788e+02   -1.30024e+05
    Kinetic En.   Total Energy    Temperature Pres. DC (bar) Pressure (bar)
    2.43614e+04   -1.05663e+05    2.96078e+02   -2.03874e+02    1.14331e+02
   Constr. rmsd
    1.18192e-06

DD  step 1379999  vol min/aver 0.844  load imb.: force  2.4%  pme mesh/force 0.637

           Step           Time         Lambda
        1380000      690.00000        0.00000

   Energies (kJ/mol)
          Angle    Proper Dih. Ryckaert-Bell.          LJ-14     Coulomb-14
    1.10776e+03    3.78608e+01    2.34380e+01    3.08414e+02   -1.36881e+03
        LJ (SR)  Disper. corr.   Coulomb (SR)   Coul. recip.      Potential
    2.23473e+04   -1.23336e+03   -1.51757e+05    5.25932e+02   -1.30008e+05
    Kinetic En.   Total Energy    Temperature Pres. DC (bar) Pressure (bar)
    2.42513e+04   -1.05757e+05    2.94740e+02   -2.01790e+02    1.96275e+02
   Constr. rmsd
    1.19540e-06

DD  step 1399999  vol min/aver 0.828  load imb.: force  2.3%  pme mesh/force 0.620

           Step           Time         Lambda
        1400000      700.00000        0.00000

   Energies (kJ/mol)
          Angle    Proper Dih. Ryckaert-Bell.          LJ-14     Coulomb-14
    1.19115e+03    2.93205e+01    5.37231e+01    3.11050e+02   -1.36371e+03
        LJ (SR)  Disper. corr.   Coulomb (SR)   Coul. recip.      Potential
    2.17911e+04   -1.24816e+03   -1.52096e+05    5.57239e+02   -1.30774e+05
    Kinetic En.   Total Energy    Temperature Pres. DC (bar) Pressure (bar)
    2.47976e+04   -1.05976e+05    3.01380e+02   -2.06655e+02   -4.61147e+00
   Constr. rmsd
    1.12790e-06

DD  step 1419999  vol min/aver 0.811  load imb.: force  2.7%  pme mesh/force 0.623

           Step           Time         Lambda
        1420000      710.00000        0.00000

   Energies (kJ/mol)
          Angle    Proper Dih. Ryckaert-Bell.          LJ-14     Coulomb-14
    1.28070e+03    3.84512e+01    8.11125e+01    3.23265e+02   -1.36106e+03
        LJ (SR)  Disper. corr.   Coulomb (SR)   Coul. recip.      Potential
    2.14689e+04   -1.24436e+03   -1.50843e+05    5.42814e+02   -1.29713e+05
    Kinetic En.   Total Energy    Temperature Pres. DC (bar) Pressure (bar)
    2.46326e+04   -1.05081e+05    2.99374e+02   -2.05401e+02    1.17879e+02
   Constr. rmsd
    1.07233e-06

DD  step 1439999  vol min/aver 0.752  load imb.: force  3.5%  pme mesh/force 0.619

           Step           Time         Lambda
        1440000      720.00000        0.00000

   Energies (kJ/mol)
          Angle    Proper Dih. Ryckaert-Bell.          LJ-14     Coulomb-14
    1.16201e+03    4.82812e+01    9.06902e+01    3.49144e+02   -1.34186e+03
        LJ (SR)  Disper. corr.   Coulomb (SR)   Coul. recip.      Potential
    2.18391e+04   -1.24226e+03   -1.52215e+05    5.33818e+02   -1.30776e+05
    Kinetic En.   Total Energy    Temperature Pres. DC (bar) Pressure (bar)
    2.44146e+04   -1.06362e+05    2.96725e+02   -2.04709e+02   -8.01423e+01
   Constr. rmsd
    1.16890e-06

DD  step 1459999  vol min/aver 0.810  load imb.: force  3.5%  pme mesh/force 0.620

           Step           Time         Lambda
        1460000      730.00000        0.00000

   Energies (kJ/mol)
          Angle    Proper Dih. Ryckaert-Bell.          LJ-14     Coulomb-14
    1.14513e+03    3.14033e+01    4.06172e+01    3.19891e+02   -1.34889e+03
        LJ (SR)  Disper. corr.   Coulomb (SR)   Coul. recip.      Potential
    2.17998e+04   -1.24100e+03   -1.51491e+05    5.53725e+02   -1.30190e+05
    Kinetic En.   Total Energy    Temperature Pres. DC (bar) Pressure (bar)
    2.49807e+04   -1.05209e+05    3.03605e+02   -2.04295e+02   -3.71429e+01
   Constr. rmsd
    1.23321e-06

DD  step 1479999  vol min/aver 0.832  load imb.: force  2.6%  pme mesh/force 0.625

           Step           Time         Lambda
        1480000      740.00000        0.00000

   Energies (kJ/mol)
          Angle    Proper Dih. Ryckaert-Bell.          LJ-14     Coulomb-14
    1.11576e+03    1.92974e+01    6.94014e+01    3.00429e+02   -1.37283e+03
        LJ (SR)  Disper. corr.   Coulomb (SR)   Coul. recip.      Potential
    2.20235e+04   -1.24176e+03   -1.52028e+05    5.58375e+02   -1.30556e+05
    Kinetic En.   Total Energy    Temperature Pres. DC (bar) Pressure (bar)
    2.45511e+04   -1.06005e+05    2.98383e+02   -2.04544e+02    2.54260e+01
   Constr. rmsd
    1.12704e-06

DD  step 1499999  vol min/aver 0.891  load imb.: force  4.2%  pme mesh/force 0.612

           Step           Time         Lambda
        1500000      750.00000        0.00000

   Energies (kJ/mol)
          Angle    Proper Dih. Ryckaert-Bell.          LJ-14     Coulomb-14
    1.14240e+03    3.09268e+01    1.03327e+02    3.31035e+02   -1.33758e+03
        LJ (SR)  Disper. corr.   Coulomb (SR)   Coul. recip.      Potential
    2.23375e+04   -1.24349e+03   -1.52706e+05    5.19800e+02   -1.30822e+05
    Kinetic En.   Total Energy    Temperature Pres. DC (bar) Pressure (bar)
    2.51887e+04   -1.05634e+05    3.06132e+02   -2.05113e+02    2.72510e+02
   Constr. rmsd
    1.20014e-06

DD  step 1519999  vol min/aver 0.806  load imb.: force  3.0%  pme mesh/force 0.621

           Step           Time         Lambda
        1520000      760.00000        0.00000

   Energies (kJ/mol)
          Angle    Proper Dih. Ryckaert-Bell.          LJ-14     Coulomb-14
    1.13929e+03    2.42665e+01    6.78613e+01    3.00492e+02   -1.30166e+03
        LJ (SR)  Disper. corr.   Coulomb (SR)   Coul. recip.      Potential
    2.15925e+04   -1.24583e+03   -1.52257e+05    5.58298e+02   -1.31122e+05
    Kinetic En.   Total Energy    Temperature Pres. DC (bar) Pressure (bar)
    2.46667e+04   -1.06455e+05    2.99788e+02   -2.05885e+02   -3.34469e+02
   Constr. rmsd
    1.24281e-06

DD  step 1539999  vol min/aver 0.883  load imb.: force  2.0%  pme mesh/force 0.619

           Step           Time         Lambda
        1540000      770.00000        0.00000

   Energies (kJ/mol)
          Angle    Proper Dih. Ryckaert-Bell.          LJ-14     Coulomb-14
    1.13759e+03    2.57098e+01    8.74397e+01    3.26959e+02   -1.31934e+03
        LJ (SR)  Disper. corr.   Coulomb (SR)   Coul. recip.      Potential
    2.19531e+04   -1.24697e+03   -1.51636e+05    5.40113e+02   -1.30132e+05
    Kinetic En.   Total Energy    Temperature Pres. DC (bar) Pressure (bar)
    2.47900e+04   -1.05342e+05    3.01287e+02   -2.06263e+02    2.03128e+02
   Constr. rmsd
    1.15624e-06

DD  step 1559999  vol min/aver 0.812  load imb.: force  1.9%  pme mesh/force 0.633

           Step           Time         Lambda
        1560000      780.00000        0.00000

   Energies (kJ/mol)
          Angle    Proper Dih. Ryckaert-Bell.          LJ-14     Coulomb-14
    1.17255e+03    4.42377e+01    1.14218e+02    3.03109e+02   -1.29848e+03
        LJ (SR)  Disper. corr.   Coulomb (SR)   Coul. recip.      Potential
    2.18359e+04   -1.23798e+03   -1.51875e+05    5.40403e+02   -1.30401e+05
    Kinetic En.   Total Energy    Temperature Pres. DC (bar) Pressure (bar)
    2.48286e+04   -1.05572e+05    3.01756e+02   -2.03301e+02    1.17645e+02
   Constr. rmsd
    1.07540e-06

DD  step 1579999  vol min/aver 0.876  load imb.: force  1.9%  pme mesh/force 0.632

           Step           Time         Lambda
        1580000      790.00000        0.00000

   Energies (kJ/mol)
          Angle    Proper Dih. Ryckaert-Bell.          LJ-14     Coulomb-14
    1.07297e+03    3.67893e+01    1.15368e+02    3.04370e+02   -1.33345e+03
        LJ (SR)  Disper. corr.   Coulomb (SR)   Coul. recip.      Potential
    2.21014e+04   -1.23632e+03   -1.51624e+05    5.48915e+02   -1.30014e+05
    Kinetic En.   Total Energy    Temperature Pres. DC (bar) Pressure (bar)
    2.48719e+04   -1.05142e+05    3.02282e+02   -2.02760e+02    2.20049e+02
   Constr. rmsd
    1.13683e-06

Writing checkpoint, step 1588560 at Fri Aug 22 21:31:38 2025


DD  step 1599999  vol min/aver 0.852  load imb.: force  3.5%  pme mesh/force 0.615

           Step           Time         Lambda
        1600000      800.00000        0.00000

   Energies (kJ/mol)
          Angle    Proper Dih. Ryckaert-Bell.          LJ-14     Coulomb-14
    1.04184e+03    4.64505e+01    7.58590e+01    3.14612e+02   -1.33982e+03
        LJ (SR)  Disper. corr.   Coulomb (SR)   Coul. recip.      Potential
    2.19069e+04   -1.24220e+03   -1.51489e+05    5.73515e+02   -1.30112e+05
    Kinetic En.   Total Energy    Temperature Pres. DC (bar) Pressure (bar)
    2.48920e+04   -1.05220e+05    3.02526e+02   -2.04690e+02    2.98408e+02
   Constr. rmsd
    1.14197e-06

DD  step 1619999  vol min/aver 0.806  load imb.: force  2.9%  pme mesh/force 0.623

           Step           Time         Lambda
        1620000      810.00000        0.00000

   Energies (kJ/mol)
          Angle    Proper Dih. Ryckaert-Bell.          LJ-14     Coulomb-14
    1.18393e+03    4.07385e+01    1.12667e+02    3.09293e+02   -1.32065e+03
        LJ (SR)  Disper. corr.   Coulomb (SR)   Coul. recip.      Potential
    2.14071e+04   -1.24491e+03   -1.51513e+05    5.37364e+02   -1.30488e+05
    Kinetic En.   Total Energy    Temperature Pres. DC (bar) Pressure (bar)
    2.47918e+04   -1.05696e+05    3.01308e+02   -2.05581e+02   -4.80635e+01
   Constr. rmsd
    1.09597e-06

DD  step 1639999  vol min/aver 0.803  load imb.: force  1.5%  pme mesh/force 0.623

           Step           Time         Lambda
        1640000      820.00000        0.00000

   Energies (kJ/mol)
          Angle    Proper Dih. Ryckaert-Bell.          LJ-14     Coulomb-14
    1.10293e+03    2.97243e+01    1.00384e+02    3.06742e+02   -1.30238e+03
        LJ (SR)  Disper. corr.   Coulomb (SR)   Coul. recip.      Potential
    2.14014e+04   -1.24182e+03   -1.51792e+05    5.56929e+02   -1.30839e+05
    Kinetic En.   Total Energy    Temperature Pres. DC (bar) Pressure (bar)
    2.47840e+04   -1.06055e+05    3.01214e+02   -2.04565e+02   -3.16028e+02
   Constr. rmsd
    1.25723e-06

DD  step 1659999  vol min/aver 0.886  load imb.: force  3.4%  pme mesh/force 0.617

           Step           Time         Lambda
        1660000      830.00000        0.00000

   Energies (kJ/mol)
          Angle    Proper Dih. Ryckaert-Bell.          LJ-14     Coulomb-14
    1.06937e+03    4.14887e+01    1.58361e+02    2.99533e+02   -1.29170e+03
        LJ (SR)  Disper. corr.   Coulomb (SR)   Coul. recip.      Potential
    2.22442e+04   -1.24311e+03   -1.52388e+05    5.36243e+02   -1.30573e+05
    Kinetic En.   Total Energy    Temperature Pres. DC (bar) Pressure (bar)
    2.48431e+04   -1.05730e+05    3.01933e+02   -2.04987e+02    3.12215e+01
   Constr. rmsd
    1.15859e-06

DD  step 1679999  vol min/aver 0.832  load imb.: force  2.7%  pme mesh/force 0.625

           Step           Time         Lambda
        1680000      840.00000        0.00000

   Energies (kJ/mol)
          Angle    Proper Dih. Ryckaert-Bell.          LJ-14     Coulomb-14
    1.11813e+03    2.06765e+01    1.14335e+02    3.22528e+02   -1.30757e+03
        LJ (SR)  Disper. corr.   Coulomb (SR)   Coul. recip.      Potential
    2.17371e+04   -1.23985e+03   -1.50975e+05    5.33587e+02   -1.29676e+05
    Kinetic En.   Total Energy    Temperature Pres. DC (bar) Pressure (bar)
    2.47092e+04   -1.04966e+05    3.00304e+02   -2.03916e+02    3.02936e+00
   Constr. rmsd
    1.16487e-06

DD  step 1699999  vol min/aver 0.860  load imb.: force  4.2%  pme mesh/force 0.613

           Step           Time         Lambda
        1700000      850.00000        0.00000

   Energies (kJ/mol)
          Angle    Proper Dih. Ryckaert-Bell.          LJ-14     Coulomb-14
    1.18614e+03    1.69210e+01    1.21844e+02    3.09105e+02   -1.30579e+03
        LJ (SR)  Disper. corr.   Coulomb (SR)   Coul. recip.      Potential
    2.20545e+04   -1.24183e+03   -1.51544e+05    5.51586e+02   -1.29851e+05
    Kinetic En.   Total Energy    Temperature Pres. DC (bar) Pressure (bar)
    2.39114e+04   -1.05940e+05    2.90609e+02   -2.04568e+02    2.94828e+02
   Constr. rmsd
    1.15261e-06

DD  step 1719999  vol min/aver 0.844  load imb.: force  2.8%  pme mesh/force 0.623

           Step           Time         Lambda
        1720000      860.00000        0.00000

   Energies (kJ/mol)
          Angle    Proper Dih. Ryckaert-Bell.          LJ-14     Coulomb-14
    1.13696e+03    2.79821e+01    1.20702e+02    3.04316e+02   -1.29083e+03
        LJ (SR)  Disper. corr.   Coulomb (SR)   Coul. recip.      Potential
    2.23808e+04   -1.23974e+03   -1.52577e+05    5.51862e+02   -1.30585e+05
    Kinetic En.   Total Energy    Temperature Pres. DC (bar) Pressure (bar)
    2.47302e+04   -1.05855e+05    3.00560e+02   -2.03880e+02    3.22204e+02
   Constr. rmsd
    1.10375e-06

DD  step 1739999  vol min/aver 0.884  load imb.: force  2.9%  pme mesh/force 0.620

           Step           Time         Lambda
        1740000      870.00000        0.00000

   Energies (kJ/mol)
          Angle    Proper Dih. Ryckaert-Bell.          LJ-14     Coulomb-14
    1.22616e+03    4.65572e+01    8.50570e+01    3.04017e+02   -1.30989e+03
        LJ (SR)  Disper. corr.   Coulomb (SR)   Coul. recip.      Potential
    2.18848e+04   -1.24462e+03   -1.51920e+05    5.37806e+02   -1.30391e+05
    Kinetic En.   Total Energy    Temperature Pres. DC (bar) Pressure (bar)
    2.47490e+04   -1.05642e+05    3.00789e+02   -2.05485e+02    3.81837e+01
   Constr. rmsd
    1.17038e-06

DD  step 1759999  vol min/aver 0.886  load imb.: force  2.0%  pme mesh/force 0.629

           Step           Time         Lambda
        1760000      880.00000        0.00000

   Energies (kJ/mol)
          Angle    Proper Dih. Ryckaert-Bell.          LJ-14     Coulomb-14
    1.14964e+03    5.06636e+01    1.30233e+02    3.12534e+02   -1.29927e+03
        LJ (SR)  Disper. corr.   Coulomb (SR)   Coul. recip.      Potential
    2.14608e+04   -1.24459e+03   -1.51762e+05    5.14660e+02   -1.30688e+05
    Kinetic En.   Total Energy    Temperature Pres. DC (bar) Pressure (bar)
    2.44570e+04   -1.06230e+05    2.97240e+02   -2.05477e+02   -1.31792e+02
   Constr. rmsd
    1.12659e-06

DD  step 1779999  vol min/aver 0.897  load imb.: force  3.2%  pme mesh/force 0.616

           Step           Time         Lambda
        1780000      890.00000        0.00000

   Energies (kJ/mol)
          Angle    Proper Dih. Ryckaert-Bell.          LJ-14     Coulomb-14
    1.15736e+03    3.66835e+01    1.45684e+02    3.11081e+02   -1.31510e+03
        LJ (SR)  Disper. corr.   Coulomb (SR)   Coul. recip.      Potential
    2.17081e+04   -1.24334e+03   -1.51572e+05    5.09054e+02   -1.30262e+05
    Kinetic En.   Total Energy    Temperature Pres. DC (bar) Pressure (bar)
    2.45804e+04   -1.05682e+05    2.98739e+02   -2.05063e+02    2.54169e+00
   Constr. rmsd
    1.17661e-06

DD  step 1799999  vol min/aver 0.895  load imb.: force  3.4%  pme mesh/force 0.611

           Step           Time         Lambda
        1800000      900.00000        0.00000

   Energies (kJ/mol)
          Angle    Proper Dih. Ryckaert-Bell.          LJ-14     Coulomb-14
    1.19267e+03    3.93737e+01    7.20955e+01    2.99116e+02   -1.30762e+03
        LJ (SR)  Disper. corr.   Coulomb (SR)   Coul. recip.      Potential
    2.15734e+04   -1.24910e+03   -1.52374e+05    5.59101e+02   -1.31195e+05
    Kinetic En.   Total Energy    Temperature Pres. DC (bar) Pressure (bar)
    2.53526e+04   -1.05842e+05    3.08125e+02   -2.06967e+02   -2.70914e+02
   Constr. rmsd
    1.16848e-06

DD  step 1819999  vol min/aver 0.861  load imb.: force  2.9%  pme mesh/force 0.625

           Step           Time         Lambda
        1820000      910.00000        0.00000

   Energies (kJ/mol)
          Angle    Proper Dih. Ryckaert-Bell.          LJ-14     Coulomb-14
    1.19239e+03    2.07254e+01    1.26441e+02    3.19477e+02   -1.30707e+03
        LJ (SR)  Disper. corr.   Coulomb (SR)   Coul. recip.      Potential
    2.22241e+04   -1.23853e+03   -1.52837e+05    5.28785e+02   -1.30971e+05
    Kinetic En.   Total Energy    Temperature Pres. DC (bar) Pressure (bar)
    2.51373e+04   -1.05833e+05    3.05508e+02   -2.03483e+02    7.08566e+01
   Constr. rmsd
    1.21104e-06

DD  step 1839999  vol min/aver 0.867  load imb.: force  3.3%  pme mesh/force 0.614

           Step           Time         Lambda
        1840000      920.00000        0.00000

   Energies (kJ/mol)
          Angle    Proper Dih. Ryckaert-Bell.          LJ-14     Coulomb-14
    1.08491e+03    3.39949e+01    9.58556e+01    2.95039e+02   -1.33683e+03
        LJ (SR)  Disper. corr.   Coulomb (SR)   Coul. recip.      Potential
    2.20514e+04   -1.24521e+03   -1.52478e+05    5.54431e+02   -1.30945e+05
    Kinetic En.   Total Energy    Temperature Pres. DC (bar) Pressure (bar)
    2.46858e+04   -1.06259e+05    3.00020e+02   -2.05682e+02    7.26554e+01
   Constr. rmsd
    1.19103e-06

DD  step 1859999  vol min/aver 0.881  load imb.: force  3.2%  pme mesh/force 0.626

           Step           Time         Lambda
        1860000      930.00000        0.00000

   Energies (kJ/mol)
          Angle    Proper Dih. Ryckaert-Bell.          LJ-14     Coulomb-14
    1.06733e+03    3.02436e+01    2.40163e+01    3.24594e+02   -1.32403e+03
        LJ (SR)  Disper. corr.   Coulomb (SR)   Coul. recip.      Potential
    2.19829e+04   -1.23645e+03   -1.51528e+05    5.33947e+02   -1.30125e+05
    Kinetic En.   Total Energy    Temperature Pres. DC (bar) Pressure (bar)
    2.41868e+04   -1.05938e+05    2.93955e+02   -2.02801e+02    5.02726e+01
   Constr. rmsd
    1.20286e-06

DD  step 1879999  vol min/aver 0.915  load imb.: force  3.0%  pme mesh/force 0.624

           Step           Time         Lambda
        1880000      940.00000        0.00000

   Energies (kJ/mol)
          Angle    Proper Dih. Ryckaert-Bell.          LJ-14     Coulomb-14
    1.10995e+03    2.53100e+01    1.36849e+02    3.46459e+02   -1.30125e+03
        LJ (SR)  Disper. corr.   Coulomb (SR)   Coul. recip.      Potential
    2.19618e+04   -1.24363e+03   -1.52384e+05    5.49723e+02   -1.30799e+05
    Kinetic En.   Total Energy    Temperature Pres. DC (bar) Pressure (bar)
    2.45018e+04   -1.06297e+05    2.97784e+02   -2.05159e+02    1.62815e+02
   Constr. rmsd
    1.17369e-06

DD  step 1899999  vol min/aver 0.901  load imb.: force  2.8%  pme mesh/force 0.622

           Step           Time         Lambda
        1900000      950.00000        0.00000

   Energies (kJ/mol)
          Angle    Proper Dih. Ryckaert-Bell.          LJ-14     Coulomb-14
    1.14285e+03    3.27661e+01    1.17885e+02    3.26457e+02   -1.31978e+03
        LJ (SR)  Disper. corr.   Coulomb (SR)   Coul. recip.      Potential
    2.15621e+04   -1.24638e+03   -1.51927e+05    5.27143e+02   -1.30784e+05
    Kinetic En.   Total Energy    Temperature Pres. DC (bar) Pressure (bar)
    2.46704e+04   -1.06113e+05    2.99833e+02   -2.06068e+02   -1.57259e+02
   Constr. rmsd
    1.16607e-06

DD  step 1919999  vol min/aver 0.881  load imb.: force  2.9%  pme mesh/force 0.624

           Step           Time         Lambda
        1920000      960.00000        0.00000

   Energies (kJ/mol)
          Angle    Proper Dih. Ryckaert-Bell.          LJ-14     Coulomb-14
    1.14993e+03    4.55396e+01    1.16419e+02    3.15853e+02   -1.30307e+03
        LJ (SR)  Disper. corr.   Coulomb (SR)   Coul. recip.      Potential
    2.19503e+04   -1.24074e+03   -1.52037e+05    5.51214e+02   -1.30452e+05
    Kinetic En.   Total Energy    Temperature Pres. DC (bar) Pressure (bar)
    2.50321e+04   -1.05420e+05    3.04229e+02   -2.04210e+02    7.90196e+01
   Constr. rmsd
    1.10541e-06

DD  step 1939999  vol min/aver 0.876  load imb.: force  1.7%  pme mesh/force 0.625

           Step           Time         Lambda
        1940000      970.00000        0.00000

   Energies (kJ/mol)
          Angle    Proper Dih. Ryckaert-Bell.          LJ-14     Coulomb-14
    1.07245e+03    3.09269e+01    1.25276e+02    3.15430e+02   -1.27415e+03
        LJ (SR)  Disper. corr.   Coulomb (SR)   Coul. recip.      Potential
    2.10149e+04   -1.24324e+03   -1.50495e+05    5.71580e+02   -1.29882e+05
    Kinetic En.   Total Energy    Temperature Pres. DC (bar) Pressure (bar)
    2.47793e+04   -1.05102e+05    3.01157e+02   -2.05031e+02   -2.33886e+02
   Constr. rmsd
    1.16378e-06

DD  step 1959999  vol min/aver 0.847  load imb.: force  2.6%  pme mesh/force 0.620

           Step           Time         Lambda
        1960000      980.00000        0.00000

   Energies (kJ/mol)
          Angle    Proper Dih. Ryckaert-Bell.          LJ-14     Coulomb-14
    9.89480e+02    3.57905e+01    1.36246e+02    2.95623e+02   -1.26214e+03
        LJ (SR)  Disper. corr.   Coulomb (SR)   Coul. recip.      Potential
    2.21523e+04   -1.23870e+03   -1.52289e+05    5.46177e+02   -1.30634e+05
    Kinetic En.   Total Energy    Temperature Pres. DC (bar) Pressure (bar)
    2.48902e+04   -1.05744e+05    3.02505e+02   -2.03539e+02    1.48096e+02
   Constr. rmsd
    1.19763e-06

DD  step 1979999  vol min/aver 0.868  load imb.: force  2.7%  pme mesh/force 0.622

           Step           Time         Lambda
        1980000      990.00000        0.00000

   Energies (kJ/mol)
          Angle    Proper Dih. Ryckaert-Bell.          LJ-14     Coulomb-14
    1.03942e+03    3.36687e+01    1.03263e+02    3.19791e+02   -1.33034e+03
        LJ (SR)  Disper. corr.   Coulomb (SR)   Coul. recip.      Potential
    2.20072e+04   -1.24156e+03   -1.52122e+05    5.90682e+02   -1.30600e+05
    Kinetic En.   Total Energy    Temperature Pres. DC (bar) Pressure (bar)
    2.46646e+04   -1.05935e+05    2.99763e+02   -2.04480e+02    8.24087e+01
   Constr. rmsd
    1.13034e-06

DD  step 1999999  vol min/aver 0.872  load imb.: force  3.2%  pme mesh/force 0.621

           Step           Time         Lambda
        2000000     1000.00000        0.00000

Writing checkpoint, step 2000000 at Fri Aug 22 21:39:26 2025


   Energies (kJ/mol)
          Angle    Proper Dih. Ryckaert-Bell.          LJ-14     Coulomb-14
    1.08394e+03    5.22480e+01    1.34644e+02    3.07988e+02   -1.32152e+03
        LJ (SR)  Disper. corr.   Coulomb (SR)   Coul. recip.      Potential
    2.18335e+04   -1.24136e+03   -1.51408e+05    5.65016e+02   -1.29994e+05
    Kinetic En.   Total Energy    Temperature Pres. DC (bar) Pressure (bar)
    2.46670e+04   -1.05327e+05    2.99792e+02   -2.04411e+02   -2.45027e+01
   Constr. rmsd
    1.16913e-06

	<======  ###############  ==>
	<====  A V E R A G E S  ====>
	<==  ###############  ======>

	Statistics over 2000001 steps using 20001 frames

   Energies (kJ/mol)
          Angle    Proper Dih. Ryckaert-Bell.          LJ-14     Coulomb-14
    1.10691e+03    3.64595e+01    1.16845e+02    3.15425e+02   -1.30159e+03
        LJ (SR)  Disper. corr.   Coulomb (SR)   Coul. recip.      Potential
    2.17716e+04   -1.23975e+03   -1.51670e+05    5.57287e+02   -1.30307e+05
    Kinetic En.   Total Energy    Temperature Pres. DC (bar) Pressure (bar)
    2.47197e+04   -1.05588e+05    3.00432e+02   -2.04041e+02    1.04308e+01
   Constr. rmsd
    0.00000e+00

          Box-X          Box-Y          Box-Z
    4.65956e+00    4.65956e+00    4.65956e+00

   Total Virial (kJ/mol)
    8.19359e+03    1.16104e+00    7.06956e+00
    1.40101e+00    8.20271e+03    2.48375e+00
    6.43658e+00    2.21760e+00    8.20862e+03

   Pressure (bar)
    1.27217e+01    4.47795e-01   -2.38164e+00
    3.65948e-01    1.00478e+01   -1.32471e+00
   -2.17485e+00   -1.23480e+00    8.52288e+00


       P P   -   P M E   L O A D   B A L A N C I N G

 NOTE: The PP/PME load balancing was limited by the domain decompostion,
       you might not have reached a good load balance.
       Try different mdrun -dd settings or lower the -dds value.

 PP/PME load balancing changed the cut-off and PME settings:
           particle-particle                    PME
            rcoulomb  rlist            grid      spacing   1/beta
   initial  1.000 nm  1.031 nm      42  42  42   0.119 nm  0.363 nm
   final    1.000 nm  1.031 nm      42  42  42   0.119 nm  0.363 nm
 cost-ratio           1.00             1.00
 (note that these numbers concern only part of the total PP and PME load)


	M E G A - F L O P S   A C C O U N T I N G

 NB=Group-cutoff nonbonded kernels    NxN=N-by-N cluster Verlet kernels
 RF=Reaction-Field  VdW=Van der Waals  QSTab=quadratic-spline table
 W3=SPC/TIP3p  W4=TIP4p (single or pairs)
 V&F=Potential and force  V=Potential only  F=Force only

 Computing:                               M-Number         M-Flops  % Flops
-----------------------------------------------------------------------------
 Pair Search distance check          167917.796322     1511260.167     0.4
 NxN QSTab Elec. + LJ [F]           4537136.386816   186022591.859    48.3
 NxN QSTab Elec. + LJ [V&F]           45832.513432     2704118.292     0.7
 NxN QSTab Elec. [F]                4043262.522480   137470925.764    35.7
 NxN QSTab Elec. [V&F]                40843.473464     1674582.412     0.4
 1,4 nonbonded interactions            2820.001410      253800.127     0.1
 Calc Weights                         59382.029691     2137753.069     0.6
 Spread Q Bspline                   1266816.633408     2533633.267     0.7
 Gather F Bspline                   1266816.633408     7600899.800     2.0
 3D-FFT                             4794074.397036    38352595.176    10.0
 Solve PME                             7056.003528      451584.226     0.1
 Reset In Box                           494.859897        1484.580     0.0
 CG-CoM                                 494.869794        1484.609     0.0
 Angles                                2042.001021      343056.172     0.1
 Propers                                 60.000030       13740.007     0.0
 RB-Dihedrals                          2816.001408      695552.348     0.2
 Virial                                2141.410707       38545.393     0.0
 Stop-CM                                197.959794        1979.598     0.0
 P-Coupling                           19794.009897      118764.059     0.0
 Calc-Ekin                             3958.819794      106888.134     0.0
 Lincs                                 2456.680904      147400.854     0.0
 Lincs-Mat                            54453.488196      217813.953     0.1
 Constraint-V                         26489.056392      211912.451     0.1
 Constraint-Vir                        2403.247300       57677.935     0.0
 Settle                                7191.902348     2322984.458     0.6
-----------------------------------------------------------------------------
 Total                                               384993028.712   100.0
-----------------------------------------------------------------------------


    D O M A I N   D E C O M P O S I T I O N   S T A T I S T I C S

 av. #atoms communicated per step for force:  2 x 27404.7
 av. #atoms communicated per step for LINCS:  2 x 2234.8

 Average load imbalance: 2.9 %
 Part of the total run time spent waiting due to load imbalance: 2.2 %
 Steps where the load balancing was limited by -rdd, -rcon and/or -dds: X 0 % Y 0 % Z 0 %
 Average PME mesh/force load: 0.623
 Part of the total run time spent waiting due to PP/PME imbalance: 8.0 %

NOTE: 8.0 % performance was lost because the PME ranks
      had less work to do than the PP ranks.
      You might want to decrease the number of PME ranks
      or decrease the cut-off and the grid spacing.


     R E A L   C Y C L E   A N D   T I M E   A C C O U N T I N G

On 18 MPI ranks doing PP, and
on 6 MPI ranks doing PME

 Computing:          Num   Num      Call    Wall time         Giga-Cycles
                     Ranks Threads  Count      (s)         total sum    %
-----------------------------------------------------------------------------
 Domain decomp.        18    1      50001      26.079       1173.540   0.9
 DD comm. load         18    1      50000       0.185          8.347   0.0
 DD comm. bounds       18    1      50000       0.459         20.635   0.0
 Send X to PME         18    1    2000001       8.044        361.960   0.3
 Neighbor search       18    1      50001      63.866       2873.938   2.1
 Comm. coord.          18    1    1950000      39.174       1762.814   1.3
 Force                 18    1    2000001    1798.835      80947.013  59.5
 Wait + Comm. F        18    1    2000001      98.936       4452.074   3.3
 PME mesh *             6    1    2000001    1188.721      17830.698  13.1
 PME wait for PP *                           1078.985      16184.667  11.9
 Wait + Recv. PME F    18    1    2000001       5.990        269.570   0.2
 NB X/F buffer ops.    18    1    5900001      25.318       1139.287   0.8
 Write traj.           18    1        103       0.017          0.786   0.0
 Update                18    1    2000001      16.054        722.420   0.5
 Constraints           18    1    2000001     167.120       7520.340   5.5
 Comm. energies        18    1     200001       2.542        114.379   0.1
 Rest                                          15.090        679.027   0.5
-----------------------------------------------------------------------------
 Total                                       2267.707     136061.505 100.0
-----------------------------------------------------------------------------
(*) Note that with separate PME ranks, the walltime column actually sums to
    twice the total reported, but the cycle count total and % are correct.
-----------------------------------------------------------------------------
 Breakdown of PME mesh computation
-----------------------------------------------------------------------------
 PME redist. X/F        6    1    4000002     118.445       1776.658   1.3
 PME spread/gather      6    1    4000002     482.466       7236.943   5.3
 PME 3D-FFT             6    1    4000002     427.110       6406.605   4.7
 PME 3D-FFT Comm.       6    1    8000004      66.293        994.392   0.7
 PME solve Elec         6    1    2000001      92.743       1391.142   1.0
-----------------------------------------------------------------------------

               Core t (s)   Wall t (s)        (%)
       Time:    54464.880     2267.707     2401.8
                         37:47
                 (ns/day)    (hour/ns)
Performance:       38.100        0.630
Finished mdrun on rank 0 Fri Aug 22 21:39:26 2025
