Log file opened on Mon May  6 19:03:03 2024
Host: node13  pid: 27712  rank ID: 0  number of ranks:  1
GROMACS:    gmx mdrun, VERSION 5.0.1

GROMACS is written by:
Emile Apol         Rossen Apostolov   Herman J.C. Berendsen Par Bjelkmar       
Aldert van Buuren  Rudi van Drunen    Anton Feenstra     Sebastian Fritsch  
Gerrit Groenhof    Christoph Junghans Peter Kasson       Carsten Kutzner    
Per Larsson        Justin A. Lemkul   Magnus Lundborg    Pieter Meulenhoff  
Erik Marklund      Teemu Murtola      Szilard Pall       Sander Pronk       
Roland Schulz      Alexey Shvetsov    Michael Shirts     Alfons Sijbers     
Peter Tieleman     Christian Wennberg Maarten Wolf       
and the project leaders:
Mark Abraham, Berk Hess, Erik Lindahl, and David van der Spoel

Copyright (c) 1991-2000, University of Groningen, The Netherlands.
Copyright (c) 2001-2014, The GROMACS development team at
Uppsala University, Stockholm University and
the Royal Institute of Technology, Sweden.
check out http://www.gromacs.org for more information.

GROMACS is free software; you can redistribute it and/or modify it
under the terms of the GNU Lesser General Public License
as published by the Free Software Foundation; either version 2.1
of the License, or (at your option) any later version.

GROMACS:      gmx mdrun, VERSION 5.0.1
Executable:   /opt/gromacs-5.0.1-no-openmpi/bin/gmx
Library dir:  /opt/gromacs-5.0.1-no-openmpi/share/gromacs/top
Command line:
  mdrun -nt 24 -s run.tpr

Gromacs version:    VERSION 5.0.1
Precision:          single
Memory model:       64 bit
MPI library:        thread_mpi
OpenMP support:     enabled
GPU support:        disabled
invsqrt routine:    gmx_software_invsqrt(x)
SIMD instructions:  SSE4.1
FFT library:        fftw-3.3.3-sse2
RDTSCP usage:       enabled
C++11 compilation:  enabled
TNG support:        enabled
Tracing support:    disabled
Built on:           Fri Mar 27 20:21:17 EET 2015
Built by:           root@daywalker.acmac.uoc.gr [CMAKE]
Build OS/arch:      Linux 3.10.0-123.20.1.el7.x86_64 x86_64
Build CPU vendor:   GenuineIntel
Build CPU brand:    Intel(R) Xeon(R) CPU           E5606  @ 2.13GHz
Build CPU family:   6   Model: 44   Stepping: 2
Build CPU features: aes apic clfsh cmov cx8 cx16 htt lahf_lm mmx msr nonstop_tsc pcid pclmuldq pdcm pdpe1gb popcnt pse rdtscp sse2 sse3 sse4.1 sse4.2 ssse3
C compiler:         /opt/openmpi-1.8.4/bin/mpicc GNU 4.8.2
C compiler flags:    -msse4.1   -Wno-maybe-uninitialized -Wextra -Wno-missing-field-initializers -Wno-sign-compare -Wpointer-arith -Wall -Wno-unused -Wunused-value -Wunused-parameter   -fomit-frame-pointer -funroll-all-loops -fexcess-precision=fast  -Wno-array-bounds  -O3 -DNDEBUG
C++ compiler:       /opt/openmpi-1.8.4/bin/mpic++ GNU 4.8.2
C++ compiler flags:  -msse4.1   -std=c++0x -Wextra -Wno-missing-field-initializers -Wpointer-arith -Wall -Wno-unused-function   -fomit-frame-pointer -funroll-all-loops -fexcess-precision=fast  -Wno-array-bounds  -O3 -DNDEBUG
Boost version:      1.55.0 (internal)



++++ PLEASE READ AND CITE THE FOLLOWING REFERENCE ++++
B. Hess and C. Kutzner and D. van der Spoel and E. Lindahl
GROMACS 4: Algorithms for highly efficient, load-balanced, and scalable
molecular simulation
J. Chem. Theory Comput. 4 (2008) pp. 435-447
-------- -------- --- Thank You --- -------- --------


++++ PLEASE READ AND CITE THE FOLLOWING REFERENCE ++++
D. van der Spoel, E. Lindahl, B. Hess, G. Groenhof, A. E. Mark and H. J. C.
Berendsen
GROMACS: Fast, Flexible and Free
J. Comp. Chem. 26 (2005) pp. 1701-1719
-------- -------- --- Thank You --- -------- --------


++++ PLEASE READ AND CITE THE FOLLOWING REFERENCE ++++
E. Lindahl and B. Hess and D. van der Spoel
GROMACS 3.0: A package for molecular simulation and trajectory analysis
J. Mol. Mod. 7 (2001) pp. 306-317
-------- -------- --- Thank You --- -------- --------


++++ PLEASE READ AND CITE THE FOLLOWING REFERENCE ++++
H. J. C. Berendsen, D. van der Spoel and R. van Drunen
GROMACS: A message-passing parallel molecular dynamics implementation
Comp. Phys. Comm. 91 (1995) pp. 43-56
-------- -------- --- Thank You --- -------- --------

Changing nstlist from 10 to 40, rlist from 1.001 to 1.034

Input Parameters:
   integrator                     = md
   tinit                          = 0
   dt                             = 0.0005
   nsteps                         = 2000000
   init-step                      = 0
   simulation-part                = 1
   comm-mode                      = Linear
   nstcomm                        = 100
   bd-fric                        = 0
   ld-seed                        = 3502632638
   emtol                          = 10
   emstep                         = 0.01
   niter                          = 20
   fcstep                         = 0
   nstcgsteep                     = 1000
   nbfgscorr                      = 10
   rtpi                           = 0.05
   nstxout                        = 20000
   nstvout                        = 0
   nstfout                        = 0
   nstlog                         = 20000
   nstcalcenergy                  = 100
   nstenergy                      = 20000
   nstxout-compressed             = 0
   compressed-x-precision         = 1000
   cutoff-scheme                  = Verlet
   nstlist                        = 40
   ns-type                        = Grid
   pbc                            = xyz
   periodic-molecules             = FALSE
   verlet-buffer-tolerance        = 0.005
   rlist                          = 1.034
   rlistlong                      = 1.034
   nstcalclr                      = 10
   coulombtype                    = PME
   coulomb-modifier               = Potential-shift
   rcoulomb-switch                = 0
   rcoulomb                       = 1
   epsilon-r                      = 1
   epsilon-rf                     = inf
   vdw-type                       = Cut-off
   vdw-modifier                   = Potential-shift
   rvdw-switch                    = 0
   rvdw                           = 1
   DispCorr                       = EnerPres
   table-extension                = 1
   fourierspacing                 = 0.12
   fourier-nx                     = 64
   fourier-ny                     = 64
   fourier-nz                     = 64
   pme-order                      = 4
   ewald-rtol                     = 0.0001
   ewald-rtol-lj                  = 0.001
   lj-pme-comb-rule               = Geometric
   ewald-geometry                 = 0
   epsilon-surface                = 0
   implicit-solvent               = No
   gb-algorithm                   = Still
   nstgbradii                     = 1
   rgbradii                       = 1
   gb-epsilon-solvent             = 80
   gb-saltconc                    = 0
   gb-obc-alpha                   = 1
   gb-obc-beta                    = 0.8
   gb-obc-gamma                   = 4.85
   gb-dielectric-offset           = 0.009
   sa-algorithm                   = Ace-approximation
   sa-surface-tension             = 2.05016
   tcoupl                         = V-rescale
   nsttcouple                     = 10
   nh-chain-length                = 0
   print-nose-hoover-chain-variables = FALSE
   pcoupl                         = Berendsen
   pcoupltype                     = Isotropic
   nstpcouple                     = 10
   tau-p                          = 0.5
   compressibility (3x3):
      compressibility[    0]={ 4.00000e-05,  0.00000e+00,  0.00000e+00}
      compressibility[    1]={ 0.00000e+00,  4.00000e-05,  0.00000e+00}
      compressibility[    2]={ 0.00000e+00,  0.00000e+00,  4.00000e-05}
   ref-p (3x3):
      ref-p[    0]={ 1.01325e+00,  0.00000e+00,  0.00000e+00}
      ref-p[    1]={ 0.00000e+00,  1.01325e+00,  0.00000e+00}
      ref-p[    2]={ 0.00000e+00,  0.00000e+00,  1.01325e+00}
   refcoord-scaling               = No
   posres-com (3):
      posres-com[0]= 0.00000e+00
      posres-com[1]= 0.00000e+00
      posres-com[2]= 0.00000e+00
   posres-comB (3):
      posres-comB[0]= 0.00000e+00
      posres-comB[1]= 0.00000e+00
      posres-comB[2]= 0.00000e+00
   QMMM                           = FALSE
   QMconstraints                  = 0
   QMMMscheme                     = 0
   MMChargeScaleFactor            = 1
qm-opts:
   ngQM                           = 0
   constraint-algorithm           = Lincs
   continuation                   = FALSE
   Shake-SOR                      = FALSE
   shake-tol                      = 0.0001
   lincs-order                    = 4
   lincs-iter                     = 1
   lincs-warnangle                = 30
   nwall                          = 0
   wall-type                      = 9-3
   wall-r-linpot                  = -1
   wall-atomtype[0]               = -1
   wall-atomtype[1]               = -1
   wall-density[0]                = 0
   wall-density[1]                = 0
   wall-ewald-zfac                = 3
   pull                           = no
   rotation                       = FALSE
   interactiveMD                  = FALSE
   disre                          = No
   disre-weighting                = Conservative
   disre-mixed                    = FALSE
   dr-fc                          = 1000
   dr-tau                         = 0
   nstdisreout                    = 100
   orire-fc                       = 0
   orire-tau                      = 0
   nstorireout                    = 100
   free-energy                    = no
   cos-acceleration               = 0
   deform (3x3):
      deform[    0]={ 0.00000e+00,  0.00000e+00,  0.00000e+00}
      deform[    1]={ 0.00000e+00,  0.00000e+00,  0.00000e+00}
      deform[    2]={ 0.00000e+00,  0.00000e+00,  0.00000e+00}
   simulated-tempering            = FALSE
   E-x:
      n = 0
   E-xt:
      n = 0
   E-y:
      n = 0
   E-yt:
      n = 0
   E-z:
      n = 0
   E-zt:
      n = 0
   swapcoords                     = no
   adress                         = FALSE
   userint1                       = 0
   userint2                       = 0
   userint3                       = 0
   userint4                       = 0
   userreal1                      = 0
   userreal2                      = 0
   userreal3                      = 0
   userreal4                      = 0
grpopts:
   nrdf:       82420
   ref-t:         300
   tau-t:         0.1
annealing:          No
annealing-npoints:           0
   acc:	           0           0           0
   nfreeze:           N           N           N
   energygrp-flags[  0]: 0

Initializing Domain Decomposition on 24 ranks
Dynamic load balancing: auto
Will sort the charge groups at every domain (re)decomposition
Initial maximum inter charge-group distances:
    two-body bonded interactions: 0.407 nm, LJ-14, atoms 1499 1508
  multi-body bonded interactions: 0.407 nm, Ryckaert-Bell., atoms 1499 1508
Minimum cell size due to bonded interactions: 0.447 nm
Maximum distance for 5 constraints, at 120 deg. angles, all-trans: 0.764 nm
Estimated maximum distance required for P-LINCS: 0.764 nm
This distance will limit the DD cell size, you can override this with -rcon
Guess for relative PME load: 0.18
Will use 18 particle-particle and 6 PME only ranks
This is a guess, check the performance at the end of the log file
Using 6 separate PME ranks, as guessed by mdrun
Scaling the initial minimum size with 1/0.8 (option -dds) = 1.25
Optimizing the DD grid for 18 cells with a minimum initial size of 0.955 nm
The maximum allowed number of cells is: X 7 Y 7 Z 7
Domain decomposition grid 6 x 3 x 1, separate PME ranks 6
PME domain decomposition: 6 x 1 x 1
Interleaving PP and PME ranks
This rank does only particle-particle work.

Domain decomposition rank 0, coordinates 0 0 0

Using 24 MPI threads
Using 1 OpenMP thread per tMPI thread

Detecting CPU SIMD instructions.
Present hardware specification:
Vendor: GenuineIntel
Brand:  Intel(R) Xeon(R) CPU E5-2680 v3 @ 2.50GHz
Family:  6  Model: 63  Stepping:  2
Features: aes apic avx avx2 clfsh cmov cx8 cx16 f16c fma htt lahf_lm mmx msr nonstop_tsc pcid pclmuldq pdcm pdpe1gb popcnt pse rdrnd rdtscp sse2 sse3 sse4.1 sse4.2 ssse3 tdt x2apic
SIMD instructions most likely to fit this hardware: AVX2_256
SIMD instructions selected at GROMACS compile time: SSE4.1


Binary not matching hardware - you might be losing performance.
SIMD instructions most likely to fit this hardware: AVX2_256
SIMD instructions selected at GROMACS compile time: SSE4.1

Will do PME sum in reciprocal space for electrostatic interactions.

++++ PLEASE READ AND CITE THE FOLLOWING REFERENCE ++++
U. Essmann, L. Perera, M. L. Berkowitz, T. Darden, H. Lee and L. G. Pedersen 
A smooth particle mesh Ewald method
J. Chem. Phys. 103 (1995) pp. 8577-8592
-------- -------- --- Thank You --- -------- --------

Will do ordinary reciprocal space Ewald sum.
Using a Gaussian width (1/beta) of 0.363496 nm for Ewald
Cut-off's:   NS: 1.034   Coulomb: 1   LJ: 1
Long Range LJ corr.: <C6> 3.0574e-04
System total charge: -0.000
Generated table with 1016 data points for Ewald.
Tabscale = 500 points/nm
Generated table with 1016 data points for LJ6.
Tabscale = 500 points/nm
Generated table with 1016 data points for LJ12.
Tabscale = 500 points/nm
Generated table with 1016 data points for 1-4 COUL.
Tabscale = 500 points/nm
Generated table with 1016 data points for 1-4 LJ6.
Tabscale = 500 points/nm
Generated table with 1016 data points for 1-4 LJ12.
Tabscale = 500 points/nm

Using SSE4.1 4x4 non-bonded kernels

Using geometric Lennard-Jones combination rule

Potential shift: LJ r^-12: -1.000e+00 r^-6: -1.000e+00, Ewald -1.000e-04
Initialized non-bonded Ewald correction tables, spacing: 9.94e-04 size: 2047

Removing pbc first time
Pinning threads with an auto-selected logical core stride of 1

Initializing Parallel LINear Constraint Solver

++++ PLEASE READ AND CITE THE FOLLOWING REFERENCE ++++
B. Hess
P-LINCS: A Parallel Linear Constraint Solver for molecular simulation
J. Chem. Theory Comput. 4 (2008) pp. 116-122
-------- -------- --- Thank You --- -------- --------

The number of constraints is 2252
There are inter charge-group constraints,
will communicate selected coordinates each lincs iteration

++++ PLEASE READ AND CITE THE FOLLOWING REFERENCE ++++
S. Miyamoto and P. A. Kollman
SETTLE: An Analytical Version of the SHAKE and RATTLE Algorithms for Rigid
Water Models
J. Comp. Chem. 13 (1992) pp. 952-962
-------- -------- --- Thank You --- -------- --------


Linking all bonded interactions to atoms
There are 51336 inter charge-group exclusions,
will use an extra communication step for exclusion forces for PME

The initial number of communication pulses is: X 1 Y 1
The initial domain decomposition cell size is: X 1.25 nm Y 2.50 nm

The maximum allowed distance for charge groups involved in interactions is:
                 non-bonded interactions           1.034 nm
(the following are initial values, they could change due to box deformation)
            two-body bonded interactions  (-rdd)   1.034 nm
          multi-body bonded interactions  (-rdd)   1.034 nm
  atoms separated by up to 5 constraints  (-rcon)  1.250 nm

When dynamic load balancing gets turned on, these settings will change to:
The maximum number of communication pulses is: X 2 Y 2
The minimum size for domain decomposition cells is 0.828 nm
The requested allowed shrink of DD cells (option -dds) is: 0.80
The allowed shrink of domain decomposition cells is: X 0.66 Y 0.33
The maximum allowed distance for charge groups involved in interactions is:
                 non-bonded interactions           1.034 nm
            two-body bonded interactions  (-rdd)   1.034 nm
          multi-body bonded interactions  (-rdd)   0.828 nm
  atoms separated by up to 5 constraints  (-rcon)  0.828 nm


Making 2D domain decomposition grid 6 x 3 x 1, home cell index 0 0 0

Center of mass motion removal mode is Linear
We have the following groups for center of mass motion removal:
  0:  rest

++++ PLEASE READ AND CITE THE FOLLOWING REFERENCE ++++
G. Bussi, D. Donadio and M. Parrinello
Canonical sampling through velocity rescaling
J. Chem. Phys. 126 (2007) pp. 014101
-------- -------- --- Thank You --- -------- --------

There are: 41211 Atoms
Charge group distribution at step 0: 2233 2172 2219 2348 2373 2323 2268 2285 2259 2310 2258 2330 2342 2364 2301 2282 2264 2280

Constraining the starting coordinates (step 0)

Constraining the coordinates at t0-dt (step 0)
RMS relative constraint deviation after constraining: 0.00e+00
Initial temperature: 299.188 K

Started mdrun on rank 0 Mon May  6 19:03:03 2024
           Step           Time         Lambda
              0        0.00000        0.00000

   Energies (kJ/mol)
          Angle    Proper Dih. Ryckaert-Bell.          LJ-14     Coulomb-14
    8.34603e+03    3.03026e+02    1.37101e+03    1.63422e+03   -5.44228e+03
        LJ (SR)  Disper. corr.   Coulomb (SR)   Coul. recip.      Potential
    1.73257e+05   -5.14929e+03   -6.42945e+05    3.12776e+03   -4.65497e+05
    Kinetic En.   Total Energy    Temperature Pres. DC (bar) Pressure (bar)
    1.07303e+05   -3.58194e+05    3.13164e+02   -2.02929e+02    1.87669e+04
   Constr. rmsd
    2.76514e-06

DD  step 39 load imb.: force 21.3%  pme mesh/force 0.482

At step 40 the performance loss due to force load imbalance is 13.9 %

NOTE: Turning on dynamic load balancing

DD  step 19999  vol min/aver 0.930  load imb.: force  0.9%  pme mesh/force 0.508

           Step           Time         Lambda
          20000       10.00000        0.00000

   Energies (kJ/mol)
          Angle    Proper Dih. Ryckaert-Bell.          LJ-14     Coulomb-14
    8.18740e+03    2.40129e+02    9.76403e+02    1.62364e+03   -5.36937e+03
        LJ (SR)  Disper. corr.   Coulomb (SR)   Coul. recip.      Potential
    9.46083e+04   -5.15539e+03   -6.44911e+05    2.16591e+03   -5.47634e+05
    Kinetic En.   Total Energy    Temperature Pres. DC (bar) Pressure (bar)
    1.03410e+05   -4.44224e+05    3.01802e+02   -2.03410e+02   -1.16382e+02
   Constr. rmsd
    2.24201e-06

DD  step 39999  vol min/aver 0.879  load imb.: force  1.4%  pme mesh/force 0.505

           Step           Time         Lambda
          40000       20.00000        0.00000

   Energies (kJ/mol)
          Angle    Proper Dih. Ryckaert-Bell.          LJ-14     Coulomb-14
    6.18098e+03    2.18694e+02    6.93952e+02    1.36137e+03   -5.30434e+03
        LJ (SR)  Disper. corr.   Coulomb (SR)   Coul. recip.      Potential
    9.34999e+04   -5.18258e+03   -6.39467e+05    2.26052e+03   -5.45739e+05
    Kinetic En.   Total Energy    Temperature Pres. DC (bar) Pressure (bar)
    1.02874e+05   -4.42865e+05    3.00237e+02   -2.05558e+02    5.92814e+01
   Constr. rmsd
    1.96685e-06

DD  step 59999  vol min/aver 0.870  load imb.: force  0.9%  pme mesh/force 0.504

           Step           Time         Lambda
          60000       30.00000        0.00000

   Energies (kJ/mol)
          Angle    Proper Dih. Ryckaert-Bell.          LJ-14     Coulomb-14
    5.08593e+03    1.65012e+02    6.17219e+02    1.36735e+03   -5.35544e+03
        LJ (SR)  Disper. corr.   Coulomb (SR)   Coul. recip.      Potential
    9.18881e+04   -5.17007e+03   -6.35713e+05    2.27550e+03   -5.44840e+05
    Kinetic En.   Total Energy    Temperature Pres. DC (bar) Pressure (bar)
    1.02232e+05   -4.42608e+05    2.98364e+02   -2.04568e+02   -2.04293e+01
   Constr. rmsd
    1.98852e-06

DD  step 79999  vol min/aver 0.812  load imb.: force  2.7%  pme mesh/force 0.510

           Step           Time         Lambda
          80000       40.00000        0.00000

   Energies (kJ/mol)
          Angle    Proper Dih. Ryckaert-Bell.          LJ-14     Coulomb-14
    4.98716e+03    1.97373e+02    5.02878e+02    1.30122e+03   -5.32582e+03
        LJ (SR)  Disper. corr.   Coulomb (SR)   Coul. recip.      Potential
    9.08341e+04   -5.17435e+03   -6.31936e+05    2.27128e+03   -5.42342e+05
    Kinetic En.   Total Energy    Temperature Pres. DC (bar) Pressure (bar)
    1.02316e+05   -4.40026e+05    2.98608e+02   -2.04907e+02   -2.65405e+01
   Constr. rmsd
    1.99260e-06

DD  step 99999  vol min/aver 0.836  load imb.: force  1.3%  pme mesh/force 0.543

           Step           Time         Lambda
         100000       50.00000        0.00000

   Energies (kJ/mol)
          Angle    Proper Dih. Ryckaert-Bell.          LJ-14     Coulomb-14
    4.64980e+03    1.62525e+02    4.79721e+02    1.27678e+03   -5.33614e+03
        LJ (SR)  Disper. corr.   Coulomb (SR)   Coul. recip.      Potential
    9.14522e+04   -5.17084e+03   -6.32741e+05    2.33054e+03   -5.42897e+05
    Kinetic En.   Total Energy    Temperature Pres. DC (bar) Pressure (bar)
    1.02088e+05   -4.40809e+05    2.97943e+02   -2.04628e+02    6.31889e+01
   Constr. rmsd
    2.01974e-06

DD  step 119999  vol min/aver 0.823  load imb.: force  1.2%  pme mesh/force 0.532

           Step           Time         Lambda
         120000       60.00000        0.00000

   Energies (kJ/mol)
          Angle    Proper Dih. Ryckaert-Bell.          LJ-14     Coulomb-14
    4.53921e+03    1.53452e+02    5.88868e+02    1.39840e+03   -5.34786e+03
        LJ (SR)  Disper. corr.   Coulomb (SR)   Coul. recip.      Potential
    9.08754e+04   -5.18384e+03   -6.32037e+05    2.28371e+03   -5.42729e+05
    Kinetic En.   Total Energy    Temperature Pres. DC (bar) Pressure (bar)
    1.02622e+05   -4.40108e+05    2.99502e+02   -2.05658e+02    7.61828e+01
   Constr. rmsd
    1.93471e-06

DD  step 139999  vol min/aver 0.820  load imb.: force  2.2%  pme mesh/force 0.524

           Step           Time         Lambda
         140000       70.00000        0.00000

   Energies (kJ/mol)
          Angle    Proper Dih. Ryckaert-Bell.          LJ-14     Coulomb-14
    4.65441e+03    1.43252e+02    4.85263e+02    1.30634e+03   -5.27260e+03
        LJ (SR)  Disper. corr.   Coulomb (SR)   Coul. recip.      Potential
    8.99538e+04   -5.15857e+03   -6.29992e+05    2.27318e+03   -5.41607e+05
    Kinetic En.   Total Energy    Temperature Pres. DC (bar) Pressure (bar)
    1.02622e+05   -4.38985e+05    2.99502e+02   -2.03660e+02   -9.00448e+01
   Constr. rmsd
    1.93154e-06

DD  step 159999  vol min/aver 0.843  load imb.: force  1.1%  pme mesh/force 0.544

           Step           Time         Lambda
         160000       80.00000        0.00000

   Energies (kJ/mol)
          Angle    Proper Dih. Ryckaert-Bell.          LJ-14     Coulomb-14
    4.65927e+03    1.42054e+02    4.95045e+02    1.28613e+03   -5.38489e+03
        LJ (SR)  Disper. corr.   Coulomb (SR)   Coul. recip.      Potential
    9.04603e+04   -5.18054e+03   -6.33206e+05    2.34178e+03   -5.44387e+05
    Kinetic En.   Total Energy    Temperature Pres. DC (bar) Pressure (bar)
    1.02630e+05   -4.41757e+05    2.99527e+02   -2.05396e+02   -1.07387e+02
   Constr. rmsd
    1.90761e-06

DD  step 179999  vol min/aver 0.833  load imb.: force  2.0%  pme mesh/force 0.538

           Step           Time         Lambda
         180000       90.00000        0.00000

   Energies (kJ/mol)
          Angle    Proper Dih. Ryckaert-Bell.          LJ-14     Coulomb-14
    4.51314e+03    1.63407e+02    5.94728e+02    1.34829e+03   -5.33055e+03
        LJ (SR)  Disper. corr.   Coulomb (SR)   Coul. recip.      Potential
    9.04983e+04   -5.17131e+03   -6.31162e+05    2.31196e+03   -5.42234e+05
    Kinetic En.   Total Energy    Temperature Pres. DC (bar) Pressure (bar)
    1.03408e+05   -4.38826e+05    3.01796e+02   -2.04666e+02    8.81416e+01
   Constr. rmsd
    1.94065e-06

DD  step 199999  vol min/aver 0.832  load imb.: force  1.2%  pme mesh/force 0.541

           Step           Time         Lambda
         200000      100.00000        0.00000

   Energies (kJ/mol)
          Angle    Proper Dih. Ryckaert-Bell.          LJ-14     Coulomb-14
    4.60553e+03    1.31446e+02    6.37736e+02    1.34737e+03   -5.34549e+03
        LJ (SR)  Disper. corr.   Coulomb (SR)   Coul. recip.      Potential
    9.03438e+04   -5.18181e+03   -6.31833e+05    2.26374e+03   -5.43031e+05
    Kinetic En.   Total Energy    Temperature Pres. DC (bar) Pressure (bar)
    1.02078e+05   -4.40953e+05    2.97916e+02   -2.05497e+02   -8.66224e+01
   Constr. rmsd
    2.01918e-06

Writing checkpoint, step 217600 at Mon May  6 19:18:03 2024


DD  step 219999  vol min/aver 0.835  load imb.: force  1.1%  pme mesh/force 0.541

           Step           Time         Lambda
         220000      110.00000        0.00000

   Energies (kJ/mol)
          Angle    Proper Dih. Ryckaert-Bell.          LJ-14     Coulomb-14
    4.76565e+03    1.71623e+02    5.34489e+02    1.28588e+03   -5.32885e+03
        LJ (SR)  Disper. corr.   Coulomb (SR)   Coul. recip.      Potential
    9.11019e+04   -5.18548e+03   -6.32306e+05    2.27908e+03   -5.42682e+05
    Kinetic En.   Total Energy    Temperature Pres. DC (bar) Pressure (bar)
    1.02836e+05   -4.39846e+05    3.00127e+02   -2.05787e+02    5.01481e+01
   Constr. rmsd
    1.90522e-06

DD  step 239999  vol min/aver 0.824  load imb.: force  1.0%  pme mesh/force 0.564

           Step           Time         Lambda
         240000      120.00000        0.00000

   Energies (kJ/mol)
          Angle    Proper Dih. Ryckaert-Bell.          LJ-14     Coulomb-14
    4.50212e+03    1.55292e+02    5.09196e+02    1.37420e+03   -5.23003e+03
        LJ (SR)  Disper. corr.   Coulomb (SR)   Coul. recip.      Potential
    9.11311e+04   -5.16924e+03   -6.34642e+05    2.31525e+03   -5.45054e+05
    Kinetic En.   Total Energy    Temperature Pres. DC (bar) Pressure (bar)
    1.02610e+05   -4.42444e+05    2.99468e+02   -2.04502e+02   -2.43585e+01
   Constr. rmsd
    1.94449e-06

DD  step 259999  vol min/aver 0.832  load imb.: force  1.6%  pme mesh/force 0.540

           Step           Time         Lambda
         260000      130.00000        0.00000

   Energies (kJ/mol)
          Angle    Proper Dih. Ryckaert-Bell.          LJ-14     Coulomb-14
    4.65907e+03    1.35365e+02    5.47113e+02    1.31915e+03   -5.35040e+03
        LJ (SR)  Disper. corr.   Coulomb (SR)   Coul. recip.      Potential
    9.17706e+04   -5.16887e+03   -6.34422e+05    2.28321e+03   -5.44226e+05
    Kinetic En.   Total Energy    Temperature Pres. DC (bar) Pressure (bar)
    1.03406e+05   -4.40820e+05    3.01791e+02   -2.04473e+02   -2.24544e+00
   Constr. rmsd
    1.91364e-06

DD  step 279999  vol min/aver 0.847  load imb.: force  2.2%  pme mesh/force 0.544

           Step           Time         Lambda
         280000      140.00000        0.00000

   Energies (kJ/mol)
          Angle    Proper Dih. Ryckaert-Bell.          LJ-14     Coulomb-14
    4.46601e+03    1.84186e+02    4.55292e+02    1.31768e+03   -5.33705e+03
        LJ (SR)  Disper. corr.   Coulomb (SR)   Coul. recip.      Potential
    9.06520e+04   -5.16279e+03   -6.32144e+05    2.22820e+03   -5.43340e+05
    Kinetic En.   Total Energy    Temperature Pres. DC (bar) Pressure (bar)
    1.01811e+05   -4.41530e+05    2.97135e+02   -2.03993e+02   -3.23941e+01
   Constr. rmsd
    1.94487e-06

DD  step 299999  vol min/aver 0.816  load imb.: force  3.4%  pme mesh/force 0.519

           Step           Time         Lambda
         300000      150.00000        0.00000

   Energies (kJ/mol)
          Angle    Proper Dih. Ryckaert-Bell.          LJ-14     Coulomb-14
    4.51472e+03    1.46441e+02    6.20576e+02    1.33895e+03   -5.24442e+03
        LJ (SR)  Disper. corr.   Coulomb (SR)   Coul. recip.      Potential
    9.21160e+04   -5.17781e+03   -6.34464e+05    2.23945e+03   -5.43910e+05
    Kinetic En.   Total Energy    Temperature Pres. DC (bar) Pressure (bar)
    1.01967e+05   -4.41943e+05    2.97592e+02   -2.05180e+02    7.84837e+01
   Constr. rmsd
    1.95162e-06

DD  step 319999  vol min/aver 0.830  load imb.: force  2.2%  pme mesh/force 0.534

           Step           Time         Lambda
         320000      160.00000        0.00000

   Energies (kJ/mol)
          Angle    Proper Dih. Ryckaert-Bell.          LJ-14     Coulomb-14
    4.61944e+03    1.37261e+02    5.44525e+02    1.36215e+03   -5.30069e+03
        LJ (SR)  Disper. corr.   Coulomb (SR)   Coul. recip.      Potential
    9.15577e+04   -5.16448e+03   -6.33309e+05    2.23289e+03   -5.43320e+05
    Kinetic En.   Total Energy    Temperature Pres. DC (bar) Pressure (bar)
    1.02670e+05   -4.40650e+05    2.99644e+02   -2.04126e+02    2.12858e+01
   Constr. rmsd
    2.02228e-06

DD  step 339999  vol min/aver 0.844  load imb.: force  2.0%  pme mesh/force 0.555

           Step           Time         Lambda
         340000      170.00000        0.00000

   Energies (kJ/mol)
          Angle    Proper Dih. Ryckaert-Bell.          LJ-14     Coulomb-14
    4.75164e+03    1.46387e+02    5.05936e+02    1.31727e+03   -5.29947e+03
        LJ (SR)  Disper. corr.   Coulomb (SR)   Coul. recip.      Potential
    9.10779e+04   -5.17033e+03   -6.33291e+05    2.27469e+03   -5.43687e+05
    Kinetic En.   Total Energy    Temperature Pres. DC (bar) Pressure (bar)
    1.02052e+05   -4.41635e+05    2.97839e+02   -2.04589e+02   -1.16102e+01
   Constr. rmsd
    1.97554e-06

DD  step 359999  vol min/aver 0.840  load imb.: force  2.8%  pme mesh/force 0.547

           Step           Time         Lambda
         360000      180.00000        0.00000

   Energies (kJ/mol)
          Angle    Proper Dih. Ryckaert-Bell.          LJ-14     Coulomb-14
    4.69900e+03    1.88580e+02    5.88728e+02    1.33779e+03   -5.23901e+03
        LJ (SR)  Disper. corr.   Coulomb (SR)   Coul. recip.      Potential
    9.11593e+04   -5.16291e+03   -6.32398e+05    2.31675e+03   -5.42509e+05
    Kinetic En.   Total Energy    Temperature Pres. DC (bar) Pressure (bar)
    1.02575e+05   -4.39935e+05    2.99364e+02   -2.04002e+02    6.44333e+01
   Constr. rmsd
    1.89433e-06

DD  step 379999  vol min/aver 0.832  load imb.: force  0.9%  pme mesh/force 0.549

           Step           Time         Lambda
         380000      190.00000        0.00000

   Energies (kJ/mol)
          Angle    Proper Dih. Ryckaert-Bell.          LJ-14     Coulomb-14
    4.70950e+03    1.39254e+02    5.06388e+02    1.30862e+03   -5.35016e+03
        LJ (SR)  Disper. corr.   Coulomb (SR)   Coul. recip.      Potential
    9.07201e+04   -5.17690e+03   -6.32181e+05    2.31831e+03   -5.43006e+05
    Kinetic En.   Total Energy    Temperature Pres. DC (bar) Pressure (bar)
    1.01816e+05   -4.41190e+05    2.97150e+02   -2.05108e+02   -3.40531e+01
   Constr. rmsd
    1.91055e-06

DD  step 399999  vol min/aver 0.824  load imb.: force  1.3%  pme mesh/force 0.521

           Step           Time         Lambda
         400000      200.00000        0.00000

   Energies (kJ/mol)
          Angle    Proper Dih. Ryckaert-Bell.          LJ-14     Coulomb-14
    4.79778e+03    1.57384e+02    4.52719e+02    1.36732e+03   -5.26757e+03
        LJ (SR)  Disper. corr.   Coulomb (SR)   Coul. recip.      Potential
    9.08170e+04   -5.18102e+03   -6.33831e+05    2.27184e+03   -5.44415e+05
    Kinetic En.   Total Energy    Temperature Pres. DC (bar) Pressure (bar)
    1.02646e+05   -4.41770e+05    2.99572e+02   -2.05434e+02    1.01194e+01
   Constr. rmsd
    1.95301e-06

DD  step 419999  vol min/aver 0.828  load imb.: force  1.4%  pme mesh/force 0.550

           Step           Time         Lambda
         420000      210.00000        0.00000

   Energies (kJ/mol)
          Angle    Proper Dih. Ryckaert-Bell.          LJ-14     Coulomb-14
    4.75453e+03    1.08252e+02    4.63946e+02    1.36983e+03   -5.26816e+03
        LJ (SR)  Disper. corr.   Coulomb (SR)   Coul. recip.      Potential
    9.00777e+04   -5.19067e+03   -6.31912e+05    2.21125e+03   -5.43385e+05
    Kinetic En.   Total Energy    Temperature Pres. DC (bar) Pressure (bar)
    1.02916e+05   -4.40468e+05    3.00362e+02   -2.06200e+02   -7.15871e+01
   Constr. rmsd
    1.96119e-06

Writing checkpoint, step 435040 at Mon May  6 19:33:04 2024


DD  step 439999  vol min/aver 0.825  load imb.: force  1.5%  pme mesh/force 0.558

           Step           Time         Lambda
         440000      220.00000        0.00000

   Energies (kJ/mol)
          Angle    Proper Dih. Ryckaert-Bell.          LJ-14     Coulomb-14
    4.57185e+03    1.65754e+02    5.00502e+02    1.38472e+03   -5.23075e+03
        LJ (SR)  Disper. corr.   Coulomb (SR)   Coul. recip.      Potential
    8.95871e+04   -5.18238e+03   -6.32162e+05    2.33924e+03   -5.44026e+05
    Kinetic En.   Total Energy    Temperature Pres. DC (bar) Pressure (bar)
    1.02188e+05   -4.41838e+05    2.98236e+02   -2.05542e+02   -8.35867e+01
   Constr. rmsd
    1.95174e-06

DD  step 459999  vol min/aver 0.770  load imb.: force  0.9%  pme mesh/force 0.534

           Step           Time         Lambda
         460000      230.00000        0.00000

   Energies (kJ/mol)
          Angle    Proper Dih. Ryckaert-Bell.          LJ-14     Coulomb-14
    4.49786e+03    1.55189e+02    4.93140e+02    1.29513e+03   -5.24261e+03
        LJ (SR)  Disper. corr.   Coulomb (SR)   Coul. recip.      Potential
    8.98876e+04   -5.17694e+03   -6.31857e+05    2.28097e+03   -5.43666e+05
    Kinetic En.   Total Energy    Temperature Pres. DC (bar) Pressure (bar)
    1.02558e+05   -4.41108e+05    2.99317e+02   -2.05111e+02   -6.73126e+01
   Constr. rmsd
    1.94831e-06

DD  step 479999  vol min/aver 0.812  load imb.: force  1.0%  pme mesh/force 0.522

           Step           Time         Lambda
         480000      240.00000        0.00000

   Energies (kJ/mol)
          Angle    Proper Dih. Ryckaert-Bell.          LJ-14     Coulomb-14
    4.54253e+03    1.47183e+02    5.21086e+02    1.28723e+03   -5.27366e+03
        LJ (SR)  Disper. corr.   Coulomb (SR)   Coul. recip.      Potential
    9.09034e+04   -5.18159e+03   -6.33182e+05    2.23073e+03   -5.44005e+05
    Kinetic En.   Total Energy    Temperature Pres. DC (bar) Pressure (bar)
    1.02274e+05   -4.41732e+05    2.98486e+02   -2.05480e+02    3.41367e+01
   Constr. rmsd
    1.95609e-06

DD  step 499999  vol min/aver 0.800  load imb.: force  1.6%  pme mesh/force 0.528

           Step           Time         Lambda
         500000      250.00000        0.00000

   Energies (kJ/mol)
          Angle    Proper Dih. Ryckaert-Bell.          LJ-14     Coulomb-14
    4.57331e+03    1.37742e+02    4.76986e+02    1.31446e+03   -5.28184e+03
        LJ (SR)  Disper. corr.   Coulomb (SR)   Coul. recip.      Potential
    9.08119e+04   -5.18249e+03   -6.33185e+05    2.31509e+03   -5.44020e+05
    Kinetic En.   Total Energy    Temperature Pres. DC (bar) Pressure (bar)
    1.01906e+05   -4.42114e+05    2.97412e+02   -2.05551e+02   -1.93477e+01
   Constr. rmsd
    1.97628e-06

DD  step 519999  vol min/aver 0.827  load imb.: force  1.0%  pme mesh/force 0.545

           Step           Time         Lambda
         520000      260.00000        0.00000

   Energies (kJ/mol)
          Angle    Proper Dih. Ryckaert-Bell.          LJ-14     Coulomb-14
    4.65446e+03    1.45327e+02    5.32621e+02    1.28522e+03   -5.27985e+03
        LJ (SR)  Disper. corr.   Coulomb (SR)   Coul. recip.      Potential
    9.04324e+04   -5.17374e+03   -6.31798e+05    2.32143e+03   -5.42881e+05
    Kinetic En.   Total Energy    Temperature Pres. DC (bar) Pressure (bar)
    1.03354e+05   -4.39526e+05    3.01641e+02   -2.04858e+02    2.93008e+01
   Constr. rmsd
    1.94227e-06

DD  step 539999  vol min/aver 0.787  load imb.: force  0.9%  pme mesh/force 0.543

           Step           Time         Lambda
         540000      270.00000        0.00000

   Energies (kJ/mol)
          Angle    Proper Dih. Ryckaert-Bell.          LJ-14     Coulomb-14
    4.57265e+03    1.30341e+02    5.34840e+02    1.30096e+03   -5.22697e+03
        LJ (SR)  Disper. corr.   Coulomb (SR)   Coul. recip.      Potential
    9.16252e+04   -5.16686e+03   -6.33693e+05    2.31876e+03   -5.43604e+05
    Kinetic En.   Total Energy    Temperature Pres. DC (bar) Pressure (bar)
    1.03124e+05   -4.40480e+05    3.00969e+02   -2.04314e+02   -1.85397e+01
   Constr. rmsd
    2.00134e-06

DD  step 559999  vol min/aver 0.804  load imb.: force  1.9%  pme mesh/force 0.528

           Step           Time         Lambda
         560000      280.00000        0.00000

   Energies (kJ/mol)
          Angle    Proper Dih. Ryckaert-Bell.          LJ-14     Coulomb-14
    4.61282e+03    1.89234e+02    5.76449e+02    1.32677e+03   -5.24396e+03
        LJ (SR)  Disper. corr.   Coulomb (SR)   Coul. recip.      Potential
    9.03215e+04   -5.16904e+03   -6.32034e+05    2.27775e+03   -5.43142e+05
    Kinetic En.   Total Energy    Temperature Pres. DC (bar) Pressure (bar)
    1.02835e+05   -4.40307e+05    3.00124e+02   -2.04486e+02   -1.48381e+02
   Constr. rmsd
    1.94940e-06

DD  step 579999  vol min/aver 0.819  load imb.: force  1.2%  pme mesh/force 0.528

           Step           Time         Lambda
         580000      290.00000        0.00000

   Energies (kJ/mol)
          Angle    Proper Dih. Ryckaert-Bell.          LJ-14     Coulomb-14
    4.42659e+03    1.74323e+02    5.78935e+02    1.32466e+03   -5.27388e+03
        LJ (SR)  Disper. corr.   Coulomb (SR)   Coul. recip.      Potential
    9.00768e+04   -5.17943e+03   -6.31493e+05    2.33673e+03   -5.43028e+05
    Kinetic En.   Total Energy    Temperature Pres. DC (bar) Pressure (bar)
    1.02687e+05   -4.40341e+05    2.99692e+02   -2.05309e+02    3.95645e+01
   Constr. rmsd
    1.94329e-06

DD  step 599999  vol min/aver 0.810  load imb.: force  1.1%  pme mesh/force 0.535

           Step           Time         Lambda
         600000      300.00000        0.00000

   Energies (kJ/mol)
          Angle    Proper Dih. Ryckaert-Bell.          LJ-14     Coulomb-14
    4.41130e+03    1.65567e+02    5.41140e+02    1.31263e+03   -5.20018e+03
        LJ (SR)  Disper. corr.   Coulomb (SR)   Coul. recip.      Potential
    9.04069e+04   -5.16343e+03   -6.31574e+05    2.28433e+03   -5.42816e+05
    Kinetic En.   Total Energy    Temperature Pres. DC (bar) Pressure (bar)
    1.03266e+05   -4.39550e+05    3.01382e+02   -2.04043e+02   -1.00431e+02
   Constr. rmsd
    1.98992e-06

DD  step 619999  vol min/aver 0.835  load imb.: force  2.0%  pme mesh/force 0.518

           Step           Time         Lambda
         620000      310.00000        0.00000

   Energies (kJ/mol)
          Angle    Proper Dih. Ryckaert-Bell.          LJ-14     Coulomb-14
    4.43488e+03    1.55942e+02    6.87616e+02    1.33800e+03   -5.17971e+03
        LJ (SR)  Disper. corr.   Coulomb (SR)   Coul. recip.      Potential
    9.04473e+04   -5.18715e+03   -6.32201e+05    2.28467e+03   -5.43219e+05
    Kinetic En.   Total Energy    Temperature Pres. DC (bar) Pressure (bar)
    1.03013e+05   -4.40207e+05    3.00643e+02   -2.05920e+02    5.67340e+01
   Constr. rmsd
    1.95206e-06

DD  step 639999  vol min/aver 0.806  load imb.: force  2.0%  pme mesh/force 0.512

           Step           Time         Lambda
         640000      320.00000        0.00000

   Energies (kJ/mol)
          Angle    Proper Dih. Ryckaert-Bell.          LJ-14     Coulomb-14
    4.47153e+03    1.34552e+02    5.49724e+02    1.29268e+03   -5.27915e+03
        LJ (SR)  Disper. corr.   Coulomb (SR)   Coul. recip.      Potential
    9.06622e+04   -5.17299e+03   -6.33079e+05    2.28348e+03   -5.44137e+05
    Kinetic En.   Total Energy    Temperature Pres. DC (bar) Pressure (bar)
    1.02977e+05   -4.41160e+05    3.00540e+02   -2.04799e+02   -1.67199e+01
   Constr. rmsd
    2.03268e-06

Writing checkpoint, step 651440 at Mon May  6 19:48:03 2024


DD  step 659999  vol min/aver 0.815  load imb.: force  2.9%  pme mesh/force 0.513

           Step           Time         Lambda
         660000      330.00000        0.00000

   Energies (kJ/mol)
          Angle    Proper Dih. Ryckaert-Bell.          LJ-14     Coulomb-14
    4.53961e+03    1.39103e+02    4.61069e+02    1.28517e+03   -5.33600e+03
        LJ (SR)  Disper. corr.   Coulomb (SR)   Coul. recip.      Potential
    9.00403e+04   -5.16477e+03   -6.31964e+05    2.28891e+03   -5.43711e+05
    Kinetic En.   Total Energy    Temperature Pres. DC (bar) Pressure (bar)
    1.02673e+05   -4.41038e+05    2.99651e+02   -2.04149e+02   -1.30388e+02
   Constr. rmsd
    1.92706e-06

DD  step 679999  vol min/aver 0.792  load imb.: force  1.3%  pme mesh/force 0.530

           Step           Time         Lambda
         680000      340.00000        0.00000

   Energies (kJ/mol)
          Angle    Proper Dih. Ryckaert-Bell.          LJ-14     Coulomb-14
    4.77675e+03    1.44694e+02    5.14684e+02    1.35798e+03   -5.37330e+03
        LJ (SR)  Disper. corr.   Coulomb (SR)   Coul. recip.      Potential
    9.18018e+04   -5.17565e+03   -6.32528e+05    2.32405e+03   -5.42157e+05
    Kinetic En.   Total Energy    Temperature Pres. DC (bar) Pressure (bar)
    1.02721e+05   -4.39436e+05    2.99793e+02   -2.05009e+02    1.28794e+02
   Constr. rmsd
    2.05871e-06

DD  step 699999  vol min/aver 0.805  load imb.: force  1.6%  pme mesh/force 0.526

           Step           Time         Lambda
         700000      350.00000        0.00000

   Energies (kJ/mol)
          Angle    Proper Dih. Ryckaert-Bell.          LJ-14     Coulomb-14
    4.72440e+03    1.29271e+02    4.52026e+02    1.31709e+03   -5.36451e+03
        LJ (SR)  Disper. corr.   Coulomb (SR)   Coul. recip.      Potential
    8.98011e+04   -5.17496e+03   -6.30632e+05    2.45345e+03   -5.42295e+05
    Kinetic En.   Total Energy    Temperature Pres. DC (bar) Pressure (bar)
    1.03530e+05   -4.38764e+05    3.02154e+02   -2.04955e+02   -1.27409e+02
   Constr. rmsd
    2.03068e-06

DD  step 719999  vol min/aver 0.803  load imb.: force  1.0%  pme mesh/force 0.526

           Step           Time         Lambda
         720000      360.00000        0.00000

   Energies (kJ/mol)
          Angle    Proper Dih. Ryckaert-Bell.          LJ-14     Coulomb-14
    4.87514e+03    1.64186e+02    4.41226e+02    1.28808e+03   -5.34518e+03
        LJ (SR)  Disper. corr.   Coulomb (SR)   Coul. recip.      Potential
    9.18271e+04   -5.16713e+03   -6.33096e+05    2.34496e+03   -5.42667e+05
    Kinetic En.   Total Energy    Temperature Pres. DC (bar) Pressure (bar)
    1.01664e+05   -4.41003e+05    2.96707e+02   -2.04336e+02    1.14892e+02
   Constr. rmsd
    2.08747e-06

DD  step 739999  vol min/aver 0.818  load imb.: force  1.5%  pme mesh/force 0.540

           Step           Time         Lambda
         740000      370.00000        0.00000

   Energies (kJ/mol)
          Angle    Proper Dih. Ryckaert-Bell.          LJ-14     Coulomb-14
    4.71732e+03    1.75605e+02    4.50709e+02    1.33213e+03   -5.35985e+03
        LJ (SR)  Disper. corr.   Coulomb (SR)   Coul. recip.      Potential
    9.07246e+04   -5.17173e+03   -6.31699e+05    2.26846e+03   -5.42562e+05
    Kinetic En.   Total Energy    Temperature Pres. DC (bar) Pressure (bar)
    1.02715e+05   -4.39847e+05    2.99774e+02   -2.04699e+02    1.11042e+01
   Constr. rmsd
    2.07209e-06

DD  step 759999  vol min/aver 0.807  load imb.: force  3.8%  pme mesh/force 0.528

           Step           Time         Lambda
         760000      380.00000        0.00000

   Energies (kJ/mol)
          Angle    Proper Dih. Ryckaert-Bell.          LJ-14     Coulomb-14
    4.52587e+03    1.50890e+02    4.45882e+02    1.35523e+03   -5.34230e+03
        LJ (SR)  Disper. corr.   Coulomb (SR)   Coul. recip.      Potential
    9.04034e+04   -5.17244e+03   -6.32726e+05    2.24797e+03   -5.44111e+05
    Kinetic En.   Total Energy    Temperature Pres. DC (bar) Pressure (bar)
    1.02364e+05   -4.41747e+05    2.98749e+02   -2.04755e+02   -3.47257e+01
   Constr. rmsd
    2.09589e-06

DD  step 779999  vol min/aver 0.804  load imb.: force  0.8%  pme mesh/force 0.530

           Step           Time         Lambda
         780000      390.00000        0.00000

   Energies (kJ/mol)
          Angle    Proper Dih. Ryckaert-Bell.          LJ-14     Coulomb-14
    4.44492e+03    1.53695e+02    4.66176e+02    1.31284e+03   -5.31732e+03
        LJ (SR)  Disper. corr.   Coulomb (SR)   Coul. recip.      Potential
    9.11475e+04   -5.16790e+03   -6.30567e+05    2.22081e+03   -5.41306e+05
    Kinetic En.   Total Energy    Temperature Pres. DC (bar) Pressure (bar)
    1.02550e+05   -4.38757e+05    2.99291e+02   -2.04396e+02    1.61420e+02
   Constr. rmsd
    2.09577e-06

DD  step 799999  vol min/aver 0.790  load imb.: force  1.6%  pme mesh/force 0.523

           Step           Time         Lambda
         800000      400.00000        0.00000

   Energies (kJ/mol)
          Angle    Proper Dih. Ryckaert-Bell.          LJ-14     Coulomb-14
    4.57956e+03    1.57671e+02    5.25121e+02    1.31001e+03   -5.29102e+03
        LJ (SR)  Disper. corr.   Coulomb (SR)   Coul. recip.      Potential
    9.00255e+04   -5.17359e+03   -6.32047e+05    2.26790e+03   -5.43645e+05
    Kinetic En.   Total Energy    Temperature Pres. DC (bar) Pressure (bar)
    1.02632e+05   -4.41013e+05    2.99533e+02   -2.04846e+02   -1.36179e+02
   Constr. rmsd
    2.03226e-06

DD  step 819999  vol min/aver 0.772  load imb.: force  2.1%  pme mesh/force 0.530

           Step           Time         Lambda
         820000      410.00000        0.00000

   Energies (kJ/mol)
          Angle    Proper Dih. Ryckaert-Bell.          LJ-14     Coulomb-14
    4.70204e+03    1.78400e+02    5.10668e+02    1.34350e+03   -5.31535e+03
        LJ (SR)  Disper. corr.   Coulomb (SR)   Coul. recip.      Potential
    9.13531e+04   -5.16159e+03   -6.32247e+05    2.31481e+03   -5.42322e+05
    Kinetic En.   Total Energy    Temperature Pres. DC (bar) Pressure (bar)
    1.03087e+05   -4.39234e+05    3.00861e+02   -2.03898e+02    9.00600e+01
   Constr. rmsd
    2.14721e-06

DD  step 839999  vol min/aver 0.800  load imb.: force  2.3%  pme mesh/force 0.557

           Step           Time         Lambda
         840000      420.00000        0.00000

   Energies (kJ/mol)
          Angle    Proper Dih. Ryckaert-Bell.          LJ-14     Coulomb-14
    4.83465e+03    1.50967e+02    5.83480e+02    1.38886e+03   -5.25794e+03
        LJ (SR)  Disper. corr.   Coulomb (SR)   Coul. recip.      Potential
    9.10163e+04   -5.17489e+03   -6.31932e+05    2.23708e+03   -5.42154e+05
    Kinetic En.   Total Energy    Temperature Pres. DC (bar) Pressure (bar)
    1.02602e+05   -4.39552e+05    2.99444e+02   -2.04949e+02    1.14774e+02
   Constr. rmsd
    2.10512e-06

DD  step 859999  vol min/aver 0.805  load imb.: force  2.5%  pme mesh/force 0.521

           Step           Time         Lambda
         860000      430.00000        0.00000

   Energies (kJ/mol)
          Angle    Proper Dih. Ryckaert-Bell.          LJ-14     Coulomb-14
    4.70581e+03    1.59184e+02    5.05233e+02    1.36994e+03   -5.27084e+03
        LJ (SR)  Disper. corr.   Coulomb (SR)   Coul. recip.      Potential
    9.10842e+04   -5.18119e+03   -6.32238e+05    2.26587e+03   -5.42600e+05
    Kinetic En.   Total Energy    Temperature Pres. DC (bar) Pressure (bar)
    1.03724e+05   -4.38876e+05    3.02719e+02   -2.05448e+02    4.18835e+01
   Constr. rmsd
    2.08508e-06

Writing checkpoint, step 869520 at Mon May  6 20:03:03 2024


DD  step 879999  vol min/aver 0.823  load imb.: force  2.5%  pme mesh/force 0.519

           Step           Time         Lambda
         880000      440.00000        0.00000

   Energies (kJ/mol)
          Angle    Proper Dih. Ryckaert-Bell.          LJ-14     Coulomb-14
    4.54691e+03    1.64526e+02    5.47275e+02    1.31530e+03   -5.26743e+03
        LJ (SR)  Disper. corr.   Coulomb (SR)   Coul. recip.      Potential
    9.05342e+04   -5.17065e+03   -6.32150e+05    2.34172e+03   -5.43138e+05
    Kinetic En.   Total Energy    Temperature Pres. DC (bar) Pressure (bar)
    1.02940e+05   -4.40198e+05    3.00431e+02   -2.04614e+02    4.73670e+01
   Constr. rmsd
    2.05260e-06

DD  step 899999  vol min/aver 0.820  load imb.: force  1.4%  pme mesh/force 0.542

           Step           Time         Lambda
         900000      450.00000        0.00000

   Energies (kJ/mol)
          Angle    Proper Dih. Ryckaert-Bell.          LJ-14     Coulomb-14
    4.83885e+03    1.88295e+02    5.30242e+02    1.28551e+03   -5.26837e+03
        LJ (SR)  Disper. corr.   Coulomb (SR)   Coul. recip.      Potential
    9.10315e+04   -5.17287e+03   -6.33303e+05    2.34527e+03   -5.43525e+05
    Kinetic En.   Total Energy    Temperature Pres. DC (bar) Pressure (bar)
    1.02957e+05   -4.40568e+05    3.00481e+02   -2.04790e+02   -4.83342e+01
   Constr. rmsd
    2.13033e-06

DD  step 919999  vol min/aver 0.816  load imb.: force  1.2%  pme mesh/force 0.542

           Step           Time         Lambda
         920000      460.00000        0.00000

   Energies (kJ/mol)
          Angle    Proper Dih. Ryckaert-Bell.          LJ-14     Coulomb-14
    4.68122e+03    1.36501e+02    4.54262e+02    1.29880e+03   -5.27533e+03
        LJ (SR)  Disper. corr.   Coulomb (SR)   Coul. recip.      Potential
    9.07980e+04   -5.17740e+03   -6.31966e+05    2.21232e+03   -5.42838e+05
    Kinetic En.   Total Energy    Temperature Pres. DC (bar) Pressure (bar)
    1.02798e+05   -4.40040e+05    3.00016e+02   -2.05147e+02   -5.58045e+01
   Constr. rmsd
    2.14109e-06

DD  step 939999  vol min/aver 0.820  load imb.: force  1.3%  pme mesh/force 0.544

           Step           Time         Lambda
         940000      470.00000        0.00000

   Energies (kJ/mol)
          Angle    Proper Dih. Ryckaert-Bell.          LJ-14     Coulomb-14
    4.63446e+03    1.56895e+02    4.72880e+02    1.34436e+03   -5.30789e+03
        LJ (SR)  Disper. corr.   Coulomb (SR)   Coul. recip.      Potential
    9.02972e+04   -5.17534e+03   -6.32298e+05    2.25206e+03   -5.43623e+05
    Kinetic En.   Total Energy    Temperature Pres. DC (bar) Pressure (bar)
    1.03330e+05   -4.40293e+05    3.01569e+02   -2.04984e+02   -3.23110e+01
   Constr. rmsd
    2.00019e-06

DD  step 959999  vol min/aver 0.810  load imb.: force  0.9%  pme mesh/force 0.539

           Step           Time         Lambda
         960000      480.00000        0.00000

   Energies (kJ/mol)
          Angle    Proper Dih. Ryckaert-Bell.          LJ-14     Coulomb-14
    4.60277e+03    1.26404e+02    5.47551e+02    1.32912e+03   -5.23720e+03
        LJ (SR)  Disper. corr.   Coulomb (SR)   Coul. recip.      Potential
    8.94810e+04   -5.18225e+03   -6.29766e+05    2.33123e+03   -5.41768e+05
    Kinetic En.   Total Energy    Temperature Pres. DC (bar) Pressure (bar)
    1.02710e+05   -4.39058e+05    2.99760e+02   -2.05532e+02   -2.44117e+01
   Constr. rmsd
    2.05963e-06

DD  step 979999  vol min/aver 0.796  load imb.: force  0.7%  pme mesh/force 0.547

           Step           Time         Lambda
         980000      490.00000        0.00000

   Energies (kJ/mol)
          Angle    Proper Dih. Ryckaert-Bell.          LJ-14     Coulomb-14
    4.64789e+03    1.37038e+02    4.92303e+02    1.35867e+03   -5.26762e+03
        LJ (SR)  Disper. corr.   Coulomb (SR)   Coul. recip.      Potential
    9.13786e+04   -5.17984e+03   -6.34042e+05    2.26300e+03   -5.44212e+05
    Kinetic En.   Total Energy    Temperature Pres. DC (bar) Pressure (bar)
    1.02768e+05   -4.41445e+05    2.99928e+02   -2.05341e+02    1.13679e+02
   Constr. rmsd
    2.14361e-06

DD  step 999999  vol min/aver 0.797  load imb.: force  1.4%  pme mesh/force 0.542

           Step           Time         Lambda
        1000000      500.00000        0.00000

   Energies (kJ/mol)
          Angle    Proper Dih. Ryckaert-Bell.          LJ-14     Coulomb-14
    4.68552e+03    1.47819e+02    4.95951e+02    1.30556e+03   -5.26495e+03
        LJ (SR)  Disper. corr.   Coulomb (SR)   Coul. recip.      Potential
    9.16903e+04   -5.16944e+03   -6.33682e+05    2.24827e+03   -5.43543e+05
    Kinetic En.   Total Energy    Temperature Pres. DC (bar) Pressure (bar)
    1.02758e+05   -4.40785e+05    2.99901e+02   -2.04518e+02    1.10812e+02
   Constr. rmsd
    2.05436e-06

DD  step 1019999  vol min/aver 0.792  load imb.: force  1.3%  pme mesh/force 0.560

           Step           Time         Lambda
        1020000      510.00000        0.00000

   Energies (kJ/mol)
          Angle    Proper Dih. Ryckaert-Bell.          LJ-14     Coulomb-14
    4.59850e+03    1.46410e+02    5.06801e+02    1.32995e+03   -5.24748e+03
        LJ (SR)  Disper. corr.   Coulomb (SR)   Coul. recip.      Potential
    9.21583e+04   -5.18143e+03   -6.33811e+05    2.24086e+03   -5.43259e+05
    Kinetic En.   Total Energy    Temperature Pres. DC (bar) Pressure (bar)
    1.02763e+05   -4.40496e+05    2.99914e+02   -2.05466e+02    2.14575e+02
   Constr. rmsd
    2.03863e-06

DD  step 1039999  vol min/aver 0.798  load imb.: force  0.7%  pme mesh/force 0.540

           Step           Time         Lambda
        1040000      520.00000        0.00000

   Energies (kJ/mol)
          Angle    Proper Dih. Ryckaert-Bell.          LJ-14     Coulomb-14
    4.55405e+03    1.57371e+02    5.45504e+02    1.30340e+03   -5.26911e+03
        LJ (SR)  Disper. corr.   Coulomb (SR)   Coul. recip.      Potential
    9.13365e+04   -5.16657e+03   -6.32720e+05    2.29080e+03   -5.42968e+05
    Kinetic En.   Total Energy    Temperature Pres. DC (bar) Pressure (bar)
    1.02339e+05   -4.40629e+05    2.98677e+02   -2.04291e+02    7.09539e+01
   Constr. rmsd
    2.08935e-06

DD  step 1059999  vol min/aver 0.787  load imb.: force  1.1%  pme mesh/force 0.553

           Step           Time         Lambda
        1060000      530.00000        0.00000

   Energies (kJ/mol)
          Angle    Proper Dih. Ryckaert-Bell.          LJ-14     Coulomb-14
    4.60162e+03    1.30853e+02    5.31829e+02    1.32375e+03   -5.21406e+03
        LJ (SR)  Disper. corr.   Coulomb (SR)   Coul. recip.      Potential
    9.08763e+04   -5.15859e+03   -6.32546e+05    2.19833e+03   -5.43256e+05
    Kinetic En.   Total Energy    Temperature Pres. DC (bar) Pressure (bar)
    1.02787e+05   -4.40469e+05    2.99985e+02   -2.03662e+02   -6.03905e+01
   Constr. rmsd
    2.07511e-06

DD  step 1079999  vol min/aver 0.805  load imb.: force  1.0%  pme mesh/force 0.542

           Step           Time         Lambda
        1080000      540.00000        0.00000

   Energies (kJ/mol)
          Angle    Proper Dih. Ryckaert-Bell.          LJ-14     Coulomb-14
    4.52163e+03    1.33610e+02    4.93037e+02    1.32408e+03   -5.29536e+03
        LJ (SR)  Disper. corr.   Coulomb (SR)   Coul. recip.      Potential
    9.10814e+04   -5.17308e+03   -6.32391e+05    2.24822e+03   -5.43057e+05
    Kinetic En.   Total Energy    Temperature Pres. DC (bar) Pressure (bar)
    1.03068e+05   -4.39989e+05    3.00806e+02   -2.04806e+02    7.69252e+01
   Constr. rmsd
    2.09278e-06

Writing checkpoint, step 1086200 at Mon May  6 20:18:03 2024


DD  step 1099999  vol min/aver 0.809  load imb.: force  1.8%  pme mesh/force 0.555

           Step           Time         Lambda
        1100000      550.00000        0.00000

   Energies (kJ/mol)
          Angle    Proper Dih. Ryckaert-Bell.          LJ-14     Coulomb-14
    4.66305e+03    1.22545e+02    5.16190e+02    1.30496e+03   -5.28853e+03
        LJ (SR)  Disper. corr.   Coulomb (SR)   Coul. recip.      Potential
    9.11290e+04   -5.15903e+03   -6.32599e+05    2.32890e+03   -5.42982e+05
    Kinetic En.   Total Energy    Temperature Pres. DC (bar) Pressure (bar)
    1.03091e+05   -4.39892e+05    3.00871e+02   -2.03696e+02    4.27306e+01
   Constr. rmsd
    2.06816e-06

DD  step 1119999  vol min/aver 0.808  load imb.: force  1.7%  pme mesh/force 0.530

           Step           Time         Lambda
        1120000      560.00000        0.00000

   Energies (kJ/mol)
          Angle    Proper Dih. Ryckaert-Bell.          LJ-14     Coulomb-14
    4.42860e+03    1.28804e+02    4.87018e+02    1.38247e+03   -5.30376e+03
        LJ (SR)  Disper. corr.   Coulomb (SR)   Coul. recip.      Potential
    8.95029e+04   -5.18324e+03   -6.31865e+05    2.22522e+03   -5.44197e+05
    Kinetic En.   Total Energy    Temperature Pres. DC (bar) Pressure (bar)
    1.02662e+05   -4.41535e+05    2.99619e+02   -2.05610e+02   -1.00062e+02
   Constr. rmsd
    2.06223e-06

DD  step 1139999  vol min/aver 0.805  load imb.: force  1.5%  pme mesh/force 0.517

           Step           Time         Lambda
        1140000      570.00000        0.00000

   Energies (kJ/mol)
          Angle    Proper Dih. Ryckaert-Bell.          LJ-14     Coulomb-14
    4.42132e+03    1.43438e+02    4.86799e+02    1.32937e+03   -5.29223e+03
        LJ (SR)  Disper. corr.   Coulomb (SR)   Coul. recip.      Potential
    9.06763e+04   -5.16917e+03   -6.32299e+05    2.31829e+03   -5.43384e+05
    Kinetic En.   Total Energy    Temperature Pres. DC (bar) Pressure (bar)
    1.02293e+05   -4.41092e+05    2.98542e+02   -2.04497e+02   -5.77253e+01
   Constr. rmsd
    2.13051e-06

DD  step 1159999  vol min/aver 0.802  load imb.: force  0.7%  pme mesh/force 0.546

           Step           Time         Lambda
        1160000      580.00000        0.00000

   Energies (kJ/mol)
          Angle    Proper Dih. Ryckaert-Bell.          LJ-14     Coulomb-14
    4.64802e+03    1.57933e+02    4.99643e+02    1.29152e+03   -5.28415e+03
        LJ (SR)  Disper. corr.   Coulomb (SR)   Coul. recip.      Potential
    9.17161e+04   -5.15622e+03   -6.32494e+05    2.26670e+03   -5.42355e+05
    Kinetic En.   Total Energy    Temperature Pres. DC (bar) Pressure (bar)
    1.03113e+05   -4.39242e+05    3.00935e+02   -2.03475e+02    9.29246e+01
   Constr. rmsd
    2.04002e-06

DD  step 1179999  vol min/aver 0.820  load imb.: force  1.1%  pme mesh/force 0.546

           Step           Time         Lambda
        1180000      590.00000        0.00000

   Energies (kJ/mol)
          Angle    Proper Dih. Ryckaert-Bell.          LJ-14     Coulomb-14
    4.78829e+03    1.64186e+02    4.81722e+02    1.35826e+03   -5.29870e+03
        LJ (SR)  Disper. corr.   Coulomb (SR)   Coul. recip.      Potential
    9.11926e+04   -5.17507e+03   -6.32074e+05    2.31825e+03   -5.42244e+05
    Kinetic En.   Total Energy    Temperature Pres. DC (bar) Pressure (bar)
    1.02913e+05   -4.39331e+05    3.00353e+02   -2.04964e+02    9.85620e+01
   Constr. rmsd
    2.03232e-06

DD  step 1199999  vol min/aver 0.799  load imb.: force  0.6%  pme mesh/force 0.552

           Step           Time         Lambda
        1200000      600.00000        0.00000

   Energies (kJ/mol)
          Angle    Proper Dih. Ryckaert-Bell.          LJ-14     Coulomb-14
    4.71885e+03    1.54022e+02    5.28622e+02    1.30542e+03   -5.29040e+03
        LJ (SR)  Disper. corr.   Coulomb (SR)   Coul. recip.      Potential
    9.12586e+04   -5.17167e+03   -6.33012e+05    2.24273e+03   -5.43266e+05
    Kinetic En.   Total Energy    Temperature Pres. DC (bar) Pressure (bar)
    1.03163e+05   -4.40102e+05    3.01083e+02   -2.04695e+02    5.94834e+01
   Constr. rmsd
    2.02556e-06

DD  step 1219999  vol min/aver 0.801  load imb.: force  0.6%  pme mesh/force 0.527

           Step           Time         Lambda
        1220000      610.00000        0.00000

   Energies (kJ/mol)
          Angle    Proper Dih. Ryckaert-Bell.          LJ-14     Coulomb-14
    4.73376e+03    1.26301e+02    4.85257e+02    1.31485e+03   -5.33600e+03
        LJ (SR)  Disper. corr.   Coulomb (SR)   Coul. recip.      Potential
    9.11007e+04   -5.17487e+03   -6.31861e+05    2.28606e+03   -5.42325e+05
    Kinetic En.   Total Energy    Temperature Pres. DC (bar) Pressure (bar)
    1.02841e+05   -4.39484e+05    3.00143e+02   -2.04948e+02    7.61669e+01
   Constr. rmsd
    2.04913e-06

DD  step 1239999  vol min/aver 0.815  load imb.: force  2.0%  pme mesh/force 0.520

           Step           Time         Lambda
        1240000      620.00000        0.00000

   Energies (kJ/mol)
          Angle    Proper Dih. Ryckaert-Bell.          LJ-14     Coulomb-14
    4.57829e+03    1.45300e+02    4.32260e+02    1.33840e+03   -5.29986e+03
        LJ (SR)  Disper. corr.   Coulomb (SR)   Coul. recip.      Potential
    9.04657e+04   -5.17111e+03   -6.31462e+05    2.26399e+03   -5.42709e+05
    Kinetic En.   Total Energy    Temperature Pres. DC (bar) Pressure (bar)
    1.03893e+05   -4.38815e+05    3.03213e+02   -2.04650e+02    1.22127e+02
   Constr. rmsd
    2.09939e-06

DD  step 1259999  vol min/aver 0.815  load imb.: force  1.5%  pme mesh/force 0.541

           Step           Time         Lambda
        1260000      630.00000        0.00000

   Energies (kJ/mol)
          Angle    Proper Dih. Ryckaert-Bell.          LJ-14     Coulomb-14
    4.81354e+03    1.71115e+02    4.65565e+02    1.32997e+03   -5.25337e+03
        LJ (SR)  Disper. corr.   Coulomb (SR)   Coul. recip.      Potential
    8.98719e+04   -5.18436e+03   -6.31247e+05    2.32934e+03   -5.42704e+05
    Kinetic En.   Total Energy    Temperature Pres. DC (bar) Pressure (bar)
    1.02859e+05   -4.39844e+05    3.00196e+02   -2.05699e+02   -1.92210e+01
   Constr. rmsd
    2.07640e-06

DD  step 1279999  vol min/aver 0.815  load imb.: force  0.7%  pme mesh/force 0.540

           Step           Time         Lambda
        1280000      640.00000        0.00000

   Energies (kJ/mol)
          Angle    Proper Dih. Ryckaert-Bell.          LJ-14     Coulomb-14
    4.50832e+03    1.62458e+02    5.08476e+02    1.30425e+03   -5.29460e+03
        LJ (SR)  Disper. corr.   Coulomb (SR)   Coul. recip.      Potential
    8.99988e+04   -5.18519e+03   -6.30756e+05    2.27625e+03   -5.42478e+05
    Kinetic En.   Total Energy    Temperature Pres. DC (bar) Pressure (bar)
    1.03284e+05   -4.39194e+05    3.01434e+02   -2.05765e+02   -1.76740e+01
   Constr. rmsd
    2.10820e-06

DD  step 1299999  vol min/aver 0.817  load imb.: force  0.6%  pme mesh/force 0.521

           Step           Time         Lambda
        1300000      650.00000        0.00000

   Energies (kJ/mol)
          Angle    Proper Dih. Ryckaert-Bell.          LJ-14     Coulomb-14
    4.67540e+03    1.60908e+02    4.08705e+02    1.32414e+03   -5.38231e+03
        LJ (SR)  Disper. corr.   Coulomb (SR)   Coul. recip.      Potential
    9.09582e+04   -5.17825e+03   -6.33222e+05    2.29392e+03   -5.43961e+05
    Kinetic En.   Total Energy    Temperature Pres. DC (bar) Pressure (bar)
    1.02655e+05   -4.41306e+05    2.99601e+02   -2.05215e+02    3.80712e+01
   Constr. rmsd
    2.10566e-06

Writing checkpoint, step 1303320 at Mon May  6 20:33:03 2024


DD  step 1319999  vol min/aver 0.816  load imb.: force  0.8%  pme mesh/force 0.508

           Step           Time         Lambda
        1320000      660.00000        0.00000

   Energies (kJ/mol)
          Angle    Proper Dih. Ryckaert-Bell.          LJ-14     Coulomb-14
    4.63591e+03    2.07498e+02    5.98256e+02    1.27295e+03   -5.28626e+03
        LJ (SR)  Disper. corr.   Coulomb (SR)   Coul. recip.      Potential
    9.02457e+04   -5.17764e+03   -6.31992e+05    2.31437e+03   -5.43181e+05
    Kinetic En.   Total Energy    Temperature Pres. DC (bar) Pressure (bar)
    1.03300e+05   -4.39882e+05    3.01481e+02   -2.05166e+02   -1.04148e+02
   Constr. rmsd
    2.13215e-06

DD  step 1339999  vol min/aver 0.815  load imb.: force  1.4%  pme mesh/force 0.513

           Step           Time         Lambda
        1340000      670.00000        0.00000

   Energies (kJ/mol)
          Angle    Proper Dih. Ryckaert-Bell.          LJ-14     Coulomb-14
    4.75689e+03    1.67242e+02    5.26265e+02    1.30233e+03   -5.33817e+03
        LJ (SR)  Disper. corr.   Coulomb (SR)   Coul. recip.      Potential
    9.02211e+04   -5.18192e+03   -6.31822e+05    2.28445e+03   -5.43084e+05
    Kinetic En.   Total Energy    Temperature Pres. DC (bar) Pressure (bar)
    1.02593e+05   -4.40490e+05    2.99420e+02   -2.05505e+02    1.80513e+01
   Constr. rmsd
    2.13145e-06

DD  step 1359999  vol min/aver 0.828  load imb.: force  2.0%  pme mesh/force 0.510

           Step           Time         Lambda
        1360000      680.00000        0.00000

   Energies (kJ/mol)
          Angle    Proper Dih. Ryckaert-Bell.          LJ-14     Coulomb-14
    4.85435e+03    1.50309e+02    4.61081e+02    1.29487e+03   -5.27895e+03
        LJ (SR)  Disper. corr.   Coulomb (SR)   Coul. recip.      Potential
    9.04393e+04   -5.17099e+03   -6.32128e+05    2.32913e+03   -5.43049e+05
    Kinetic En.   Total Energy    Temperature Pres. DC (bar) Pressure (bar)
    1.02579e+05   -4.40470e+05    2.99378e+02   -2.04640e+02   -1.09107e+02
   Constr. rmsd
    2.09220e-06

DD  step 1379999  vol min/aver 0.817  load imb.: force  1.2%  pme mesh/force 0.505

           Step           Time         Lambda
        1380000      690.00000        0.00000

   Energies (kJ/mol)
          Angle    Proper Dih. Ryckaert-Bell.          LJ-14     Coulomb-14
    4.65096e+03    1.69128e+02    4.91210e+02    1.34557e+03   -5.25992e+03
        LJ (SR)  Disper. corr.   Coulomb (SR)   Coul. recip.      Potential
    8.95100e+04   -5.17272e+03   -6.31281e+05    2.24837e+03   -5.43298e+05
    Kinetic En.   Total Energy    Temperature Pres. DC (bar) Pressure (bar)
    1.02744e+05   -4.40555e+05    2.99858e+02   -2.04778e+02   -2.14718e+02
   Constr. rmsd
    2.13350e-06

DD  step 1399999  vol min/aver 0.818  load imb.: force  1.2%  pme mesh/force 0.509

           Step           Time         Lambda
        1400000      700.00000        0.00000

   Energies (kJ/mol)
          Angle    Proper Dih. Ryckaert-Bell.          LJ-14     Coulomb-14
    4.63052e+03    1.60489e+02    4.97427e+02    1.38355e+03   -5.26184e+03
        LJ (SR)  Disper. corr.   Coulomb (SR)   Coul. recip.      Potential
    9.01343e+04   -5.17871e+03   -6.31710e+05    2.19432e+03   -5.43150e+05
    Kinetic En.   Total Energy    Temperature Pres. DC (bar) Pressure (bar)
    1.02369e+05   -4.40781e+05    2.98764e+02   -2.05252e+02    5.12557e+01
   Constr. rmsd
    2.11478e-06

DD  step 1419999  vol min/aver 0.824  load imb.: force  0.9%  pme mesh/force 0.534

           Step           Time         Lambda
        1420000      710.00000        0.00000

   Energies (kJ/mol)
          Angle    Proper Dih. Ryckaert-Bell.          LJ-14     Coulomb-14
    4.68094e+03    1.37942e+02    4.49771e+02    1.34789e+03   -5.35787e+03
        LJ (SR)  Disper. corr.   Coulomb (SR)   Coul. recip.      Potential
    9.14448e+04   -5.17007e+03   -6.33775e+05    2.26771e+03   -5.43974e+05
    Kinetic En.   Total Energy    Temperature Pres. DC (bar) Pressure (bar)
    1.03552e+05   -4.40422e+05    3.02219e+02   -2.04568e+02    4.50144e+01
   Constr. rmsd
    2.15272e-06

DD  step 1439999  vol min/aver 0.811  load imb.: force  0.7%  pme mesh/force 0.531

           Step           Time         Lambda
        1440000      720.00000        0.00000

   Energies (kJ/mol)
          Angle    Proper Dih. Ryckaert-Bell.          LJ-14     Coulomb-14
    4.78856e+03    1.28605e+02    3.11532e+02    1.25397e+03   -5.30735e+03
        LJ (SR)  Disper. corr.   Coulomb (SR)   Coul. recip.      Potential
    9.04382e+04   -5.16468e+03   -6.31018e+05    2.26828e+03   -5.42301e+05
    Kinetic En.   Total Energy    Temperature Pres. DC (bar) Pressure (bar)
    1.03273e+05   -4.39028e+05    3.01402e+02   -2.04142e+02   -1.09682e+02
   Constr. rmsd
    2.14086e-06

DD  step 1459999  vol min/aver 0.804  load imb.: force  0.8%  pme mesh/force 0.530

           Step           Time         Lambda
        1460000      730.00000        0.00000

   Energies (kJ/mol)
          Angle    Proper Dih. Ryckaert-Bell.          LJ-14     Coulomb-14
    4.57148e+03    1.65478e+02    5.54900e+02    1.32923e+03   -5.33490e+03
        LJ (SR)  Disper. corr.   Coulomb (SR)   Coul. recip.      Potential
    9.12218e+04   -5.16799e+03   -6.31521e+05    2.32171e+03   -5.41859e+05
    Kinetic En.   Total Energy    Temperature Pres. DC (bar) Pressure (bar)
    1.03202e+05   -4.38658e+05    3.01195e+02   -2.04403e+02    1.53556e+02
   Constr. rmsd
    2.07698e-06

DD  step 1479999  vol min/aver 0.823  load imb.: force  0.8%  pme mesh/force 0.524

           Step           Time         Lambda
        1480000      740.00000        0.00000

   Energies (kJ/mol)
          Angle    Proper Dih. Ryckaert-Bell.          LJ-14     Coulomb-14
    4.58278e+03    1.69404e+02    4.34926e+02    1.27557e+03   -5.27540e+03
        LJ (SR)  Disper. corr.   Coulomb (SR)   Coul. recip.      Potential
    9.16195e+04   -5.17910e+03   -6.33968e+05    2.29128e+03   -5.44049e+05
    Kinetic En.   Total Energy    Temperature Pres. DC (bar) Pressure (bar)
    1.03247e+05   -4.40802e+05    3.01326e+02   -2.05282e+02    4.44479e+01
   Constr. rmsd
    2.03135e-06

DD  step 1499999  vol min/aver 0.817  load imb.: force  2.1%  pme mesh/force 0.518

           Step           Time         Lambda
        1500000      750.00000        0.00000

   Energies (kJ/mol)
          Angle    Proper Dih. Ryckaert-Bell.          LJ-14     Coulomb-14
    4.68793e+03    1.25612e+02    3.41272e+02    1.32176e+03   -5.34215e+03
        LJ (SR)  Disper. corr.   Coulomb (SR)   Coul. recip.      Potential
    9.03518e+04   -5.16880e+03   -6.32355e+05    2.24892e+03   -5.43788e+05
    Kinetic En.   Total Energy    Temperature Pres. DC (bar) Pressure (bar)
    1.03799e+05   -4.39989e+05    3.02938e+02   -2.04467e+02    9.77000e+00
   Constr. rmsd
    2.15579e-06

Writing checkpoint, step 1519760 at Mon May  6 20:48:03 2024


DD  step 1519999  vol min/aver 0.825  load imb.: force  1.0%  pme mesh/force 0.542

           Step           Time         Lambda
        1520000      760.00000        0.00000

   Energies (kJ/mol)
          Angle    Proper Dih. Ryckaert-Bell.          LJ-14     Coulomb-14
    4.83231e+03    1.54676e+02    4.60440e+02    1.37193e+03   -5.34077e+03
        LJ (SR)  Disper. corr.   Coulomb (SR)   Coul. recip.      Potential
    8.88856e+04   -5.18696e+03   -6.30328e+05    2.25832e+03   -5.42892e+05
    Kinetic En.   Total Energy    Temperature Pres. DC (bar) Pressure (bar)
    1.02348e+05   -4.40545e+05    2.98702e+02   -2.05905e+02   -1.05274e+02
   Constr. rmsd
    2.10370e-06

DD  step 1539999  vol min/aver 0.802  load imb.: force  1.8%  pme mesh/force 0.514

           Step           Time         Lambda
        1540000      770.00000        0.00000

   Energies (kJ/mol)
          Angle    Proper Dih. Ryckaert-Bell.          LJ-14     Coulomb-14
    4.73274e+03    1.76833e+02    5.41906e+02    1.28361e+03   -5.28939e+03
        LJ (SR)  Disper. corr.   Coulomb (SR)   Coul. recip.      Potential
    9.09773e+04   -5.17386e+03   -6.33241e+05    2.27896e+03   -5.43713e+05
    Kinetic En.   Total Energy    Temperature Pres. DC (bar) Pressure (bar)
    1.03777e+05   -4.39937e+05    3.02873e+02   -2.04868e+02   -4.45199e+01
   Constr. rmsd
    2.13916e-06

DD  step 1559999  vol min/aver 0.818  load imb.: force  1.6%  pme mesh/force 0.519

           Step           Time         Lambda
        1560000      780.00000        0.00000

   Energies (kJ/mol)
          Angle    Proper Dih. Ryckaert-Bell.          LJ-14     Coulomb-14
    4.69613e+03    1.40222e+02    5.82541e+02    1.28362e+03   -5.31127e+03
        LJ (SR)  Disper. corr.   Coulomb (SR)   Coul. recip.      Potential
    9.07169e+04   -5.17054e+03   -6.32480e+05    2.27576e+03   -5.43267e+05
    Kinetic En.   Total Energy    Temperature Pres. DC (bar) Pressure (bar)
    1.02980e+05   -4.40286e+05    3.00549e+02   -2.04605e+02   -1.61481e+01
   Constr. rmsd
    2.17665e-06

DD  step 1579999  vol min/aver 0.784  load imb.: force  1.0%  pme mesh/force 0.524

           Step           Time         Lambda
        1580000      790.00000        0.00000

   Energies (kJ/mol)
          Angle    Proper Dih. Ryckaert-Bell.          LJ-14     Coulomb-14
    4.77420e+03    1.27664e+02    4.59333e+02    1.30527e+03   -5.29723e+03
        LJ (SR)  Disper. corr.   Coulomb (SR)   Coul. recip.      Potential
    8.98165e+04   -5.16472e+03   -6.31602e+05    2.30531e+03   -5.43276e+05
    Kinetic En.   Total Energy    Temperature Pres. DC (bar) Pressure (bar)
    1.03360e+05   -4.39916e+05    3.01657e+02   -2.04145e+02   -1.98087e+02
   Constr. rmsd
    2.09252e-06

DD  step 1599999  vol min/aver 0.841  load imb.: force  0.9%  pme mesh/force 0.523

           Step           Time         Lambda
        1600000      800.00000        0.00000

   Energies (kJ/mol)
          Angle    Proper Dih. Ryckaert-Bell.          LJ-14     Coulomb-14
    4.77374e+03    1.47839e+02    5.70736e+02    1.33522e+03   -5.29358e+03
        LJ (SR)  Disper. corr.   Coulomb (SR)   Coul. recip.      Potential
    9.14394e+04   -5.18079e+03   -6.34399e+05    2.31087e+03   -5.44295e+05
    Kinetic En.   Total Energy    Temperature Pres. DC (bar) Pressure (bar)
    1.02663e+05   -4.41632e+05    2.99623e+02   -2.05416e+02   -3.51846e+01
   Constr. rmsd
    2.12805e-06

DD  step 1619999  vol min/aver 0.810  load imb.: force  4.0%  pme mesh/force 0.509

           Step           Time         Lambda
        1620000      810.00000        0.00000

   Energies (kJ/mol)
          Angle    Proper Dih. Ryckaert-Bell.          LJ-14     Coulomb-14
    4.75209e+03    1.29228e+02    4.54510e+02    1.35036e+03   -5.27744e+03
        LJ (SR)  Disper. corr.   Coulomb (SR)   Coul. recip.      Potential
    9.01590e+04   -5.18058e+03   -6.31121e+05    2.32253e+03   -5.42412e+05
    Kinetic En.   Total Energy    Temperature Pres. DC (bar) Pressure (bar)
    1.03225e+05   -4.39187e+05    3.01262e+02   -2.05399e+02   -3.40315e+01
   Constr. rmsd
    2.16174e-06

DD  step 1639999  vol min/aver 0.817  load imb.: force  1.4%  pme mesh/force 0.499

           Step           Time         Lambda
        1640000      820.00000        0.00000

   Energies (kJ/mol)
          Angle    Proper Dih. Ryckaert-Bell.          LJ-14     Coulomb-14
    4.77698e+03    1.18718e+02    4.66557e+02    1.29579e+03   -5.29771e+03
        LJ (SR)  Disper. corr.   Coulomb (SR)   Coul. recip.      Potential
    9.02210e+04   -5.18115e+03   -6.32031e+05    2.21282e+03   -5.43418e+05
    Kinetic En.   Total Energy    Temperature Pres. DC (bar) Pressure (bar)
    1.03426e+05   -4.39992e+05    3.01848e+02   -2.05445e+02   -7.72396e+01
   Constr. rmsd
    2.15336e-06

DD  step 1659999  vol min/aver 0.822  load imb.: force  1.0%  pme mesh/force 0.521

           Step           Time         Lambda
        1660000      830.00000        0.00000

   Energies (kJ/mol)
          Angle    Proper Dih. Ryckaert-Bell.          LJ-14     Coulomb-14
    4.68808e+03    1.79511e+02    4.72573e+02    1.29388e+03   -5.30466e+03
        LJ (SR)  Disper. corr.   Coulomb (SR)   Coul. recip.      Potential
    9.06278e+04   -5.17163e+03   -6.31606e+05    2.25587e+03   -5.42564e+05
    Kinetic En.   Total Energy    Temperature Pres. DC (bar) Pressure (bar)
    1.02240e+05   -4.40324e+05    2.98389e+02   -2.04691e+02   -7.03394e+01
   Constr. rmsd
    2.08627e-06

DD  step 1679999  vol min/aver 0.839  load imb.: force  1.1%  pme mesh/force 0.532

           Step           Time         Lambda
        1680000      840.00000        0.00000

   Energies (kJ/mol)
          Angle    Proper Dih. Ryckaert-Bell.          LJ-14     Coulomb-14
    4.53593e+03    1.38379e+02    4.53876e+02    1.31658e+03   -5.30114e+03
        LJ (SR)  Disper. corr.   Coulomb (SR)   Coul. recip.      Potential
    8.94208e+04   -5.18003e+03   -6.31011e+05    2.19880e+03   -5.43428e+05
    Kinetic En.   Total Energy    Temperature Pres. DC (bar) Pressure (bar)
    1.02881e+05   -4.40548e+05    3.00258e+02   -2.05356e+02   -1.55421e+02
   Constr. rmsd
    2.17144e-06

DD  step 1699999  vol min/aver 0.806  load imb.: force  1.4%  pme mesh/force 0.562

           Step           Time         Lambda
        1700000      850.00000        0.00000

   Energies (kJ/mol)
          Angle    Proper Dih. Ryckaert-Bell.          LJ-14     Coulomb-14
    4.57800e+03    1.52467e+02    5.06296e+02    1.32479e+03   -5.32026e+03
        LJ (SR)  Disper. corr.   Coulomb (SR)   Coul. recip.      Potential
    9.22901e+04   -5.16566e+03   -6.34242e+05    2.31115e+03   -5.43566e+05
    Kinetic En.   Total Energy    Temperature Pres. DC (bar) Pressure (bar)
    1.02539e+05   -4.41027e+05    2.99260e+02   -2.04219e+02    1.57447e+02
   Constr. rmsd
    2.16270e-06

DD  step 1719999  vol min/aver 0.805  load imb.: force  2.4%  pme mesh/force 0.502

           Step           Time         Lambda
        1720000      860.00000        0.00000

   Energies (kJ/mol)
          Angle    Proper Dih. Ryckaert-Bell.          LJ-14     Coulomb-14
    4.37924e+03    1.51494e+02    4.53106e+02    1.29752e+03   -5.33926e+03
        LJ (SR)  Disper. corr.   Coulomb (SR)   Coul. recip.      Potential
    9.16339e+04   -5.15977e+03   -6.33443e+05    2.26205e+03   -5.43765e+05
    Kinetic En.   Total Energy    Temperature Pres. DC (bar) Pressure (bar)
    1.03081e+05   -4.40684e+05    3.00841e+02   -2.03754e+02    4.38963e+01
   Constr. rmsd
    2.12192e-06

Writing checkpoint, step 1737600 at Mon May  6 21:03:03 2024


DD  step 1739999  vol min/aver 0.793  load imb.: force  1.4%  pme mesh/force 0.524

           Step           Time         Lambda
        1740000      870.00000        0.00000

   Energies (kJ/mol)
          Angle    Proper Dih. Ryckaert-Bell.          LJ-14     Coulomb-14
    4.74306e+03    1.38129e+02    4.52897e+02    1.28368e+03   -5.36915e+03
        LJ (SR)  Disper. corr.   Coulomb (SR)   Coul. recip.      Potential
    9.06930e+04   -5.17523e+03   -6.31486e+05    2.27313e+03   -5.42446e+05
    Kinetic En.   Total Energy    Temperature Pres. DC (bar) Pressure (bar)
    1.02806e+05   -4.39640e+05    3.00041e+02   -2.04976e+02   -4.97531e+01
   Constr. rmsd
    2.16886e-06

DD  step 1759999  vol min/aver 0.795  load imb.: force  1.8%  pme mesh/force 0.542

           Step           Time         Lambda
        1760000      880.00000        0.00000

   Energies (kJ/mol)
          Angle    Proper Dih. Ryckaert-Bell.          LJ-14     Coulomb-14
    4.77390e+03    1.60621e+02    4.83771e+02    1.31317e+03   -5.33134e+03
        LJ (SR)  Disper. corr.   Coulomb (SR)   Coul. recip.      Potential
    9.05329e+04   -5.17971e+03   -6.31982e+05    2.29335e+03   -5.42936e+05
    Kinetic En.   Total Energy    Temperature Pres. DC (bar) Pressure (bar)
    1.02751e+05   -4.40184e+05    2.99880e+02   -2.05330e+02   -9.06313e+00
   Constr. rmsd
    2.15365e-06

DD  step 1779999  vol min/aver 0.802  load imb.: force  1.2%  pme mesh/force 0.528

           Step           Time         Lambda
        1780000      890.00000        0.00000

   Energies (kJ/mol)
          Angle    Proper Dih. Ryckaert-Bell.          LJ-14     Coulomb-14
    4.51531e+03    1.42422e+02    3.77015e+02    1.29156e+03   -5.31956e+03
        LJ (SR)  Disper. corr.   Coulomb (SR)   Coul. recip.      Potential
    9.14974e+04   -5.17102e+03   -6.32896e+05    2.26619e+03   -5.43297e+05
    Kinetic En.   Total Energy    Temperature Pres. DC (bar) Pressure (bar)
    1.02321e+05   -4.40976e+05    2.98625e+02   -2.04643e+02    9.31545e+01
   Constr. rmsd
    2.18505e-06

DD  step 1799999  vol min/aver 0.806  load imb.: force  0.8%  pme mesh/force 0.535

           Step           Time         Lambda
        1800000      900.00000        0.00000

   Energies (kJ/mol)
          Angle    Proper Dih. Ryckaert-Bell.          LJ-14     Coulomb-14
    4.60760e+03    1.39716e+02    3.65258e+02    1.31102e+03   -5.34747e+03
        LJ (SR)  Disper. corr.   Coulomb (SR)   Coul. recip.      Potential
    9.10228e+04   -5.17259e+03   -6.32396e+05    2.22675e+03   -5.43243e+05
    Kinetic En.   Total Energy    Temperature Pres. DC (bar) Pressure (bar)
    1.03449e+05   -4.39794e+05    3.01917e+02   -2.04767e+02   -9.45607e+00
   Constr. rmsd
    2.10860e-06

DD  step 1819999  vol min/aver 0.817  load imb.: force  1.0%  pme mesh/force 0.531

           Step           Time         Lambda
        1820000      910.00000        0.00000

   Energies (kJ/mol)
          Angle    Proper Dih. Ryckaert-Bell.          LJ-14     Coulomb-14
    4.60569e+03    1.39849e+02    4.44640e+02    1.33694e+03   -5.32993e+03
        LJ (SR)  Disper. corr.   Coulomb (SR)   Coul. recip.      Potential
    9.15811e+04   -5.16829e+03   -6.32856e+05    2.29628e+03   -5.42949e+05
    Kinetic En.   Total Energy    Temperature Pres. DC (bar) Pressure (bar)
    1.03027e+05   -4.39922e+05    3.00686e+02   -2.04428e+02    1.33118e+02
   Constr. rmsd
    2.13605e-06

DD  step 1839999  vol min/aver 0.806  load imb.: force  2.6%  pme mesh/force 0.517

           Step           Time         Lambda
        1840000      920.00000        0.00000

   Energies (kJ/mol)
          Angle    Proper Dih. Ryckaert-Bell.          LJ-14     Coulomb-14
    4.62392e+03    1.49150e+02    4.05423e+02    1.33139e+03   -5.33945e+03
        LJ (SR)  Disper. corr.   Coulomb (SR)   Coul. recip.      Potential
    9.00984e+04   -5.16463e+03   -6.32237e+05    2.33117e+03   -5.43801e+05
    Kinetic En.   Total Energy    Temperature Pres. DC (bar) Pressure (bar)
    1.02921e+05   -4.40880e+05    3.00376e+02   -2.04138e+02   -1.28496e+02
   Constr. rmsd
    2.22212e-06

DD  step 1859999  vol min/aver 0.829  load imb.: force  1.0%  pme mesh/force 0.541

           Step           Time         Lambda
        1860000      930.00000        0.00000

   Energies (kJ/mol)
          Angle    Proper Dih. Ryckaert-Bell.          LJ-14     Coulomb-14
    4.58474e+03    1.39896e+02    4.60887e+02    1.28459e+03   -5.32821e+03
        LJ (SR)  Disper. corr.   Coulomb (SR)   Coul. recip.      Potential
    9.17231e+04   -5.18719e+03   -6.34203e+05    2.31107e+03   -5.44214e+05
    Kinetic En.   Total Energy    Temperature Pres. DC (bar) Pressure (bar)
    1.02757e+05   -4.41457e+05    2.99896e+02   -2.05923e+02    1.48218e+02
   Constr. rmsd
    2.11550e-06

DD  step 1879999  vol min/aver 0.807  load imb.: force  1.2%  pme mesh/force 0.518

           Step           Time         Lambda
        1880000      940.00000        0.00000

   Energies (kJ/mol)
          Angle    Proper Dih. Ryckaert-Bell.          LJ-14     Coulomb-14
    4.71653e+03    1.21375e+02    4.15040e+02    1.30405e+03   -5.36331e+03
        LJ (SR)  Disper. corr.   Coulomb (SR)   Coul. recip.      Potential
    9.01832e+04   -5.17503e+03   -6.29951e+05    2.36815e+03   -5.41381e+05
    Kinetic En.   Total Energy    Temperature Pres. DC (bar) Pressure (bar)
    1.02732e+05   -4.38649e+05    2.99825e+02   -2.04960e+02    4.33062e+01
   Constr. rmsd
    2.12115e-06

DD  step 1899999  vol min/aver 0.825  load imb.: force  1.6%  pme mesh/force 0.514

           Step           Time         Lambda
        1900000      950.00000        0.00000

   Energies (kJ/mol)
          Angle    Proper Dih. Ryckaert-Bell.          LJ-14     Coulomb-14
    4.65357e+03    1.48217e+02    4.93383e+02    1.31524e+03   -5.29681e+03
        LJ (SR)  Disper. corr.   Coulomb (SR)   Coul. recip.      Potential
    9.07125e+04   -5.17316e+03   -6.32160e+05    2.20339e+03   -5.43104e+05
    Kinetic En.   Total Energy    Temperature Pres. DC (bar) Pressure (bar)
    1.03320e+05   -4.39784e+05    3.01540e+02   -2.04812e+02   -4.83757e+01
   Constr. rmsd
    2.09769e-06

DD  step 1919999  vol min/aver 0.811  load imb.: force  1.3%  pme mesh/force 0.523

           Step           Time         Lambda
        1920000      960.00000        0.00000

   Energies (kJ/mol)
          Angle    Proper Dih. Ryckaert-Bell.          LJ-14     Coulomb-14
    4.66552e+03    1.48513e+02    4.56816e+02    1.33653e+03   -5.34624e+03
        LJ (SR)  Disper. corr.   Coulomb (SR)   Coul. recip.      Potential
    9.00154e+04   -5.16495e+03   -6.31205e+05    2.30277e+03   -5.42790e+05
    Kinetic En.   Total Energy    Temperature Pres. DC (bar) Pressure (bar)
    1.03759e+05   -4.39032e+05    3.02820e+02   -2.04163e+02   -3.53248e+01
   Constr. rmsd
    2.14885e-06

DD  step 1939999  vol min/aver 0.828  load imb.: force  1.1%  pme mesh/force 0.541

           Step           Time         Lambda
        1940000      970.00000        0.00000

   Energies (kJ/mol)
          Angle    Proper Dih. Ryckaert-Bell.          LJ-14     Coulomb-14
    4.61142e+03    1.29943e+02    4.04807e+02    1.29278e+03   -5.37913e+03
        LJ (SR)  Disper. corr.   Coulomb (SR)   Coul. recip.      Potential
    9.07157e+04   -5.18899e+03   -6.32970e+05    2.23077e+03   -5.44153e+05
    Kinetic En.   Total Energy    Temperature Pres. DC (bar) Pressure (bar)
    1.02628e+05   -4.41525e+05    2.99521e+02   -2.06066e+02   -6.56047e+01
   Constr. rmsd
    2.18767e-06

Writing checkpoint, step 1955160 at Mon May  6 21:18:03 2024


DD  step 1959999  vol min/aver 0.832  load imb.: force  1.3%  pme mesh/force 0.514

           Step           Time         Lambda
        1960000      980.00000        0.00000

   Energies (kJ/mol)
          Angle    Proper Dih. Ryckaert-Bell.          LJ-14     Coulomb-14
    4.49640e+03    1.46473e+02    4.79141e+02    1.31965e+03   -5.38545e+03
        LJ (SR)  Disper. corr.   Coulomb (SR)   Coul. recip.      Potential
    9.05853e+04   -5.16345e+03   -6.32756e+05    2.23956e+03   -5.44038e+05
    Kinetic En.   Total Energy    Temperature Pres. DC (bar) Pressure (bar)
    1.02322e+05   -4.41716e+05    2.98626e+02   -2.04045e+02   -1.67261e+01
   Constr. rmsd
    2.20250e-06

DD  step 1979999  vol min/aver 0.830  load imb.: force  1.1%  pme mesh/force 0.533

           Step           Time         Lambda
        1980000      990.00000        0.00000

   Energies (kJ/mol)
          Angle    Proper Dih. Ryckaert-Bell.          LJ-14     Coulomb-14
    4.63718e+03    1.77463e+02    5.55431e+02    1.34510e+03   -5.34133e+03
        LJ (SR)  Disper. corr.   Coulomb (SR)   Coul. recip.      Potential
    9.11526e+04   -5.16843e+03   -6.32439e+05    2.21192e+03   -5.42869e+05
    Kinetic En.   Total Energy    Temperature Pres. DC (bar) Pressure (bar)
    1.03160e+05   -4.39709e+05    3.01073e+02   -2.04438e+02    1.60682e+02
   Constr. rmsd
    2.18140e-06

DD  step 1999999  vol min/aver 0.832  load imb.: force  1.8%  pme mesh/force 0.535

           Step           Time         Lambda
        2000000     1000.00000        0.00000

Writing checkpoint, step 2000000 at Mon May  6 21:21:08 2024


   Energies (kJ/mol)
          Angle    Proper Dih. Ryckaert-Bell.          LJ-14     Coulomb-14
    4.63560e+03    1.17060e+02    5.04495e+02    1.33461e+03   -5.34343e+03
        LJ (SR)  Disper. corr.   Coulomb (SR)   Coul. recip.      Potential
    9.07771e+04   -5.15897e+03   -6.30904e+05    2.28692e+03   -5.41751e+05
    Kinetic En.   Total Energy    Temperature Pres. DC (bar) Pressure (bar)
    1.02421e+05   -4.39329e+05    2.98917e+02   -2.03691e+02    6.10442e+01
   Constr. rmsd
    2.15087e-06

	<======  ###############  ==>
	<====  A V E R A G E S  ====>
	<==  ###############  ======>

	Statistics over 2000001 steps using 20001 frames

   Energies (kJ/mol)
          Angle    Proper Dih. Ryckaert-Bell.          LJ-14     Coulomb-14
    4.75143e+03    1.55368e+02    5.20950e+02    1.32404e+03   -5.30294e+03
        LJ (SR)  Disper. corr.   Coulomb (SR)   Coul. recip.      Potential
    9.08721e+04   -5.17231e+03   -6.32708e+05    2.28696e+03   -5.43272e+05
    Kinetic En.   Total Energy    Temperature Pres. DC (bar) Pressure (bar)
    1.02797e+05   -4.40475e+05    3.00014e+02   -2.04746e+02    2.13302e+00
   Constr. rmsd
    0.00000e+00

          Box-X          Box-Y          Box-Z
    7.48888e+00    7.48888e+00    7.48888e+00

   Total Virial (kJ/mol)
    3.42243e+04    5.45704e+00    1.18764e+01
    7.91533e-01    3.42352e+04    1.66181e+01
    8.60311e+00    1.58895e+01    3.42566e+04

   Pressure (bar)
    2.87683e+00   -5.75459e-01   -5.86071e-01
   -2.06412e-01    2.84275e+00   -1.06031e+00
   -3.27537e-01   -1.00281e+00    6.79469e-01


	M E G A - F L O P S   A C C O U N T I N G

 NB=Group-cutoff nonbonded kernels    NxN=N-by-N cluster Verlet kernels
 RF=Reaction-Field  VdW=Van der Waals  QSTab=quadratic-spline table
 W3=SPC/TIP3p  W4=TIP4p (single or pairs)
 V&F=Potential and force  V=Potential only  F=Force only

 Computing:                               M-Number         M-Flops  % Flops
-----------------------------------------------------------------------------
 Pair Search distance check          738764.016498     6648876.148     0.4
 NxN QSTab Elec. + LJ [F]          17916162.375248   734562657.385    48.5
 NxN QSTab Elec. + LJ [V&F]          180979.066368    10677764.916     0.7
 NxN QSTab Elec. [F]               15724955.945648   534648502.152    35.3
 NxN QSTab Elec. [V&F]               158844.807280     6512637.098     0.4
 1,4 nonbonded interactions           11750.005875     1057500.529     0.1
 Calc Weights                        247266.123633     8901580.451     0.6
 Spread Q Bspline                   5275010.637504    10550021.275     0.7
 Gather F Bspline                   5275010.637504    31650063.825     2.1
 3D-FFT                            18874377.437184   150995019.497    10.0
 Solve PME                             8192.004096      524288.262     0.0
 Reset In Box                          2060.591211        6181.774     0.0
 CG-CoM                                2060.632422        6181.897     0.0
 Angles                                8502.004251     1428336.714     0.1
 Propers                                250.000125       57250.029     0.0
 RB-Dihedrals                         11746.005873     2901263.451     0.2
 Virial                                8404.242021      151276.356     0.0
 Stop-CM                                824.302422        8243.024     0.0
 P-Coupling                           82422.041211      494532.247     0.0
 Calc-Ekin                            16484.482422      445081.025     0.0
 Lincs                                 7836.551676      470193.101     0.0
 Lincs-Mat                           175124.317872      700497.271     0.0
 Constraint-V                        102016.824236      816134.594     0.1
 Constraint-Vir                        9418.065317      226033.568     0.0
 Settle                               28781.257209     9296346.079     0.6
-----------------------------------------------------------------------------
 Total                                              1513736462.669   100.0
-----------------------------------------------------------------------------


    D O M A I N   D E C O M P O S I T I O N   S T A T I S T I C S

 av. #atoms communicated per step for force:  2 x 62776.4
 av. #atoms communicated per step for LINCS:  2 x 6050.5

 Average load imbalance: 1.4 %
 Part of the total run time spent waiting due to load imbalance: 1.2 %
 Steps where the load balancing was limited by -rdd, -rcon and/or -dds: X 0 % Y 0 %
 Average PME mesh/force load: 0.530
 Part of the total run time spent waiting due to PP/PME imbalance: 10.3 %

NOTE: 10.3 % performance was lost because the PME ranks
      had less work to do than the PP ranks.
      You might want to decrease the number of PME ranks
      or decrease the cut-off and the grid spacing.


     R E A L   C Y C L E   A N D   T I M E   A C C O U N T I N G

On 18 MPI ranks doing PP, and
on 6 MPI ranks doing PME

 Computing:          Num   Num      Call    Wall time         Giga-Cycles
                     Ranks Threads  Count      (s)         total sum    %
-----------------------------------------------------------------------------
 Domain decomp.        18    1      50001      76.986       3464.366   0.7
 DD comm. load         18    1      50000       0.555         24.991   0.0
 DD comm. bounds       18    1      50000       1.511         68.004   0.0
 Send X to PME         18    1    2000001      24.488       1101.934   0.2
 Neighbor search       18    1      50001     195.847       8813.074   1.8
 Comm. coord.          18    1    1950000      98.651       4439.248   0.9
 Force                 18    1    2000001    7014.872     315667.003  63.5
 Wait + Comm. F        18    1    2000001     179.952       8097.762   1.6
 PME mesh *             6    1    2000001    3758.365      56375.071  11.3
 PME wait for PP *                           4526.585      67898.290  13.7
 Wait + Recv. PME F    18    1    2000001      18.269        822.082   0.2
 NB X/F buffer ops.    18    1    5900001      56.266       2531.953   0.5
 Write traj.           18    1        110       0.087          3.918   0.0
 Update                18    1    2000001      60.338       2715.190   0.5
 Constraints           18    1    2000001     512.819      23076.693   4.6
 Comm. energies        18    1     200001       8.650        389.240   0.1
 Rest                                          35.661       1604.712   0.3
-----------------------------------------------------------------------------
 Total                                       8284.952     497093.564 100.0
-----------------------------------------------------------------------------
(*) Note that with separate PME ranks, the walltime column actually sums to
    twice the total reported, but the cycle count total and % are correct.
-----------------------------------------------------------------------------
 Breakdown of PME mesh computation
-----------------------------------------------------------------------------
 PME redist. X/F        6    1    4000002     257.654       3864.781   0.8
 PME spread/gather      6    1    4000002    1921.481      28822.004   5.8
 PME 3D-FFT             6    1    4000002    1043.111      15646.558   3.1
 PME 3D-FFT Comm.       6    1    4000002     230.125       3451.846   0.7
 PME solve Elec         6    1    2000001     303.777       4556.626   0.9
-----------------------------------------------------------------------------

               Core t (s)   Wall t (s)        (%)
       Time:   198998.808     8284.952     2401.9
                         2h18:04
                 (ns/day)    (hour/ns)
Performance:       10.429        2.301
Finished mdrun on rank 0 Mon May  6 21:21:08 2024
