Log file opened on Tue May  7 19:02:42 2024
Host: node08  pid: 21430  rank ID: 0  number of ranks:  1
GROMACS:    gmx mdrun, VERSION 5.0.1

GROMACS is written by:
Emile Apol         Rossen Apostolov   Herman J.C. Berendsen Par Bjelkmar       
Aldert van Buuren  Rudi van Drunen    Anton Feenstra     Sebastian Fritsch  
Gerrit Groenhof    Christoph Junghans Peter Kasson       Carsten Kutzner    
Per Larsson        Justin A. Lemkul   Magnus Lundborg    Pieter Meulenhoff  
Erik Marklund      Teemu Murtola      Szilard Pall       Sander Pronk       
Roland Schulz      Alexey Shvetsov    Michael Shirts     Alfons Sijbers     
Peter Tieleman     Christian Wennberg Maarten Wolf       
and the project leaders:
Mark Abraham, Berk Hess, Erik Lindahl, and David van der Spoel

Copyright (c) 1991-2000, University of Groningen, The Netherlands.
Copyright (c) 2001-2014, The GROMACS development team at
Uppsala University, Stockholm University and
the Royal Institute of Technology, Sweden.
check out http://www.gromacs.org for more information.

GROMACS is free software; you can redistribute it and/or modify it
under the terms of the GNU Lesser General Public License
as published by the Free Software Foundation; either version 2.1
of the License, or (at your option) any later version.

GROMACS:      gmx mdrun, VERSION 5.0.1
Executable:   /opt/gromacs-5.0.1-no-openmpi/bin/gmx
Library dir:  /opt/gromacs-5.0.1-no-openmpi/share/gromacs/top
Command line:
  mdrun -nt 12 -s run.tpr

Gromacs version:    VERSION 5.0.1
Precision:          single
Memory model:       64 bit
MPI library:        thread_mpi
OpenMP support:     enabled
GPU support:        disabled
invsqrt routine:    gmx_software_invsqrt(x)
SIMD instructions:  SSE4.1
FFT library:        fftw-3.3.3-sse2
RDTSCP usage:       enabled
C++11 compilation:  enabled
TNG support:        enabled
Tracing support:    disabled
Built on:           Fri Mar 27 20:21:17 EET 2015
Built by:           root@daywalker.acmac.uoc.gr [CMAKE]
Build OS/arch:      Linux 3.10.0-123.20.1.el7.x86_64 x86_64
Build CPU vendor:   GenuineIntel
Build CPU brand:    Intel(R) Xeon(R) CPU           E5606  @ 2.13GHz
Build CPU family:   6   Model: 44   Stepping: 2
Build CPU features: aes apic clfsh cmov cx8 cx16 htt lahf_lm mmx msr nonstop_tsc pcid pclmuldq pdcm pdpe1gb popcnt pse rdtscp sse2 sse3 sse4.1 sse4.2 ssse3
C compiler:         /opt/openmpi-1.8.4/bin/mpicc GNU 4.8.2
C compiler flags:    -msse4.1   -Wno-maybe-uninitialized -Wextra -Wno-missing-field-initializers -Wno-sign-compare -Wpointer-arith -Wall -Wno-unused -Wunused-value -Wunused-parameter   -fomit-frame-pointer -funroll-all-loops -fexcess-precision=fast  -Wno-array-bounds  -O3 -DNDEBUG
C++ compiler:       /opt/openmpi-1.8.4/bin/mpic++ GNU 4.8.2
C++ compiler flags:  -msse4.1   -std=c++0x -Wextra -Wno-missing-field-initializers -Wpointer-arith -Wall -Wno-unused-function   -fomit-frame-pointer -funroll-all-loops -fexcess-precision=fast  -Wno-array-bounds  -O3 -DNDEBUG
Boost version:      1.55.0 (internal)



++++ PLEASE READ AND CITE THE FOLLOWING REFERENCE ++++
B. Hess and C. Kutzner and D. van der Spoel and E. Lindahl
GROMACS 4: Algorithms for highly efficient, load-balanced, and scalable
molecular simulation
J. Chem. Theory Comput. 4 (2008) pp. 435-447
-------- -------- --- Thank You --- -------- --------


++++ PLEASE READ AND CITE THE FOLLOWING REFERENCE ++++
D. van der Spoel, E. Lindahl, B. Hess, G. Groenhof, A. E. Mark and H. J. C.
Berendsen
GROMACS: Fast, Flexible and Free
J. Comp. Chem. 26 (2005) pp. 1701-1719
-------- -------- --- Thank You --- -------- --------


++++ PLEASE READ AND CITE THE FOLLOWING REFERENCE ++++
E. Lindahl and B. Hess and D. van der Spoel
GROMACS 3.0: A package for molecular simulation and trajectory analysis
J. Mol. Mod. 7 (2001) pp. 306-317
-------- -------- --- Thank You --- -------- --------


++++ PLEASE READ AND CITE THE FOLLOWING REFERENCE ++++
H. J. C. Berendsen, D. van der Spoel and R. van Drunen
GROMACS: A message-passing parallel molecular dynamics implementation
Comp. Phys. Comm. 91 (1995) pp. 43-56
-------- -------- --- Thank You --- -------- --------

Changing nstlist from 10 to 40, rlist from 1.001 to 1.034

Input Parameters:
   integrator                     = md
   tinit                          = 0
   dt                             = 0.0005
   nsteps                         = 2000000
   init-step                      = 0
   simulation-part                = 1
   comm-mode                      = Linear
   nstcomm                        = 100
   bd-fric                        = 0
   ld-seed                        = 3757334531
   emtol                          = 10
   emstep                         = 0.01
   niter                          = 20
   fcstep                         = 0
   nstcgsteep                     = 1000
   nbfgscorr                      = 10
   rtpi                           = 0.05
   nstxout                        = 20000
   nstvout                        = 0
   nstfout                        = 0
   nstlog                         = 20000
   nstcalcenergy                  = 100
   nstenergy                      = 20000
   nstxout-compressed             = 0
   compressed-x-precision         = 1000
   cutoff-scheme                  = Verlet
   nstlist                        = 40
   ns-type                        = Grid
   pbc                            = xyz
   periodic-molecules             = FALSE
   verlet-buffer-tolerance        = 0.005
   rlist                          = 1.034
   rlistlong                      = 1.034
   nstcalclr                      = 10
   coulombtype                    = PME
   coulomb-modifier               = Potential-shift
   rcoulomb-switch                = 0
   rcoulomb                       = 1
   epsilon-r                      = 1
   epsilon-rf                     = inf
   vdw-type                       = Cut-off
   vdw-modifier                   = Potential-shift
   rvdw-switch                    = 0
   rvdw                           = 1
   DispCorr                       = EnerPres
   table-extension                = 1
   fourierspacing                 = 0.12
   fourier-nx                     = 48
   fourier-ny                     = 48
   fourier-nz                     = 48
   pme-order                      = 4
   ewald-rtol                     = 0.0001
   ewald-rtol-lj                  = 0.001
   lj-pme-comb-rule               = Geometric
   ewald-geometry                 = 0
   epsilon-surface                = 0
   implicit-solvent               = No
   gb-algorithm                   = Still
   nstgbradii                     = 1
   rgbradii                       = 1
   gb-epsilon-solvent             = 80
   gb-saltconc                    = 0
   gb-obc-alpha                   = 1
   gb-obc-beta                    = 0.8
   gb-obc-gamma                   = 4.85
   gb-dielectric-offset           = 0.009
   sa-algorithm                   = Ace-approximation
   sa-surface-tension             = 2.05016
   tcoupl                         = V-rescale
   nsttcouple                     = 10
   nh-chain-length                = 0
   print-nose-hoover-chain-variables = FALSE
   pcoupl                         = Berendsen
   pcoupltype                     = Isotropic
   nstpcouple                     = 10
   tau-p                          = 0.5
   compressibility (3x3):
      compressibility[    0]={ 4.00000e-05,  0.00000e+00,  0.00000e+00}
      compressibility[    1]={ 0.00000e+00,  4.00000e-05,  0.00000e+00}
      compressibility[    2]={ 0.00000e+00,  0.00000e+00,  4.00000e-05}
   ref-p (3x3):
      ref-p[    0]={ 1.01325e+00,  0.00000e+00,  0.00000e+00}
      ref-p[    1]={ 0.00000e+00,  1.01325e+00,  0.00000e+00}
      ref-p[    2]={ 0.00000e+00,  0.00000e+00,  1.01325e+00}
   refcoord-scaling               = No
   posres-com (3):
      posres-com[0]= 0.00000e+00
      posres-com[1]= 0.00000e+00
      posres-com[2]= 0.00000e+00
   posres-comB (3):
      posres-comB[0]= 0.00000e+00
      posres-comB[1]= 0.00000e+00
      posres-comB[2]= 0.00000e+00
   QMMM                           = FALSE
   QMconstraints                  = 0
   QMMMscheme                     = 0
   MMChargeScaleFactor            = 1
qm-opts:
   ngQM                           = 0
   constraint-algorithm           = Lincs
   continuation                   = FALSE
   Shake-SOR                      = FALSE
   shake-tol                      = 0.0001
   lincs-order                    = 4
   lincs-iter                     = 1
   lincs-warnangle                = 30
   nwall                          = 0
   wall-type                      = 9-3
   wall-r-linpot                  = -1
   wall-atomtype[0]               = -1
   wall-atomtype[1]               = -1
   wall-density[0]                = 0
   wall-density[1]                = 0
   wall-ewald-zfac                = 3
   pull                           = no
   rotation                       = FALSE
   interactiveMD                  = FALSE
   disre                          = No
   disre-weighting                = Conservative
   disre-mixed                    = FALSE
   dr-fc                          = 1000
   dr-tau                         = 0
   nstdisreout                    = 100
   orire-fc                       = 0
   orire-tau                      = 0
   nstorireout                    = 100
   free-energy                    = no
   cos-acceleration               = 0
   deform (3x3):
      deform[    0]={ 0.00000e+00,  0.00000e+00,  0.00000e+00}
      deform[    1]={ 0.00000e+00,  0.00000e+00,  0.00000e+00}
      deform[    2]={ 0.00000e+00,  0.00000e+00,  0.00000e+00}
   simulated-tempering            = FALSE
   E-x:
      n = 0
   E-xt:
      n = 0
   E-y:
      n = 0
   E-yt:
      n = 0
   E-z:
      n = 0
   E-zt:
      n = 0
   swapcoords                     = no
   adress                         = FALSE
   userint1                       = 0
   userint2                       = 0
   userint3                       = 0
   userint4                       = 0
   userreal1                      = 0
   userreal2                      = 0
   userreal3                      = 0
   userreal4                      = 0
grpopts:
   nrdf:       32974
   ref-t:         300
   tau-t:         0.1
annealing:          No
annealing-npoints:           0
   acc:	           0           0           0
   nfreeze:           N           N           N
   energygrp-flags[  0]: 0
Using 1 MPI thread
Using 12 OpenMP threads 

Detecting CPU SIMD instructions.
Present hardware specification:
Vendor: GenuineIntel
Brand:  Intel(R) Xeon(R) CPU E5-2630 v2 @ 2.60GHz
Family:  6  Model: 62  Stepping:  4
Features: aes apic avx clfsh cmov cx8 cx16 f16c htt lahf_lm mmx msr nonstop_tsc pcid pclmuldq pdcm pdpe1gb popcnt pse rdrnd rdtscp sse2 sse3 sse4.1 sse4.2 ssse3 tdt x2apic
SIMD instructions most likely to fit this hardware: AVX_256
SIMD instructions selected at GROMACS compile time: SSE4.1


Binary not matching hardware - you might be losing performance.
SIMD instructions most likely to fit this hardware: AVX_256
SIMD instructions selected at GROMACS compile time: SSE4.1

Will do PME sum in reciprocal space for electrostatic interactions.

++++ PLEASE READ AND CITE THE FOLLOWING REFERENCE ++++
U. Essmann, L. Perera, M. L. Berkowitz, T. Darden, H. Lee and L. G. Pedersen 
A smooth particle mesh Ewald method
J. Chem. Phys. 103 (1995) pp. 8577-8592
-------- -------- --- Thank You --- -------- --------

Will do ordinary reciprocal space Ewald sum.
Using a Gaussian width (1/beta) of 0.363496 nm for Ewald
Cut-off's:   NS: 1.034   Coulomb: 1   LJ: 1
Long Range LJ corr.: <C6> 3.0579e-04
System total charge: -0.000
Generated table with 1016 data points for Ewald.
Tabscale = 500 points/nm
Generated table with 1016 data points for LJ6.
Tabscale = 500 points/nm
Generated table with 1016 data points for LJ12.
Tabscale = 500 points/nm
Generated table with 1016 data points for 1-4 COUL.
Tabscale = 500 points/nm
Generated table with 1016 data points for 1-4 LJ6.
Tabscale = 500 points/nm
Generated table with 1016 data points for 1-4 LJ12.
Tabscale = 500 points/nm

Using SSE4.1 4x4 non-bonded kernels

Using geometric Lennard-Jones combination rule

Potential shift: LJ r^-12: -1.000e+00 r^-6: -1.000e+00, Ewald -1.000e-04
Initialized non-bonded Ewald correction tables, spacing: 9.94e-04 size: 2047

Removing pbc first time
Pinning threads with an auto-selected logical core stride of 1

Initializing LINear Constraint Solver

++++ PLEASE READ AND CITE THE FOLLOWING REFERENCE ++++
B. Hess and H. Bekker and H. J. C. Berendsen and J. G. E. M. Fraaije
LINCS: A Linear Constraint Solver for molecular simulations
J. Comp. Chem. 18 (1997) pp. 1463-1472
-------- -------- --- Thank You --- -------- --------

The number of constraints is 902

++++ PLEASE READ AND CITE THE FOLLOWING REFERENCE ++++
S. Miyamoto and P. A. Kollman
SETTLE: An Analytical Version of the SHAKE and RATTLE Algorithms for Rigid
Water Models
J. Comp. Chem. 13 (1992) pp. 952-962
-------- -------- --- Thank You --- -------- --------

Center of mass motion removal mode is Linear
We have the following groups for center of mass motion removal:
  0:  rest

++++ PLEASE READ AND CITE THE FOLLOWING REFERENCE ++++
G. Bussi, D. Donadio and M. Parrinello
Canonical sampling through velocity rescaling
J. Chem. Phys. 126 (2007) pp. 014101
-------- -------- --- Thank You --- -------- --------

There are: 16488 Atoms

Constraining the starting coordinates (step 0)

Constraining the coordinates at t0-dt (step 0)
RMS relative constraint deviation after constraining: 2.64e-06
Initial temperature: 300.698 K

Started mdrun on rank 0 Tue May  7 19:02:42 2024
           Step           Time         Lambda
              0        0.00000        0.00000

   Energies (kJ/mol)
          Angle    Proper Dih. Ryckaert-Bell.          LJ-14     Coulomb-14
    3.43781e+03    1.70576e+02    5.43711e+02    6.70575e+02   -2.25707e+03
        LJ (SR)  Disper. corr.   Coulomb (SR)   Coul. recip.      Potential
    9.24965e+04   -2.04431e+03   -2.50482e+05    1.79632e+03   -1.55668e+05
    Kinetic En.   Total Energy    Temperature Pres. DC (bar) Pressure (bar)
    4.67240e+04   -1.08944e+05    3.40849e+02   -1.99787e+02    3.35129e+04
   Constr. rmsd
    4.70787e-06

           Step           Time         Lambda
          20000       10.00000        0.00000

   Energies (kJ/mol)
          Angle    Proper Dih. Ryckaert-Bell.          LJ-14     Coulomb-14
    3.06478e+03    1.36057e+02    4.45220e+02    5.95279e+02   -2.16721e+03
        LJ (SR)  Disper. corr.   Coulomb (SR)   Coul. recip.      Potential
    3.85137e+04   -2.07312e+03   -2.58516e+05    8.75477e+02   -2.19126e+05
    Kinetic En.   Total Energy    Temperature Pres. DC (bar) Pressure (bar)
    4.11655e+04   -1.77960e+05    3.00300e+02   -2.05450e+02    1.56081e+02
   Constr. rmsd
    1.63155e-06

           Step           Time         Lambda
          40000       20.00000        0.00000

   Energies (kJ/mol)
          Angle    Proper Dih. Ryckaert-Bell.          LJ-14     Coulomb-14
    2.24059e+03    5.48939e+01    2.72151e+02    5.37883e+02   -2.14784e+03
        LJ (SR)  Disper. corr.   Coulomb (SR)   Coul. recip.      Potential
    3.73782e+04   -2.07342e+03   -2.55377e+05    8.98331e+02   -2.18216e+05
    Kinetic En.   Total Energy    Temperature Pres. DC (bar) Pressure (bar)
    4.10995e+04   -1.77116e+05    2.99819e+02   -2.05510e+02    1.53990e+02
   Constr. rmsd
    1.41272e-06

           Step           Time         Lambda
          60000       30.00000        0.00000

   Energies (kJ/mol)
          Angle    Proper Dih. Ryckaert-Bell.          LJ-14     Coulomb-14
    1.92607e+03    3.74608e+01    1.96222e+02    5.20608e+02   -2.15869e+03
        LJ (SR)  Disper. corr.   Coulomb (SR)   Coul. recip.      Potential
    3.60387e+04   -2.07355e+03   -2.53319e+05    9.67063e+02   -2.17865e+05
    Kinetic En.   Total Energy    Temperature Pres. DC (bar) Pressure (bar)
    4.13310e+04   -1.76534e+05    3.01507e+02   -2.05535e+02   -2.38309e+02
   Constr. rmsd
    1.47812e-06

           Step           Time         Lambda
          80000       40.00000        0.00000

   Energies (kJ/mol)
          Angle    Proper Dih. Ryckaert-Bell.          LJ-14     Coulomb-14
    1.91129e+03    6.76142e+01    1.67592e+02    5.07133e+02   -2.17265e+03
        LJ (SR)  Disper. corr.   Coulomb (SR)   Coul. recip.      Potential
    3.60628e+04   -2.06938e+03   -2.52295e+05    1.00092e+03   -2.16820e+05
    Kinetic En.   Total Energy    Temperature Pres. DC (bar) Pressure (bar)
    4.10912e+04   -1.75729e+05    2.99758e+02   -2.04711e+02   -4.38373e+01
   Constr. rmsd
    1.38023e-06

           Step           Time         Lambda
         100000       50.00000        0.00000

   Energies (kJ/mol)
          Angle    Proper Dih. Ryckaert-Bell.          LJ-14     Coulomb-14
    1.82911e+03    6.77297e+01    2.21212e+02    5.30365e+02   -2.16572e+03
        LJ (SR)  Disper. corr.   Coulomb (SR)   Coul. recip.      Potential
    3.64632e+04   -2.06681e+03   -2.53316e+05    9.41961e+02   -2.17494e+05
    Kinetic En.   Total Energy    Temperature Pres. DC (bar) Pressure (bar)
    4.12462e+04   -1.76248e+05    3.00889e+02   -2.04204e+02   -6.56897e+01
   Constr. rmsd
    1.44535e-06

           Step           Time         Lambda
         120000       60.00000        0.00000

   Energies (kJ/mol)
          Angle    Proper Dih. Ryckaert-Bell.          LJ-14     Coulomb-14
    1.83555e+03    5.21256e+01    1.39463e+02    5.58206e+02   -2.15088e+03
        LJ (SR)  Disper. corr.   Coulomb (SR)   Coul. recip.      Potential
    3.67187e+04   -2.07518e+03   -2.53855e+05    9.20775e+02   -2.17856e+05
    Kinetic En.   Total Energy    Temperature Pres. DC (bar) Pressure (bar)
    4.09476e+04   -1.76909e+05    2.98710e+02   -2.05860e+02    8.86848e+01
   Constr. rmsd
    1.46973e-06

           Step           Time         Lambda
         140000       70.00000        0.00000

   Energies (kJ/mol)
          Angle    Proper Dih. Ryckaert-Bell.          LJ-14     Coulomb-14
    1.84378e+03    3.78581e+01    1.95912e+02    5.10549e+02   -2.14456e+03
        LJ (SR)  Disper. corr.   Coulomb (SR)   Coul. recip.      Potential
    3.66029e+04   -2.07407e+03   -2.53246e+05    9.31652e+02   -2.17342e+05
    Kinetic En.   Total Energy    Temperature Pres. DC (bar) Pressure (bar)
    4.10552e+04   -1.76287e+05    2.99496e+02   -2.05639e+02    4.80003e+01
   Constr. rmsd
    1.42329e-06

           Step           Time         Lambda
         160000       80.00000        0.00000

   Energies (kJ/mol)
          Angle    Proper Dih. Ryckaert-Bell.          LJ-14     Coulomb-14
    1.97992e+03    4.47400e+01    1.50560e+02    5.13719e+02   -2.13195e+03
        LJ (SR)  Disper. corr.   Coulomb (SR)   Coul. recip.      Potential
    3.62086e+04   -2.06719e+03   -2.52998e+05    9.24095e+02   -2.17375e+05
    Kinetic En.   Total Energy    Temperature Pres. DC (bar) Pressure (bar)
    4.09293e+04   -1.76446e+05    2.98577e+02   -2.04279e+02   -1.05261e+02
   Constr. rmsd
    1.39909e-06

           Step           Time         Lambda
         180000       90.00000        0.00000

   Energies (kJ/mol)
          Angle    Proper Dih. Ryckaert-Bell.          LJ-14     Coulomb-14
    1.82120e+03    5.97307e+01    1.89822e+02    5.52324e+02   -2.20152e+03
        LJ (SR)  Disper. corr.   Coulomb (SR)   Coul. recip.      Potential
    3.58142e+04   -2.07174e+03   -2.52201e+05    9.06592e+02   -2.17130e+05
    Kinetic En.   Total Energy    Temperature Pres. DC (bar) Pressure (bar)
    4.14686e+04   -1.75662e+05    3.02511e+02   -2.05178e+02   -7.00733e+01
   Constr. rmsd
    1.38422e-06

           Step           Time         Lambda
         200000      100.00000        0.00000

   Energies (kJ/mol)
          Angle    Proper Dih. Ryckaert-Bell.          LJ-14     Coulomb-14
    1.82604e+03    7.02094e+01    1.75922e+02    5.49127e+02   -2.14644e+03
        LJ (SR)  Disper. corr.   Coulomb (SR)   Coul. recip.      Potential
    3.66535e+04   -2.07288e+03   -2.53442e+05    9.40671e+02   -2.17446e+05
    Kinetic En.   Total Energy    Temperature Pres. DC (bar) Pressure (bar)
    4.16719e+04   -1.75774e+05    3.03994e+02   -2.05402e+02    5.04700e+01
   Constr. rmsd
    1.42457e-06

           Step           Time         Lambda
         220000      110.00000        0.00000

   Energies (kJ/mol)
          Angle    Proper Dih. Ryckaert-Bell.          LJ-14     Coulomb-14
    1.89295e+03    5.49588e+01    1.84727e+02    5.21980e+02   -2.12578e+03
        LJ (SR)  Disper. corr.   Coulomb (SR)   Coul. recip.      Potential
    3.61303e+04   -2.07595e+03   -2.53001e+05    9.69422e+02   -2.17448e+05
    Kinetic En.   Total Energy    Temperature Pres. DC (bar) Pressure (bar)
    4.09148e+04   -1.76534e+05    2.98471e+02   -2.06012e+02   -1.64192e+01
   Constr. rmsd
    1.37231e-06

           Step           Time         Lambda
         240000      120.00000        0.00000

   Energies (kJ/mol)
          Angle    Proper Dih. Ryckaert-Bell.          LJ-14     Coulomb-14
    1.95846e+03    5.35640e+01    1.60042e+02    5.34863e+02   -2.15965e+03
        LJ (SR)  Disper. corr.   Coulomb (SR)   Coul. recip.      Potential
    3.59746e+04   -2.07023e+03   -2.52465e+05    9.79599e+02   -2.17034e+05
    Kinetic En.   Total Energy    Temperature Pres. DC (bar) Pressure (bar)
    4.11005e+04   -1.75934e+05    2.99826e+02   -2.04878e+02   -1.20872e+02
   Constr. rmsd
    1.33097e-06

Writing checkpoint, step 257920 at Tue May  7 19:17:42 2024


           Step           Time         Lambda
         260000      130.00000        0.00000

   Energies (kJ/mol)
          Angle    Proper Dih. Ryckaert-Bell.          LJ-14     Coulomb-14
    1.89660e+03    6.19885e+01    2.18668e+02    5.58275e+02   -2.14671e+03
        LJ (SR)  Disper. corr.   Coulomb (SR)   Coul. recip.      Potential
    3.65855e+04   -2.07452e+03   -2.54700e+05    9.04059e+02   -2.18696e+05
    Kinetic En.   Total Energy    Temperature Pres. DC (bar) Pressure (bar)
    4.09515e+04   -1.77745e+05    2.98739e+02   -2.05728e+02    8.08057e+00
   Constr. rmsd
    1.36547e-06

           Step           Time         Lambda
         280000      140.00000        0.00000

   Energies (kJ/mol)
          Angle    Proper Dih. Ryckaert-Bell.          LJ-14     Coulomb-14
    1.83085e+03    8.05728e+01    1.72633e+02    5.21283e+02   -2.17168e+03
        LJ (SR)  Disper. corr.   Coulomb (SR)   Coul. recip.      Potential
    3.58769e+04   -2.06668e+03   -2.52099e+05    1.00811e+03   -2.16847e+05
    Kinetic En.   Total Energy    Temperature Pres. DC (bar) Pressure (bar)
    4.11574e+04   -1.75690e+05    3.00241e+02   -2.04178e+02   -9.38467e+01
   Constr. rmsd
    1.40337e-06

           Step           Time         Lambda
         300000      150.00000        0.00000

   Energies (kJ/mol)
          Angle    Proper Dih. Ryckaert-Bell.          LJ-14     Coulomb-14
    1.79511e+03    6.02036e+01    2.53176e+02    5.46607e+02   -2.17140e+03
        LJ (SR)  Disper. corr.   Coulomb (SR)   Coul. recip.      Potential
    3.66428e+04   -2.06447e+03   -2.53392e+05    9.68572e+02   -2.17361e+05
    Kinetic En.   Total Energy    Temperature Pres. DC (bar) Pressure (bar)
    4.09051e+04   -1.76456e+05    2.98400e+02   -2.03741e+02    1.52638e+01
   Constr. rmsd
    1.34607e-06

           Step           Time         Lambda
         320000      160.00000        0.00000

   Energies (kJ/mol)
          Angle    Proper Dih. Ryckaert-Bell.          LJ-14     Coulomb-14
    1.87604e+03    4.46680e+01    2.66143e+02    5.32298e+02   -2.14412e+03
        LJ (SR)  Disper. corr.   Coulomb (SR)   Coul. recip.      Potential
    3.63438e+04   -2.06352e+03   -2.52633e+05    9.68546e+02   -2.16809e+05
    Kinetic En.   Total Energy    Temperature Pres. DC (bar) Pressure (bar)
    4.17217e+04   -1.75088e+05    3.04357e+02   -2.03554e+02    7.69483e+01
   Constr. rmsd
    1.41285e-06

           Step           Time         Lambda
         340000      170.00000        0.00000

   Energies (kJ/mol)
          Angle    Proper Dih. Ryckaert-Bell.          LJ-14     Coulomb-14
    1.80147e+03    5.94002e+01    1.53624e+02    5.27379e+02   -2.15979e+03
        LJ (SR)  Disper. corr.   Coulomb (SR)   Coul. recip.      Potential
    3.59133e+04   -2.06804e+03   -2.52583e+05    8.92043e+02   -2.17464e+05
    Kinetic En.   Total Energy    Temperature Pres. DC (bar) Pressure (bar)
    4.11397e+04   -1.76324e+05    3.00111e+02   -2.04446e+02   -1.04606e+01
   Constr. rmsd
    1.39529e-06

           Step           Time         Lambda
         360000      180.00000        0.00000

   Energies (kJ/mol)
          Angle    Proper Dih. Ryckaert-Bell.          LJ-14     Coulomb-14
    1.85629e+03    5.76557e+01    2.49411e+02    5.45759e+02   -2.17363e+03
        LJ (SR)  Disper. corr.   Coulomb (SR)   Coul. recip.      Potential
    3.57803e+04   -2.07269e+03   -2.52977e+05    9.61268e+02   -2.17773e+05
    Kinetic En.   Total Energy    Temperature Pres. DC (bar) Pressure (bar)
    4.10975e+04   -1.76675e+05    2.99803e+02   -2.05365e+02   -2.24621e+02
   Constr. rmsd
    1.34650e-06

           Step           Time         Lambda
         380000      190.00000        0.00000

   Energies (kJ/mol)
          Angle    Proper Dih. Ryckaert-Bell.          LJ-14     Coulomb-14
    1.66923e+03    5.91153e+01    2.26107e+02    5.22748e+02   -2.12392e+03
        LJ (SR)  Disper. corr.   Coulomb (SR)   Coul. recip.      Potential
    3.69382e+04   -2.07705e+03   -2.53856e+05    9.41797e+02   -2.17700e+05
    Kinetic En.   Total Energy    Temperature Pres. DC (bar) Pressure (bar)
    4.14002e+04   -1.76300e+05    3.02012e+02   -2.06229e+02    1.92439e+02
   Constr. rmsd
    1.44355e-06

           Step           Time         Lambda
         400000      200.00000        0.00000

   Energies (kJ/mol)
          Angle    Proper Dih. Ryckaert-Bell.          LJ-14     Coulomb-14
    1.71108e+03    5.45090e+01    1.79801e+02    5.58700e+02   -2.15993e+03
        LJ (SR)  Disper. corr.   Coulomb (SR)   Coul. recip.      Potential
    3.64803e+04   -2.07093e+03   -2.53018e+05    9.34168e+02   -2.17330e+05
    Kinetic En.   Total Energy    Temperature Pres. DC (bar) Pressure (bar)
    4.09355e+04   -1.76394e+05    2.98622e+02   -2.05016e+02    1.43026e+01
   Constr. rmsd
    1.38786e-06

           Step           Time         Lambda
         420000      210.00000        0.00000

   Energies (kJ/mol)
          Angle    Proper Dih. Ryckaert-Bell.          LJ-14     Coulomb-14
    1.84651e+03    7.39146e+01    2.48451e+02    4.94972e+02   -2.13622e+03
        LJ (SR)  Disper. corr.   Coulomb (SR)   Coul. recip.      Potential
    3.63616e+04   -2.07836e+03   -2.53341e+05    8.60993e+02   -2.17669e+05
    Kinetic En.   Total Energy    Temperature Pres. DC (bar) Pressure (bar)
    4.16777e+04   -1.75991e+05    3.04036e+02   -2.06490e+02   -8.62575e+01
   Constr. rmsd
    1.40096e-06

           Step           Time         Lambda
         440000      220.00000        0.00000

   Energies (kJ/mol)
          Angle    Proper Dih. Ryckaert-Bell.          LJ-14     Coulomb-14
    1.95241e+03    4.78651e+01    1.94044e+02    5.09744e+02   -2.13921e+03
        LJ (SR)  Disper. corr.   Coulomb (SR)   Coul. recip.      Potential
    3.66960e+04   -2.06771e+03   -2.53875e+05    8.39118e+02   -2.17843e+05
    Kinetic En.   Total Energy    Temperature Pres. DC (bar) Pressure (bar)
    4.18873e+04   -1.75956e+05    3.05566e+02   -2.04381e+02    3.00003e+00
   Constr. rmsd
    1.37992e-06

           Step           Time         Lambda
         460000      230.00000        0.00000

   Energies (kJ/mol)
          Angle    Proper Dih. Ryckaert-Bell.          LJ-14     Coulomb-14
    1.90643e+03    6.19450e+01    1.75630e+02    5.16610e+02   -2.16155e+03
        LJ (SR)  Disper. corr.   Coulomb (SR)   Coul. recip.      Potential
    3.62915e+04   -2.07575e+03   -2.52982e+05    9.26530e+02   -2.17340e+05
    Kinetic En.   Total Energy    Temperature Pres. DC (bar) Pressure (bar)
    4.09662e+04   -1.76374e+05    2.98846e+02   -2.05972e+02    1.84795e+01
   Constr. rmsd
    1.46964e-06

           Step           Time         Lambda
         480000      240.00000        0.00000

   Energies (kJ/mol)
          Angle    Proper Dih. Ryckaert-Bell.          LJ-14     Coulomb-14
    1.84739e+03    7.41259e+01    1.69040e+02    5.44354e+02   -2.13304e+03
        LJ (SR)  Disper. corr.   Coulomb (SR)   Coul. recip.      Potential
    3.67101e+04   -2.06752e+03   -2.53212e+05    9.00022e+02   -2.17168e+05
    Kinetic En.   Total Energy    Temperature Pres. DC (bar) Pressure (bar)
    4.08204e+04   -1.76348e+05    2.97783e+02   -2.04344e+02    1.47106e+02
   Constr. rmsd
    1.41592e-06

           Step           Time         Lambda
         500000      250.00000        0.00000

   Energies (kJ/mol)
          Angle    Proper Dih. Ryckaert-Bell.          LJ-14     Coulomb-14
    1.80914e+03    6.45839e+01    1.75500e+02    5.24782e+02   -2.16434e+03
        LJ (SR)  Disper. corr.   Coulomb (SR)   Coul. recip.      Potential
    3.62790e+04   -2.07215e+03   -2.53365e+05    8.85138e+02   -2.17863e+05
    Kinetic En.   Total Energy    Temperature Pres. DC (bar) Pressure (bar)
    4.17116e+04   -1.76151e+05    3.04284e+02   -2.05259e+02   -4.23676e+01
   Constr. rmsd
    1.46462e-06

Writing checkpoint, step 513160 at Tue May  7 19:32:42 2024


           Step           Time         Lambda
         520000      260.00000        0.00000

   Energies (kJ/mol)
          Angle    Proper Dih. Ryckaert-Bell.          LJ-14     Coulomb-14
    1.75274e+03    8.60295e+01    1.85585e+02    5.14198e+02   -2.15440e+03
        LJ (SR)  Disper. corr.   Coulomb (SR)   Coul. recip.      Potential
    3.63592e+04   -2.07007e+03   -2.52985e+05    9.08416e+02   -2.17403e+05
    Kinetic En.   Total Energy    Temperature Pres. DC (bar) Pressure (bar)
    4.11779e+04   -1.76225e+05    3.00390e+02   -2.04847e+02    1.22755e+01
   Constr. rmsd
    1.46165e-06

           Step           Time         Lambda
         540000      270.00000        0.00000

   Energies (kJ/mol)
          Angle    Proper Dih. Ryckaert-Bell.          LJ-14     Coulomb-14
    1.76504e+03    6.62289e+01    1.33833e+02    5.11261e+02   -2.15099e+03
        LJ (SR)  Disper. corr.   Coulomb (SR)   Coul. recip.      Potential
    3.70803e+04   -2.07699e+03   -2.54685e+05    9.24425e+02   -2.18431e+05
    Kinetic En.   Total Energy    Temperature Pres. DC (bar) Pressure (bar)
    4.00800e+04   -1.78351e+05    2.92381e+02   -2.06218e+02    1.82147e+02
   Constr. rmsd
    1.44303e-06

           Step           Time         Lambda
         560000      280.00000        0.00000

   Energies (kJ/mol)
          Angle    Proper Dih. Ryckaert-Bell.          LJ-14     Coulomb-14
    1.79431e+03    7.87189e+01    1.45603e+02    5.48948e+02   -2.13605e+03
        LJ (SR)  Disper. corr.   Coulomb (SR)   Coul. recip.      Potential
    3.69530e+04   -2.07165e+03   -2.53332e+05    9.33068e+02   -2.17086e+05
    Kinetic En.   Total Energy    Temperature Pres. DC (bar) Pressure (bar)
    4.12160e+04   -1.75870e+05    3.00668e+02   -2.05160e+02    3.33382e+02
   Constr. rmsd
    1.35878e-06

           Step           Time         Lambda
         580000      290.00000        0.00000

   Energies (kJ/mol)
          Angle    Proper Dih. Ryckaert-Bell.          LJ-14     Coulomb-14
    1.83661e+03    5.96208e+01    1.47931e+02    5.04398e+02   -2.18566e+03
        LJ (SR)  Disper. corr.   Coulomb (SR)   Coul. recip.      Potential
    3.63141e+04   -2.06862e+03   -2.52435e+05    9.20134e+02   -2.16906e+05
    Kinetic En.   Total Energy    Temperature Pres. DC (bar) Pressure (bar)
    4.11349e+04   -1.75771e+05    3.00077e+02   -2.04560e+02   -7.10428e+01
   Constr. rmsd
    1.40629e-06

           Step           Time         Lambda
         600000      300.00000        0.00000

   Energies (kJ/mol)
          Angle    Proper Dih. Ryckaert-Bell.          LJ-14     Coulomb-14
    1.98715e+03    5.69359e+01    1.28152e+02    5.17302e+02   -2.15863e+03
        LJ (SR)  Disper. corr.   Coulomb (SR)   Coul. recip.      Potential
    3.61225e+04   -2.06367e+03   -2.52711e+05    9.38280e+02   -2.17182e+05
    Kinetic En.   Total Energy    Temperature Pres. DC (bar) Pressure (bar)
    4.08321e+04   -1.76350e+05    2.97868e+02   -2.03584e+02   -1.41845e+02
   Constr. rmsd
    1.35587e-06

           Step           Time         Lambda
         620000      310.00000        0.00000

   Energies (kJ/mol)
          Angle    Proper Dih. Ryckaert-Bell.          LJ-14     Coulomb-14
    1.86472e+03    4.65277e+01    1.25743e+02    5.33443e+02   -2.18627e+03
        LJ (SR)  Disper. corr.   Coulomb (SR)   Coul. recip.      Potential
    3.66714e+04   -2.06221e+03   -2.52892e+05    9.61995e+02   -2.16936e+05
    Kinetic En.   Total Energy    Temperature Pres. DC (bar) Pressure (bar)
    4.10744e+04   -1.75862e+05    2.99635e+02   -2.03297e+02    6.83436e+01
   Constr. rmsd
    1.43284e-06

           Step           Time         Lambda
         640000      320.00000        0.00000

   Energies (kJ/mol)
          Angle    Proper Dih. Ryckaert-Bell.          LJ-14     Coulomb-14
    1.97711e+03    5.39424e+01    1.90545e+02    5.07033e+02   -2.16012e+03
        LJ (SR)  Disper. corr.   Coulomb (SR)   Coul. recip.      Potential
    3.68880e+04   -2.06524e+03   -2.53841e+05    9.00596e+02   -2.17549e+05
    Kinetic En.   Total Energy    Temperature Pres. DC (bar) Pressure (bar)
    4.12076e+04   -1.76341e+05    3.00607e+02   -2.03894e+02   -4.21417e+01
   Constr. rmsd
    1.45712e-06

           Step           Time         Lambda
         660000      330.00000        0.00000

   Energies (kJ/mol)
          Angle    Proper Dih. Ryckaert-Bell.          LJ-14     Coulomb-14
    1.88614e+03    6.10466e+01    2.41896e+02    5.02503e+02   -2.15350e+03
        LJ (SR)  Disper. corr.   Coulomb (SR)   Coul. recip.      Potential
    3.61861e+04   -2.06712e+03   -2.52662e+05    8.71526e+02   -2.17134e+05
    Kinetic En.   Total Energy    Temperature Pres. DC (bar) Pressure (bar)
    4.11302e+04   -1.76003e+05    3.00042e+02   -2.04265e+02   -1.82541e+02
   Constr. rmsd
    1.42089e-06

           Step           Time         Lambda
         680000      340.00000        0.00000

   Energies (kJ/mol)
          Angle    Proper Dih. Ryckaert-Bell.          LJ-14     Coulomb-14
    1.86106e+03    9.15164e+01    2.34941e+02    4.99624e+02   -2.16875e+03
        LJ (SR)  Disper. corr.   Coulomb (SR)   Coul. recip.      Potential
    3.63543e+04   -2.07407e+03   -2.53114e+05    8.78263e+02   -2.17438e+05
    Kinetic En.   Total Energy    Temperature Pres. DC (bar) Pressure (bar)
    4.18982e+04   -1.75539e+05    3.05645e+02   -2.05638e+02   -7.70877e+00
   Constr. rmsd
    1.43738e-06

           Step           Time         Lambda
         700000      350.00000        0.00000

   Energies (kJ/mol)
          Angle    Proper Dih. Ryckaert-Bell.          LJ-14     Coulomb-14
    1.81231e+03    6.15091e+01    1.96407e+02    5.16717e+02   -2.15360e+03
        LJ (SR)  Disper. corr.   Coulomb (SR)   Coul. recip.      Potential
    3.59783e+04   -2.07394e+03   -2.52594e+05    8.91351e+02   -2.17365e+05
    Kinetic En.   Total Energy    Temperature Pres. DC (bar) Pressure (bar)
    4.10629e+04   -1.76302e+05    2.99551e+02   -2.05613e+02   -8.78582e+01
   Constr. rmsd
    1.39888e-06

           Step           Time         Lambda
         720000      360.00000        0.00000

   Energies (kJ/mol)
          Angle    Proper Dih. Ryckaert-Bell.          LJ-14     Coulomb-14
    1.76200e+03    3.98653e+01    1.80475e+02    5.04198e+02   -2.12501e+03
        LJ (SR)  Disper. corr.   Coulomb (SR)   Coul. recip.      Potential
    3.57703e+04   -2.07258e+03   -2.51765e+05    9.43669e+02   -2.16763e+05
    Kinetic En.   Total Energy    Temperature Pres. DC (bar) Pressure (bar)
    4.09595e+04   -1.75803e+05    2.98797e+02   -2.05345e+02   -1.42444e+01
   Constr. rmsd
    1.48610e-06

           Step           Time         Lambda
         740000      370.00000        0.00000

   Energies (kJ/mol)
          Angle    Proper Dih. Ryckaert-Bell.          LJ-14     Coulomb-14
    1.79890e+03    5.63032e+01    1.98357e+02    5.25674e+02   -2.12502e+03
        LJ (SR)  Disper. corr.   Coulomb (SR)   Coul. recip.      Potential
    3.60760e+04   -2.07409e+03   -2.51801e+05    9.37125e+02   -2.16408e+05
    Kinetic En.   Total Energy    Temperature Pres. DC (bar) Pressure (bar)
    4.13462e+04   -1.75062e+05    3.01618e+02   -2.05643e+02    2.50129e+02
   Constr. rmsd
    1.28490e-06

           Step           Time         Lambda
         760000      380.00000        0.00000

   Energies (kJ/mol)
          Angle    Proper Dih. Ryckaert-Bell.          LJ-14     Coulomb-14
    1.80397e+03    4.81602e+01    2.05244e+02    4.86500e+02   -2.14897e+03
        LJ (SR)  Disper. corr.   Coulomb (SR)   Coul. recip.      Potential
    3.69033e+04   -2.06727e+03   -2.53730e+05    9.53304e+02   -2.17546e+05
    Kinetic En.   Total Energy    Temperature Pres. DC (bar) Pressure (bar)
    4.10400e+04   -1.76506e+05    2.99385e+02   -2.04294e+02    3.74484e+01
   Constr. rmsd
    1.38457e-06

Writing checkpoint, step 767240 at Tue May  7 19:47:42 2024


           Step           Time         Lambda
         780000      390.00000        0.00000

   Energies (kJ/mol)
          Angle    Proper Dih. Ryckaert-Bell.          LJ-14     Coulomb-14
    1.87542e+03    6.69309e+01    2.36694e+02    5.21160e+02   -2.09741e+03
        LJ (SR)  Disper. corr.   Coulomb (SR)   Coul. recip.      Potential
    3.59699e+04   -2.07096e+03   -2.52583e+05    9.50994e+02   -2.17130e+05
    Kinetic En.   Total Energy    Temperature Pres. DC (bar) Pressure (bar)
    4.15015e+04   -1.75629e+05    3.02751e+02   -2.05023e+02   -1.19720e+02
   Constr. rmsd
    1.39270e-06

           Step           Time         Lambda
         800000      400.00000        0.00000

   Energies (kJ/mol)
          Angle    Proper Dih. Ryckaert-Bell.          LJ-14     Coulomb-14
    1.84786e+03    6.00793e+01    2.30201e+02    5.31504e+02   -2.12184e+03
        LJ (SR)  Disper. corr.   Coulomb (SR)   Coul. recip.      Potential
    3.64559e+04   -2.06915e+03   -2.53493e+05    8.92883e+02   -2.17666e+05
    Kinetic En.   Total Energy    Temperature Pres. DC (bar) Pressure (bar)
    4.11049e+04   -1.76561e+05    2.99858e+02   -2.04666e+02    8.94837e+01
   Constr. rmsd
    1.36819e-06

           Step           Time         Lambda
         820000      410.00000        0.00000

   Energies (kJ/mol)
          Angle    Proper Dih. Ryckaert-Bell.          LJ-14     Coulomb-14
    1.87222e+03    6.89008e+01    1.51295e+02    5.33390e+02   -2.14746e+03
        LJ (SR)  Disper. corr.   Coulomb (SR)   Coul. recip.      Potential
    3.62816e+04   -2.08171e+03   -2.53067e+05    9.27162e+02   -2.17462e+05
    Kinetic En.   Total Energy    Temperature Pres. DC (bar) Pressure (bar)
    4.10778e+04   -1.76384e+05    2.99660e+02   -2.07154e+02    3.28828e+01
   Constr. rmsd
    1.42942e-06

           Step           Time         Lambda
         840000      420.00000        0.00000

   Energies (kJ/mol)
          Angle    Proper Dih. Ryckaert-Bell.          LJ-14     Coulomb-14
    1.82119e+03    7.35305e+01    2.32034e+02    5.30217e+02   -2.14157e+03
        LJ (SR)  Disper. corr.   Coulomb (SR)   Coul. recip.      Potential
    3.61853e+04   -2.07604e+03   -2.52789e+05    8.87780e+02   -2.17277e+05
    Kinetic En.   Total Energy    Temperature Pres. DC (bar) Pressure (bar)
    4.09372e+04   -1.76339e+05    2.98635e+02   -2.06030e+02    5.51865e+01
   Constr. rmsd
    1.47122e-06

           Step           Time         Lambda
         860000      430.00000        0.00000

   Energies (kJ/mol)
          Angle    Proper Dih. Ryckaert-Bell.          LJ-14     Coulomb-14
    1.74259e+03    8.50962e+01    1.81874e+02    5.39984e+02   -2.16450e+03
        LJ (SR)  Disper. corr.   Coulomb (SR)   Coul. recip.      Potential
    3.61610e+04   -2.08324e+03   -2.53533e+05    9.31267e+02   -2.18139e+05
    Kinetic En.   Total Energy    Temperature Pres. DC (bar) Pressure (bar)
    4.08907e+04   -1.77248e+05    2.98295e+02   -2.07458e+02    1.07917e+02
   Constr. rmsd
    1.37775e-06

           Step           Time         Lambda
         880000      440.00000        0.00000

   Energies (kJ/mol)
          Angle    Proper Dih. Ryckaert-Bell.          LJ-14     Coulomb-14
    1.81436e+03    6.68701e+01    2.17452e+02    5.07408e+02   -2.14329e+03
        LJ (SR)  Disper. corr.   Coulomb (SR)   Coul. recip.      Potential
    3.63008e+04   -2.07023e+03   -2.53150e+05    8.99345e+02   -2.17557e+05
    Kinetic En.   Total Energy    Temperature Pres. DC (bar) Pressure (bar)
    4.08535e+04   -1.76703e+05    2.98023e+02   -2.04879e+02   -7.34767e+00
   Constr. rmsd
    1.34315e-06

           Step           Time         Lambda
         900000      450.00000        0.00000

   Energies (kJ/mol)
          Angle    Proper Dih. Ryckaert-Bell.          LJ-14     Coulomb-14
    1.90613e+03    7.52415e+01    1.77565e+02    5.06711e+02   -2.15071e+03
        LJ (SR)  Disper. corr.   Coulomb (SR)   Coul. recip.      Potential
    3.63567e+04   -2.07365e+03   -2.53504e+05    9.23660e+02   -2.17783e+05
    Kinetic En.   Total Energy    Temperature Pres. DC (bar) Pressure (bar)
    4.10617e+04   -1.76721e+05    2.99542e+02   -2.05555e+02    4.14658e+00
   Constr. rmsd
    1.39236e-06

           Step           Time         Lambda
         920000      460.00000        0.00000

   Energies (kJ/mol)
          Angle    Proper Dih. Ryckaert-Bell.          LJ-14     Coulomb-14
    1.82665e+03    5.34327e+01    1.60823e+02    5.25339e+02   -2.18801e+03
        LJ (SR)  Disper. corr.   Coulomb (SR)   Coul. recip.      Potential
    3.62612e+04   -2.06541e+03   -2.52908e+05    9.17691e+02   -2.17416e+05
    Kinetic En.   Total Energy    Temperature Pres. DC (bar) Pressure (bar)
    4.12947e+04   -1.76121e+05    3.01242e+02   -2.03927e+02   -6.33310e+01
   Constr. rmsd
    1.40816e-06

           Step           Time         Lambda
         940000      470.00000        0.00000

   Energies (kJ/mol)
          Angle    Proper Dih. Ryckaert-Bell.          LJ-14     Coulomb-14
    1.91742e+03    5.24861e+01    1.62135e+02    5.22642e+02   -2.16826e+03
        LJ (SR)  Disper. corr.   Coulomb (SR)   Coul. recip.      Potential
    3.63732e+04   -2.07424e+03   -2.52979e+05    8.90172e+02   -2.17303e+05
    Kinetic En.   Total Energy    Temperature Pres. DC (bar) Pressure (bar)
    4.06696e+04   -1.76634e+05    2.96682e+02   -2.05672e+02   -9.27852e+00
   Constr. rmsd
    1.41142e-06

           Step           Time         Lambda
         960000      480.00000        0.00000

   Energies (kJ/mol)
          Angle    Proper Dih. Ryckaert-Bell.          LJ-14     Coulomb-14
    1.96372e+03    6.17847e+01    1.53262e+02    4.85465e+02   -2.17873e+03
        LJ (SR)  Disper. corr.   Coulomb (SR)   Coul. recip.      Potential
    3.71483e+04   -2.07190e+03   -2.54633e+05    9.28377e+02   -2.18143e+05
    Kinetic En.   Total Energy    Temperature Pres. DC (bar) Pressure (bar)
    4.07121e+04   -1.77431e+05    2.96992e+02   -2.05209e+02    2.03136e+02
   Constr. rmsd
    1.41432e-06

           Step           Time         Lambda
         980000      490.00000        0.00000

   Energies (kJ/mol)
          Angle    Proper Dih. Ryckaert-Bell.          LJ-14     Coulomb-14
    1.96590e+03    4.33638e+01    1.61725e+02    5.38516e+02   -2.13660e+03
        LJ (SR)  Disper. corr.   Coulomb (SR)   Coul. recip.      Potential
    3.65760e+04   -2.06493e+03   -2.52840e+05    9.22932e+02   -2.16833e+05
    Kinetic En.   Total Energy    Temperature Pres. DC (bar) Pressure (bar)
    4.11580e+04   -1.75675e+05    3.00245e+02   -2.03832e+02    7.32013e+01
   Constr. rmsd
    1.41719e-06

           Step           Time         Lambda
        1000000      500.00000        0.00000

   Energies (kJ/mol)
          Angle    Proper Dih. Ryckaert-Bell.          LJ-14     Coulomb-14
    1.85132e+03    4.37092e+01    1.87238e+02    5.30019e+02   -2.16258e+03
        LJ (SR)  Disper. corr.   Coulomb (SR)   Coul. recip.      Potential
    3.58016e+04   -2.06082e+03   -2.52761e+05    9.06333e+02   -2.17664e+05
    Kinetic En.   Total Energy    Temperature Pres. DC (bar) Pressure (bar)
    4.08201e+04   -1.76844e+05    2.97780e+02   -2.03023e+02   -2.58983e+02
   Constr. rmsd
    1.41587e-06

           Step           Time         Lambda
        1020000      510.00000        0.00000

   Energies (kJ/mol)
          Angle    Proper Dih. Ryckaert-Bell.          LJ-14     Coulomb-14
    1.80178e+03    5.23073e+01    1.79452e+02    5.08566e+02   -2.12225e+03
        LJ (SR)  Disper. corr.   Coulomb (SR)   Coul. recip.      Potential
    3.66863e+04   -2.07530e+03   -2.53656e+05    9.04040e+02   -2.17722e+05
    Kinetic En.   Total Energy    Temperature Pres. DC (bar) Pressure (bar)
    4.06208e+04   -1.77101e+05    2.96326e+02   -2.05882e+02    1.06833e+02
   Constr. rmsd
    1.34554e-06

Writing checkpoint, step 1022720 at Tue May  7 20:02:42 2024


           Step           Time         Lambda
        1040000      520.00000        0.00000

   Energies (kJ/mol)
          Angle    Proper Dih. Ryckaert-Bell.          LJ-14     Coulomb-14
    1.81488e+03    5.73334e+01    1.52777e+02    5.23690e+02   -2.14260e+03
        LJ (SR)  Disper. corr.   Coulomb (SR)   Coul. recip.      Potential
    3.63663e+04   -2.07266e+03   -2.52491e+05    8.83963e+02   -2.16908e+05
    Kinetic En.   Total Energy    Temperature Pres. DC (bar) Pressure (bar)
    4.14255e+04   -1.75482e+05    3.02197e+02   -2.05360e+02    6.16222e+01
   Constr. rmsd
    1.39264e-06

           Step           Time         Lambda
        1060000      530.00000        0.00000

   Energies (kJ/mol)
          Angle    Proper Dih. Ryckaert-Bell.          LJ-14     Coulomb-14
    1.85062e+03    8.03324e+01    1.81542e+02    5.47026e+02   -2.11193e+03
        LJ (SR)  Disper. corr.   Coulomb (SR)   Coul. recip.      Potential
    3.61256e+04   -2.07044e+03   -2.53146e+05    9.10265e+02   -2.17633e+05
    Kinetic En.   Total Energy    Temperature Pres. DC (bar) Pressure (bar)
    4.11511e+04   -1.76482e+05    3.00194e+02   -2.04920e+02   -1.09739e+02
   Constr. rmsd
    1.44604e-06

           Step           Time         Lambda
        1080000      540.00000        0.00000

   Energies (kJ/mol)
          Angle    Proper Dih. Ryckaert-Bell.          LJ-14     Coulomb-14
    1.94139e+03    4.67282e+01    1.35493e+02    5.54225e+02   -2.18614e+03
        LJ (SR)  Disper. corr.   Coulomb (SR)   Coul. recip.      Potential
    3.70480e+04   -2.06192e+03   -2.54568e+05    9.06085e+02   -2.18184e+05
    Kinetic En.   Total Energy    Temperature Pres. DC (bar) Pressure (bar)
    4.13587e+04   -1.76825e+05    3.01709e+02   -2.03240e+02    2.14723e+02
   Constr. rmsd
    1.36991e-06

           Step           Time         Lambda
        1100000      550.00000        0.00000

   Energies (kJ/mol)
          Angle    Proper Dih. Ryckaert-Bell.          LJ-14     Coulomb-14
    2.00508e+03    5.04547e+01    1.53306e+02    4.94769e+02   -2.14583e+03
        LJ (SR)  Disper. corr.   Coulomb (SR)   Coul. recip.      Potential
    3.61971e+04   -2.08175e+03   -2.53126e+05    9.41104e+02   -2.17511e+05
    Kinetic En.   Total Energy    Temperature Pres. DC (bar) Pressure (bar)
    4.08967e+04   -1.76615e+05    2.98339e+02   -2.07162e+02   -2.30653e+01
   Constr. rmsd
    1.43904e-06

           Step           Time         Lambda
        1120000      560.00000        0.00000

   Energies (kJ/mol)
          Angle    Proper Dih. Ryckaert-Bell.          LJ-14     Coulomb-14
    1.81788e+03    6.31097e+01    1.93316e+02    5.19513e+02   -2.13115e+03
        LJ (SR)  Disper. corr.   Coulomb (SR)   Coul. recip.      Potential
    3.60473e+04   -2.07119e+03   -2.52413e+05    9.19588e+02   -2.17054e+05
    Kinetic En.   Total Energy    Temperature Pres. DC (bar) Pressure (bar)
    4.17193e+04   -1.75335e+05    3.04340e+02   -2.05069e+02    1.55646e+01
   Constr. rmsd
    1.40950e-06

           Step           Time         Lambda
        1140000      570.00000        0.00000

   Energies (kJ/mol)
          Angle    Proper Dih. Ryckaert-Bell.          LJ-14     Coulomb-14
    1.78317e+03    5.64383e+01    1.55905e+02    5.26820e+02   -2.14248e+03
        LJ (SR)  Disper. corr.   Coulomb (SR)   Coul. recip.      Potential
    3.59121e+04   -2.06922e+03   -2.52309e+05    8.97932e+02   -2.17188e+05
    Kinetic En.   Total Energy    Temperature Pres. DC (bar) Pressure (bar)
    4.09577e+04   -1.76230e+05    2.98784e+02   -2.04679e+02   -1.21489e+02
   Constr. rmsd
    1.40605e-06

           Step           Time         Lambda
        1160000      580.00000        0.00000

   Energies (kJ/mol)
          Angle    Proper Dih. Ryckaert-Bell.          LJ-14     Coulomb-14
    1.91053e+03    4.52885e+01    2.06849e+02    5.17378e+02   -2.11439e+03
        LJ (SR)  Disper. corr.   Coulomb (SR)   Coul. recip.      Potential
    3.65937e+04   -2.07511e+03   -2.53036e+05    9.03750e+02   -2.17048e+05
    Kinetic En.   Total Energy    Temperature Pres. DC (bar) Pressure (bar)
    4.07002e+04   -1.76348e+05    2.96905e+02   -2.05845e+02    2.22001e+01
   Constr. rmsd
    1.43517e-06

           Step           Time         Lambda
        1180000      590.00000        0.00000

   Energies (kJ/mol)
          Angle    Proper Dih. Ryckaert-Bell.          LJ-14     Coulomb-14
    1.73163e+03    5.36972e+01    1.37176e+02    5.53643e+02   -2.15060e+03
        LJ (SR)  Disper. corr.   Coulomb (SR)   Coul. recip.      Potential
    3.59354e+04   -2.07291e+03   -2.52838e+05    9.27941e+02   -2.17722e+05
    Kinetic En.   Total Energy    Temperature Pres. DC (bar) Pressure (bar)
    4.16368e+04   -1.76085e+05    3.03738e+02   -2.05408e+02    2.17814e+01
   Constr. rmsd
    1.43879e-06

           Step           Time         Lambda
        1200000      600.00000        0.00000

   Energies (kJ/mol)
          Angle    Proper Dih. Ryckaert-Bell.          LJ-14     Coulomb-14
    1.78955e+03    5.78966e+01    1.53991e+02    5.42300e+02   -2.16739e+03
        LJ (SR)  Disper. corr.   Coulomb (SR)   Coul. recip.      Potential
    3.54960e+04   -2.07253e+03   -2.52215e+05    9.07742e+02   -2.17508e+05
    Kinetic En.   Total Energy    Temperature Pres. DC (bar) Pressure (bar)
    4.10545e+04   -1.76453e+05    2.99490e+02   -2.05334e+02   -8.87843e+01
   Constr. rmsd
    1.42287e-06

           Step           Time         Lambda
        1220000      610.00000        0.00000

   Energies (kJ/mol)
          Angle    Proper Dih. Ryckaert-Bell.          LJ-14     Coulomb-14
    1.84948e+03    5.24710e+01    1.47068e+02    5.13156e+02   -2.16823e+03
        LJ (SR)  Disper. corr.   Coulomb (SR)   Coul. recip.      Potential
    3.69639e+04   -2.07458e+03   -2.54415e+05    9.10078e+02   -2.18222e+05
    Kinetic En.   Total Energy    Temperature Pres. DC (bar) Pressure (bar)
    4.08230e+04   -1.77399e+05    2.97801e+02   -2.05740e+02    1.31029e+02
   Constr. rmsd
    1.49437e-06

           Step           Time         Lambda
        1240000      620.00000        0.00000

   Energies (kJ/mol)
          Angle    Proper Dih. Ryckaert-Bell.          LJ-14     Coulomb-14
    1.78131e+03    5.70210e+01    1.40462e+02    5.37292e+02   -2.17294e+03
        LJ (SR)  Disper. corr.   Coulomb (SR)   Coul. recip.      Potential
    3.65731e+04   -2.07566e+03   -2.52789e+05    9.42618e+02   -2.17006e+05
    Kinetic En.   Total Energy    Temperature Pres. DC (bar) Pressure (bar)
    4.11883e+04   -1.75818e+05    3.00466e+02   -2.05954e+02    1.13767e+02
   Constr. rmsd
    1.46142e-06

           Step           Time         Lambda
        1260000      630.00000        0.00000

   Energies (kJ/mol)
          Angle    Proper Dih. Ryckaert-Bell.          LJ-14     Coulomb-14
    1.81614e+03    5.01756e+01    1.62238e+02    5.04377e+02   -2.15967e+03
        LJ (SR)  Disper. corr.   Coulomb (SR)   Coul. recip.      Potential
    3.62184e+04   -2.07559e+03   -2.52969e+05    9.43745e+02   -2.17509e+05
    Kinetic En.   Total Energy    Temperature Pres. DC (bar) Pressure (bar)
    4.10637e+04   -1.76446e+05    2.99557e+02   -2.05939e+02   -1.01077e+02
   Constr. rmsd
    1.46821e-06

Writing checkpoint, step 1277080 at Tue May  7 20:17:42 2024


           Step           Time         Lambda
        1280000      640.00000        0.00000

   Energies (kJ/mol)
          Angle    Proper Dih. Ryckaert-Bell.          LJ-14     Coulomb-14
    1.78210e+03    7.08122e+01    2.13821e+02    5.36074e+02   -2.17897e+03
        LJ (SR)  Disper. corr.   Coulomb (SR)   Coul. recip.      Potential
    3.65399e+04   -2.07254e+03   -2.53160e+05    9.31865e+02   -2.17337e+05
    Kinetic En.   Total Energy    Temperature Pres. DC (bar) Pressure (bar)
    4.15582e+04   -1.75779e+05    3.03165e+02   -2.05335e+02    2.71617e+01
   Constr. rmsd
    1.44559e-06

           Step           Time         Lambda
        1300000      650.00000        0.00000

   Energies (kJ/mol)
          Angle    Proper Dih. Ryckaert-Bell.          LJ-14     Coulomb-14
    1.81069e+03    5.66315e+01    2.37890e+02    5.19245e+02   -2.16060e+03
        LJ (SR)  Disper. corr.   Coulomb (SR)   Coul. recip.      Potential
    3.60619e+04   -2.06496e+03   -2.52433e+05    9.05670e+02   -2.17066e+05
    Kinetic En.   Total Energy    Temperature Pres. DC (bar) Pressure (bar)
    4.13747e+04   -1.75692e+05    3.01826e+02   -2.03839e+02   -8.72179e+01
   Constr. rmsd
    1.56427e-06

           Step           Time         Lambda
        1320000      660.00000        0.00000

   Energies (kJ/mol)
          Angle    Proper Dih. Ryckaert-Bell.          LJ-14     Coulomb-14
    1.89226e+03    8.36401e+01    1.48812e+02    5.22887e+02   -2.17642e+03
        LJ (SR)  Disper. corr.   Coulomb (SR)   Coul. recip.      Potential
    3.72698e+04   -2.07011e+03   -2.54255e+05    9.07953e+02   -2.17676e+05
    Kinetic En.   Total Energy    Temperature Pres. DC (bar) Pressure (bar)
    4.07667e+04   -1.76909e+05    2.97391e+02   -2.04854e+02    2.54975e+02
   Constr. rmsd
    1.44183e-06

           Step           Time         Lambda
        1340000      670.00000        0.00000

   Energies (kJ/mol)
          Angle    Proper Dih. Ryckaert-Bell.          LJ-14     Coulomb-14
    1.82974e+03    5.96109e+01    2.02019e+02    5.44785e+02   -2.15803e+03
        LJ (SR)  Disper. corr.   Coulomb (SR)   Coul. recip.      Potential
    3.69067e+04   -2.05968e+03   -2.53075e+05    9.11054e+02   -2.16838e+05
    Kinetic En.   Total Energy    Temperature Pres. DC (bar) Pressure (bar)
    4.19065e+04   -1.74932e+05    3.05705e+02   -2.02798e+02    2.52729e+02
   Constr. rmsd
    1.47303e-06

           Step           Time         Lambda
        1360000      680.00000        0.00000

   Energies (kJ/mol)
          Angle    Proper Dih. Ryckaert-Bell.          LJ-14     Coulomb-14
    1.87635e+03    5.95950e+01    2.44434e+02    5.25199e+02   -2.16308e+03
        LJ (SR)  Disper. corr.   Coulomb (SR)   Coul. recip.      Potential
    3.63625e+04   -2.07737e+03   -2.52899e+05    8.92491e+02   -2.17179e+05
    Kinetic En.   Total Energy    Temperature Pres. DC (bar) Pressure (bar)
    4.08005e+04   -1.76378e+05    2.97637e+02   -2.06293e+02    3.46486e+00
   Constr. rmsd
    1.60683e-06

           Step           Time         Lambda
        1380000      690.00000        0.00000

   Energies (kJ/mol)
          Angle    Proper Dih. Ryckaert-Bell.          LJ-14     Coulomb-14
    1.87163e+03    5.59811e+01    2.15623e+02    5.43100e+02   -2.14391e+03
        LJ (SR)  Disper. corr.   Coulomb (SR)   Coul. recip.      Potential
    3.59627e+04   -2.06836e+03   -2.52412e+05    8.70807e+02   -2.17105e+05
    Kinetic En.   Total Energy    Temperature Pres. DC (bar) Pressure (bar)
    4.08543e+04   -1.76251e+05    2.98029e+02   -2.04510e+02    1.35325e+01
   Constr. rmsd
    1.56035e-06

           Step           Time         Lambda
        1400000      700.00000        0.00000

   Energies (kJ/mol)
          Angle    Proper Dih. Ryckaert-Bell.          LJ-14     Coulomb-14
    1.76985e+03    5.86624e+01    1.73852e+02    5.63567e+02   -2.10983e+03
        LJ (SR)  Disper. corr.   Coulomb (SR)   Coul. recip.      Potential
    3.59446e+04   -2.07129e+03   -2.52473e+05    9.47978e+02   -2.17196e+05
    Kinetic En.   Total Energy    Temperature Pres. DC (bar) Pressure (bar)
    4.14714e+04   -1.75724e+05    3.02531e+02   -2.05089e+02    5.01282e-01
   Constr. rmsd
    1.46521e-06

           Step           Time         Lambda
        1420000      710.00000        0.00000

   Energies (kJ/mol)
          Angle    Proper Dih. Ryckaert-Bell.          LJ-14     Coulomb-14
    1.83279e+03    6.12953e+01    2.48107e+02    5.27461e+02   -2.09148e+03
        LJ (SR)  Disper. corr.   Coulomb (SR)   Coul. recip.      Potential
    3.64557e+04   -2.06527e+03   -2.53331e+05    9.16797e+02   -2.17446e+05
    Kinetic En.   Total Energy    Temperature Pres. DC (bar) Pressure (bar)
    4.20233e+04   -1.75423e+05    3.06557e+02   -2.03899e+02    3.57852e+00
   Constr. rmsd
    1.49594e-06

           Step           Time         Lambda
        1440000      720.00000        0.00000

   Energies (kJ/mol)
          Angle    Proper Dih. Ryckaert-Bell.          LJ-14     Coulomb-14
    1.84993e+03    4.55821e+01    2.06155e+02    5.23153e+02   -2.11420e+03
        LJ (SR)  Disper. corr.   Coulomb (SR)   Coul. recip.      Potential
    3.57319e+04   -2.07166e+03   -2.52437e+05    9.48744e+02   -2.17317e+05
    Kinetic En.   Total Energy    Temperature Pres. DC (bar) Pressure (bar)
    4.10788e+04   -1.76239e+05    2.99667e+02   -2.05161e+02   -1.67185e+02
   Constr. rmsd
    1.50994e-06

           Step           Time         Lambda
        1460000      730.00000        0.00000

   Energies (kJ/mol)
          Angle    Proper Dih. Ryckaert-Bell.          LJ-14     Coulomb-14
    1.75256e+03    7.06189e+01    1.85724e+02    5.08583e+02   -2.11229e+03
        LJ (SR)  Disper. corr.   Coulomb (SR)   Coul. recip.      Potential
    3.63021e+04   -2.07353e+03   -2.53076e+05    9.85623e+02   -2.17457e+05
    Kinetic En.   Total Energy    Temperature Pres. DC (bar) Pressure (bar)
    4.13364e+04   -1.76120e+05    3.01547e+02   -2.05531e+02   -3.68166e+01
   Constr. rmsd
    1.56815e-06

           Step           Time         Lambda
        1480000      740.00000        0.00000

   Energies (kJ/mol)
          Angle    Proper Dih. Ryckaert-Bell.          LJ-14     Coulomb-14
    1.77967e+03    6.52510e+01    2.75051e+02    5.41861e+02   -2.08457e+03
        LJ (SR)  Disper. corr.   Coulomb (SR)   Coul. recip.      Potential
    3.60773e+04   -2.07091e+03   -2.53207e+05    8.89145e+02   -2.17734e+05
    Kinetic En.   Total Energy    Temperature Pres. DC (bar) Pressure (bar)
    4.12379e+04   -1.76496e+05    3.00828e+02   -2.05013e+02   -7.48593e+01
   Constr. rmsd
    1.51497e-06

           Step           Time         Lambda
        1500000      750.00000        0.00000

   Energies (kJ/mol)
          Angle    Proper Dih. Ryckaert-Bell.          LJ-14     Coulomb-14
    1.81521e+03    4.83369e+01    2.25805e+02    5.53283e+02   -2.10275e+03
        LJ (SR)  Disper. corr.   Coulomb (SR)   Coul. recip.      Potential
    3.61243e+04   -2.07598e+03   -2.53389e+05    9.07726e+02   -2.17893e+05
    Kinetic En.   Total Energy    Temperature Pres. DC (bar) Pressure (bar)
    4.10772e+04   -1.76816e+05    2.99656e+02   -2.06017e+02   -3.79838e+01
   Constr. rmsd
    1.49282e-06

           Step           Time         Lambda
        1520000      760.00000        0.00000

   Energies (kJ/mol)
          Angle    Proper Dih. Ryckaert-Bell.          LJ-14     Coulomb-14
    1.95986e+03    3.87013e+01    2.02899e+02    5.10810e+02   -2.15481e+03
        LJ (SR)  Disper. corr.   Coulomb (SR)   Coul. recip.      Potential
    3.62588e+04   -2.06869e+03   -2.53532e+05    9.53197e+02   -2.17831e+05
    Kinetic En.   Total Energy    Temperature Pres. DC (bar) Pressure (bar)
    4.04128e+04   -1.77418e+05    2.94809e+02   -2.04575e+02   -1.44743e+02
   Constr. rmsd
    1.52928e-06

Writing checkpoint, step 1532800 at Tue May  7 20:32:42 2024


           Step           Time         Lambda
        1540000      770.00000        0.00000

   Energies (kJ/mol)
          Angle    Proper Dih. Ryckaert-Bell.          LJ-14     Coulomb-14
    1.74612e+03    7.04380e+01    1.91193e+02    5.34084e+02   -2.14744e+03
        LJ (SR)  Disper. corr.   Coulomb (SR)   Coul. recip.      Potential
    3.59808e+04   -2.07155e+03   -2.52575e+05    9.04781e+02   -2.17366e+05
    Kinetic En.   Total Energy    Temperature Pres. DC (bar) Pressure (bar)
    4.06245e+04   -1.76742e+05    2.96353e+02   -2.05140e+02   -1.30927e+02
   Constr. rmsd
    1.59080e-06

           Step           Time         Lambda
        1560000      780.00000        0.00000

   Energies (kJ/mol)
          Angle    Proper Dih. Ryckaert-Bell.          LJ-14     Coulomb-14
    1.82310e+03    5.98932e+01    2.35128e+02    5.51936e+02   -2.11870e+03
        LJ (SR)  Disper. corr.   Coulomb (SR)   Coul. recip.      Potential
    3.65352e+04   -2.06584e+03   -2.53804e+05    9.63342e+02   -2.17820e+05
    Kinetic En.   Total Energy    Temperature Pres. DC (bar) Pressure (bar)
    4.10056e+04   -1.76815e+05    2.99133e+02   -2.04011e+02   -6.81551e+01
   Constr. rmsd
    1.55118e-06

           Step           Time         Lambda
        1580000      790.00000        0.00000

   Energies (kJ/mol)
          Angle    Proper Dih. Ryckaert-Bell.          LJ-14     Coulomb-14
    1.93664e+03    6.37910e+01    1.87326e+02    5.46015e+02   -2.11250e+03
        LJ (SR)  Disper. corr.   Coulomb (SR)   Coul. recip.      Potential
    3.62690e+04   -2.06725e+03   -2.53070e+05    9.83022e+02   -2.17264e+05
    Kinetic En.   Total Energy    Temperature Pres. DC (bar) Pressure (bar)
    4.08781e+04   -1.76386e+05    2.98203e+02   -2.04291e+02    1.43677e+01
   Constr. rmsd
    1.48671e-06

           Step           Time         Lambda
        1600000      800.00000        0.00000

   Energies (kJ/mol)
          Angle    Proper Dih. Ryckaert-Bell.          LJ-14     Coulomb-14
    1.93092e+03    7.50560e+01    2.77416e+02    5.21952e+02   -2.11021e+03
        LJ (SR)  Disper. corr.   Coulomb (SR)   Coul. recip.      Potential
    3.67450e+04   -2.06742e+03   -2.53055e+05    9.94210e+02   -2.16688e+05
    Kinetic En.   Total Energy    Temperature Pres. DC (bar) Pressure (bar)
    4.09589e+04   -1.75729e+05    2.98793e+02   -2.04323e+02    1.90954e+02
   Constr. rmsd
    1.51059e-06

           Step           Time         Lambda
        1620000      810.00000        0.00000

   Energies (kJ/mol)
          Angle    Proper Dih. Ryckaert-Bell.          LJ-14     Coulomb-14
    1.88351e+03    5.88187e+01    2.46100e+02    5.38057e+02   -2.14025e+03
        LJ (SR)  Disper. corr.   Coulomb (SR)   Coul. recip.      Potential
    3.63762e+04   -2.07060e+03   -2.52990e+05    9.26125e+02   -2.17172e+05
    Kinetic En.   Total Energy    Temperature Pres. DC (bar) Pressure (bar)
    4.17254e+04   -1.75447e+05    3.04384e+02   -2.04953e+02    2.86560e+01
   Constr. rmsd
    1.47302e-06

           Step           Time         Lambda
        1640000      820.00000        0.00000

   Energies (kJ/mol)
          Angle    Proper Dih. Ryckaert-Bell.          LJ-14     Coulomb-14
    1.78781e+03    6.01748e+01    1.71827e+02    5.42002e+02   -2.15934e+03
        LJ (SR)  Disper. corr.   Coulomb (SR)   Coul. recip.      Potential
    3.60156e+04   -2.06176e+03   -2.51564e+05    9.18187e+02   -2.16290e+05
    Kinetic En.   Total Energy    Temperature Pres. DC (bar) Pressure (bar)
    4.15333e+04   -1.74756e+05    3.02983e+02   -2.03207e+02    9.24152e+01
   Constr. rmsd
    1.42131e-06

           Step           Time         Lambda
        1660000      830.00000        0.00000

   Energies (kJ/mol)
          Angle    Proper Dih. Ryckaert-Bell.          LJ-14     Coulomb-14
    1.85295e+03    5.90855e+01    1.68337e+02    5.16509e+02   -2.12747e+03
        LJ (SR)  Disper. corr.   Coulomb (SR)   Coul. recip.      Potential
    3.71066e+04   -2.06487e+03   -2.54231e+05    8.93214e+02   -2.17827e+05
    Kinetic En.   Total Energy    Temperature Pres. DC (bar) Pressure (bar)
    4.13397e+04   -1.76487e+05    3.01570e+02   -2.03822e+02    7.49263e+01
   Constr. rmsd
    1.55439e-06

           Step           Time         Lambda
        1680000      840.00000        0.00000

   Energies (kJ/mol)
          Angle    Proper Dih. Ryckaert-Bell.          LJ-14     Coulomb-14
    1.88826e+03    5.46022e+01    2.02621e+02    5.46995e+02   -2.11837e+03
        LJ (SR)  Disper. corr.   Coulomb (SR)   Coul. recip.      Potential
    3.70573e+04   -2.06902e+03   -2.54147e+05    8.87999e+02   -2.17697e+05
    Kinetic En.   Total Energy    Temperature Pres. DC (bar) Pressure (bar)
    4.07357e+04   -1.76961e+05    2.97164e+02   -2.04639e+02    2.34106e+02
   Constr. rmsd
    1.53373e-06

           Step           Time         Lambda
        1700000      850.00000        0.00000

   Energies (kJ/mol)
          Angle    Proper Dih. Ryckaert-Bell.          LJ-14     Coulomb-14
    2.06853e+03    6.26272e+01    2.22928e+02    5.31494e+02   -2.12710e+03
        LJ (SR)  Disper. corr.   Coulomb (SR)   Coul. recip.      Potential
    3.51350e+04   -2.07558e+03   -2.51779e+05    9.06663e+02   -2.17054e+05
    Kinetic En.   Total Energy    Temperature Pres. DC (bar) Pressure (bar)
    4.07196e+04   -1.76335e+05    2.97047e+02   -2.05938e+02   -3.32419e+02
   Constr. rmsd
    1.50134e-06

           Step           Time         Lambda
        1720000      860.00000        0.00000

   Energies (kJ/mol)
          Angle    Proper Dih. Ryckaert-Bell.          LJ-14     Coulomb-14
    1.86985e+03    8.28186e+01    1.72735e+02    5.43095e+02   -2.11508e+03
        LJ (SR)  Disper. corr.   Coulomb (SR)   Coul. recip.      Potential
    3.58684e+04   -2.07077e+03   -2.52001e+05    9.07675e+02   -2.16743e+05
    Kinetic En.   Total Energy    Temperature Pres. DC (bar) Pressure (bar)
    4.13695e+04   -1.75373e+05    3.01788e+02   -2.04987e+02    7.35202e+00
   Constr. rmsd
    1.46945e-06

           Step           Time         Lambda
        1740000      870.00000        0.00000

   Energies (kJ/mol)
          Angle    Proper Dih. Ryckaert-Bell.          LJ-14     Coulomb-14
    1.91749e+03    5.60647e+01    1.55669e+02    5.02460e+02   -2.14079e+03
        LJ (SR)  Disper. corr.   Coulomb (SR)   Coul. recip.      Potential
    3.65942e+04   -2.06434e+03   -2.53793e+05    9.33180e+02   -2.17839e+05
    Kinetic En.   Total Energy    Temperature Pres. DC (bar) Pressure (bar)
    4.07197e+04   -1.77120e+05    2.97048e+02   -2.03717e+02   -1.31017e+02
   Constr. rmsd
    1.53088e-06

           Step           Time         Lambda
        1760000      880.00000        0.00000

   Energies (kJ/mol)
          Angle    Proper Dih. Ryckaert-Bell.          LJ-14     Coulomb-14
    1.84984e+03    6.16707e+01    1.67227e+02    5.46769e+02   -2.12699e+03
        LJ (SR)  Disper. corr.   Coulomb (SR)   Coul. recip.      Potential
    3.61844e+04   -2.07313e+03   -2.53108e+05    8.95086e+02   -2.17603e+05
    Kinetic En.   Total Energy    Temperature Pres. DC (bar) Pressure (bar)
    4.09509e+04   -1.76652e+05    2.98734e+02   -2.05453e+02    7.29090e+01
   Constr. rmsd
    1.50869e-06

           Step           Time         Lambda
        1780000      890.00000        0.00000

   Energies (kJ/mol)
          Angle    Proper Dih. Ryckaert-Bell.          LJ-14     Coulomb-14
    1.77734e+03    4.50979e+01    1.67788e+02    5.36340e+02   -2.17144e+03
        LJ (SR)  Disper. corr.   Coulomb (SR)   Coul. recip.      Potential
    3.63258e+04   -2.07128e+03   -2.52577e+05    8.99939e+02   -2.17067e+05
    Kinetic En.   Total Energy    Temperature Pres. DC (bar) Pressure (bar)
    4.10552e+04   -1.76012e+05    2.99495e+02   -2.05086e+02   -1.03939e+01
   Constr. rmsd
    1.49355e-06

Writing checkpoint, step 1787560 at Tue May  7 20:47:42 2024


           Step           Time         Lambda
        1800000      900.00000        0.00000

   Energies (kJ/mol)
          Angle    Proper Dih. Ryckaert-Bell.          LJ-14     Coulomb-14
    1.88049e+03    7.54094e+01    9.90590e+01    5.16374e+02   -2.21215e+03
        LJ (SR)  Disper. corr.   Coulomb (SR)   Coul. recip.      Potential
    3.68284e+04   -2.07264e+03   -2.53360e+05    9.56181e+02   -2.17289e+05
    Kinetic En.   Total Energy    Temperature Pres. DC (bar) Pressure (bar)
    4.08846e+04   -1.76404e+05    2.98251e+02   -2.05356e+02    2.01530e+02
   Constr. rmsd
    1.52478e-06

           Step           Time         Lambda
        1820000      910.00000        0.00000

   Energies (kJ/mol)
          Angle    Proper Dih. Ryckaert-Bell.          LJ-14     Coulomb-14
    1.88206e+03    5.51330e+01    1.13083e+02    5.39523e+02   -2.17024e+03
        LJ (SR)  Disper. corr.   Coulomb (SR)   Coul. recip.      Potential
    3.56260e+04   -2.06971e+03   -2.52776e+05    9.21591e+02   -2.17878e+05
    Kinetic En.   Total Energy    Temperature Pres. DC (bar) Pressure (bar)
    4.11417e+04   -1.76736e+05    3.00126e+02   -2.04777e+02   -2.23310e+02
   Constr. rmsd
    1.54681e-06

           Step           Time         Lambda
        1840000      920.00000        0.00000

   Energies (kJ/mol)
          Angle    Proper Dih. Ryckaert-Bell.          LJ-14     Coulomb-14
    1.79986e+03    6.76653e+01    1.12067e+02    5.29646e+02   -2.17011e+03
        LJ (SR)  Disper. corr.   Coulomb (SR)   Coul. recip.      Potential
    3.59874e+04   -2.07466e+03   -2.52879e+05    9.32470e+02   -2.17695e+05
    Kinetic En.   Total Energy    Temperature Pres. DC (bar) Pressure (bar)
    4.11070e+04   -1.76588e+05    2.99873e+02   -2.05755e+02   -1.23585e+02
   Constr. rmsd
    1.53090e-06

           Step           Time         Lambda
        1860000      930.00000        0.00000

   Energies (kJ/mol)
          Angle    Proper Dih. Ryckaert-Bell.          LJ-14     Coulomb-14
    1.88457e+03    6.03085e+01    1.04967e+02    5.22564e+02   -2.14142e+03
        LJ (SR)  Disper. corr.   Coulomb (SR)   Coul. recip.      Potential
    3.64187e+04   -2.06603e+03   -2.52527e+05    9.30156e+02   -2.16813e+05
    Kinetic En.   Total Energy    Temperature Pres. DC (bar) Pressure (bar)
    4.14663e+04   -1.75347e+05    3.02494e+02   -2.04050e+02    2.88997e+02
   Constr. rmsd
    1.61678e-06

           Step           Time         Lambda
        1880000      940.00000        0.00000

   Energies (kJ/mol)
          Angle    Proper Dih. Ryckaert-Bell.          LJ-14     Coulomb-14
    1.83679e+03    4.13446e+01    9.84725e+01    5.14882e+02   -2.22323e+03
        LJ (SR)  Disper. corr.   Coulomb (SR)   Coul. recip.      Potential
    3.60386e+04   -2.07125e+03   -2.52728e+05    9.26121e+02   -2.17566e+05
    Kinetic En.   Total Energy    Temperature Pres. DC (bar) Pressure (bar)
    4.10137e+04   -1.76552e+05    2.99192e+02   -2.05080e+02   -1.57986e+02
   Constr. rmsd
    1.64739e-06

           Step           Time         Lambda
        1900000      950.00000        0.00000

   Energies (kJ/mol)
          Angle    Proper Dih. Ryckaert-Bell.          LJ-14     Coulomb-14
    1.89791e+03    6.83175e+01    1.36010e+02    5.37998e+02   -2.18534e+03
        LJ (SR)  Disper. corr.   Coulomb (SR)   Coul. recip.      Potential
    3.57139e+04   -2.06948e+03   -2.52872e+05    9.04621e+02   -2.17868e+05
    Kinetic En.   Total Energy    Temperature Pres. DC (bar) Pressure (bar)
    4.14054e+04   -1.76463e+05    3.02050e+02   -2.04732e+02   -1.47314e+02
   Constr. rmsd
    1.52664e-06

           Step           Time         Lambda
        1920000      960.00000        0.00000

   Energies (kJ/mol)
          Angle    Proper Dih. Ryckaert-Bell.          LJ-14     Coulomb-14
    1.80646e+03    5.76933e+01    1.82576e+02    5.33777e+02   -2.17391e+03
        LJ (SR)  Disper. corr.   Coulomb (SR)   Coul. recip.      Potential
    3.60021e+04   -2.07280e+03   -2.52154e+05    9.35809e+02   -2.16883e+05
    Kinetic En.   Total Energy    Temperature Pres. DC (bar) Pressure (bar)
    4.11024e+04   -1.75780e+05    2.99839e+02   -2.05387e+02   -3.80342e+01
   Constr. rmsd
    1.56301e-06

           Step           Time         Lambda
        1940000      970.00000        0.00000

   Energies (kJ/mol)
          Angle    Proper Dih. Ryckaert-Bell.          LJ-14     Coulomb-14
    1.83021e+03    9.09890e+01    1.57943e+02    5.28470e+02   -2.16729e+03
        LJ (SR)  Disper. corr.   Coulomb (SR)   Coul. recip.      Potential
    3.70172e+04   -2.06667e+03   -2.54230e+05    9.37343e+02   -2.17902e+05
    Kinetic En.   Total Energy    Temperature Pres. DC (bar) Pressure (bar)
    4.12307e+04   -1.76671e+05    3.00775e+02   -2.04175e+02    1.72706e+02
   Constr. rmsd
    1.66663e-06

           Step           Time         Lambda
        1960000      980.00000        0.00000

   Energies (kJ/mol)
          Angle    Proper Dih. Ryckaert-Bell.          LJ-14     Coulomb-14
    1.94261e+03    5.50394e+01    1.94719e+02    5.19057e+02   -2.14833e+03
        LJ (SR)  Disper. corr.   Coulomb (SR)   Coul. recip.      Potential
    3.67495e+04   -2.06220e+03   -2.53478e+05    8.61689e+02   -2.17366e+05
    Kinetic En.   Total Energy    Temperature Pres. DC (bar) Pressure (bar)
    4.15262e+04   -1.75839e+05    3.02931e+02   -2.03294e+02    1.25526e+02
   Constr. rmsd
    1.53700e-06

           Step           Time         Lambda
        1980000      990.00000        0.00000

   Energies (kJ/mol)
          Angle    Proper Dih. Ryckaert-Bell.          LJ-14     Coulomb-14
    1.92762e+03    5.69133e+01    2.16136e+02    5.11370e+02   -2.14779e+03
        LJ (SR)  Disper. corr.   Coulomb (SR)   Coul. recip.      Potential
    3.64714e+04   -2.07008e+03   -2.53442e+05    9.79988e+02   -2.17496e+05
    Kinetic En.   Total Energy    Temperature Pres. DC (bar) Pressure (bar)
    4.10368e+04   -1.76459e+05    2.99361e+02   -2.04849e+02    4.32869e+01
   Constr. rmsd
    1.48159e-06

           Step           Time         Lambda
        2000000     1000.00000        0.00000

Writing checkpoint, step 2000000 at Tue May  7 21:00:09 2024


   Energies (kJ/mol)
          Angle    Proper Dih. Ryckaert-Bell.          LJ-14     Coulomb-14
    1.83396e+03    4.61134e+01    1.57295e+02    5.30634e+02   -2.19256e+03
        LJ (SR)  Disper. corr.   Coulomb (SR)   Coul. recip.      Potential
    3.62170e+04   -2.06788e+03   -2.52954e+05    9.28055e+02   -2.17501e+05
    Kinetic En.   Total Energy    Temperature Pres. DC (bar) Pressure (bar)
    4.08046e+04   -1.76696e+05    2.97667e+02   -2.04414e+02   -7.71056e+01
   Constr. rmsd
    1.53617e-06

	<======  ###############  ==>
	<====  A V E R A G E S  ====>
	<==  ###############  ======>

	Statistics over 2000001 steps using 20001 frames

   Energies (kJ/mol)
          Angle    Proper Dih. Ryckaert-Bell.          LJ-14     Coulomb-14
    1.88119e+03    6.19292e+01    1.92673e+02    5.31763e+02   -2.14938e+03
        LJ (SR)  Disper. corr.   Coulomb (SR)   Coul. recip.      Potential
    3.63379e+04   -2.07031e+03   -2.53106e+05    9.23220e+02   -2.17397e+05
    Kinetic En.   Total Energy    Temperature Pres. DC (bar) Pressure (bar)
    4.11223e+04   -1.76275e+05    2.99984e+02   -2.04897e+02    3.06272e+00
   Constr. rmsd
    0.00000e+00

          Box-X          Box-Y          Box-Z
    5.51774e+00    5.51774e+00    5.51774e+00

   Total Virial (kJ/mol)
    1.36821e+04   -6.19070e+00   -1.85306e+01
   -6.04291e+00    1.37059e+04    1.87391e+00
   -1.84998e+01    2.00887e+00    1.36876e+04

   Pressure (bar)
    5.29743e+00    2.40933e+00    3.49849e+00
    2.38043e+00   -1.89403e-01   -6.91705e-01
    3.49231e+00   -7.18168e-01    4.08012e+00


	M E G A - F L O P S   A C C O U N T I N G

 NB=Group-cutoff nonbonded kernels    NxN=N-by-N cluster Verlet kernels
 RF=Reaction-Field  VdW=Van der Waals  QSTab=quadratic-spline table
 W3=SPC/TIP3p  W4=TIP4p (single or pairs)
 V&F=Potential and force  V=Potential only  F=Force only

 Computing:                               M-Number         M-Flops  % Flops
-----------------------------------------------------------------------------
 Pair Search distance check          255700.340924     2301303.068     0.4
 NxN QSTab Elec. + LJ [F]           7261353.181168   297715480.428    48.8
 NxN QSTab Elec. + LJ [V&F]           73349.532592     4327622.423     0.7
 NxN QSTab Elec. [F]                6383538.890064   217040322.262    35.5
 NxN QSTab Elec. [V&F]                64484.717536     2643873.419     0.4
 1,4 nonbonded interactions            4700.002350      423000.211     0.1
 Calc Weights                         98928.049464     3561409.781     0.6
 Spread Q Bspline                   2110465.055232     4220930.110     0.7
 Gather F Bspline                   2110465.055232    12662790.331     2.1
 3D-FFT                             7411827.705912    59294621.647     9.7
 Solve PME                             4608.002304      294912.147     0.0
 Shift-X                                824.416488        4946.499     0.0
 Angles                                3402.001701      571536.286     0.1
 Propers                                100.000050       22900.011     0.0
 RB-Dihedrals                          4696.002348     1159912.580     0.2
 Virial                                3306.616533       59519.098     0.0
 Stop-CM                                329.792976        3297.930     0.0
 P-Coupling                           32976.016488      197856.099     0.0
 Calc-Ekin                             6595.232976      178071.290     0.0
 Lincs                                 1804.002706      108240.162     0.0
 Lincs-Mat                            40824.061236      163296.245     0.0
 Constraint-V                         34778.034778      278224.278     0.0
 Constraint-Vir                        3297.416487       79137.996     0.0
 Settle                               10390.015585     3355975.034     0.5
-----------------------------------------------------------------------------
 Total                                               610669179.337   100.0
-----------------------------------------------------------------------------


     R E A L   C Y C L E   A N D   T I M E   A C C O U N T I N G

On 1 MPI rank, each using 12 OpenMP threads

 Computing:          Num   Num      Call    Wall time         Giga-Cycles
                     Ranks Threads  Count      (s)         total sum    %
-----------------------------------------------------------------------------
 Neighbor search        1   12      50001     150.087       4682.666   2.1
 Force                  1   12    2000001    4908.512     153144.341  69.7
 PME mesh               1   12    2000001    1284.413      40073.367  18.2
 NB X/F buffer ops.     1   12    3950001     159.193       4966.784   2.3
 Write traj.            1   12        108       0.444         13.861   0.0
 Update                 1   12    2000001      55.636       1735.841   0.8
 Constraints            1   12    2000001     302.177       9427.861   4.3
 Rest                                         186.086       5805.829   2.6
-----------------------------------------------------------------------------
 Total                                       7046.549     219850.552 100.0
-----------------------------------------------------------------------------
 Breakdown of PME mesh computation
-----------------------------------------------------------------------------
 PME spread/gather      1   12    4000002     735.265      22940.097  10.4
 PME 3D-FFT             1   12    4000002     466.416      14552.074   6.6
 PME solve Elec         1   12    2000001      73.094       2280.504   1.0
-----------------------------------------------------------------------------

               Core t (s)   Wall t (s)        (%)
       Time:    84391.736     7046.549     1197.6
                         1h57:26
                 (ns/day)    (hour/ns)
Performance:       12.261        1.957
Finished mdrun on rank 0 Tue May  7 21:00:09 2024
